[0.009s] Invoking command in '/home/felipe/ros2_ws/build/mapviz': CMAKE_PREFIX_PATH=/home/felipe/ros2_ws/install/mapviz_interfaces:/home/felipe/ros2_ws/install/mapviz:/home/felipe/ros2_ws/install/turtlbot3_custom:/home/felipe/ros2_ws/install/explorer_interfaces:/home/felipe/ros2_ws/install/explorer_gazebo:/home/felipe/ros2_ws/install/explorer_cartographer:/home/felipe/ros2_ws/install/vacuum_robot:/home/felipe/ros2_ws/install/my_py_pkg:/home/felipe/ros2_ws/install/explorer_wanderer:/home/felipe/ros2_ws/install/explorer_map_utils:/home/felipe/ros2_ws/install/explorer_bringup:/home/felipe/ros2_ws/install/auto_mapper_py:/opt/ros/humble:/home/felipe/ros2_ws/install LD_LIBRARY_PATH=/home/felipe/ros2_ws/install/mapviz_interfaces/lib:/home/felipe/ros2_ws/install/mapviz/lib:/home/felipe/ros2_ws/install/explorer_interfaces/lib:/usr/lib/x86_64-linux-gnu/gazebo-11/plugins:/opt/ros/humble/opt/rviz_ogre_vendor/lib:/opt/ros/humble/lib/x86_64-linux-gnu:/opt/ros/humble/lib /usr/bin/cmake --build /home/felipe/ros2_ws/build/mapviz -- -j8 -l8
[0.061s] [35m[1mConsolidate compiler generated dependencies of target rqt_mapviz[0m
[0.115s] [ 94%] Built target rqt_mapviz
[0.125s] [35m[1mConsolidate compiler generated dependencies of target mapviz[0m
[0.145s] [100%] Built target mapviz
[0.155s] Invoked command in '/home/felipe/ros2_ws/build/mapviz' returned '0': CMAKE_PREFIX_PATH=/home/felipe/ros2_ws/install/mapviz_interfaces:/home/felipe/ros2_ws/install/mapviz:/home/felipe/ros2_ws/install/turtlbot3_custom:/home/felipe/ros2_ws/install/explorer_interfaces:/home/felipe/ros2_ws/install/explorer_gazebo:/home/felipe/ros2_ws/install/explorer_cartographer:/home/felipe/ros2_ws/install/vacuum_robot:/home/felipe/ros2_ws/install/my_py_pkg:/home/felipe/ros2_ws/install/explorer_wanderer:/home/felipe/ros2_ws/install/explorer_map_utils:/home/felipe/ros2_ws/install/explorer_bringup:/home/felipe/ros2_ws/install/auto_mapper_py:/opt/ros/humble:/home/felipe/ros2_ws/install LD_LIBRARY_PATH=/home/felipe/ros2_ws/install/mapviz_interfaces/lib:/home/felipe/ros2_ws/install/mapviz/lib:/home/felipe/ros2_ws/install/explorer_interfaces/lib:/usr/lib/x86_64-linux-gnu/gazebo-11/plugins:/opt/ros/humble/opt/rviz_ogre_vendor/lib:/opt/ros/humble/lib/x86_64-linux-gnu:/opt/ros/humble/lib /usr/bin/cmake --build /home/felipe/ros2_ws/build/mapviz -- -j8 -l8
[0.156s] Invoking command in '/home/felipe/ros2_ws/build/mapviz': CMAKE_PREFIX_PATH=/home/felipe/ros2_ws/install/mapviz_interfaces:/home/felipe/ros2_ws/install/mapviz:/home/felipe/ros2_ws/install/turtlbot3_custom:/home/felipe/ros2_ws/install/explorer_interfaces:/home/felipe/ros2_ws/install/explorer_gazebo:/home/felipe/ros2_ws/install/explorer_cartographer:/home/felipe/ros2_ws/install/vacuum_robot:/home/felipe/ros2_ws/install/my_py_pkg:/home/felipe/ros2_ws/install/explorer_wanderer:/home/felipe/ros2_ws/install/explorer_map_utils:/home/felipe/ros2_ws/install/explorer_bringup:/home/felipe/ros2_ws/install/auto_mapper_py:/opt/ros/humble:/home/felipe/ros2_ws/install LD_LIBRARY_PATH=/home/felipe/ros2_ws/install/mapviz_interfaces/lib:/home/felipe/ros2_ws/install/mapviz/lib:/home/felipe/ros2_ws/install/explorer_interfaces/lib:/usr/lib/x86_64-linux-gnu/gazebo-11/plugins:/opt/ros/humble/opt/rviz_ogre_vendor/lib:/opt/ros/humble/lib/x86_64-linux-gnu:/opt/ros/humble/lib /usr/bin/cmake --install /home/felipe/ros2_ws/build/mapviz
[0.162s] -- Install configuration: ""
[0.162s] -- Up-to-date: /home/felipe/ros2_ws/install/mapviz/include/mapviz
[0.163s] -- Up-to-date: /home/felipe/ros2_ws/install/mapviz/include/mapviz/widgets.h
[0.163s] -- Up-to-date: /home/felipe/ros2_ws/install/mapviz/include/mapviz/mapviz_application.h
[0.163s] -- Up-to-date: /home/felipe/ros2_ws/install/mapviz/include/mapviz/stopwatch.h
[0.163s] -- Up-to-date: /home/felipe/ros2_ws/install/mapviz/include/mapviz/select_service_dialog.h
[0.163s] -- Up-to-date: /home/felipe/ros2_ws/install/mapviz/include/mapviz/config_item.h
[0.163s] -- Up-to-date: /home/felipe/ros2_ws/install/mapviz/include/mapviz/map_canvas.h
[0.163s] -- Up-to-date: /home/felipe/ros2_ws/install/mapviz/include/mapviz/select_frame_dialog.h
[0.163s] -- Up-to-date: /home/felipe/ros2_ws/install/mapviz/include/mapviz/rqt_mapviz.h
[0.163s] -- Up-to-date: /home/felipe/ros2_ws/install/mapviz/include/mapviz/video_writer.h
[0.164s] -- Up-to-date: /home/felipe/ros2_ws/install/mapviz/include/mapviz/mapviz_plugin.h
[0.164s] -- Up-to-date: /home/felipe/ros2_ws/install/mapviz/include/mapviz/color_button.h
[0.164s] -- Up-to-date: /home/felipe/ros2_ws/install/mapviz/lib/mapviz/mapviz
[0.164s] -- Up-to-date: /home/felipe/ros2_ws/install/mapviz/lib/librqt_mapviz.a
[0.164s] -- Up-to-date: /home/felipe/ros2_ws/install/mapviz/share/mapviz/launch
[0.164s] -- Up-to-date: /home/felipe/ros2_ws/install/mapviz/share/mapviz/launch/mapviz.launch.py
[0.164s] -- Up-to-date: /home/felipe/ros2_ws/install/mapviz/share/mapviz/launch/mapviz.launch.xml
[0.164s] -- Up-to-date: /home/felipe/ros2_ws/install/mapviz/share/mapviz/plugin.xml
[0.164s] -- Up-to-date: /home/felipe/ros2_ws/install/mapviz/share/mapviz/environment/library_path.sh
[0.164s] -- Up-to-date: /home/felipe/ros2_ws/install/mapviz/share/mapviz/environment/library_path.dsv
[0.164s] -- Up-to-date: /home/felipe/ros2_ws/install/mapviz/share/ament_index/resource_index/package_run_dependencies/mapviz
[0.165s] -- Up-to-date: /home/felipe/ros2_ws/install/mapviz/share/ament_index/resource_index/parent_prefix_path/mapviz
[0.165s] -- Up-to-date: /home/felipe/ros2_ws/install/mapviz/share/mapviz/environment/ament_prefix_path.sh
[0.165s] -- Up-to-date: /home/felipe/ros2_ws/install/mapviz/share/mapviz/environment/ament_prefix_path.dsv
[0.165s] -- Up-to-date: /home/felipe/ros2_ws/install/mapviz/share/mapviz/environment/path.sh
[0.165s] -- Up-to-date: /home/felipe/ros2_ws/install/mapviz/share/mapviz/environment/path.dsv
[0.165s] -- Up-to-date: /home/felipe/ros2_ws/install/mapviz/share/mapviz/local_setup.bash
[0.165s] -- Up-to-date: /home/felipe/ros2_ws/install/mapviz/share/mapviz/local_setup.sh
[0.165s] -- Up-to-date: /home/felipe/ros2_ws/install/mapviz/share/mapviz/local_setup.zsh
[0.166s] -- Up-to-date: /home/felipe/ros2_ws/install/mapviz/share/mapviz/local_setup.dsv
[0.166s] -- Installing: /home/felipe/ros2_ws/install/mapviz/share/mapviz/package.dsv
[0.166s] -- Up-to-date: /home/felipe/ros2_ws/install/mapviz/share/ament_index/resource_index/packages/mapviz
[0.166s] -- Up-to-date: /home/felipe/ros2_ws/install/mapviz/share/mapviz/cmake/ament_cmake_export_dependencies-extras.cmake
[0.166s] -- Up-to-date: /home/felipe/ros2_ws/install/mapviz/share/mapviz/cmake/ament_cmake_export_include_directories-extras.cmake
[0.167s] -- Up-to-date: /home/felipe/ros2_ws/install/mapviz/share/mapviz/cmake/ament_cmake_export_libraries-extras.cmake
[0.167s] -- Up-to-date: /home/felipe/ros2_ws/install/mapviz/share/mapviz/cmake/mapvizConfig.cmake
[0.167s] -- Up-to-date: /home/felipe/ros2_ws/install/mapviz/share/mapviz/cmake/mapvizConfig-version.cmake
[0.167s] -- Up-to-date: /home/felipe/ros2_ws/install/mapviz/share/mapviz/package.xml
[0.168s] Invoked command in '/home/felipe/ros2_ws/build/mapviz' returned '0': CMAKE_PREFIX_PATH=/home/felipe/ros2_ws/install/mapviz_interfaces:/home/felipe/ros2_ws/install/mapviz:/home/felipe/ros2_ws/install/turtlbot3_custom:/home/felipe/ros2_ws/install/explorer_interfaces:/home/felipe/ros2_ws/install/explorer_gazebo:/home/felipe/ros2_ws/install/explorer_cartographer:/home/felipe/ros2_ws/install/vacuum_robot:/home/felipe/ros2_ws/install/my_py_pkg:/home/felipe/ros2_ws/install/explorer_wanderer:/home/felipe/ros2_ws/install/explorer_map_utils:/home/felipe/ros2_ws/install/explorer_bringup:/home/felipe/ros2_ws/install/auto_mapper_py:/opt/ros/humble:/home/felipe/ros2_ws/install LD_LIBRARY_PATH=/home/felipe/ros2_ws/install/mapviz_interfaces/lib:/home/felipe/ros2_ws/install/mapviz/lib:/home/felipe/ros2_ws/install/explorer_interfaces/lib:/usr/lib/x86_64-linux-gnu/gazebo-11/plugins:/opt/ros/humble/opt/rviz_ogre_vendor/lib:/opt/ros/humble/lib/x86_64-linux-gnu:/opt/ros/humble/lib /usr/bin/cmake --install /home/felipe/ros2_ws/build/mapviz
