[8.051s] Invoking command in '/home/felipe/ros2_ws/src/vacuum_robot': PYTHONPATH=/home/felipe/ros2_ws/build/vacuum_robot/prefix_override:/usr/lib/python3/dist-packages/colcon_core/task/python/colcon_distutils_commands:/home/felipe/ros2_ws/install/vacuum_robot/lib/python3.10/site-packages:${PYTHONPATH} /usr/bin/python3 -W ignore:setup.py install is deprecated -W ignore:easy_install command is deprecated setup.py egg_info --egg-base ../../build/vacuum_robot build --build-base /home/felipe/ros2_ws/build/vacuum_robot/build install --record /home/felipe/ros2_ws/build/vacuum_robot/install.log --single-version-externally-managed install_data
[10.183s] running egg_info
[10.350s] writing ../../build/vacuum_robot/vacuum_robot.egg-info/PKG-INFO
[10.352s] writing dependency_links to ../../build/vacuum_robot/vacuum_robot.egg-info/dependency_links.txt
[10.353s] writing entry points to ../../build/vacuum_robot/vacuum_robot.egg-info/entry_points.txt
[10.354s] writing requirements to ../../build/vacuum_robot/vacuum_robot.egg-info/requires.txt
[10.354s] writing top-level names to ../../build/vacuum_robot/vacuum_robot.egg-info/top_level.txt
[10.686s] reading manifest file '../../build/vacuum_robot/vacuum_robot.egg-info/SOURCES.txt'
[10.691s] writing manifest file '../../build/vacuum_robot/vacuum_robot.egg-info/SOURCES.txt'
[10.692s] running build
[10.692s] running build_py
[10.695s] copying vacuum_robot/vacuum_robot_controller.py -> /home/felipe/ros2_ws/build/vacuum_robot/build/lib/vacuum_robot
[10.697s] copying vacuum_robot/__init__.py -> /home/felipe/ros2_ws/build/vacuum_robot/build/lib/vacuum_robot
[10.699s] running install
[10.724s] running install_lib
[10.888s] running install_data
[10.891s] copying resource/vacuum_robot -> /home/felipe/ros2_ws/install/vacuum_robot/share/ament_index/resource_index/packages
[10.894s] copying package.xml -> /home/felipe/ros2_ws/install/vacuum_robot/share/vacuum_robot
[10.896s] running install_egg_info
[11.051s] removing '/home/felipe/ros2_ws/install/vacuum_robot/lib/python3.10/site-packages/vacuum_robot-0.0.0-py3.10.egg-info' (and everything under it)
[11.053s] Copying ../../build/vacuum_robot/vacuum_robot.egg-info to /home/felipe/ros2_ws/install/vacuum_robot/lib/python3.10/site-packages/vacuum_robot-0.0.0-py3.10.egg-info
[11.060s] running install_scripts
[12.514s] Installing vacuum_robot_controller script to /home/felipe/ros2_ws/install/vacuum_robot/lib/vacuum_robot
[12.514s] writing list of installed files to '/home/felipe/ros2_ws/build/vacuum_robot/install.log'
[12.714s] Invoked command in '/home/felipe/ros2_ws/src/vacuum_robot' returned '0': PYTHONPATH=/home/felipe/ros2_ws/build/vacuum_robot/prefix_override:/usr/lib/python3/dist-packages/colcon_core/task/python/colcon_distutils_commands:/home/felipe/ros2_ws/install/vacuum_robot/lib/python3.10/site-packages:${PYTHONPATH} /usr/bin/python3 -W ignore:setup.py install is deprecated -W ignore:easy_install command is deprecated setup.py egg_info --egg-base ../../build/vacuum_robot build --build-base /home/felipe/ros2_ws/build/vacuum_robot/build install --record /home/felipe/ros2_ws/build/vacuum_robot/install.log --single-version-externally-managed install_data
