[0.706s] DEBUG:colcon:Command line arguments: ['/usr/bin/colcon', 'build']
[0.706s] DEBUG:colcon:Parsed command line arguments: Namespace(log_base=None, log_level=None, verb_name='build', build_base='build', install_base='install', merge_install=False, symlink_install=False, test_result_base=None, continue_on_error=False, executor='parallel', parallel_workers=8, event_handlers=None, ignore_user_meta=False, metas=['./colcon.meta'], base_paths=['.'], packages_ignore=None, packages_ignore_regex=None, paths=None, packages_up_to=None, packages_up_to_regex=None, packages_above=None, packages_above_and_dependencies=None, packages_above_depth=None, packages_select_by_dep=None, packages_skip_by_dep=None, packages_skip_up_to=None, packages_select_build_failed=False, packages_skip_build_finished=False, packages_select_test_failures=False, packages_skip_test_passed=False, packages_select=None, packages_skip=None, packages_select_regex=None, packages_skip_regex=None, packages_start=None, packages_end=None, allow_overriding=[], cmake_args=None, cmake_target=None, cmake_target_skip_unavailable=False, cmake_clean_cache=False, cmake_clean_first=False, cmake_force_configure=False, ament_cmake_args=None, catkin_cmake_args=None, catkin_skip_building_tests=False, verb_parser=<colcon_defaults.argument_parser.defaults.DefaultArgumentsDecorator object at 0x7b16aab700d0>, verb_extension=<colcon_core.verb.build.BuildVerb object at 0x7b16aab2bb50>, main=<bound method BuildVerb.main of <colcon_core.verb.build.BuildVerb object at 0x7b16aab2bb50>>)
[0.919s] Level 1:colcon.colcon_core.package_discovery:discover_packages(colcon_meta) check parameters
[0.919s] Level 1:colcon.colcon_core.package_discovery:discover_packages(recursive) check parameters
[0.920s] Level 1:colcon.colcon_core.package_discovery:discover_packages(ignore) check parameters
[0.920s] Level 1:colcon.colcon_core.package_discovery:discover_packages(path) check parameters
[0.920s] Level 1:colcon.colcon_core.package_discovery:discover_packages(colcon_meta) discover
[0.920s] Level 1:colcon.colcon_core.package_discovery:discover_packages(recursive) discover
[0.921s] INFO:colcon.colcon_core.package_discovery:Crawling recursively for packages in '/home/felipe/ros2_ws'
[0.921s] Level 1:colcon.colcon_core.package_identification:_identify(.) by extensions ['ignore', 'ignore_ament_install']
[0.921s] Level 1:colcon.colcon_core.package_identification:_identify(.) by extension 'ignore'
[0.922s] Level 1:colcon.colcon_core.package_identification:_identify(.) by extension 'ignore_ament_install'
[0.922s] Level 1:colcon.colcon_core.package_identification:_identify(.) by extensions ['colcon_pkg']
[0.922s] Level 1:colcon.colcon_core.package_identification:_identify(.) by extension 'colcon_pkg'
[0.922s] Level 1:colcon.colcon_core.package_identification:_identify(.) by extensions ['colcon_meta']
[0.922s] Level 1:colcon.colcon_core.package_identification:_identify(.) by extension 'colcon_meta'
[0.923s] Level 1:colcon.colcon_core.package_identification:_identify(.) by extensions ['ros']
[0.923s] Level 1:colcon.colcon_core.package_identification:_identify(.) by extension 'ros'
[1.009s] Level 1:colcon.colcon_core.package_identification:_identify(.) by extensions ['cmake', 'python']
[1.009s] Level 1:colcon.colcon_core.package_identification:_identify(.) by extension 'cmake'
[1.009s] Level 1:colcon.colcon_core.package_identification:_identify(.) by extension 'python'
[1.009s] Level 1:colcon.colcon_core.package_identification:_identify(.) by extensions ['python_setup_py']
[1.009s] Level 1:colcon.colcon_core.package_identification:_identify(.) by extension 'python_setup_py'
[1.010s] Level 1:colcon.colcon_core.package_identification:_identify(build) by extensions ['ignore', 'ignore_ament_install']
[1.010s] Level 1:colcon.colcon_core.package_identification:_identify(build) by extension 'ignore'
[1.010s] Level 1:colcon.colcon_core.package_identification:_identify(build) ignored
[1.011s] Level 1:colcon.colcon_core.package_identification:_identify(install) by extensions ['ignore', 'ignore_ament_install']
[1.012s] Level 1:colcon.colcon_core.package_identification:_identify(install) by extension 'ignore'
[1.013s] Level 1:colcon.colcon_core.package_identification:_identify(install) ignored
[1.014s] Level 1:colcon.colcon_core.package_identification:_identify(log) by extensions ['ignore', 'ignore_ament_install']
[1.014s] Level 1:colcon.colcon_core.package_identification:_identify(log) by extension 'ignore'
[1.015s] Level 1:colcon.colcon_core.package_identification:_identify(log) ignored
[1.015s] Level 1:colcon.colcon_core.package_identification:_identify(src) by extensions ['ignore', 'ignore_ament_install']
[1.015s] Level 1:colcon.colcon_core.package_identification:_identify(src) by extension 'ignore'
[1.015s] Level 1:colcon.colcon_core.package_identification:_identify(src) by extension 'ignore_ament_install'
[1.016s] Level 1:colcon.colcon_core.package_identification:_identify(src) by extensions ['colcon_pkg']
[1.016s] Level 1:colcon.colcon_core.package_identification:_identify(src) by extension 'colcon_pkg'
[1.016s] Level 1:colcon.colcon_core.package_identification:_identify(src) by extensions ['colcon_meta']
[1.016s] Level 1:colcon.colcon_core.package_identification:_identify(src) by extension 'colcon_meta'
[1.016s] Level 1:colcon.colcon_core.package_identification:_identify(src) by extensions ['ros']
[1.016s] Level 1:colcon.colcon_core.package_identification:_identify(src) by extension 'ros'
[1.017s] Level 1:colcon.colcon_core.package_identification:_identify(src) by extensions ['cmake', 'python']
[1.017s] Level 1:colcon.colcon_core.package_identification:_identify(src) by extension 'cmake'
[1.017s] Level 1:colcon.colcon_core.package_identification:_identify(src) by extension 'python'
[1.017s] Level 1:colcon.colcon_core.package_identification:_identify(src) by extensions ['python_setup_py']
[1.017s] Level 1:colcon.colcon_core.package_identification:_identify(src) by extension 'python_setup_py'
[1.018s] Level 1:colcon.colcon_core.package_identification:_identify(src/Autonomous-Navigation-and-Path-planning-on-ROS2-using-Dijkstra-and-SLAM) by extensions ['ignore', 'ignore_ament_install']
[1.019s] Level 1:colcon.colcon_core.package_identification:_identify(src/Autonomous-Navigation-and-Path-planning-on-ROS2-using-Dijkstra-and-SLAM) by extension 'ignore'
[1.019s] Level 1:colcon.colcon_core.package_identification:_identify(src/Autonomous-Navigation-and-Path-planning-on-ROS2-using-Dijkstra-and-SLAM) by extension 'ignore_ament_install'
[1.020s] Level 1:colcon.colcon_core.package_identification:_identify(src/Autonomous-Navigation-and-Path-planning-on-ROS2-using-Dijkstra-and-SLAM) by extensions ['colcon_pkg']
[1.021s] Level 1:colcon.colcon_core.package_identification:_identify(src/Autonomous-Navigation-and-Path-planning-on-ROS2-using-Dijkstra-and-SLAM) by extension 'colcon_pkg'
[1.021s] Level 1:colcon.colcon_core.package_identification:_identify(src/Autonomous-Navigation-and-Path-planning-on-ROS2-using-Dijkstra-and-SLAM) by extensions ['colcon_meta']
[1.021s] Level 1:colcon.colcon_core.package_identification:_identify(src/Autonomous-Navigation-and-Path-planning-on-ROS2-using-Dijkstra-and-SLAM) by extension 'colcon_meta'
[1.022s] Level 1:colcon.colcon_core.package_identification:_identify(src/Autonomous-Navigation-and-Path-planning-on-ROS2-using-Dijkstra-and-SLAM) by extensions ['ros']
[1.022s] Level 1:colcon.colcon_core.package_identification:_identify(src/Autonomous-Navigation-and-Path-planning-on-ROS2-using-Dijkstra-and-SLAM) by extension 'ros'
[1.022s] Level 1:colcon.colcon_core.package_identification:_identify(src/Autonomous-Navigation-and-Path-planning-on-ROS2-using-Dijkstra-and-SLAM) by extensions ['cmake', 'python']
[1.022s] Level 1:colcon.colcon_core.package_identification:_identify(src/Autonomous-Navigation-and-Path-planning-on-ROS2-using-Dijkstra-and-SLAM) by extension 'cmake'
[1.023s] Level 1:colcon.colcon_core.package_identification:_identify(src/Autonomous-Navigation-and-Path-planning-on-ROS2-using-Dijkstra-and-SLAM) by extension 'python'
[1.023s] Level 1:colcon.colcon_core.package_identification:_identify(src/Autonomous-Navigation-and-Path-planning-on-ROS2-using-Dijkstra-and-SLAM) by extensions ['python_setup_py']
[1.023s] Level 1:colcon.colcon_core.package_identification:_identify(src/Autonomous-Navigation-and-Path-planning-on-ROS2-using-Dijkstra-and-SLAM) by extension 'python_setup_py'
[1.023s] Level 1:colcon.colcon_core.package_identification:_identify(src/Autonomous-Navigation-and-Path-planning-on-ROS2-using-Dijkstra-and-SLAM/maps) by extensions ['ignore', 'ignore_ament_install']
[1.025s] Level 1:colcon.colcon_core.package_identification:_identify(src/Autonomous-Navigation-and-Path-planning-on-ROS2-using-Dijkstra-and-SLAM/maps) by extension 'ignore'
[1.025s] Level 1:colcon.colcon_core.package_identification:_identify(src/Autonomous-Navigation-and-Path-planning-on-ROS2-using-Dijkstra-and-SLAM/maps) by extension 'ignore_ament_install'
[1.026s] Level 1:colcon.colcon_core.package_identification:_identify(src/Autonomous-Navigation-and-Path-planning-on-ROS2-using-Dijkstra-and-SLAM/maps) by extensions ['colcon_pkg']
[1.027s] Level 1:colcon.colcon_core.package_identification:_identify(src/Autonomous-Navigation-and-Path-planning-on-ROS2-using-Dijkstra-and-SLAM/maps) by extension 'colcon_pkg'
[1.027s] Level 1:colcon.colcon_core.package_identification:_identify(src/Autonomous-Navigation-and-Path-planning-on-ROS2-using-Dijkstra-and-SLAM/maps) by extensions ['colcon_meta']
[1.027s] Level 1:colcon.colcon_core.package_identification:_identify(src/Autonomous-Navigation-and-Path-planning-on-ROS2-using-Dijkstra-and-SLAM/maps) by extension 'colcon_meta'
[1.027s] Level 1:colcon.colcon_core.package_identification:_identify(src/Autonomous-Navigation-and-Path-planning-on-ROS2-using-Dijkstra-and-SLAM/maps) by extensions ['ros']
[1.028s] Level 1:colcon.colcon_core.package_identification:_identify(src/Autonomous-Navigation-and-Path-planning-on-ROS2-using-Dijkstra-and-SLAM/maps) by extension 'ros'
[1.028s] Level 1:colcon.colcon_core.package_identification:_identify(src/Autonomous-Navigation-and-Path-planning-on-ROS2-using-Dijkstra-and-SLAM/maps) by extensions ['cmake', 'python']
[1.029s] Level 1:colcon.colcon_core.package_identification:_identify(src/Autonomous-Navigation-and-Path-planning-on-ROS2-using-Dijkstra-and-SLAM/maps) by extension 'cmake'
[1.029s] Level 1:colcon.colcon_core.package_identification:_identify(src/Autonomous-Navigation-and-Path-planning-on-ROS2-using-Dijkstra-and-SLAM/maps) by extension 'python'
[1.029s] Level 1:colcon.colcon_core.package_identification:_identify(src/Autonomous-Navigation-and-Path-planning-on-ROS2-using-Dijkstra-and-SLAM/maps) by extensions ['python_setup_py']
[1.030s] Level 1:colcon.colcon_core.package_identification:_identify(src/Autonomous-Navigation-and-Path-planning-on-ROS2-using-Dijkstra-and-SLAM/maps) by extension 'python_setup_py'
[1.030s] Level 1:colcon.colcon_core.package_identification:_identify(src/Autonomous-Navigation-and-Path-planning-on-ROS2-using-Dijkstra-and-SLAM/my_py_pkg) by extensions ['ignore', 'ignore_ament_install']
[1.030s] Level 1:colcon.colcon_core.package_identification:_identify(src/Autonomous-Navigation-and-Path-planning-on-ROS2-using-Dijkstra-and-SLAM/my_py_pkg) by extension 'ignore'
[1.031s] Level 1:colcon.colcon_core.package_identification:_identify(src/Autonomous-Navigation-and-Path-planning-on-ROS2-using-Dijkstra-and-SLAM/my_py_pkg) by extension 'ignore_ament_install'
[1.031s] Level 1:colcon.colcon_core.package_identification:_identify(src/Autonomous-Navigation-and-Path-planning-on-ROS2-using-Dijkstra-and-SLAM/my_py_pkg) by extensions ['colcon_pkg']
[1.032s] Level 1:colcon.colcon_core.package_identification:_identify(src/Autonomous-Navigation-and-Path-planning-on-ROS2-using-Dijkstra-and-SLAM/my_py_pkg) by extension 'colcon_pkg'
[1.032s] Level 1:colcon.colcon_core.package_identification:_identify(src/Autonomous-Navigation-and-Path-planning-on-ROS2-using-Dijkstra-and-SLAM/my_py_pkg) by extensions ['colcon_meta']
[1.032s] Level 1:colcon.colcon_core.package_identification:_identify(src/Autonomous-Navigation-and-Path-planning-on-ROS2-using-Dijkstra-and-SLAM/my_py_pkg) by extension 'colcon_meta'
[1.033s] Level 1:colcon.colcon_core.package_identification:_identify(src/Autonomous-Navigation-and-Path-planning-on-ROS2-using-Dijkstra-and-SLAM/my_py_pkg) by extensions ['ros']
[1.033s] Level 1:colcon.colcon_core.package_identification:_identify(src/Autonomous-Navigation-and-Path-planning-on-ROS2-using-Dijkstra-and-SLAM/my_py_pkg) by extension 'ros'
[1.046s] DEBUG:colcon.colcon_core.package_identification:Package 'src/Autonomous-Navigation-and-Path-planning-on-ROS2-using-Dijkstra-and-SLAM/my_py_pkg' with type 'ros.ament_python' and name 'my_py_pkg'
[1.047s] Level 1:colcon.colcon_core.package_identification:_identify(src/Autonomous-Navigation-and-Path-planning-on-ROS2-using-Dijkstra-and-SLAM/turtlbot3_custom) by extensions ['ignore', 'ignore_ament_install']
[1.048s] Level 1:colcon.colcon_core.package_identification:_identify(src/Autonomous-Navigation-and-Path-planning-on-ROS2-using-Dijkstra-and-SLAM/turtlbot3_custom) by extension 'ignore'
[1.048s] Level 1:colcon.colcon_core.package_identification:_identify(src/Autonomous-Navigation-and-Path-planning-on-ROS2-using-Dijkstra-and-SLAM/turtlbot3_custom) by extension 'ignore_ament_install'
[1.048s] Level 1:colcon.colcon_core.package_identification:_identify(src/Autonomous-Navigation-and-Path-planning-on-ROS2-using-Dijkstra-and-SLAM/turtlbot3_custom) by extensions ['colcon_pkg']
[1.048s] Level 1:colcon.colcon_core.package_identification:_identify(src/Autonomous-Navigation-and-Path-planning-on-ROS2-using-Dijkstra-and-SLAM/turtlbot3_custom) by extension 'colcon_pkg'
[1.048s] Level 1:colcon.colcon_core.package_identification:_identify(src/Autonomous-Navigation-and-Path-planning-on-ROS2-using-Dijkstra-and-SLAM/turtlbot3_custom) by extensions ['colcon_meta']
[1.049s] Level 1:colcon.colcon_core.package_identification:_identify(src/Autonomous-Navigation-and-Path-planning-on-ROS2-using-Dijkstra-and-SLAM/turtlbot3_custom) by extension 'colcon_meta'
[1.049s] Level 1:colcon.colcon_core.package_identification:_identify(src/Autonomous-Navigation-and-Path-planning-on-ROS2-using-Dijkstra-and-SLAM/turtlbot3_custom) by extensions ['ros']
[1.049s] Level 1:colcon.colcon_core.package_identification:_identify(src/Autonomous-Navigation-and-Path-planning-on-ROS2-using-Dijkstra-and-SLAM/turtlbot3_custom) by extension 'ros'
[1.056s] DEBUG:colcon.colcon_core.package_identification:Package 'src/Autonomous-Navigation-and-Path-planning-on-ROS2-using-Dijkstra-and-SLAM/turtlbot3_custom' with type 'ros.ament_cmake' and name 'turtlbot3_custom'
[1.057s] Level 1:colcon.colcon_core.package_identification:_identify(src/vacuum_robot) by extensions ['ignore', 'ignore_ament_install']
[1.057s] Level 1:colcon.colcon_core.package_identification:_identify(src/vacuum_robot) by extension 'ignore'
[1.057s] Level 1:colcon.colcon_core.package_identification:_identify(src/vacuum_robot) by extension 'ignore_ament_install'
[1.058s] Level 1:colcon.colcon_core.package_identification:_identify(src/vacuum_robot) by extensions ['colcon_pkg']
[1.058s] Level 1:colcon.colcon_core.package_identification:_identify(src/vacuum_robot) by extension 'colcon_pkg'
[1.058s] Level 1:colcon.colcon_core.package_identification:_identify(src/vacuum_robot) by extensions ['colcon_meta']
[1.058s] Level 1:colcon.colcon_core.package_identification:_identify(src/vacuum_robot) by extension 'colcon_meta'
[1.058s] Level 1:colcon.colcon_core.package_identification:_identify(src/vacuum_robot) by extensions ['ros']
[1.058s] Level 1:colcon.colcon_core.package_identification:_identify(src/vacuum_robot) by extension 'ros'
[1.061s] DEBUG:colcon.colcon_core.package_identification:Package 'src/vacuum_robot' with type 'ros.ament_python' and name 'vacuum_robot'
[1.062s] Level 1:colcon.colcon_core.package_discovery:discover_packages(recursive) using defaults
[1.062s] Level 1:colcon.colcon_core.package_discovery:discover_packages(ignore) discover
[1.063s] Level 1:colcon.colcon_core.package_discovery:discover_packages(ignore) using defaults
[1.063s] Level 1:colcon.colcon_core.package_discovery:discover_packages(path) discover
[1.063s] Level 1:colcon.colcon_core.package_discovery:discover_packages(path) using defaults
[1.184s] Level 1:colcon.colcon_core.package_discovery:discover_packages(prefix_path) check parameters
[1.185s] Level 1:colcon.colcon_core.package_discovery:discover_packages(prefix_path) discover
[1.199s] DEBUG:colcon.colcon_installed_package_information.package_discovery:Found 3 installed packages in /home/felipe/ros2_ws/install
[1.209s] DEBUG:colcon.colcon_installed_package_information.package_discovery:Found 404 installed packages in /opt/ros/humble
[1.219s] Level 1:colcon.colcon_core.package_discovery:discover_packages(prefix_path) using defaults
[1.480s] Level 5:colcon.colcon_core.verb:set package 'my_py_pkg' build argument 'cmake_args' from command line to 'None'
[1.480s] Level 5:colcon.colcon_core.verb:set package 'my_py_pkg' build argument 'cmake_target' from command line to 'None'
[1.480s] Level 5:colcon.colcon_core.verb:set package 'my_py_pkg' build argument 'cmake_target_skip_unavailable' from command line to 'False'
[1.480s] Level 5:colcon.colcon_core.verb:set package 'my_py_pkg' build argument 'cmake_clean_cache' from command line to 'False'
[1.480s] Level 5:colcon.colcon_core.verb:set package 'my_py_pkg' build argument 'cmake_clean_first' from command line to 'False'
[1.481s] Level 5:colcon.colcon_core.verb:set package 'my_py_pkg' build argument 'cmake_force_configure' from command line to 'False'
[1.481s] Level 5:colcon.colcon_core.verb:set package 'my_py_pkg' build argument 'ament_cmake_args' from command line to 'None'
[1.482s] Level 5:colcon.colcon_core.verb:set package 'my_py_pkg' build argument 'catkin_cmake_args' from command line to 'None'
[1.482s] Level 5:colcon.colcon_core.verb:set package 'my_py_pkg' build argument 'catkin_skip_building_tests' from command line to 'False'
[1.482s] DEBUG:colcon.colcon_core.verb:Building package 'my_py_pkg' with the following arguments: {'ament_cmake_args': None, 'build_base': '/home/felipe/ros2_ws/build/my_py_pkg', 'catkin_cmake_args': None, 'catkin_skip_building_tests': False, 'cmake_args': None, 'cmake_clean_cache': False, 'cmake_clean_first': False, 'cmake_force_configure': False, 'cmake_target': None, 'cmake_target_skip_unavailable': False, 'install_base': '/home/felipe/ros2_ws/install/my_py_pkg', 'merge_install': False, 'path': '/home/felipe/ros2_ws/src/Autonomous-Navigation-and-Path-planning-on-ROS2-using-Dijkstra-and-SLAM/my_py_pkg', 'symlink_install': False, 'test_result_base': None}
[1.485s] Level 5:colcon.colcon_core.verb:set package 'vacuum_robot' build argument 'cmake_args' from command line to 'None'
[1.486s] Level 5:colcon.colcon_core.verb:set package 'vacuum_robot' build argument 'cmake_target' from command line to 'None'
[1.486s] Level 5:colcon.colcon_core.verb:set package 'vacuum_robot' build argument 'cmake_target_skip_unavailable' from command line to 'False'
[1.486s] Level 5:colcon.colcon_core.verb:set package 'vacuum_robot' build argument 'cmake_clean_cache' from command line to 'False'
[1.486s] Level 5:colcon.colcon_core.verb:set package 'vacuum_robot' build argument 'cmake_clean_first' from command line to 'False'
[1.486s] Level 5:colcon.colcon_core.verb:set package 'vacuum_robot' build argument 'cmake_force_configure' from command line to 'False'
[1.486s] Level 5:colcon.colcon_core.verb:set package 'vacuum_robot' build argument 'ament_cmake_args' from command line to 'None'
[1.486s] Level 5:colcon.colcon_core.verb:set package 'vacuum_robot' build argument 'catkin_cmake_args' from command line to 'None'
[1.486s] Level 5:colcon.colcon_core.verb:set package 'vacuum_robot' build argument 'catkin_skip_building_tests' from command line to 'False'
[1.487s] DEBUG:colcon.colcon_core.verb:Building package 'vacuum_robot' with the following arguments: {'ament_cmake_args': None, 'build_base': '/home/felipe/ros2_ws/build/vacuum_robot', 'catkin_cmake_args': None, 'catkin_skip_building_tests': False, 'cmake_args': None, 'cmake_clean_cache': False, 'cmake_clean_first': False, 'cmake_force_configure': False, 'cmake_target': None, 'cmake_target_skip_unavailable': False, 'install_base': '/home/felipe/ros2_ws/install/vacuum_robot', 'merge_install': False, 'path': '/home/felipe/ros2_ws/src/vacuum_robot', 'symlink_install': False, 'test_result_base': None}
[1.489s] Level 5:colcon.colcon_core.verb:set package 'turtlbot3_custom' build argument 'cmake_args' from command line to 'None'
[1.489s] Level 5:colcon.colcon_core.verb:set package 'turtlbot3_custom' build argument 'cmake_target' from command line to 'None'
[1.489s] Level 5:colcon.colcon_core.verb:set package 'turtlbot3_custom' build argument 'cmake_target_skip_unavailable' from command line to 'False'
[1.489s] Level 5:colcon.colcon_core.verb:set package 'turtlbot3_custom' build argument 'cmake_clean_cache' from command line to 'False'
[1.489s] Level 5:colcon.colcon_core.verb:set package 'turtlbot3_custom' build argument 'cmake_clean_first' from command line to 'False'
[1.489s] Level 5:colcon.colcon_core.verb:set package 'turtlbot3_custom' build argument 'cmake_force_configure' from command line to 'False'
[1.489s] Level 5:colcon.colcon_core.verb:set package 'turtlbot3_custom' build argument 'ament_cmake_args' from command line to 'None'
[1.489s] Level 5:colcon.colcon_core.verb:set package 'turtlbot3_custom' build argument 'catkin_cmake_args' from command line to 'None'
[1.489s] Level 5:colcon.colcon_core.verb:set package 'turtlbot3_custom' build argument 'catkin_skip_building_tests' from command line to 'False'
[1.489s] DEBUG:colcon.colcon_core.verb:Building package 'turtlbot3_custom' with the following arguments: {'ament_cmake_args': None, 'build_base': '/home/felipe/ros2_ws/build/turtlbot3_custom', 'catkin_cmake_args': None, 'catkin_skip_building_tests': False, 'cmake_args': None, 'cmake_clean_cache': False, 'cmake_clean_first': False, 'cmake_force_configure': False, 'cmake_target': None, 'cmake_target_skip_unavailable': False, 'install_base': '/home/felipe/ros2_ws/install/turtlbot3_custom', 'merge_install': False, 'path': '/home/felipe/ros2_ws/src/Autonomous-Navigation-and-Path-planning-on-ROS2-using-Dijkstra-and-SLAM/turtlbot3_custom', 'symlink_install': False, 'test_result_base': None}
[1.490s] INFO:colcon.colcon_core.executor:Executing jobs using 'parallel' executor
[1.493s] DEBUG:colcon.colcon_parallel_executor.executor.parallel:run_until_complete
[1.494s] INFO:colcon.colcon_ros.task.ament_python.build:Building ROS package in '/home/felipe/ros2_ws/src/Autonomous-Navigation-and-Path-planning-on-ROS2-using-Dijkstra-and-SLAM/my_py_pkg' with build type 'ament_python'
[1.495s] Level 1:colcon.colcon_core.shell:create_environment_hook('my_py_pkg', 'ament_prefix_path')
[1.505s] INFO:colcon.colcon_core.plugin_system:Skipping extension 'colcon_core.shell.bat': Not used on non-Windows systems
[1.507s] INFO:colcon.colcon_core.shell:Creating environment hook '/home/felipe/ros2_ws/install/my_py_pkg/share/my_py_pkg/hook/ament_prefix_path.ps1'
[1.513s] INFO:colcon.colcon_core.shell:Creating environment descriptor '/home/felipe/ros2_ws/install/my_py_pkg/share/my_py_pkg/hook/ament_prefix_path.dsv'
[1.517s] INFO:colcon.colcon_core.shell:Creating environment hook '/home/felipe/ros2_ws/install/my_py_pkg/share/my_py_pkg/hook/ament_prefix_path.sh'
[1.524s] INFO:colcon.colcon_core.shell:Skip shell extension 'powershell' for command environment: Not usable outside of PowerShell
[1.524s] DEBUG:colcon.colcon_core.shell:Skip shell extension 'dsv' for command environment
[1.536s] INFO:colcon.colcon_ros.task.ament_python.build:Building ROS package in '/home/felipe/ros2_ws/src/vacuum_robot' with build type 'ament_python'
[1.537s] Level 1:colcon.colcon_core.shell:create_environment_hook('vacuum_robot', 'ament_prefix_path')
[1.541s] INFO:colcon.colcon_core.shell:Creating environment hook '/home/felipe/ros2_ws/install/vacuum_robot/share/vacuum_robot/hook/ament_prefix_path.ps1'
[1.544s] INFO:colcon.colcon_core.shell:Creating environment descriptor '/home/felipe/ros2_ws/install/vacuum_robot/share/vacuum_robot/hook/ament_prefix_path.dsv'
[1.548s] INFO:colcon.colcon_core.shell:Creating environment hook '/home/felipe/ros2_ws/install/vacuum_robot/share/vacuum_robot/hook/ament_prefix_path.sh'
[1.552s] INFO:colcon.colcon_core.shell:Skip shell extension 'powershell' for command environment: Not usable outside of PowerShell
[1.553s] DEBUG:colcon.colcon_core.shell:Skip shell extension 'dsv' for command environment
[2.963s] INFO:colcon.colcon_core.task.python.build:Building Python package in '/home/felipe/ros2_ws/src/Autonomous-Navigation-and-Path-planning-on-ROS2-using-Dijkstra-and-SLAM/my_py_pkg'
[2.965s] INFO:colcon.colcon_core.shell:Skip shell extension 'powershell' for command environment: Not usable outside of PowerShell
[2.965s] DEBUG:colcon.colcon_core.shell:Skip shell extension 'dsv' for command environment
[4.480s] INFO:colcon.colcon_core.task.python.build:Building Python package in '/home/felipe/ros2_ws/src/vacuum_robot'
[4.482s] INFO:colcon.colcon_core.shell:Skip shell extension 'powershell' for command environment: Not usable outside of PowerShell
[4.483s] DEBUG:colcon.colcon_core.shell:Skip shell extension 'dsv' for command environment
[8.498s] DEBUG:colcon.colcon_core.event_handler.log_command:Invoking command in '/home/felipe/ros2_ws/src/Autonomous-Navigation-and-Path-planning-on-ROS2-using-Dijkstra-and-SLAM/my_py_pkg': PYTHONPATH=/home/felipe/ros2_ws/build/my_py_pkg/prefix_override:/usr/lib/python3/dist-packages/colcon_core/task/python/colcon_distutils_commands:/home/felipe/ros2_ws/install/my_py_pkg/lib/python3.10/site-packages:${PYTHONPATH} /usr/bin/python3 -W ignore:setup.py install is deprecated -W ignore:easy_install command is deprecated setup.py egg_info --egg-base ../../../build/my_py_pkg build --build-base /home/felipe/ros2_ws/build/my_py_pkg/build install --record /home/felipe/ros2_ws/build/my_py_pkg/install.log --single-version-externally-managed install_data
[8.533s] DEBUG:colcon.colcon_core.event_handler.log_command:Invoking command in '/home/felipe/ros2_ws/src/vacuum_robot': PYTHONPATH=/home/felipe/ros2_ws/build/vacuum_robot/prefix_override:/usr/lib/python3/dist-packages/colcon_core/task/python/colcon_distutils_commands:/home/felipe/ros2_ws/install/vacuum_robot/lib/python3.10/site-packages:${PYTHONPATH} /usr/bin/python3 -W ignore:setup.py install is deprecated -W ignore:easy_install command is deprecated setup.py egg_info --egg-base ../../build/vacuum_robot build --build-base /home/felipe/ros2_ws/build/vacuum_robot/build install --record /home/felipe/ros2_ws/build/vacuum_robot/install.log --single-version-externally-managed install_data
[12.770s] DEBUG:colcon.colcon_core.event_handler.log_command:Invoked command in '/home/felipe/ros2_ws/src/Autonomous-Navigation-and-Path-planning-on-ROS2-using-Dijkstra-and-SLAM/my_py_pkg' returned '0': PYTHONPATH=/home/felipe/ros2_ws/build/my_py_pkg/prefix_override:/usr/lib/python3/dist-packages/colcon_core/task/python/colcon_distutils_commands:/home/felipe/ros2_ws/install/my_py_pkg/lib/python3.10/site-packages:${PYTHONPATH} /usr/bin/python3 -W ignore:setup.py install is deprecated -W ignore:easy_install command is deprecated setup.py egg_info --egg-base ../../../build/my_py_pkg build --build-base /home/felipe/ros2_ws/build/my_py_pkg/build install --record /home/felipe/ros2_ws/build/my_py_pkg/install.log --single-version-externally-managed install_data
[12.785s] Level 1:colcon.colcon_core.environment:checking '/home/felipe/ros2_ws/install/my_py_pkg' for CMake module files
[12.786s] Level 1:colcon.colcon_core.environment:checking '/home/felipe/ros2_ws/install/my_py_pkg' for CMake config files
[12.790s] Level 1:colcon.colcon_core.environment:checking '/home/felipe/ros2_ws/install/my_py_pkg/lib'
[12.791s] Level 1:colcon.colcon_core.environment:checking '/home/felipe/ros2_ws/install/my_py_pkg/bin'
[12.792s] Level 1:colcon.colcon_core.environment:checking '/home/felipe/ros2_ws/install/my_py_pkg/lib/pkgconfig/my_py_pkg.pc'
[12.793s] Level 1:colcon.colcon_core.environment:checking '/home/felipe/ros2_ws/install/my_py_pkg/lib/python3.10/site-packages'
[12.794s] Level 1:colcon.colcon_core.shell:create_environment_hook('my_py_pkg', 'pythonpath')
[12.795s] INFO:colcon.colcon_core.shell:Creating environment hook '/home/felipe/ros2_ws/install/my_py_pkg/share/my_py_pkg/hook/pythonpath.ps1'
[12.797s] INFO:colcon.colcon_core.shell:Creating environment descriptor '/home/felipe/ros2_ws/install/my_py_pkg/share/my_py_pkg/hook/pythonpath.dsv'
[12.799s] INFO:colcon.colcon_core.shell:Creating environment hook '/home/felipe/ros2_ws/install/my_py_pkg/share/my_py_pkg/hook/pythonpath.sh'
[12.802s] Level 1:colcon.colcon_core.environment:checking '/home/felipe/ros2_ws/install/my_py_pkg/bin'
[12.803s] Level 1:colcon.colcon_core.environment:create_environment_scripts_only(my_py_pkg)
[12.804s] INFO:colcon.colcon_core.shell:Creating package script '/home/felipe/ros2_ws/install/my_py_pkg/share/my_py_pkg/package.ps1'
[12.806s] INFO:colcon.colcon_core.shell:Creating package descriptor '/home/felipe/ros2_ws/install/my_py_pkg/share/my_py_pkg/package.dsv'
[12.807s] INFO:colcon.colcon_core.shell:Creating package script '/home/felipe/ros2_ws/install/my_py_pkg/share/my_py_pkg/package.sh'
[12.811s] INFO:colcon.colcon_core.shell:Creating package script '/home/felipe/ros2_ws/install/my_py_pkg/share/my_py_pkg/package.bash'
[12.816s] INFO:colcon.colcon_core.shell:Creating package script '/home/felipe/ros2_ws/install/my_py_pkg/share/my_py_pkg/package.zsh'
[12.820s] Level 1:colcon.colcon_core.environment:create_file_with_runtime_dependencies(/home/felipe/ros2_ws/install/my_py_pkg/share/colcon-core/packages/my_py_pkg)
[12.823s] INFO:colcon.colcon_ros.task.ament_cmake.build:Building ROS package in '/home/felipe/ros2_ws/src/Autonomous-Navigation-and-Path-planning-on-ROS2-using-Dijkstra-and-SLAM/turtlbot3_custom' with build type 'ament_cmake'
[12.825s] INFO:colcon.colcon_cmake.task.cmake.build:Building CMake package in '/home/felipe/ros2_ws/src/Autonomous-Navigation-and-Path-planning-on-ROS2-using-Dijkstra-and-SLAM/turtlbot3_custom'
[12.826s] INFO:colcon.colcon_core.shell:Skip shell extension 'powershell' for command environment: Not usable outside of PowerShell
[12.826s] DEBUG:colcon.colcon_core.shell:Skip shell extension 'dsv' for command environment
[12.856s] Level 1:colcon.colcon_core.environment:checking '/home/felipe/ros2_ws/install/vacuum_robot' for CMake module files
[12.859s] DEBUG:colcon.colcon_core.event_handler.log_command:Invoked command in '/home/felipe/ros2_ws/src/vacuum_robot' returned '0': PYTHONPATH=/home/felipe/ros2_ws/build/vacuum_robot/prefix_override:/usr/lib/python3/dist-packages/colcon_core/task/python/colcon_distutils_commands:/home/felipe/ros2_ws/install/vacuum_robot/lib/python3.10/site-packages:${PYTHONPATH} /usr/bin/python3 -W ignore:setup.py install is deprecated -W ignore:easy_install command is deprecated setup.py egg_info --egg-base ../../build/vacuum_robot build --build-base /home/felipe/ros2_ws/build/vacuum_robot/build install --record /home/felipe/ros2_ws/build/vacuum_robot/install.log --single-version-externally-managed install_data
[12.860s] Level 1:colcon.colcon_core.environment:checking '/home/felipe/ros2_ws/install/vacuum_robot' for CMake config files
[12.867s] Level 1:colcon.colcon_core.environment:checking '/home/felipe/ros2_ws/install/vacuum_robot/lib'
[12.868s] Level 1:colcon.colcon_core.environment:checking '/home/felipe/ros2_ws/install/vacuum_robot/bin'
[12.868s] Level 1:colcon.colcon_core.environment:checking '/home/felipe/ros2_ws/install/vacuum_robot/lib/pkgconfig/vacuum_robot.pc'
[12.869s] Level 1:colcon.colcon_core.environment:checking '/home/felipe/ros2_ws/install/vacuum_robot/lib/python3.10/site-packages'
[12.870s] Level 1:colcon.colcon_core.shell:create_environment_hook('vacuum_robot', 'pythonpath')
[12.871s] INFO:colcon.colcon_core.shell:Creating environment hook '/home/felipe/ros2_ws/install/vacuum_robot/share/vacuum_robot/hook/pythonpath.ps1'
[12.875s] INFO:colcon.colcon_core.shell:Creating environment descriptor '/home/felipe/ros2_ws/install/vacuum_robot/share/vacuum_robot/hook/pythonpath.dsv'
[12.877s] INFO:colcon.colcon_core.shell:Creating environment hook '/home/felipe/ros2_ws/install/vacuum_robot/share/vacuum_robot/hook/pythonpath.sh'
[12.880s] Level 1:colcon.colcon_core.environment:checking '/home/felipe/ros2_ws/install/vacuum_robot/bin'
[12.880s] Level 1:colcon.colcon_core.environment:create_environment_scripts_only(vacuum_robot)
[12.881s] INFO:colcon.colcon_core.shell:Creating package script '/home/felipe/ros2_ws/install/vacuum_robot/share/vacuum_robot/package.ps1'
[12.884s] INFO:colcon.colcon_core.shell:Creating package descriptor '/home/felipe/ros2_ws/install/vacuum_robot/share/vacuum_robot/package.dsv'
[12.885s] INFO:colcon.colcon_core.shell:Creating package script '/home/felipe/ros2_ws/install/vacuum_robot/share/vacuum_robot/package.sh'
[12.886s] INFO:colcon.colcon_core.shell:Creating package script '/home/felipe/ros2_ws/install/vacuum_robot/share/vacuum_robot/package.bash'
[12.887s] INFO:colcon.colcon_core.shell:Creating package script '/home/felipe/ros2_ws/install/vacuum_robot/share/vacuum_robot/package.zsh'
[12.888s] Level 1:colcon.colcon_core.environment:create_file_with_runtime_dependencies(/home/felipe/ros2_ws/install/vacuum_robot/share/colcon-core/packages/vacuum_robot)
[12.911s] DEBUG:colcon.colcon_core.event_handler.log_command:Invoking command in '/home/felipe/ros2_ws/build/turtlbot3_custom': AMENT_PREFIX_PATH=/home/felipe/ros2_ws/install/my_py_pkg:/home/felipe/ros2_ws/install/vacuum_robot:/home/felipe/ros2_ws/install/turtlbot3_custom:/opt/ros/humble:/home/felipe/ros2_ws/install CMAKE_PREFIX_PATH=${CMAKE_PREFIX_PATH}:/home/felipe/ros2_ws/install/vacuum_robot:/home/felipe/ros2_ws/install/my_py_pkg:/opt/ros/humble:/home/felipe/ros2_ws/install PYTHONPATH=/home/felipe/ros2_ws/install/my_py_pkg/lib/python3.10/site-packages:/home/felipe/ros2_ws/install/vacuum_robot/lib/python3.10/site-packages:/opt/ros/humble/lib/python3.10/site-packages:/opt/ros/humble/local/lib/python3.10/dist-packages /usr/bin/cmake --build /home/felipe/ros2_ws/build/turtlbot3_custom -- -j8 -l8
[13.049s] DEBUG:colcon.colcon_core.event_handler.log_command:Invoked command in '/home/felipe/ros2_ws/build/turtlbot3_custom' returned '0': AMENT_PREFIX_PATH=/home/felipe/ros2_ws/install/my_py_pkg:/home/felipe/ros2_ws/install/vacuum_robot:/home/felipe/ros2_ws/install/turtlbot3_custom:/opt/ros/humble:/home/felipe/ros2_ws/install CMAKE_PREFIX_PATH=${CMAKE_PREFIX_PATH}:/home/felipe/ros2_ws/install/vacuum_robot:/home/felipe/ros2_ws/install/my_py_pkg:/opt/ros/humble:/home/felipe/ros2_ws/install PYTHONPATH=/home/felipe/ros2_ws/install/my_py_pkg/lib/python3.10/site-packages:/home/felipe/ros2_ws/install/vacuum_robot/lib/python3.10/site-packages:/opt/ros/humble/lib/python3.10/site-packages:/opt/ros/humble/local/lib/python3.10/dist-packages /usr/bin/cmake --build /home/felipe/ros2_ws/build/turtlbot3_custom -- -j8 -l8
[13.087s] DEBUG:colcon.colcon_core.event_handler.log_command:Invoking command in '/home/felipe/ros2_ws/build/turtlbot3_custom': AMENT_PREFIX_PATH=/home/felipe/ros2_ws/install/my_py_pkg:/home/felipe/ros2_ws/install/vacuum_robot:/home/felipe/ros2_ws/install/turtlbot3_custom:/opt/ros/humble:/home/felipe/ros2_ws/install CMAKE_PREFIX_PATH=${CMAKE_PREFIX_PATH}:/home/felipe/ros2_ws/install/vacuum_robot:/home/felipe/ros2_ws/install/my_py_pkg:/opt/ros/humble:/home/felipe/ros2_ws/install PYTHONPATH=/home/felipe/ros2_ws/install/my_py_pkg/lib/python3.10/site-packages:/home/felipe/ros2_ws/install/vacuum_robot/lib/python3.10/site-packages:/opt/ros/humble/lib/python3.10/site-packages:/opt/ros/humble/local/lib/python3.10/dist-packages /usr/bin/cmake --install /home/felipe/ros2_ws/build/turtlbot3_custom
[13.125s] Level 1:colcon.colcon_core.environment:create_environment_scripts_only(turtlbot3_custom)
[13.126s] Level 1:colcon.colcon_core.environment:checking '/home/felipe/ros2_ws/install/turtlbot3_custom' for CMake module files
[13.130s] DEBUG:colcon.colcon_core.event_handler.log_command:Invoked command in '/home/felipe/ros2_ws/build/turtlbot3_custom' returned '0': AMENT_PREFIX_PATH=/home/felipe/ros2_ws/install/my_py_pkg:/home/felipe/ros2_ws/install/vacuum_robot:/home/felipe/ros2_ws/install/turtlbot3_custom:/opt/ros/humble:/home/felipe/ros2_ws/install CMAKE_PREFIX_PATH=${CMAKE_PREFIX_PATH}:/home/felipe/ros2_ws/install/vacuum_robot:/home/felipe/ros2_ws/install/my_py_pkg:/opt/ros/humble:/home/felipe/ros2_ws/install PYTHONPATH=/home/felipe/ros2_ws/install/my_py_pkg/lib/python3.10/site-packages:/home/felipe/ros2_ws/install/vacuum_robot/lib/python3.10/site-packages:/opt/ros/humble/lib/python3.10/site-packages:/opt/ros/humble/local/lib/python3.10/dist-packages /usr/bin/cmake --install /home/felipe/ros2_ws/build/turtlbot3_custom
[13.133s] Level 1:colcon.colcon_core.environment:checking '/home/felipe/ros2_ws/install/turtlbot3_custom' for CMake config files
[13.134s] Level 1:colcon.colcon_core.shell:create_environment_hook('turtlbot3_custom', 'cmake_prefix_path')
[13.136s] INFO:colcon.colcon_core.shell:Creating environment hook '/home/felipe/ros2_ws/install/turtlbot3_custom/share/turtlbot3_custom/hook/cmake_prefix_path.ps1'
[13.140s] INFO:colcon.colcon_core.shell:Creating environment descriptor '/home/felipe/ros2_ws/install/turtlbot3_custom/share/turtlbot3_custom/hook/cmake_prefix_path.dsv'
[13.143s] INFO:colcon.colcon_core.shell:Creating environment hook '/home/felipe/ros2_ws/install/turtlbot3_custom/share/turtlbot3_custom/hook/cmake_prefix_path.sh'
[13.147s] Level 1:colcon.colcon_core.environment:checking '/home/felipe/ros2_ws/install/turtlbot3_custom/bin'
[13.147s] Level 1:colcon.colcon_core.environment:checking '/home/felipe/ros2_ws/install/turtlbot3_custom/lib/pkgconfig/turtlbot3_custom.pc'
[13.148s] Level 1:colcon.colcon_core.environment:checking '/home/felipe/ros2_ws/install/turtlbot3_custom/lib/python3.10/site-packages'
[13.148s] Level 1:colcon.colcon_core.environment:checking '/home/felipe/ros2_ws/install/turtlbot3_custom/bin'
[13.149s] INFO:colcon.colcon_core.shell:Creating package script '/home/felipe/ros2_ws/install/turtlbot3_custom/share/turtlbot3_custom/package.ps1'
[13.151s] INFO:colcon.colcon_core.shell:Creating package descriptor '/home/felipe/ros2_ws/install/turtlbot3_custom/share/turtlbot3_custom/package.dsv'
[13.153s] INFO:colcon.colcon_core.shell:Creating package script '/home/felipe/ros2_ws/install/turtlbot3_custom/share/turtlbot3_custom/package.sh'
[13.157s] INFO:colcon.colcon_core.shell:Creating package script '/home/felipe/ros2_ws/install/turtlbot3_custom/share/turtlbot3_custom/package.bash'
[13.159s] INFO:colcon.colcon_core.shell:Creating package script '/home/felipe/ros2_ws/install/turtlbot3_custom/share/turtlbot3_custom/package.zsh'
[13.164s] Level 1:colcon.colcon_core.environment:create_file_with_runtime_dependencies(/home/felipe/ros2_ws/install/turtlbot3_custom/share/colcon-core/packages/turtlbot3_custom)
[13.170s] Level 1:colcon.colcon_core.environment:create_environment_scripts_only(turtlbot3_custom)
[13.171s] Level 1:colcon.colcon_core.environment:checking '/home/felipe/ros2_ws/install/turtlbot3_custom' for CMake module files
[13.173s] Level 1:colcon.colcon_core.environment:checking '/home/felipe/ros2_ws/install/turtlbot3_custom' for CMake config files
[13.174s] Level 1:colcon.colcon_core.shell:create_environment_hook('turtlbot3_custom', 'cmake_prefix_path')
[13.175s] INFO:colcon.colcon_core.shell:Creating environment hook '/home/felipe/ros2_ws/install/turtlbot3_custom/share/turtlbot3_custom/hook/cmake_prefix_path.ps1'
[13.179s] INFO:colcon.colcon_core.shell:Creating environment descriptor '/home/felipe/ros2_ws/install/turtlbot3_custom/share/turtlbot3_custom/hook/cmake_prefix_path.dsv'
[13.182s] INFO:colcon.colcon_core.shell:Creating environment hook '/home/felipe/ros2_ws/install/turtlbot3_custom/share/turtlbot3_custom/hook/cmake_prefix_path.sh'
[13.186s] Level 1:colcon.colcon_core.environment:checking '/home/felipe/ros2_ws/install/turtlbot3_custom/bin'
[13.187s] Level 1:colcon.colcon_core.environment:checking '/home/felipe/ros2_ws/install/turtlbot3_custom/lib/pkgconfig/turtlbot3_custom.pc'
[13.189s] Level 1:colcon.colcon_core.environment:checking '/home/felipe/ros2_ws/install/turtlbot3_custom/lib/python3.10/site-packages'
[13.190s] Level 1:colcon.colcon_core.environment:checking '/home/felipe/ros2_ws/install/turtlbot3_custom/bin'
[13.192s] INFO:colcon.colcon_core.shell:Creating package script '/home/felipe/ros2_ws/install/turtlbot3_custom/share/turtlbot3_custom/package.ps1'
[13.194s] INFO:colcon.colcon_core.shell:Creating package descriptor '/home/felipe/ros2_ws/install/turtlbot3_custom/share/turtlbot3_custom/package.dsv'
[13.196s] INFO:colcon.colcon_core.shell:Creating package script '/home/felipe/ros2_ws/install/turtlbot3_custom/share/turtlbot3_custom/package.sh'
[13.197s] INFO:colcon.colcon_core.shell:Creating package script '/home/felipe/ros2_ws/install/turtlbot3_custom/share/turtlbot3_custom/package.bash'
[13.199s] INFO:colcon.colcon_core.shell:Creating package script '/home/felipe/ros2_ws/install/turtlbot3_custom/share/turtlbot3_custom/package.zsh'
[13.200s] Level 1:colcon.colcon_core.environment:create_file_with_runtime_dependencies(/home/felipe/ros2_ws/install/turtlbot3_custom/share/colcon-core/packages/turtlbot3_custom)
[13.201s] DEBUG:colcon.colcon_parallel_executor.executor.parallel:closing loop
[13.202s] DEBUG:colcon.colcon_parallel_executor.executor.parallel:loop closed
[13.202s] DEBUG:colcon.colcon_parallel_executor.executor.parallel:run_until_complete finished with '0'
[13.203s] DEBUG:colcon.colcon_core.event_reactor:joining thread
[13.237s] INFO:colcon.colcon_core.plugin_system:Skipping extension 'colcon_notification.desktop_notification.terminal_notifier': Not used on non-Darwin systems
[13.238s] INFO:colcon.colcon_core.plugin_system:Skipping extension 'colcon_notification.desktop_notification.win32': Not used on non-Windows systems
[13.239s] INFO:colcon.colcon_notification.desktop_notification:Sending desktop notification using 'notify2'
[13.305s] DEBUG:colcon.colcon_core.event_reactor:joined thread
[13.307s] INFO:colcon.colcon_core.shell:Creating prefix script '/home/felipe/ros2_ws/install/local_setup.ps1'
[13.312s] INFO:colcon.colcon_core.shell:Creating prefix util module '/home/felipe/ros2_ws/install/_local_setup_util_ps1.py'
[13.371s] INFO:colcon.colcon_core.shell:Creating prefix chain script '/home/felipe/ros2_ws/install/setup.ps1'
[13.379s] INFO:colcon.colcon_core.shell:Creating prefix script '/home/felipe/ros2_ws/install/local_setup.sh'
[13.381s] INFO:colcon.colcon_core.shell:Creating prefix util module '/home/felipe/ros2_ws/install/_local_setup_util_sh.py'
[13.383s] INFO:colcon.colcon_core.shell:Creating prefix chain script '/home/felipe/ros2_ws/install/setup.sh'
[13.387s] INFO:colcon.colcon_core.shell:Creating prefix script '/home/felipe/ros2_ws/install/local_setup.bash'
[13.389s] INFO:colcon.colcon_core.shell:Creating prefix chain script '/home/felipe/ros2_ws/install/setup.bash'
[13.398s] INFO:colcon.colcon_core.shell:Creating prefix script '/home/felipe/ros2_ws/install/local_setup.zsh'
[13.402s] INFO:colcon.colcon_core.shell:Creating prefix chain script '/home/felipe/ros2_ws/install/setup.zsh'
