[1.435s] Invoking command in '/home/felipe/ros2_ws/src/navigation2/nav2_loopback_sim': PYTHONPATH=/home/felipe/ros2_ws/build/nav2_loopback_sim/prefix_override:/usr/lib/python3/dist-packages/colcon_core/task/python/colcon_distutils_commands:/home/felipe/ros2_ws/install/nav2_loopback_sim/lib/python3.10/site-packages:${PYTHONPATH} /usr/bin/python3 -W ignore:setup.py install is deprecated -W ignore:easy_install command is deprecated setup.py egg_info --egg-base ../../../build/nav2_loopback_sim build --build-base /home/felipe/ros2_ws/build/nav2_loopback_sim/build install --record /home/felipe/ros2_ws/build/nav2_loopback_sim/install.log --single-version-externally-managed install_data
[1.600s] /home/felipe/.local/lib/python3.10/site-packages/setuptools/_distutils/dist.py:261: UserWarning: Unknown distribution option: 'tests_require'
[1.600s]   warnings.warn(msg)
[1.784s] running egg_info
[1.822s] writing ../../../build/nav2_loopback_sim/nav2_loopback_sim.egg-info/PKG-INFO
[1.822s] writing dependency_links to ../../../build/nav2_loopback_sim/nav2_loopback_sim.egg-info/dependency_links.txt
[1.823s] writing entry points to ../../../build/nav2_loopback_sim/nav2_loopback_sim.egg-info/entry_points.txt
[1.823s] writing requirements to ../../../build/nav2_loopback_sim/nav2_loopback_sim.egg-info/requires.txt
[1.823s] writing top-level names to ../../../build/nav2_loopback_sim/nav2_loopback_sim.egg-info/top_level.txt
[1.902s] reading manifest file '../../../build/nav2_loopback_sim/nav2_loopback_sim.egg-info/SOURCES.txt'
[1.905s] writing manifest file '../../../build/nav2_loopback_sim/nav2_loopback_sim.egg-info/SOURCES.txt'
[1.905s] running build
[1.905s] running build_py
[1.905s] copying nav2_loopback_sim/loopback_simulator.py -> /home/felipe/ros2_ws/build/nav2_loopback_sim/build/lib/nav2_loopback_sim
[1.906s] copying nav2_loopback_sim/utils.py -> /home/felipe/ros2_ws/build/nav2_loopback_sim/build/lib/nav2_loopback_sim
[1.906s] running install
[1.916s] running install_lib
[1.954s] running install_data
[1.955s] copying resource/nav2_loopback_sim -> /home/felipe/ros2_ws/install/nav2_loopback_sim/share/ament_index/resource_index/packages
[1.955s] copying package.xml -> /home/felipe/ros2_ws/install/nav2_loopback_sim/share/nav2_loopback_sim
[1.955s] copying launch/loopback_simulation.launch.py -> /home/felipe/ros2_ws/install/nav2_loopback_sim/share/nav2_loopback_sim
[1.955s] running install_egg_info
[1.980s] removing '/home/felipe/ros2_ws/install/nav2_loopback_sim/lib/python3.10/site-packages/nav2_loopback_sim-1.0.0-py3.10.egg-info' (and everything under it)
[1.980s] Copying ../../../build/nav2_loopback_sim/nav2_loopback_sim.egg-info to /home/felipe/ros2_ws/install/nav2_loopback_sim/lib/python3.10/site-packages/nav2_loopback_sim-1.0.0-py3.10.egg-info
[1.981s] running install_scripts
[2.163s] Installing loopback_simulator script to /home/felipe/ros2_ws/install/nav2_loopback_sim/lib/nav2_loopback_sim
[2.163s] writing list of installed files to '/home/felipe/ros2_ws/build/nav2_loopback_sim/install.log'
[2.204s] Invoked command in '/home/felipe/ros2_ws/src/navigation2/nav2_loopback_sim' returned '0': PYTHONPATH=/home/felipe/ros2_ws/build/nav2_loopback_sim/prefix_override:/usr/lib/python3/dist-packages/colcon_core/task/python/colcon_distutils_commands:/home/felipe/ros2_ws/install/nav2_loopback_sim/lib/python3.10/site-packages:${PYTHONPATH} /usr/bin/python3 -W ignore:setup.py install is deprecated -W ignore:easy_install command is deprecated setup.py egg_info --egg-base ../../../build/nav2_loopback_sim build --build-base /home/felipe/ros2_ws/build/nav2_loopback_sim/build install --record /home/felipe/ros2_ws/build/nav2_loopback_sim/install.log --single-version-externally-managed install_data
