[5.748s] DEBUG:colcon:Command line arguments: ['/usr/bin/colcon', 'build']
[5.749s] DEBUG:colcon:Parsed command line arguments: Namespace(log_base=None, log_level=None, verb_name='build', build_base='build', install_base='install', merge_install=False, symlink_install=False, test_result_base=None, continue_on_error=False, executor='parallel', parallel_workers=2, event_handlers=None, ignore_user_meta=False, metas=['./colcon.meta'], base_paths=['.'], packages_ignore=None, packages_ignore_regex=None, paths=None, packages_up_to=None, packages_up_to_regex=None, packages_above=None, packages_above_and_dependencies=None, packages_above_depth=None, packages_select_by_dep=None, packages_skip_by_dep=None, packages_skip_up_to=None, packages_select_build_failed=False, packages_skip_build_finished=False, packages_select_test_failures=False, packages_skip_test_passed=False, packages_select=None, packages_skip=None, packages_select_regex=None, packages_skip_regex=None, packages_start=None, packages_end=None, allow_overriding=[], cmake_args=None, cmake_target=None, cmake_target_skip_unavailable=False, cmake_clean_cache=False, cmake_clean_first=False, cmake_force_configure=False, ament_cmake_args=None, catkin_cmake_args=None, catkin_skip_building_tests=False, mixin_files=None, mixin=None, verb_parser=<colcon_mixin.mixin.mixin_argument.MixinArgumentDecorator object at 0x78bb01c78eb0>, verb_extension=<colcon_core.verb.build.BuildVerb object at 0x78bb01dee980>, main=<bound method BuildVerb.main of <colcon_core.verb.build.BuildVerb object at 0x78bb01dee980>>, mixin_verb=('build',))
[6.437s] Level 1:colcon.colcon_core.package_discovery:discover_packages(colcon_meta) check parameters
[6.438s] Level 1:colcon.colcon_core.package_discovery:discover_packages(recursive) check parameters
[6.438s] Level 1:colcon.colcon_core.package_discovery:discover_packages(ignore) check parameters
[6.438s] Level 1:colcon.colcon_core.package_discovery:discover_packages(path) check parameters
[6.438s] Level 1:colcon.colcon_core.package_discovery:discover_packages(colcon_meta) discover
[6.438s] Level 1:colcon.colcon_core.package_discovery:discover_packages(recursive) discover
[6.439s] INFO:colcon.colcon_core.package_discovery:Crawling recursively for packages in '/home/felipe/ros2_ws'
[6.439s] Level 1:colcon.colcon_core.package_identification:_identify(.) by extensions ['ignore', 'ignore_ament_install']
[6.439s] Level 1:colcon.colcon_core.package_identification:_identify(.) by extension 'ignore'
[6.440s] Level 1:colcon.colcon_core.package_identification:_identify(.) by extension 'ignore_ament_install'
[6.440s] Level 1:colcon.colcon_core.package_identification:_identify(.) by extensions ['colcon_pkg']
[6.440s] Level 1:colcon.colcon_core.package_identification:_identify(.) by extension 'colcon_pkg'
[6.440s] Level 1:colcon.colcon_core.package_identification:_identify(.) by extensions ['colcon_meta']
[6.440s] Level 1:colcon.colcon_core.package_identification:_identify(.) by extension 'colcon_meta'
[6.440s] Level 1:colcon.colcon_core.package_identification:_identify(.) by extensions ['ros']
[6.440s] Level 1:colcon.colcon_core.package_identification:_identify(.) by extension 'ros'
[6.607s] Level 1:colcon.colcon_core.package_identification:_identify(.) by extensions ['cmake', 'python']
[6.608s] Level 1:colcon.colcon_core.package_identification:_identify(.) by extension 'cmake'
[6.608s] Level 1:colcon.colcon_core.package_identification:_identify(.) by extension 'python'
[6.608s] Level 1:colcon.colcon_core.package_identification:_identify(.) by extensions ['python_setup_py']
[6.608s] Level 1:colcon.colcon_core.package_identification:_identify(.) by extension 'python_setup_py'
[6.608s] Level 1:colcon.colcon_core.package_identification:_identify(build) by extensions ['ignore', 'ignore_ament_install']
[6.608s] Level 1:colcon.colcon_core.package_identification:_identify(build) by extension 'ignore'
[6.609s] Level 1:colcon.colcon_core.package_identification:_identify(build) ignored
[6.609s] Level 1:colcon.colcon_core.package_identification:_identify(install) by extensions ['ignore', 'ignore_ament_install']
[6.609s] Level 1:colcon.colcon_core.package_identification:_identify(install) by extension 'ignore'
[6.609s] Level 1:colcon.colcon_core.package_identification:_identify(install) ignored
[6.609s] Level 1:colcon.colcon_core.package_identification:_identify(launch) by extensions ['ignore', 'ignore_ament_install']
[6.609s] Level 1:colcon.colcon_core.package_identification:_identify(launch) by extension 'ignore'
[6.610s] Level 1:colcon.colcon_core.package_identification:_identify(launch) by extension 'ignore_ament_install'
[6.610s] Level 1:colcon.colcon_core.package_identification:_identify(launch) by extensions ['colcon_pkg']
[6.610s] Level 1:colcon.colcon_core.package_identification:_identify(launch) by extension 'colcon_pkg'
[6.610s] Level 1:colcon.colcon_core.package_identification:_identify(launch) by extensions ['colcon_meta']
[6.610s] Level 1:colcon.colcon_core.package_identification:_identify(launch) by extension 'colcon_meta'
[6.610s] Level 1:colcon.colcon_core.package_identification:_identify(launch) by extensions ['ros']
[6.610s] Level 1:colcon.colcon_core.package_identification:_identify(launch) by extension 'ros'
[6.610s] Level 1:colcon.colcon_core.package_identification:_identify(launch) by extensions ['cmake', 'python']
[6.610s] Level 1:colcon.colcon_core.package_identification:_identify(launch) by extension 'cmake'
[6.611s] Level 1:colcon.colcon_core.package_identification:_identify(launch) by extension 'python'
[6.611s] Level 1:colcon.colcon_core.package_identification:_identify(launch) by extensions ['python_setup_py']
[6.611s] Level 1:colcon.colcon_core.package_identification:_identify(launch) by extension 'python_setup_py'
[6.633s] Level 1:colcon.colcon_core.package_identification:_identify(launch/__pycache__) by extensions ['ignore', 'ignore_ament_install']
[6.633s] Level 1:colcon.colcon_core.package_identification:_identify(launch/__pycache__) by extension 'ignore'
[6.633s] Level 1:colcon.colcon_core.package_identification:_identify(launch/__pycache__) by extension 'ignore_ament_install'
[6.633s] Level 1:colcon.colcon_core.package_identification:_identify(launch/__pycache__) by extensions ['colcon_pkg']
[6.634s] Level 1:colcon.colcon_core.package_identification:_identify(launch/__pycache__) by extension 'colcon_pkg'
[6.634s] Level 1:colcon.colcon_core.package_identification:_identify(launch/__pycache__) by extensions ['colcon_meta']
[6.634s] Level 1:colcon.colcon_core.package_identification:_identify(launch/__pycache__) by extension 'colcon_meta'
[6.634s] Level 1:colcon.colcon_core.package_identification:_identify(launch/__pycache__) by extensions ['ros']
[6.634s] Level 1:colcon.colcon_core.package_identification:_identify(launch/__pycache__) by extension 'ros'
[6.634s] Level 1:colcon.colcon_core.package_identification:_identify(launch/__pycache__) by extensions ['cmake', 'python']
[6.634s] Level 1:colcon.colcon_core.package_identification:_identify(launch/__pycache__) by extension 'cmake'
[6.634s] Level 1:colcon.colcon_core.package_identification:_identify(launch/__pycache__) by extension 'python'
[6.635s] Level 1:colcon.colcon_core.package_identification:_identify(launch/__pycache__) by extensions ['python_setup_py']
[6.635s] Level 1:colcon.colcon_core.package_identification:_identify(launch/__pycache__) by extension 'python_setup_py'
[6.635s] Level 1:colcon.colcon_core.package_identification:_identify(log) by extensions ['ignore', 'ignore_ament_install']
[6.635s] Level 1:colcon.colcon_core.package_identification:_identify(log) by extension 'ignore'
[6.635s] Level 1:colcon.colcon_core.package_identification:_identify(log) ignored
[6.635s] Level 1:colcon.colcon_core.package_identification:_identify(maps) by extensions ['ignore', 'ignore_ament_install']
[6.636s] Level 1:colcon.colcon_core.package_identification:_identify(maps) by extension 'ignore'
[6.636s] Level 1:colcon.colcon_core.package_identification:_identify(maps) by extension 'ignore_ament_install'
[6.636s] Level 1:colcon.colcon_core.package_identification:_identify(maps) by extensions ['colcon_pkg']
[6.636s] Level 1:colcon.colcon_core.package_identification:_identify(maps) by extension 'colcon_pkg'
[6.636s] Level 1:colcon.colcon_core.package_identification:_identify(maps) by extensions ['colcon_meta']
[6.636s] Level 1:colcon.colcon_core.package_identification:_identify(maps) by extension 'colcon_meta'
[6.636s] Level 1:colcon.colcon_core.package_identification:_identify(maps) by extensions ['ros']
[6.636s] Level 1:colcon.colcon_core.package_identification:_identify(maps) by extension 'ros'
[6.637s] Level 1:colcon.colcon_core.package_identification:_identify(maps) by extensions ['cmake', 'python']
[6.637s] Level 1:colcon.colcon_core.package_identification:_identify(maps) by extension 'cmake'
[6.637s] Level 1:colcon.colcon_core.package_identification:_identify(maps) by extension 'python'
[6.637s] Level 1:colcon.colcon_core.package_identification:_identify(maps) by extensions ['python_setup_py']
[6.637s] Level 1:colcon.colcon_core.package_identification:_identify(maps) by extension 'python_setup_py'
[6.637s] Level 1:colcon.colcon_core.package_identification:_identify(src) by extensions ['ignore', 'ignore_ament_install']
[6.637s] Level 1:colcon.colcon_core.package_identification:_identify(src) by extension 'ignore'
[6.637s] Level 1:colcon.colcon_core.package_identification:_identify(src) by extension 'ignore_ament_install'
[6.638s] Level 1:colcon.colcon_core.package_identification:_identify(src) by extensions ['colcon_pkg']
[6.638s] Level 1:colcon.colcon_core.package_identification:_identify(src) by extension 'colcon_pkg'
[6.638s] Level 1:colcon.colcon_core.package_identification:_identify(src) by extensions ['colcon_meta']
[6.638s] Level 1:colcon.colcon_core.package_identification:_identify(src) by extension 'colcon_meta'
[6.638s] Level 1:colcon.colcon_core.package_identification:_identify(src) by extensions ['ros']
[6.638s] Level 1:colcon.colcon_core.package_identification:_identify(src) by extension 'ros'
[6.638s] Level 1:colcon.colcon_core.package_identification:_identify(src) by extensions ['cmake', 'python']
[6.638s] Level 1:colcon.colcon_core.package_identification:_identify(src) by extension 'cmake'
[6.638s] Level 1:colcon.colcon_core.package_identification:_identify(src) by extension 'python'
[6.639s] Level 1:colcon.colcon_core.package_identification:_identify(src) by extensions ['python_setup_py']
[6.639s] Level 1:colcon.colcon_core.package_identification:_identify(src) by extension 'python_setup_py'
[6.639s] Level 1:colcon.colcon_core.package_identification:_identify(src/ros2_explorer) by extensions ['ignore', 'ignore_ament_install']
[6.639s] Level 1:colcon.colcon_core.package_identification:_identify(src/ros2_explorer) by extension 'ignore'
[6.639s] Level 1:colcon.colcon_core.package_identification:_identify(src/ros2_explorer) by extension 'ignore_ament_install'
[6.639s] Level 1:colcon.colcon_core.package_identification:_identify(src/ros2_explorer) by extensions ['colcon_pkg']
[6.639s] Level 1:colcon.colcon_core.package_identification:_identify(src/ros2_explorer) by extension 'colcon_pkg'
[6.640s] Level 1:colcon.colcon_core.package_identification:_identify(src/ros2_explorer) by extensions ['colcon_meta']
[6.640s] Level 1:colcon.colcon_core.package_identification:_identify(src/ros2_explorer) by extension 'colcon_meta'
[6.640s] Level 1:colcon.colcon_core.package_identification:_identify(src/ros2_explorer) by extensions ['ros']
[6.640s] Level 1:colcon.colcon_core.package_identification:_identify(src/ros2_explorer) by extension 'ros'
[6.640s] Level 1:colcon.colcon_core.package_identification:_identify(src/ros2_explorer) by extensions ['cmake', 'python']
[6.640s] Level 1:colcon.colcon_core.package_identification:_identify(src/ros2_explorer) by extension 'cmake'
[6.640s] Level 1:colcon.colcon_core.package_identification:_identify(src/ros2_explorer) by extension 'python'
[6.640s] Level 1:colcon.colcon_core.package_identification:_identify(src/ros2_explorer) by extensions ['python_setup_py']
[6.640s] Level 1:colcon.colcon_core.package_identification:_identify(src/ros2_explorer) by extension 'python_setup_py'
[6.641s] Level 1:colcon.colcon_core.package_identification:_identify(src/ros2_explorer/images) by extensions ['ignore', 'ignore_ament_install']
[6.641s] Level 1:colcon.colcon_core.package_identification:_identify(src/ros2_explorer/images) by extension 'ignore'
[6.641s] Level 1:colcon.colcon_core.package_identification:_identify(src/ros2_explorer/images) by extension 'ignore_ament_install'
[6.641s] Level 1:colcon.colcon_core.package_identification:_identify(src/ros2_explorer/images) by extensions ['colcon_pkg']
[6.641s] Level 1:colcon.colcon_core.package_identification:_identify(src/ros2_explorer/images) by extension 'colcon_pkg'
[6.641s] Level 1:colcon.colcon_core.package_identification:_identify(src/ros2_explorer/images) by extensions ['colcon_meta']
[6.641s] Level 1:colcon.colcon_core.package_identification:_identify(src/ros2_explorer/images) by extension 'colcon_meta'
[6.641s] Level 1:colcon.colcon_core.package_identification:_identify(src/ros2_explorer/images) by extensions ['ros']
[6.642s] Level 1:colcon.colcon_core.package_identification:_identify(src/ros2_explorer/images) by extension 'ros'
[6.642s] Level 1:colcon.colcon_core.package_identification:_identify(src/ros2_explorer/images) by extensions ['cmake', 'python']
[6.642s] Level 1:colcon.colcon_core.package_identification:_identify(src/ros2_explorer/images) by extension 'cmake'
[6.642s] Level 1:colcon.colcon_core.package_identification:_identify(src/ros2_explorer/images) by extension 'python'
[6.642s] Level 1:colcon.colcon_core.package_identification:_identify(src/ros2_explorer/images) by extensions ['python_setup_py']
[6.642s] Level 1:colcon.colcon_core.package_identification:_identify(src/ros2_explorer/images) by extension 'python_setup_py'
[6.642s] Level 1:colcon.colcon_core.package_identification:_identify(src/ros2_explorer/script) by extensions ['ignore', 'ignore_ament_install']
[6.643s] Level 1:colcon.colcon_core.package_identification:_identify(src/ros2_explorer/script) by extension 'ignore'
[6.643s] Level 1:colcon.colcon_core.package_identification:_identify(src/ros2_explorer/script) by extension 'ignore_ament_install'
[6.643s] Level 1:colcon.colcon_core.package_identification:_identify(src/ros2_explorer/script) by extensions ['colcon_pkg']
[6.643s] Level 1:colcon.colcon_core.package_identification:_identify(src/ros2_explorer/script) by extension 'colcon_pkg'
[6.643s] Level 1:colcon.colcon_core.package_identification:_identify(src/ros2_explorer/script) by extensions ['colcon_meta']
[6.643s] Level 1:colcon.colcon_core.package_identification:_identify(src/ros2_explorer/script) by extension 'colcon_meta'
[6.643s] Level 1:colcon.colcon_core.package_identification:_identify(src/ros2_explorer/script) by extensions ['ros']
[6.643s] Level 1:colcon.colcon_core.package_identification:_identify(src/ros2_explorer/script) by extension 'ros'
[6.644s] Level 1:colcon.colcon_core.package_identification:_identify(src/ros2_explorer/script) by extensions ['cmake', 'python']
[6.644s] Level 1:colcon.colcon_core.package_identification:_identify(src/ros2_explorer/script) by extension 'cmake'
[6.644s] Level 1:colcon.colcon_core.package_identification:_identify(src/ros2_explorer/script) by extension 'python'
[6.644s] Level 1:colcon.colcon_core.package_identification:_identify(src/ros2_explorer/script) by extensions ['python_setup_py']
[6.644s] Level 1:colcon.colcon_core.package_identification:_identify(src/ros2_explorer/script) by extension 'python_setup_py'
[6.644s] Level 1:colcon.colcon_core.package_discovery:discover_packages(recursive) using defaults
[6.644s] Level 1:colcon.colcon_core.package_discovery:discover_packages(ignore) discover
[6.644s] Level 1:colcon.colcon_core.package_discovery:discover_packages(ignore) using defaults
[6.644s] Level 1:colcon.colcon_core.package_discovery:discover_packages(path) discover
[6.644s] Level 1:colcon.colcon_core.package_discovery:discover_packages(path) using defaults
[7.296s] Level 1:colcon.colcon_core.package_discovery:discover_packages(prefix_path) check parameters
[7.297s] Level 1:colcon.colcon_core.package_discovery:discover_packages(prefix_path) discover
[7.307s] DEBUG:colcon.colcon_installed_package_information.package_discovery:Found 416 installed packages in /opt/ros/humble
[7.313s] Level 1:colcon.colcon_core.package_discovery:discover_packages(prefix_path) using defaults
[7.482s] INFO:colcon.colcon_core.executor:Executing jobs using 'parallel' executor
[7.484s] DEBUG:colcon.colcon_parallel_executor.executor.parallel:run_until_complete
[7.485s] DEBUG:colcon.colcon_parallel_executor.executor.parallel:closing loop
[7.485s] DEBUG:colcon.colcon_parallel_executor.executor.parallel:loop closed
[7.485s] DEBUG:colcon.colcon_parallel_executor.executor.parallel:run_until_complete finished with '0'
[7.485s] DEBUG:colcon.colcon_core.event_reactor:joining thread
[8.172s] INFO:colcon.colcon_core.plugin_system:Skipping extension 'colcon_notification.desktop_notification.terminal_notifier': Not used on non-Darwin systems
[8.172s] INFO:colcon.colcon_core.plugin_system:Skipping extension 'colcon_notification.desktop_notification.win32': Not used on non-Windows systems
[8.172s] INFO:colcon.colcon_notification.desktop_notification:Sending desktop notification using 'notify2'
[8.276s] DEBUG:colcon.colcon_core.event_reactor:joined thread
[8.422s] INFO:colcon.colcon_core.plugin_system:Skipping extension 'colcon_core.shell.bat': Not used on non-Windows systems
[8.423s] INFO:colcon.colcon_core.shell:Creating prefix script '/home/felipe/ros2_ws/install/local_setup.ps1'
[8.452s] INFO:colcon.colcon_core.shell:Creating prefix util module '/home/felipe/ros2_ws/install/_local_setup_util_ps1.py'
[8.473s] INFO:colcon.colcon_core.shell:Creating prefix chain script '/home/felipe/ros2_ws/install/setup.ps1'
[8.490s] INFO:colcon.colcon_core.shell:Creating prefix script '/home/felipe/ros2_ws/install/local_setup.sh'
[8.506s] INFO:colcon.colcon_core.shell:Creating prefix util module '/home/felipe/ros2_ws/install/_local_setup_util_sh.py'
[8.507s] INFO:colcon.colcon_core.shell:Creating prefix chain script '/home/felipe/ros2_ws/install/setup.sh'
[8.521s] INFO:colcon.colcon_core.shell:Creating prefix script '/home/felipe/ros2_ws/install/local_setup.bash'
[8.564s] INFO:colcon.colcon_core.shell:Creating prefix chain script '/home/felipe/ros2_ws/install/setup.bash'
[8.580s] INFO:colcon.colcon_core.shell:Creating prefix script '/home/felipe/ros2_ws/install/local_setup.zsh'
[8.598s] INFO:colcon.colcon_core.shell:Creating prefix chain script '/home/felipe/ros2_ws/install/setup.zsh'
