[1.497s] Invoking command in '/home/felipe/ros2_ws/src/meu_pacote_launch': PYTHONPATH=/home/felipe/ros2_ws/build/meu_pacote_launch/prefix_override:/usr/lib/python3/dist-packages/colcon_core/task/python/colcon_distutils_commands:/home/felipe/ros2_ws/install/meu_pacote_launch/lib/python3.10/site-packages:${PYTHONPATH} /usr/bin/python3 -W ignore:setup.py install is deprecated -W ignore:easy_install command is deprecated setup.py egg_info --egg-base ../../build/meu_pacote_launch build --build-base /home/felipe/ros2_ws/build/meu_pacote_launch/build install --record /home/felipe/ros2_ws/build/meu_pacote_launch/install.log --single-version-externally-managed install_data
[1.689s] /home/felipe/.local/lib/python3.10/site-packages/setuptools/_distutils/dist.py:270: UserWarning: Unknown distribution option: 'tests_require'
[1.689s]   warnings.warn(msg)
[1.851s] running egg_info
[1.877s] writing ../../build/meu_pacote_launch/meu_pacote_launch.egg-info/PKG-INFO
[1.878s] writing dependency_links to ../../build/meu_pacote_launch/meu_pacote_launch.egg-info/dependency_links.txt
[1.878s] writing requirements to ../../build/meu_pacote_launch/meu_pacote_launch.egg-info/requires.txt
[1.878s] writing top-level names to ../../build/meu_pacote_launch/meu_pacote_launch.egg-info/top_level.txt
[1.932s] reading manifest file '../../build/meu_pacote_launch/meu_pacote_launch.egg-info/SOURCES.txt'
[1.933s] writing manifest file '../../build/meu_pacote_launch/meu_pacote_launch.egg-info/SOURCES.txt'
[1.933s] running build
[1.934s] running build_py
[1.934s] copying meu_pacote_launch/__init__.py -> /home/felipe/ros2_ws/build/meu_pacote_launch/build/lib/meu_pacote_launch
[1.934s] copying meu_pacote_launch/all_nodes.launch.py -> /home/felipe/ros2_ws/build/meu_pacote_launch/build/lib/meu_pacote_launch
[1.934s] running install
[1.939s] running install_lib
[1.965s] copying /home/felipe/ros2_ws/build/meu_pacote_launch/build/lib/meu_pacote_launch/all_nodes.launch.py -> /home/felipe/ros2_ws/install/meu_pacote_launch/lib/python3.10/site-packages/meu_pacote_launch
[1.966s] byte-compiling /home/felipe/ros2_ws/install/meu_pacote_launch/lib/python3.10/site-packages/meu_pacote_launch/all_nodes.launch.py to all_nodes.launch.cpython-310.pyc
[1.966s] running install_data
[1.967s] copying resource/meu_pacote_launch -> /home/felipe/ros2_ws/install/meu_pacote_launch/share/ament_index/resource_index/packages
[1.967s] copying package.xml -> /home/felipe/ros2_ws/install/meu_pacote_launch/share/meu_pacote_launch
[1.967s] copying launch/all_nodes.launch.py -> /home/felipe/ros2_ws/install/meu_pacote_launch/share/meu_pacote_launch/launch
[1.967s] running install_egg_info
[1.996s] removing '/home/felipe/ros2_ws/install/meu_pacote_launch/lib/python3.10/site-packages/meu_pacote_launch-0.0.0-py3.10.egg-info' (and everything under it)
[1.996s] Copying ../../build/meu_pacote_launch/meu_pacote_launch.egg-info to /home/felipe/ros2_ws/install/meu_pacote_launch/lib/python3.10/site-packages/meu_pacote_launch-0.0.0-py3.10.egg-info
[1.997s] running install_scripts
[2.198s] writing list of installed files to '/home/felipe/ros2_ws/build/meu_pacote_launch/install.log'
[2.246s] Invoked command in '/home/felipe/ros2_ws/src/meu_pacote_launch' returned '0': PYTHONPATH=/home/felipe/ros2_ws/build/meu_pacote_launch/prefix_override:/usr/lib/python3/dist-packages/colcon_core/task/python/colcon_distutils_commands:/home/felipe/ros2_ws/install/meu_pacote_launch/lib/python3.10/site-packages:${PYTHONPATH} /usr/bin/python3 -W ignore:setup.py install is deprecated -W ignore:easy_install command is deprecated setup.py egg_info --egg-base ../../build/meu_pacote_launch build --build-base /home/felipe/ros2_ws/build/meu_pacote_launch/build install --record /home/felipe/ros2_ws/build/meu_pacote_launch/install.log --single-version-externally-managed install_data
