[1.491s] Invoking command in '/home/felipe/ros2_ws/build/meu_pacote_launch': PYTHONPATH=/home/felipe/ros2_ws/build/meu_pacote_launch/prefix_override:/usr/lib/python3/dist-packages/colcon_core/task/python/colcon_distutils_commands:/home/felipe/ros2_ws/install/meu_pacote_launch/lib/python3.10/site-packages:${PYTHONPATH} /usr/bin/python3 -W ignore:setup.py install is deprecated -W ignore:easy_install command is deprecated setup.py develop --uninstall --editable --build-directory /home/felipe/ros2_ws/build/meu_pacote_launch/build
[1.668s] /home/felipe/.local/lib/python3.10/site-packages/setuptools/_distutils/dist.py:270: UserWarning: Unknown distribution option: 'tests_require'
[1.668s]   warnings.warn(msg)
[1.886s] running develop
[2.213s] Removing /home/felipe/ros2_ws/install/meu_pacote_launch/lib/python3.10/site-packages/meu-pacote-launch.egg-link (link to .)
[2.252s] Invoked command in '/home/felipe/ros2_ws/build/meu_pacote_launch' returned '0': PYTHONPATH=/home/felipe/ros2_ws/build/meu_pacote_launch/prefix_override:/usr/lib/python3/dist-packages/colcon_core/task/python/colcon_distutils_commands:/home/felipe/ros2_ws/install/meu_pacote_launch/lib/python3.10/site-packages:${PYTHONPATH} /usr/bin/python3 -W ignore:setup.py install is deprecated -W ignore:easy_install command is deprecated setup.py develop --uninstall --editable --build-directory /home/felipe/ros2_ws/build/meu_pacote_launch/build
[2.253s] Invoking command in '/home/felipe/ros2_ws/src/meu_pacote_launch': PYTHONPATH=/home/felipe/ros2_ws/build/meu_pacote_launch/prefix_override:/usr/lib/python3/dist-packages/colcon_core/task/python/colcon_distutils_commands:/home/felipe/ros2_ws/install/meu_pacote_launch/lib/python3.10/site-packages:${PYTHONPATH} /usr/bin/python3 -W ignore:setup.py install is deprecated -W ignore:easy_install command is deprecated setup.py egg_info --egg-base ../../build/meu_pacote_launch build --build-base /home/felipe/ros2_ws/build/meu_pacote_launch/build install --record /home/felipe/ros2_ws/build/meu_pacote_launch/install.log --single-version-externally-managed install_data --force
[2.436s] /home/felipe/.local/lib/python3.10/site-packages/setuptools/_distutils/dist.py:270: UserWarning: Unknown distribution option: 'tests_require'
[2.436s]   warnings.warn(msg)
[2.589s] running egg_info
[2.614s] writing ../../build/meu_pacote_launch/meu_pacote_launch.egg-info/PKG-INFO
[2.615s] writing dependency_links to ../../build/meu_pacote_launch/meu_pacote_launch.egg-info/dependency_links.txt
[2.615s] writing requirements to ../../build/meu_pacote_launch/meu_pacote_launch.egg-info/requires.txt
[2.615s] writing top-level names to ../../build/meu_pacote_launch/meu_pacote_launch.egg-info/top_level.txt
[2.667s] reading manifest file '../../build/meu_pacote_launch/meu_pacote_launch.egg-info/SOURCES.txt'
[2.669s] writing manifest file '../../build/meu_pacote_launch/meu_pacote_launch.egg-info/SOURCES.txt'
[2.669s] running build
[2.669s] running build_py
[2.669s] copying meu_pacote_launch/__init__.py -> /home/felipe/ros2_ws/build/meu_pacote_launch/build/lib/meu_pacote_launch
[2.669s] copying meu_pacote_launch/all_nodes.launch.py -> /home/felipe/ros2_ws/build/meu_pacote_launch/build/lib/meu_pacote_launch
[2.670s] running install
[2.675s] running install_lib
[2.700s] creating /home/felipe/ros2_ws/install/meu_pacote_launch/lib/python3.10/site-packages/meu_pacote_launch
[2.701s] copying /home/felipe/ros2_ws/build/meu_pacote_launch/build/lib/meu_pacote_launch/__init__.py -> /home/felipe/ros2_ws/install/meu_pacote_launch/lib/python3.10/site-packages/meu_pacote_launch
[2.701s] copying /home/felipe/ros2_ws/build/meu_pacote_launch/build/lib/meu_pacote_launch/all_nodes.launch.py -> /home/felipe/ros2_ws/install/meu_pacote_launch/lib/python3.10/site-packages/meu_pacote_launch
[2.701s] byte-compiling /home/felipe/ros2_ws/install/meu_pacote_launch/lib/python3.10/site-packages/meu_pacote_launch/__init__.py to __init__.cpython-310.pyc
[2.701s] byte-compiling /home/felipe/ros2_ws/install/meu_pacote_launch/lib/python3.10/site-packages/meu_pacote_launch/all_nodes.launch.py to all_nodes.launch.cpython-310.pyc
[2.702s] running install_data
[2.702s] copying resource/meu_pacote_launch -> /home/felipe/ros2_ws/install/meu_pacote_launch/share/ament_index/resource_index/packages
[2.702s] copying package.xml -> /home/felipe/ros2_ws/install/meu_pacote_launch/share/meu_pacote_launch
[2.703s] copying launch/all_nodes.launch.py -> /home/felipe/ros2_ws/install/meu_pacote_launch/share/meu_pacote_launch/launch
[2.703s] running install_egg_info
[2.730s] Copying ../../build/meu_pacote_launch/meu_pacote_launch.egg-info to /home/felipe/ros2_ws/install/meu_pacote_launch/lib/python3.10/site-packages/meu_pacote_launch-0.0.0-py3.10.egg-info
[2.731s] running install_scripts
[2.923s] writing list of installed files to '/home/felipe/ros2_ws/build/meu_pacote_launch/install.log'
[2.954s] Invoked command in '/home/felipe/ros2_ws/src/meu_pacote_launch' returned '0': PYTHONPATH=/home/felipe/ros2_ws/build/meu_pacote_launch/prefix_override:/usr/lib/python3/dist-packages/colcon_core/task/python/colcon_distutils_commands:/home/felipe/ros2_ws/install/meu_pacote_launch/lib/python3.10/site-packages:${PYTHONPATH} /usr/bin/python3 -W ignore:setup.py install is deprecated -W ignore:easy_install command is deprecated setup.py egg_info --egg-base ../../build/meu_pacote_launch build --build-base /home/felipe/ros2_ws/build/meu_pacote_launch/build install --record /home/felipe/ros2_ws/build/meu_pacote_launch/install.log --single-version-externally-managed install_data --force
