[0.025s] Invoking command in '/home/felipe/ros2_ws/build/mapviz_plugins': AMENT_PREFIX_PATH=/home/felipe/ros2_ws/install/mapviz:/home/felipe/ros2_ws/install/mapviz_interfaces:${AMENT_PREFIX_PATH} CMAKE_PREFIX_PATH=/home/felipe/ros2_ws/install/mapviz:/home/felipe/ros2_ws/install/mapviz_interfaces:/home/felipe/ros2_ws/install/turtlbot3_custom:/home/felipe/ros2_ws/install/explorer_interfaces:/home/felipe/ros2_ws/install/explorer_gazebo:/home/felipe/ros2_ws/install/explorer_cartographer:/home/felipe/ros2_ws/install/vacuum_robot:/home/felipe/ros2_ws/install/my_py_pkg:/home/felipe/ros2_ws/install/explorer_wanderer:/home/felipe/ros2_ws/install/explorer_map_utils:/home/felipe/ros2_ws/install/explorer_bringup:/home/felipe/ros2_ws/install/auto_mapper_py:/opt/ros/humble:/home/felipe/ros2_ws/install LD_LIBRARY_PATH=/home/felipe/ros2_ws/install/mapviz/lib:/home/felipe/ros2_ws/install/mapviz_interfaces/lib:${LD_LIBRARY_PATH} PYTHONPATH=/home/felipe/ros2_ws/install/mapviz_interfaces/local/lib/python3.10/dist-packages:${PYTHONPATH} /usr/bin/cmake /home/felipe/ros2_ws/src/mapviz/mapviz_plugins -DCMAKE_INSTALL_PREFIX=/home/felipe/ros2_ws/install/mapviz_plugins
[0.088s] -- The CXX compiler identification is GNU 11.4.0
[0.095s] -- Detecting CXX compiler ABI info
[0.170s] -- Detecting CXX compiler ABI info - done
[0.184s] -- Check for working CXX compiler: /usr/bin/c++ - skipped
[0.185s] -- Detecting CXX compile features
[0.185s] -- Detecting CXX compile features - done
[0.190s] -- Found ament_cmake: 1.3.11 (/opt/ros/humble/share/ament_cmake/cmake)
[0.686s] -- Found Python3: /usr/bin/python3 (found version "3.10.12") found components: Interpreter 
[0.835s] -- Found ament_index_cpp: 1.4.0 (/opt/ros/humble/share/ament_index_cpp/cmake)
[0.838s] -- Found cv_bridge: 3.2.1 (/opt/ros/humble/share/cv_bridge/cmake)
[0.914s] -- Found rosidl_generator_c: 3.1.6 (/opt/ros/humble/share/rosidl_generator_c/cmake)
[0.923s] -- Found rosidl_adapter: 3.1.6 (/opt/ros/humble/share/rosidl_adapter/cmake)
[0.937s] -- Found rosidl_generator_cpp: 3.1.6 (/opt/ros/humble/share/rosidl_generator_cpp/cmake)
[0.958s] -- Using all available rosidl_typesupport_c: rosidl_typesupport_fastrtps_c;rosidl_typesupport_introspection_c
[0.983s] -- Using all available rosidl_typesupport_cpp: rosidl_typesupport_fastrtps_cpp;rosidl_typesupport_introspection_cpp
[1.096s] -- Found gps_msgs: 2.0.4 (/opt/ros/humble/share/gps_msgs/cmake)
[1.126s] -- Found image_transport: 3.1.10 (/opt/ros/humble/share/image_transport/cmake)
[1.189s] -- Found rmw_implementation_cmake: 6.1.2 (/opt/ros/humble/share/rmw_implementation_cmake/cmake)
[1.193s] -- Found rmw_fastrtps_cpp: 6.2.7 (/opt/ros/humble/share/rmw_fastrtps_cpp/cmake)
[1.309s] -- Found OpenSSL: /usr/lib/x86_64-linux-gnu/libcrypto.so (found version "3.0.2")  
[1.354s] -- Found FastRTPS: /opt/ros/humble/include  
[1.412s] -- Using RMW implementation 'rmw_fastrtps_cpp' as default
[1.426s] -- Looking for C++ include pthread.h
[1.524s] -- Looking for C++ include pthread.h - found
[1.524s] -- Performing Test CMAKE_HAVE_LIBC_PTHREAD
[1.631s] -- Performing Test CMAKE_HAVE_LIBC_PTHREAD - Success
[1.632s] -- Found Threads: TRUE  
[1.751s] -- Found map_msgs: 2.1.0 (/opt/ros/humble/share/map_msgs/cmake)
[1.815s] -- Found mapviz: 2.4.4 (/home/felipe/ros2_ws/install/mapviz/share/mapviz/cmake)
[1.843s] -- Found marti_common_msgs: 1.6.1 (/opt/ros/humble/share/marti_common_msgs/cmake)
[1.868s] -- Found marti_nav_msgs: 1.6.1 (/opt/ros/humble/share/marti_nav_msgs/cmake)
[1.970s] [31mCMake Error at CMakeLists.txt:34 (find_package):
[1.970s]   By not providing "Findmarti_sensor_msgs.cmake" in CMAKE_MODULE_PATH this
[1.970s]   project has asked CMake to find a package configuration file provided by
[1.970s]   "marti_sensor_msgs", but CMake did not find one.
[1.971s] 
[1.971s]   Could not find a package configuration file provided by "marti_sensor_msgs"
[1.971s]   with any of the following names:
[1.971s] 
[1.971s]     marti_sensor_msgsConfig.cmake
[1.971s]     marti_sensor_msgs-config.cmake
[1.971s] 
[1.971s]   Add the installation prefix of "marti_sensor_msgs" to CMAKE_PREFIX_PATH or
[1.971s]   set "marti_sensor_msgs_DIR" to a directory containing one of the above
[1.971s]   files.  If "marti_sensor_msgs" provides a separate development package or
[1.971s]   SDK, be sure it has been installed.
[1.971s] 
[1.971s] [0m
[1.971s] -- Configuring incomplete, errors occurred!
[1.971s] See also "/home/felipe/ros2_ws/build/mapviz_plugins/CMakeFiles/CMakeOutput.log".
[1.982s] Invoked command in '/home/felipe/ros2_ws/build/mapviz_plugins' returned '1': AMENT_PREFIX_PATH=/home/felipe/ros2_ws/install/mapviz:/home/felipe/ros2_ws/install/mapviz_interfaces:${AMENT_PREFIX_PATH} CMAKE_PREFIX_PATH=/home/felipe/ros2_ws/install/mapviz:/home/felipe/ros2_ws/install/mapviz_interfaces:/home/felipe/ros2_ws/install/turtlbot3_custom:/home/felipe/ros2_ws/install/explorer_interfaces:/home/felipe/ros2_ws/install/explorer_gazebo:/home/felipe/ros2_ws/install/explorer_cartographer:/home/felipe/ros2_ws/install/vacuum_robot:/home/felipe/ros2_ws/install/my_py_pkg:/home/felipe/ros2_ws/install/explorer_wanderer:/home/felipe/ros2_ws/install/explorer_map_utils:/home/felipe/ros2_ws/install/explorer_bringup:/home/felipe/ros2_ws/install/auto_mapper_py:/opt/ros/humble:/home/felipe/ros2_ws/install LD_LIBRARY_PATH=/home/felipe/ros2_ws/install/mapviz/lib:/home/felipe/ros2_ws/install/mapviz_interfaces/lib:${LD_LIBRARY_PATH} PYTHONPATH=/home/felipe/ros2_ws/install/mapviz_interfaces/local/lib/python3.10/dist-packages:${PYTHONPATH} /usr/bin/cmake /home/felipe/ros2_ws/src/mapviz/mapviz_plugins -DCMAKE_INSTALL_PREFIX=/home/felipe/ros2_ws/install/mapviz_plugins
