[10.182s] Invoking command in '/home/felipe/ros2_ws/src/meu_pacote_launch': PYTHONPATH=/home/felipe/ros2_ws/build/meu_pacote_launch/prefix_override:/usr/lib/python3/dist-packages/colcon_core/task/python/colcon_distutils_commands:/home/felipe/ros2_ws/install/meu_pacote_launch/lib/python3.10/site-packages:${PYTHONPATH} /usr/bin/python3 -W ignore:setup.py install is deprecated setup.py egg_info --egg-base ../../build/meu_pacote_launch build --build-base /home/felipe/ros2_ws/build/meu_pacote_launch/build install --record /home/felipe/ros2_ws/build/meu_pacote_launch/install.log --single-version-externally-managed install_data
[10.584s] /home/felipe/.local/lib/python3.10/site-packages/setuptools/_distutils/dist.py:270: UserWarning: Unknown distribution option: 'tests_require'
[10.584s]   warnings.warn(msg)
[10.952s] running egg_info
[11.009s] writing ../../build/meu_pacote_launch/meu_pacote_launch.egg-info/PKG-INFO
[11.029s] writing dependency_links to ../../build/meu_pacote_launch/meu_pacote_launch.egg-info/dependency_links.txt
[11.030s] writing requirements to ../../build/meu_pacote_launch/meu_pacote_launch.egg-info/requires.txt
[11.030s] writing top-level names to ../../build/meu_pacote_launch/meu_pacote_launch.egg-info/top_level.txt
[11.179s] reading manifest file '../../build/meu_pacote_launch/meu_pacote_launch.egg-info/SOURCES.txt'
[11.193s] writing manifest file '../../build/meu_pacote_launch/meu_pacote_launch.egg-info/SOURCES.txt'
[11.194s] running build
[11.194s] running build_py
[11.194s] running install
[11.202s] running install_lib
[11.275s] running install_data
[11.276s] running install_egg_info
[11.339s] removing '/home/felipe/ros2_ws/install/meu_pacote_launch/lib/python3.10/site-packages/meu_pacote_launch-0.0.0-py3.10.egg-info' (and everything under it)
[11.340s] Copying ../../build/meu_pacote_launch/meu_pacote_launch.egg-info to /home/felipe/ros2_ws/install/meu_pacote_launch/lib/python3.10/site-packages/meu_pacote_launch-0.0.0-py3.10.egg-info
[11.360s] running install_scripts
[11.826s] writing list of installed files to '/home/felipe/ros2_ws/build/meu_pacote_launch/install.log'
[11.913s] Invoked command in '/home/felipe/ros2_ws/src/meu_pacote_launch' returned '0': PYTHONPATH=/home/felipe/ros2_ws/build/meu_pacote_launch/prefix_override:/usr/lib/python3/dist-packages/colcon_core/task/python/colcon_distutils_commands:/home/felipe/ros2_ws/install/meu_pacote_launch/lib/python3.10/site-packages:${PYTHONPATH} /usr/bin/python3 -W ignore:setup.py install is deprecated setup.py egg_info --egg-base ../../build/meu_pacote_launch build --build-base /home/felipe/ros2_ws/build/meu_pacote_launch/build install --record /home/felipe/ros2_ws/build/meu_pacote_launch/install.log --single-version-externally-managed install_data
