[0.320s] DEBUG:colcon:Command line arguments: ['/usr/bin/colcon', 'build']
[0.320s] DEBUG:colcon:Parsed command line arguments: Namespace(log_base=None, log_level=None, verb_name='build', build_base='build', install_base='install', merge_install=False, symlink_install=False, test_result_base=None, continue_on_error=False, executor='parallel', parallel_workers=2, event_handlers=None, ignore_user_meta=False, metas=['./colcon.meta'], base_paths=['.'], packages_ignore=None, packages_ignore_regex=None, paths=None, packages_up_to=None, packages_up_to_regex=None, packages_above=None, packages_above_and_dependencies=None, packages_above_depth=None, packages_select_by_dep=None, packages_skip_by_dep=None, packages_skip_up_to=None, packages_select_build_failed=False, packages_skip_build_finished=False, packages_select_test_failures=False, packages_skip_test_passed=False, packages_select=None, packages_skip=None, packages_select_regex=None, packages_skip_regex=None, packages_start=None, packages_end=None, allow_overriding=[], cmake_args=None, cmake_target=None, cmake_target_skip_unavailable=False, cmake_clean_cache=False, cmake_clean_first=False, cmake_force_configure=False, ament_cmake_args=None, catkin_cmake_args=None, catkin_skip_building_tests=False, mixin_files=None, mixin=None, verb_parser=<colcon_mixin.mixin.mixin_argument.MixinArgumentDecorator object at 0x72bb2eeb4c70>, verb_extension=<colcon_core.verb.build.BuildVerb object at 0x72bb2ee2a6e0>, main=<bound method BuildVerb.main of <colcon_core.verb.build.BuildVerb object at 0x72bb2ee2a6e0>>, mixin_verb=('build',))
[0.409s] Level 1:colcon.colcon_core.package_discovery:discover_packages(colcon_meta) check parameters
[0.409s] Level 1:colcon.colcon_core.package_discovery:discover_packages(recursive) check parameters
[0.409s] Level 1:colcon.colcon_core.package_discovery:discover_packages(ignore) check parameters
[0.409s] Level 1:colcon.colcon_core.package_discovery:discover_packages(path) check parameters
[0.410s] Level 1:colcon.colcon_core.package_discovery:discover_packages(colcon_meta) discover
[0.410s] Level 1:colcon.colcon_core.package_discovery:discover_packages(recursive) discover
[0.410s] INFO:colcon.colcon_core.package_discovery:Crawling recursively for packages in '/home/felipe/ros2_ws'
[0.410s] Level 1:colcon.colcon_core.package_identification:_identify(.) by extensions ['ignore', 'ignore_ament_install']
[0.411s] Level 1:colcon.colcon_core.package_identification:_identify(.) by extension 'ignore'
[0.411s] Level 1:colcon.colcon_core.package_identification:_identify(.) by extension 'ignore_ament_install'
[0.411s] Level 1:colcon.colcon_core.package_identification:_identify(.) by extensions ['colcon_pkg']
[0.411s] Level 1:colcon.colcon_core.package_identification:_identify(.) by extension 'colcon_pkg'
[0.411s] Level 1:colcon.colcon_core.package_identification:_identify(.) by extensions ['colcon_meta']
[0.411s] Level 1:colcon.colcon_core.package_identification:_identify(.) by extension 'colcon_meta'
[0.411s] Level 1:colcon.colcon_core.package_identification:_identify(.) by extensions ['ros']
[0.411s] Level 1:colcon.colcon_core.package_identification:_identify(.) by extension 'ros'
[0.447s] Level 1:colcon.colcon_core.package_identification:_identify(.) by extensions ['cmake', 'python']
[0.447s] Level 1:colcon.colcon_core.package_identification:_identify(.) by extension 'cmake'
[0.447s] Level 1:colcon.colcon_core.package_identification:_identify(.) by extension 'python'
[0.447s] Level 1:colcon.colcon_core.package_identification:_identify(.) by extensions ['python_setup_py']
[0.447s] Level 1:colcon.colcon_core.package_identification:_identify(.) by extension 'python_setup_py'
[0.448s] Level 1:colcon.colcon_core.package_identification:_identify(build) by extensions ['ignore', 'ignore_ament_install']
[0.448s] Level 1:colcon.colcon_core.package_identification:_identify(build) by extension 'ignore'
[0.448s] Level 1:colcon.colcon_core.package_identification:_identify(build) ignored
[0.448s] Level 1:colcon.colcon_core.package_identification:_identify(install) by extensions ['ignore', 'ignore_ament_install']
[0.449s] Level 1:colcon.colcon_core.package_identification:_identify(install) by extension 'ignore'
[0.449s] Level 1:colcon.colcon_core.package_identification:_identify(install) ignored
[0.449s] Level 1:colcon.colcon_core.package_identification:_identify(launch) by extensions ['ignore', 'ignore_ament_install']
[0.449s] Level 1:colcon.colcon_core.package_identification:_identify(launch) by extension 'ignore'
[0.449s] Level 1:colcon.colcon_core.package_identification:_identify(launch) by extension 'ignore_ament_install'
[0.449s] Level 1:colcon.colcon_core.package_identification:_identify(launch) by extensions ['colcon_pkg']
[0.449s] Level 1:colcon.colcon_core.package_identification:_identify(launch) by extension 'colcon_pkg'
[0.450s] Level 1:colcon.colcon_core.package_identification:_identify(launch) by extensions ['colcon_meta']
[0.450s] Level 1:colcon.colcon_core.package_identification:_identify(launch) by extension 'colcon_meta'
[0.450s] Level 1:colcon.colcon_core.package_identification:_identify(launch) by extensions ['ros']
[0.450s] Level 1:colcon.colcon_core.package_identification:_identify(launch) by extension 'ros'
[0.450s] Level 1:colcon.colcon_core.package_identification:_identify(launch) by extensions ['cmake', 'python']
[0.450s] Level 1:colcon.colcon_core.package_identification:_identify(launch) by extension 'cmake'
[0.450s] Level 1:colcon.colcon_core.package_identification:_identify(launch) by extension 'python'
[0.450s] Level 1:colcon.colcon_core.package_identification:_identify(launch) by extensions ['python_setup_py']
[0.450s] Level 1:colcon.colcon_core.package_identification:_identify(launch) by extension 'python_setup_py'
[0.451s] Level 1:colcon.colcon_core.package_identification:_identify(launch/__pycache__) by extensions ['ignore', 'ignore_ament_install']
[0.451s] Level 1:colcon.colcon_core.package_identification:_identify(launch/__pycache__) by extension 'ignore'
[0.451s] Level 1:colcon.colcon_core.package_identification:_identify(launch/__pycache__) by extension 'ignore_ament_install'
[0.451s] Level 1:colcon.colcon_core.package_identification:_identify(launch/__pycache__) by extensions ['colcon_pkg']
[0.451s] Level 1:colcon.colcon_core.package_identification:_identify(launch/__pycache__) by extension 'colcon_pkg'
[0.451s] Level 1:colcon.colcon_core.package_identification:_identify(launch/__pycache__) by extensions ['colcon_meta']
[0.451s] Level 1:colcon.colcon_core.package_identification:_identify(launch/__pycache__) by extension 'colcon_meta'
[0.452s] Level 1:colcon.colcon_core.package_identification:_identify(launch/__pycache__) by extensions ['ros']
[0.452s] Level 1:colcon.colcon_core.package_identification:_identify(launch/__pycache__) by extension 'ros'
[0.452s] Level 1:colcon.colcon_core.package_identification:_identify(launch/__pycache__) by extensions ['cmake', 'python']
[0.452s] Level 1:colcon.colcon_core.package_identification:_identify(launch/__pycache__) by extension 'cmake'
[0.452s] Level 1:colcon.colcon_core.package_identification:_identify(launch/__pycache__) by extension 'python'
[0.452s] Level 1:colcon.colcon_core.package_identification:_identify(launch/__pycache__) by extensions ['python_setup_py']
[0.452s] Level 1:colcon.colcon_core.package_identification:_identify(launch/__pycache__) by extension 'python_setup_py'
[0.453s] Level 1:colcon.colcon_core.package_identification:_identify(log) by extensions ['ignore', 'ignore_ament_install']
[0.453s] Level 1:colcon.colcon_core.package_identification:_identify(log) by extension 'ignore'
[0.453s] Level 1:colcon.colcon_core.package_identification:_identify(log) ignored
[0.453s] Level 1:colcon.colcon_core.package_identification:_identify(maps) by extensions ['ignore', 'ignore_ament_install']
[0.453s] Level 1:colcon.colcon_core.package_identification:_identify(maps) by extension 'ignore'
[0.453s] Level 1:colcon.colcon_core.package_identification:_identify(maps) by extension 'ignore_ament_install'
[0.454s] Level 1:colcon.colcon_core.package_identification:_identify(maps) by extensions ['colcon_pkg']
[0.454s] Level 1:colcon.colcon_core.package_identification:_identify(maps) by extension 'colcon_pkg'
[0.454s] Level 1:colcon.colcon_core.package_identification:_identify(maps) by extensions ['colcon_meta']
[0.454s] Level 1:colcon.colcon_core.package_identification:_identify(maps) by extension 'colcon_meta'
[0.454s] Level 1:colcon.colcon_core.package_identification:_identify(maps) by extensions ['ros']
[0.454s] Level 1:colcon.colcon_core.package_identification:_identify(maps) by extension 'ros'
[0.454s] Level 1:colcon.colcon_core.package_identification:_identify(maps) by extensions ['cmake', 'python']
[0.454s] Level 1:colcon.colcon_core.package_identification:_identify(maps) by extension 'cmake'
[0.455s] Level 1:colcon.colcon_core.package_identification:_identify(maps) by extension 'python'
[0.455s] Level 1:colcon.colcon_core.package_identification:_identify(maps) by extensions ['python_setup_py']
[0.455s] Level 1:colcon.colcon_core.package_identification:_identify(maps) by extension 'python_setup_py'
[0.455s] Level 1:colcon.colcon_core.package_identification:_identify(src) by extensions ['ignore', 'ignore_ament_install']
[0.455s] Level 1:colcon.colcon_core.package_identification:_identify(src) by extension 'ignore'
[0.455s] Level 1:colcon.colcon_core.package_identification:_identify(src) by extension 'ignore_ament_install'
[0.455s] Level 1:colcon.colcon_core.package_identification:_identify(src) by extensions ['colcon_pkg']
[0.455s] Level 1:colcon.colcon_core.package_identification:_identify(src) by extension 'colcon_pkg'
[0.456s] Level 1:colcon.colcon_core.package_identification:_identify(src) by extensions ['colcon_meta']
[0.456s] Level 1:colcon.colcon_core.package_identification:_identify(src) by extension 'colcon_meta'
[0.456s] Level 1:colcon.colcon_core.package_identification:_identify(src) by extensions ['ros']
[0.456s] Level 1:colcon.colcon_core.package_identification:_identify(src) by extension 'ros'
[0.456s] Level 1:colcon.colcon_core.package_identification:_identify(src) by extensions ['cmake', 'python']
[0.456s] Level 1:colcon.colcon_core.package_identification:_identify(src) by extension 'cmake'
[0.456s] Level 1:colcon.colcon_core.package_identification:_identify(src) by extension 'python'
[0.456s] Level 1:colcon.colcon_core.package_identification:_identify(src) by extensions ['python_setup_py']
[0.456s] Level 1:colcon.colcon_core.package_identification:_identify(src) by extension 'python_setup_py'
[0.457s] Level 1:colcon.colcon_core.package_identification:_identify(src/meu_pacote_launch) by extensions ['ignore', 'ignore_ament_install']
[0.457s] Level 1:colcon.colcon_core.package_identification:_identify(src/meu_pacote_launch) by extension 'ignore'
[0.457s] Level 1:colcon.colcon_core.package_identification:_identify(src/meu_pacote_launch) by extension 'ignore_ament_install'
[0.457s] Level 1:colcon.colcon_core.package_identification:_identify(src/meu_pacote_launch) by extensions ['colcon_pkg']
[0.457s] Level 1:colcon.colcon_core.package_identification:_identify(src/meu_pacote_launch) by extension 'colcon_pkg'
[0.457s] Level 1:colcon.colcon_core.package_identification:_identify(src/meu_pacote_launch) by extensions ['colcon_meta']
[0.457s] Level 1:colcon.colcon_core.package_identification:_identify(src/meu_pacote_launch) by extension 'colcon_meta'
[0.458s] Level 1:colcon.colcon_core.package_identification:_identify(src/meu_pacote_launch) by extensions ['ros']
[0.458s] Level 1:colcon.colcon_core.package_identification:_identify(src/meu_pacote_launch) by extension 'ros'
[0.463s] DEBUG:colcon.colcon_core.package_identification:Package 'src/meu_pacote_launch' with type 'ros.ament_python' and name 'meu_pacote_launch'
[0.463s] Level 1:colcon.colcon_core.package_identification:_identify(src/ros2_explorer) by extensions ['ignore', 'ignore_ament_install']
[0.463s] Level 1:colcon.colcon_core.package_identification:_identify(src/ros2_explorer) by extension 'ignore'
[0.464s] Level 1:colcon.colcon_core.package_identification:_identify(src/ros2_explorer) by extension 'ignore_ament_install'
[0.464s] Level 1:colcon.colcon_core.package_identification:_identify(src/ros2_explorer) by extensions ['colcon_pkg']
[0.464s] Level 1:colcon.colcon_core.package_identification:_identify(src/ros2_explorer) by extension 'colcon_pkg'
[0.464s] Level 1:colcon.colcon_core.package_identification:_identify(src/ros2_explorer) by extensions ['colcon_meta']
[0.464s] Level 1:colcon.colcon_core.package_identification:_identify(src/ros2_explorer) by extension 'colcon_meta'
[0.464s] Level 1:colcon.colcon_core.package_identification:_identify(src/ros2_explorer) by extensions ['ros']
[0.464s] Level 1:colcon.colcon_core.package_identification:_identify(src/ros2_explorer) by extension 'ros'
[0.464s] Level 1:colcon.colcon_core.package_identification:_identify(src/ros2_explorer) by extensions ['cmake', 'python']
[0.465s] Level 1:colcon.colcon_core.package_identification:_identify(src/ros2_explorer) by extension 'cmake'
[0.465s] Level 1:colcon.colcon_core.package_identification:_identify(src/ros2_explorer) by extension 'python'
[0.465s] Level 1:colcon.colcon_core.package_identification:_identify(src/ros2_explorer) by extensions ['python_setup_py']
[0.465s] Level 1:colcon.colcon_core.package_identification:_identify(src/ros2_explorer) by extension 'python_setup_py'
[0.465s] Level 1:colcon.colcon_core.package_identification:_identify(src/ros2_explorer/images) by extensions ['ignore', 'ignore_ament_install']
[0.465s] Level 1:colcon.colcon_core.package_identification:_identify(src/ros2_explorer/images) by extension 'ignore'
[0.465s] Level 1:colcon.colcon_core.package_identification:_identify(src/ros2_explorer/images) by extension 'ignore_ament_install'
[0.466s] Level 1:colcon.colcon_core.package_identification:_identify(src/ros2_explorer/images) by extensions ['colcon_pkg']
[0.466s] Level 1:colcon.colcon_core.package_identification:_identify(src/ros2_explorer/images) by extension 'colcon_pkg'
[0.466s] Level 1:colcon.colcon_core.package_identification:_identify(src/ros2_explorer/images) by extensions ['colcon_meta']
[0.466s] Level 1:colcon.colcon_core.package_identification:_identify(src/ros2_explorer/images) by extension 'colcon_meta'
[0.466s] Level 1:colcon.colcon_core.package_identification:_identify(src/ros2_explorer/images) by extensions ['ros']
[0.466s] Level 1:colcon.colcon_core.package_identification:_identify(src/ros2_explorer/images) by extension 'ros'
[0.466s] Level 1:colcon.colcon_core.package_identification:_identify(src/ros2_explorer/images) by extensions ['cmake', 'python']
[0.466s] Level 1:colcon.colcon_core.package_identification:_identify(src/ros2_explorer/images) by extension 'cmake'
[0.466s] Level 1:colcon.colcon_core.package_identification:_identify(src/ros2_explorer/images) by extension 'python'
[0.467s] Level 1:colcon.colcon_core.package_identification:_identify(src/ros2_explorer/images) by extensions ['python_setup_py']
[0.467s] Level 1:colcon.colcon_core.package_identification:_identify(src/ros2_explorer/images) by extension 'python_setup_py'
[0.467s] Level 1:colcon.colcon_core.package_identification:_identify(src/ros2_explorer/script) by extensions ['ignore', 'ignore_ament_install']
[0.467s] Level 1:colcon.colcon_core.package_identification:_identify(src/ros2_explorer/script) by extension 'ignore'
[0.467s] Level 1:colcon.colcon_core.package_identification:_identify(src/ros2_explorer/script) by extension 'ignore_ament_install'
[0.467s] Level 1:colcon.colcon_core.package_identification:_identify(src/ros2_explorer/script) by extensions ['colcon_pkg']
[0.467s] Level 1:colcon.colcon_core.package_identification:_identify(src/ros2_explorer/script) by extension 'colcon_pkg'
[0.467s] Level 1:colcon.colcon_core.package_identification:_identify(src/ros2_explorer/script) by extensions ['colcon_meta']
[0.468s] Level 1:colcon.colcon_core.package_identification:_identify(src/ros2_explorer/script) by extension 'colcon_meta'
[0.468s] Level 1:colcon.colcon_core.package_identification:_identify(src/ros2_explorer/script) by extensions ['ros']
[0.468s] Level 1:colcon.colcon_core.package_identification:_identify(src/ros2_explorer/script) by extension 'ros'
[0.468s] Level 1:colcon.colcon_core.package_identification:_identify(src/ros2_explorer/script) by extensions ['cmake', 'python']
[0.468s] Level 1:colcon.colcon_core.package_identification:_identify(src/ros2_explorer/script) by extension 'cmake'
[0.468s] Level 1:colcon.colcon_core.package_identification:_identify(src/ros2_explorer/script) by extension 'python'
[0.468s] Level 1:colcon.colcon_core.package_identification:_identify(src/ros2_explorer/script) by extensions ['python_setup_py']
[0.468s] Level 1:colcon.colcon_core.package_identification:_identify(src/ros2_explorer/script) by extension 'python_setup_py'
[0.469s] Level 1:colcon.colcon_core.package_identification:_identify(src/ros2_whisper) by extensions ['ignore', 'ignore_ament_install']
[0.469s] Level 1:colcon.colcon_core.package_identification:_identify(src/ros2_whisper) by extension 'ignore'
[0.469s] Level 1:colcon.colcon_core.package_identification:_identify(src/ros2_whisper) by extension 'ignore_ament_install'
[0.469s] Level 1:colcon.colcon_core.package_identification:_identify(src/ros2_whisper) by extensions ['colcon_pkg']
[0.469s] Level 1:colcon.colcon_core.package_identification:_identify(src/ros2_whisper) by extension 'colcon_pkg'
[0.469s] Level 1:colcon.colcon_core.package_identification:_identify(src/ros2_whisper) by extensions ['colcon_meta']
[0.469s] Level 1:colcon.colcon_core.package_identification:_identify(src/ros2_whisper) by extension 'colcon_meta'
[0.469s] Level 1:colcon.colcon_core.package_identification:_identify(src/ros2_whisper) by extensions ['ros']
[0.469s] Level 1:colcon.colcon_core.package_identification:_identify(src/ros2_whisper) by extension 'ros'
[0.471s] DEBUG:colcon.colcon_core.package_identification:Package 'src/ros2_whisper' with type 'ros.ament_python' and name 'ros2_whisper'
[0.471s] Level 1:colcon.colcon_core.package_identification:_identify(src/voice_control) by extensions ['ignore', 'ignore_ament_install']
[0.471s] Level 1:colcon.colcon_core.package_identification:_identify(src/voice_control) by extension 'ignore'
[0.471s] Level 1:colcon.colcon_core.package_identification:_identify(src/voice_control) by extension 'ignore_ament_install'
[0.471s] Level 1:colcon.colcon_core.package_identification:_identify(src/voice_control) by extensions ['colcon_pkg']
[0.471s] Level 1:colcon.colcon_core.package_identification:_identify(src/voice_control) by extension 'colcon_pkg'
[0.471s] Level 1:colcon.colcon_core.package_identification:_identify(src/voice_control) by extensions ['colcon_meta']
[0.471s] Level 1:colcon.colcon_core.package_identification:_identify(src/voice_control) by extension 'colcon_meta'
[0.472s] Level 1:colcon.colcon_core.package_identification:_identify(src/voice_control) by extensions ['ros']
[0.472s] Level 1:colcon.colcon_core.package_identification:_identify(src/voice_control) by extension 'ros'
[0.473s] DEBUG:colcon.colcon_core.package_identification:Package 'src/voice_control' with type 'ros.ament_python' and name 'voice_control'
[0.473s] Level 1:colcon.colcon_core.package_discovery:discover_packages(recursive) using defaults
[0.473s] Level 1:colcon.colcon_core.package_discovery:discover_packages(ignore) discover
[0.473s] Level 1:colcon.colcon_core.package_discovery:discover_packages(ignore) using defaults
[0.473s] Level 1:colcon.colcon_core.package_discovery:discover_packages(path) discover
[0.473s] Level 1:colcon.colcon_core.package_discovery:discover_packages(path) using defaults
[0.515s] Level 1:colcon.colcon_core.package_discovery:discover_packages(prefix_path) check parameters
[0.515s] Level 1:colcon.colcon_core.package_discovery:discover_packages(prefix_path) discover
[0.524s] DEBUG:colcon.colcon_installed_package_information.package_discovery:Found 416 installed packages in /opt/ros/humble
[0.530s] Level 1:colcon.colcon_core.package_discovery:discover_packages(prefix_path) using defaults
[0.667s] Level 5:colcon.colcon_core.verb:set package 'meu_pacote_launch' build argument 'cmake_args' from command line to 'None'
[0.667s] Level 5:colcon.colcon_core.verb:set package 'meu_pacote_launch' build argument 'cmake_target' from command line to 'None'
[0.667s] Level 5:colcon.colcon_core.verb:set package 'meu_pacote_launch' build argument 'cmake_target_skip_unavailable' from command line to 'False'
[0.667s] Level 5:colcon.colcon_core.verb:set package 'meu_pacote_launch' build argument 'cmake_clean_cache' from command line to 'False'
[0.667s] Level 5:colcon.colcon_core.verb:set package 'meu_pacote_launch' build argument 'cmake_clean_first' from command line to 'False'
[0.667s] Level 5:colcon.colcon_core.verb:set package 'meu_pacote_launch' build argument 'cmake_force_configure' from command line to 'False'
[0.667s] Level 5:colcon.colcon_core.verb:set package 'meu_pacote_launch' build argument 'ament_cmake_args' from command line to 'None'
[0.667s] Level 5:colcon.colcon_core.verb:set package 'meu_pacote_launch' build argument 'catkin_cmake_args' from command line to 'None'
[0.667s] Level 5:colcon.colcon_core.verb:set package 'meu_pacote_launch' build argument 'catkin_skip_building_tests' from command line to 'False'
[0.667s] DEBUG:colcon.colcon_core.verb:Building package 'meu_pacote_launch' with the following arguments: {'ament_cmake_args': None, 'build_base': '/home/felipe/ros2_ws/build/meu_pacote_launch', 'catkin_cmake_args': None, 'catkin_skip_building_tests': False, 'cmake_args': None, 'cmake_clean_cache': False, 'cmake_clean_first': False, 'cmake_force_configure': False, 'cmake_target': None, 'cmake_target_skip_unavailable': False, 'install_base': '/home/felipe/ros2_ws/install/meu_pacote_launch', 'merge_install': False, 'path': '/home/felipe/ros2_ws/src/meu_pacote_launch', 'symlink_install': False, 'test_result_base': None}
[0.668s] Level 5:colcon.colcon_core.verb:set package 'ros2_whisper' build argument 'cmake_args' from command line to 'None'
[0.668s] Level 5:colcon.colcon_core.verb:set package 'ros2_whisper' build argument 'cmake_target' from command line to 'None'
[0.668s] Level 5:colcon.colcon_core.verb:set package 'ros2_whisper' build argument 'cmake_target_skip_unavailable' from command line to 'False'
[0.668s] Level 5:colcon.colcon_core.verb:set package 'ros2_whisper' build argument 'cmake_clean_cache' from command line to 'False'
[0.668s] Level 5:colcon.colcon_core.verb:set package 'ros2_whisper' build argument 'cmake_clean_first' from command line to 'False'
[0.669s] Level 5:colcon.colcon_core.verb:set package 'ros2_whisper' build argument 'cmake_force_configure' from command line to 'False'
[0.669s] Level 5:colcon.colcon_core.verb:set package 'ros2_whisper' build argument 'ament_cmake_args' from command line to 'None'
[0.669s] Level 5:colcon.colcon_core.verb:set package 'ros2_whisper' build argument 'catkin_cmake_args' from command line to 'None'
[0.669s] Level 5:colcon.colcon_core.verb:set package 'ros2_whisper' build argument 'catkin_skip_building_tests' from command line to 'False'
[0.669s] DEBUG:colcon.colcon_core.verb:Building package 'ros2_whisper' with the following arguments: {'ament_cmake_args': None, 'build_base': '/home/felipe/ros2_ws/build/ros2_whisper', 'catkin_cmake_args': None, 'catkin_skip_building_tests': False, 'cmake_args': None, 'cmake_clean_cache': False, 'cmake_clean_first': False, 'cmake_force_configure': False, 'cmake_target': None, 'cmake_target_skip_unavailable': False, 'install_base': '/home/felipe/ros2_ws/install/ros2_whisper', 'merge_install': False, 'path': '/home/felipe/ros2_ws/src/ros2_whisper', 'symlink_install': False, 'test_result_base': None}
[0.670s] Level 5:colcon.colcon_core.verb:set package 'voice_control' build argument 'cmake_args' from command line to 'None'
[0.670s] Level 5:colcon.colcon_core.verb:set package 'voice_control' build argument 'cmake_target' from command line to 'None'
[0.670s] Level 5:colcon.colcon_core.verb:set package 'voice_control' build argument 'cmake_target_skip_unavailable' from command line to 'False'
[0.670s] Level 5:colcon.colcon_core.verb:set package 'voice_control' build argument 'cmake_clean_cache' from command line to 'False'
[0.670s] Level 5:colcon.colcon_core.verb:set package 'voice_control' build argument 'cmake_clean_first' from command line to 'False'
[0.670s] Level 5:colcon.colcon_core.verb:set package 'voice_control' build argument 'cmake_force_configure' from command line to 'False'
[0.670s] Level 5:colcon.colcon_core.verb:set package 'voice_control' build argument 'ament_cmake_args' from command line to 'None'
[0.670s] Level 5:colcon.colcon_core.verb:set package 'voice_control' build argument 'catkin_cmake_args' from command line to 'None'
[0.670s] Level 5:colcon.colcon_core.verb:set package 'voice_control' build argument 'catkin_skip_building_tests' from command line to 'False'
[0.670s] DEBUG:colcon.colcon_core.verb:Building package 'voice_control' with the following arguments: {'ament_cmake_args': None, 'build_base': '/home/felipe/ros2_ws/build/voice_control', 'catkin_cmake_args': None, 'catkin_skip_building_tests': False, 'cmake_args': None, 'cmake_clean_cache': False, 'cmake_clean_first': False, 'cmake_force_configure': False, 'cmake_target': None, 'cmake_target_skip_unavailable': False, 'install_base': '/home/felipe/ros2_ws/install/voice_control', 'merge_install': False, 'path': '/home/felipe/ros2_ws/src/voice_control', 'symlink_install': False, 'test_result_base': None}
[0.670s] INFO:colcon.colcon_core.executor:Executing jobs using 'parallel' executor
[0.672s] DEBUG:colcon.colcon_parallel_executor.executor.parallel:run_until_complete
[0.673s] INFO:colcon.colcon_ros.task.ament_python.build:Building ROS package in '/home/felipe/ros2_ws/src/meu_pacote_launch' with build type 'ament_python'
[0.673s] Level 1:colcon.colcon_core.shell:create_environment_hook('meu_pacote_launch', 'ament_prefix_path')
[0.678s] INFO:colcon.colcon_core.plugin_system:Skipping extension 'colcon_core.shell.bat': Not used on non-Windows systems
[0.678s] INFO:colcon.colcon_core.shell:Creating environment hook '/home/felipe/ros2_ws/install/meu_pacote_launch/share/meu_pacote_launch/hook/ament_prefix_path.ps1'
[0.680s] INFO:colcon.colcon_core.shell:Creating environment descriptor '/home/felipe/ros2_ws/install/meu_pacote_launch/share/meu_pacote_launch/hook/ament_prefix_path.dsv'
[0.681s] INFO:colcon.colcon_core.shell:Creating environment hook '/home/felipe/ros2_ws/install/meu_pacote_launch/share/meu_pacote_launch/hook/ament_prefix_path.sh'
[0.682s] INFO:colcon.colcon_core.shell:Skip shell extension 'powershell' for command environment: Not usable outside of PowerShell
[0.682s] DEBUG:colcon.colcon_core.shell:Skip shell extension 'dsv' for command environment
[0.693s] INFO:colcon.colcon_ros.task.ament_python.build:Building ROS package in '/home/felipe/ros2_ws/src/ros2_whisper' with build type 'ament_python'
[0.694s] Level 1:colcon.colcon_core.shell:create_environment_hook('ros2_whisper', 'ament_prefix_path')
[0.694s] INFO:colcon.colcon_core.shell:Creating environment hook '/home/felipe/ros2_ws/install/ros2_whisper/share/ros2_whisper/hook/ament_prefix_path.ps1'
[0.696s] INFO:colcon.colcon_core.shell:Creating environment descriptor '/home/felipe/ros2_ws/install/ros2_whisper/share/ros2_whisper/hook/ament_prefix_path.dsv'
[0.696s] INFO:colcon.colcon_core.shell:Creating environment hook '/home/felipe/ros2_ws/install/ros2_whisper/share/ros2_whisper/hook/ament_prefix_path.sh'
[0.698s] INFO:colcon.colcon_core.shell:Skip shell extension 'powershell' for command environment: Not usable outside of PowerShell
[0.698s] DEBUG:colcon.colcon_core.shell:Skip shell extension 'dsv' for command environment
[1.279s] INFO:colcon.colcon_core.task.python.build:Building Python package in '/home/felipe/ros2_ws/src/meu_pacote_launch'
[1.280s] INFO:colcon.colcon_core.shell:Skip shell extension 'powershell' for command environment: Not usable outside of PowerShell
[1.280s] DEBUG:colcon.colcon_core.shell:Skip shell extension 'dsv' for command environment
[1.851s] INFO:colcon.colcon_core.task.python.build:Building Python package in '/home/felipe/ros2_ws/src/ros2_whisper'
[1.852s] INFO:colcon.colcon_core.shell:Skip shell extension 'powershell' for command environment: Not usable outside of PowerShell
[1.852s] DEBUG:colcon.colcon_core.shell:Skip shell extension 'dsv' for command environment
[3.454s] DEBUG:colcon.colcon_core.event_handler.log_command:Invoking command in '/home/felipe/ros2_ws/src/ros2_whisper': PYTHONPATH=/home/felipe/ros2_ws/build/ros2_whisper/prefix_override:/usr/lib/python3/dist-packages/colcon_core/task/python/colcon_distutils_commands:/home/felipe/ros2_ws/install/ros2_whisper/lib/python3.10/site-packages:${PYTHONPATH} /usr/bin/python3 -W ignore:setup.py install is deprecated setup.py egg_info --egg-base ../../build/ros2_whisper build --build-base /home/felipe/ros2_ws/build/ros2_whisper/build install --record /home/felipe/ros2_ws/build/ros2_whisper/install.log --single-version-externally-managed install_data
[3.561s] DEBUG:colcon.colcon_core.event_handler.log_command:Invoking command in '/home/felipe/ros2_ws/src/meu_pacote_launch': PYTHONPATH=/home/felipe/ros2_ws/build/meu_pacote_launch/prefix_override:/usr/lib/python3/dist-packages/colcon_core/task/python/colcon_distutils_commands:/home/felipe/ros2_ws/install/meu_pacote_launch/lib/python3.10/site-packages:${PYTHONPATH} /usr/bin/python3 -W ignore:setup.py install is deprecated setup.py egg_info --egg-base ../../build/meu_pacote_launch build --build-base /home/felipe/ros2_ws/build/meu_pacote_launch/build install --record /home/felipe/ros2_ws/build/meu_pacote_launch/install.log --single-version-externally-managed install_data
[5.107s] DEBUG:colcon.colcon_core.event_handler.log_command:Invoked command in '/home/felipe/ros2_ws/src/ros2_whisper' returned '0': PYTHONPATH=/home/felipe/ros2_ws/build/ros2_whisper/prefix_override:/usr/lib/python3/dist-packages/colcon_core/task/python/colcon_distutils_commands:/home/felipe/ros2_ws/install/ros2_whisper/lib/python3.10/site-packages:${PYTHONPATH} /usr/bin/python3 -W ignore:setup.py install is deprecated setup.py egg_info --egg-base ../../build/ros2_whisper build --build-base /home/felipe/ros2_ws/build/ros2_whisper/build install --record /home/felipe/ros2_ws/build/ros2_whisper/install.log --single-version-externally-managed install_data
[5.109s] Level 1:colcon.colcon_core.environment:checking '/home/felipe/ros2_ws/install/ros2_whisper' for CMake module files
[5.110s] Level 1:colcon.colcon_core.environment:checking '/home/felipe/ros2_ws/install/ros2_whisper' for CMake config files
[5.111s] Level 1:colcon.colcon_core.environment:checking '/home/felipe/ros2_ws/install/ros2_whisper/lib'
[5.112s] Level 1:colcon.colcon_core.environment:checking '/home/felipe/ros2_ws/install/ros2_whisper/bin'
[5.112s] Level 1:colcon.colcon_core.environment:checking '/home/felipe/ros2_ws/install/ros2_whisper/lib/pkgconfig/ros2_whisper.pc'
[5.112s] Level 1:colcon.colcon_core.environment:checking '/home/felipe/ros2_ws/install/ros2_whisper/lib/python3.10/site-packages'
[5.113s] Level 1:colcon.colcon_core.shell:create_environment_hook('ros2_whisper', 'pythonpath')
[5.113s] INFO:colcon.colcon_core.shell:Creating environment hook '/home/felipe/ros2_ws/install/ros2_whisper/share/ros2_whisper/hook/pythonpath.ps1'
[5.114s] INFO:colcon.colcon_core.shell:Creating environment descriptor '/home/felipe/ros2_ws/install/ros2_whisper/share/ros2_whisper/hook/pythonpath.dsv'
[5.115s] INFO:colcon.colcon_core.shell:Creating environment hook '/home/felipe/ros2_ws/install/ros2_whisper/share/ros2_whisper/hook/pythonpath.sh'
[5.116s] Level 1:colcon.colcon_core.environment:checking '/home/felipe/ros2_ws/install/ros2_whisper/bin'
[5.116s] Level 1:colcon.colcon_core.environment:create_environment_scripts_only(ros2_whisper)
[5.117s] INFO:colcon.colcon_core.shell:Creating package script '/home/felipe/ros2_ws/install/ros2_whisper/share/ros2_whisper/package.ps1'
[5.118s] INFO:colcon.colcon_core.shell:Creating package descriptor '/home/felipe/ros2_ws/install/ros2_whisper/share/ros2_whisper/package.dsv'
[5.120s] INFO:colcon.colcon_core.shell:Creating package script '/home/felipe/ros2_ws/install/ros2_whisper/share/ros2_whisper/package.sh'
[5.121s] INFO:colcon.colcon_core.shell:Creating package script '/home/felipe/ros2_ws/install/ros2_whisper/share/ros2_whisper/package.bash'
[5.122s] INFO:colcon.colcon_core.shell:Creating package script '/home/felipe/ros2_ws/install/ros2_whisper/share/ros2_whisper/package.zsh'
[5.124s] Level 1:colcon.colcon_core.environment:create_file_with_runtime_dependencies(/home/felipe/ros2_ws/install/ros2_whisper/share/colcon-core/packages/ros2_whisper)
[5.125s] INFO:colcon.colcon_ros.task.ament_python.build:Building ROS package in '/home/felipe/ros2_ws/src/voice_control' with build type 'ament_python'
[5.126s] Level 1:colcon.colcon_core.shell:create_environment_hook('voice_control', 'ament_prefix_path')
[5.126s] INFO:colcon.colcon_core.shell:Creating environment hook '/home/felipe/ros2_ws/install/voice_control/share/voice_control/hook/ament_prefix_path.ps1'
[5.128s] INFO:colcon.colcon_core.shell:Creating environment descriptor '/home/felipe/ros2_ws/install/voice_control/share/voice_control/hook/ament_prefix_path.dsv'
[5.160s] INFO:colcon.colcon_core.shell:Creating environment hook '/home/felipe/ros2_ws/install/voice_control/share/voice_control/hook/ament_prefix_path.sh'
[5.162s] INFO:colcon.colcon_core.shell:Skip shell extension 'powershell' for command environment: Not usable outside of PowerShell
[5.162s] DEBUG:colcon.colcon_core.shell:Skip shell extension 'dsv' for command environment
[5.760s] INFO:colcon.colcon_core.task.python.build:Building Python package in '/home/felipe/ros2_ws/src/voice_control'
[5.761s] INFO:colcon.colcon_core.shell:Skip shell extension 'powershell' for command environment: Not usable outside of PowerShell
[5.761s] DEBUG:colcon.colcon_core.shell:Skip shell extension 'dsv' for command environment
[5.772s] Level 1:colcon.colcon_core.environment:checking '/home/felipe/ros2_ws/install/meu_pacote_launch' for CMake module files
[5.773s] DEBUG:colcon.colcon_core.event_handler.log_command:Invoked command in '/home/felipe/ros2_ws/src/meu_pacote_launch' returned '0': PYTHONPATH=/home/felipe/ros2_ws/build/meu_pacote_launch/prefix_override:/usr/lib/python3/dist-packages/colcon_core/task/python/colcon_distutils_commands:/home/felipe/ros2_ws/install/meu_pacote_launch/lib/python3.10/site-packages:${PYTHONPATH} /usr/bin/python3 -W ignore:setup.py install is deprecated setup.py egg_info --egg-base ../../build/meu_pacote_launch build --build-base /home/felipe/ros2_ws/build/meu_pacote_launch/build install --record /home/felipe/ros2_ws/build/meu_pacote_launch/install.log --single-version-externally-managed install_data
[5.774s] Level 1:colcon.colcon_core.environment:checking '/home/felipe/ros2_ws/install/meu_pacote_launch' for CMake config files
[5.775s] Level 1:colcon.colcon_core.environment:checking '/home/felipe/ros2_ws/install/meu_pacote_launch/lib'
[5.775s] Level 1:colcon.colcon_core.environment:checking '/home/felipe/ros2_ws/install/meu_pacote_launch/bin'
[5.775s] Level 1:colcon.colcon_core.environment:checking '/home/felipe/ros2_ws/install/meu_pacote_launch/lib/pkgconfig/meu_pacote_launch.pc'
[5.776s] Level 1:colcon.colcon_core.environment:checking '/home/felipe/ros2_ws/install/meu_pacote_launch/lib/python3.10/site-packages'
[5.776s] Level 1:colcon.colcon_core.shell:create_environment_hook('meu_pacote_launch', 'pythonpath')
[5.776s] INFO:colcon.colcon_core.shell:Creating environment hook '/home/felipe/ros2_ws/install/meu_pacote_launch/share/meu_pacote_launch/hook/pythonpath.ps1'
[5.777s] INFO:colcon.colcon_core.shell:Creating environment descriptor '/home/felipe/ros2_ws/install/meu_pacote_launch/share/meu_pacote_launch/hook/pythonpath.dsv'
[5.778s] INFO:colcon.colcon_core.shell:Creating environment hook '/home/felipe/ros2_ws/install/meu_pacote_launch/share/meu_pacote_launch/hook/pythonpath.sh'
[5.779s] Level 1:colcon.colcon_core.environment:checking '/home/felipe/ros2_ws/install/meu_pacote_launch/bin'
[5.779s] Level 1:colcon.colcon_core.environment:create_environment_scripts_only(meu_pacote_launch)
[5.780s] INFO:colcon.colcon_core.shell:Creating package script '/home/felipe/ros2_ws/install/meu_pacote_launch/share/meu_pacote_launch/package.ps1'
[5.781s] INFO:colcon.colcon_core.shell:Creating package descriptor '/home/felipe/ros2_ws/install/meu_pacote_launch/share/meu_pacote_launch/package.dsv'
[5.782s] INFO:colcon.colcon_core.shell:Creating package script '/home/felipe/ros2_ws/install/meu_pacote_launch/share/meu_pacote_launch/package.sh'
[5.783s] INFO:colcon.colcon_core.shell:Creating package script '/home/felipe/ros2_ws/install/meu_pacote_launch/share/meu_pacote_launch/package.bash'
[5.784s] INFO:colcon.colcon_core.shell:Creating package script '/home/felipe/ros2_ws/install/meu_pacote_launch/share/meu_pacote_launch/package.zsh'
[5.784s] Level 1:colcon.colcon_core.environment:create_file_with_runtime_dependencies(/home/felipe/ros2_ws/install/meu_pacote_launch/share/colcon-core/packages/meu_pacote_launch)
[7.309s] DEBUG:colcon.colcon_core.event_handler.log_command:Invoking command in '/home/felipe/ros2_ws/src/voice_control': PYTHONPATH=/home/felipe/ros2_ws/build/voice_control/prefix_override:/usr/lib/python3/dist-packages/colcon_core/task/python/colcon_distutils_commands:/home/felipe/ros2_ws/install/voice_control/lib/python3.10/site-packages:${PYTHONPATH} /usr/bin/python3 -W ignore:setup.py install is deprecated setup.py egg_info --egg-base ../../build/voice_control build --build-base /home/felipe/ros2_ws/build/voice_control/build install --record /home/felipe/ros2_ws/build/voice_control/install.log --single-version-externally-managed install_data
[8.911s] Level 1:colcon.colcon_core.environment:checking '/home/felipe/ros2_ws/install/voice_control' for CMake module files
[8.912s] DEBUG:colcon.colcon_core.event_handler.log_command:Invoked command in '/home/felipe/ros2_ws/src/voice_control' returned '0': PYTHONPATH=/home/felipe/ros2_ws/build/voice_control/prefix_override:/usr/lib/python3/dist-packages/colcon_core/task/python/colcon_distutils_commands:/home/felipe/ros2_ws/install/voice_control/lib/python3.10/site-packages:${PYTHONPATH} /usr/bin/python3 -W ignore:setup.py install is deprecated setup.py egg_info --egg-base ../../build/voice_control build --build-base /home/felipe/ros2_ws/build/voice_control/build install --record /home/felipe/ros2_ws/build/voice_control/install.log --single-version-externally-managed install_data
[8.913s] Level 1:colcon.colcon_core.environment:checking '/home/felipe/ros2_ws/install/voice_control' for CMake config files
[8.914s] Level 1:colcon.colcon_core.environment:checking '/home/felipe/ros2_ws/install/voice_control/lib'
[8.914s] Level 1:colcon.colcon_core.environment:checking '/home/felipe/ros2_ws/install/voice_control/bin'
[8.914s] Level 1:colcon.colcon_core.environment:checking '/home/felipe/ros2_ws/install/voice_control/lib/pkgconfig/voice_control.pc'
[8.915s] Level 1:colcon.colcon_core.environment:checking '/home/felipe/ros2_ws/install/voice_control/lib/python3.10/site-packages'
[8.915s] Level 1:colcon.colcon_core.shell:create_environment_hook('voice_control', 'pythonpath')
[8.915s] INFO:colcon.colcon_core.shell:Creating environment hook '/home/felipe/ros2_ws/install/voice_control/share/voice_control/hook/pythonpath.ps1'
[8.916s] INFO:colcon.colcon_core.shell:Creating environment descriptor '/home/felipe/ros2_ws/install/voice_control/share/voice_control/hook/pythonpath.dsv'
[8.917s] INFO:colcon.colcon_core.shell:Creating environment hook '/home/felipe/ros2_ws/install/voice_control/share/voice_control/hook/pythonpath.sh'
[8.918s] Level 1:colcon.colcon_core.environment:checking '/home/felipe/ros2_ws/install/voice_control/bin'
[8.918s] Level 1:colcon.colcon_core.environment:create_environment_scripts_only(voice_control)
[8.919s] INFO:colcon.colcon_core.shell:Creating package script '/home/felipe/ros2_ws/install/voice_control/share/voice_control/package.ps1'
[8.920s] INFO:colcon.colcon_core.shell:Creating package descriptor '/home/felipe/ros2_ws/install/voice_control/share/voice_control/package.dsv'
[8.921s] INFO:colcon.colcon_core.shell:Creating package script '/home/felipe/ros2_ws/install/voice_control/share/voice_control/package.sh'
[8.922s] INFO:colcon.colcon_core.shell:Creating package script '/home/felipe/ros2_ws/install/voice_control/share/voice_control/package.bash'
[8.923s] INFO:colcon.colcon_core.shell:Creating package script '/home/felipe/ros2_ws/install/voice_control/share/voice_control/package.zsh'
[8.924s] Level 1:colcon.colcon_core.environment:create_file_with_runtime_dependencies(/home/felipe/ros2_ws/install/voice_control/share/colcon-core/packages/voice_control)
[8.925s] DEBUG:colcon.colcon_parallel_executor.executor.parallel:closing loop
[8.926s] DEBUG:colcon.colcon_parallel_executor.executor.parallel:loop closed
[8.926s] DEBUG:colcon.colcon_parallel_executor.executor.parallel:run_until_complete finished with '0'
[8.926s] DEBUG:colcon.colcon_core.event_reactor:joining thread
[8.942s] INFO:colcon.colcon_core.plugin_system:Skipping extension 'colcon_notification.desktop_notification.terminal_notifier': Not used on non-Darwin systems
[8.942s] INFO:colcon.colcon_core.plugin_system:Skipping extension 'colcon_notification.desktop_notification.win32': Not used on non-Windows systems
[8.943s] INFO:colcon.colcon_notification.desktop_notification:Sending desktop notification using 'notify2'
[8.983s] DEBUG:colcon.colcon_core.event_reactor:joined thread
[8.984s] INFO:colcon.colcon_core.shell:Creating prefix script '/home/felipe/ros2_ws/install/local_setup.ps1'
[8.988s] INFO:colcon.colcon_core.shell:Creating prefix util module '/home/felipe/ros2_ws/install/_local_setup_util_ps1.py'
[8.993s] INFO:colcon.colcon_core.shell:Creating prefix chain script '/home/felipe/ros2_ws/install/setup.ps1'
[8.996s] INFO:colcon.colcon_core.shell:Creating prefix script '/home/felipe/ros2_ws/install/local_setup.sh'
[8.999s] INFO:colcon.colcon_core.shell:Creating prefix util module '/home/felipe/ros2_ws/install/_local_setup_util_sh.py'
[9.001s] INFO:colcon.colcon_core.shell:Creating prefix chain script '/home/felipe/ros2_ws/install/setup.sh'
[9.004s] INFO:colcon.colcon_core.shell:Creating prefix script '/home/felipe/ros2_ws/install/local_setup.bash'
[9.006s] INFO:colcon.colcon_core.shell:Creating prefix chain script '/home/felipe/ros2_ws/install/setup.bash'
[9.009s] INFO:colcon.colcon_core.shell:Creating prefix script '/home/felipe/ros2_ws/install/local_setup.zsh'
[9.011s] INFO:colcon.colcon_core.shell:Creating prefix chain script '/home/felipe/ros2_ws/install/setup.zsh'
