/home/felipe/.local/lib/python3.10/site-packages/setuptools/_distutils/dist.py:270: UserWarning: Unknown distribution option: 'tests_require'
  warnings.warn(msg)
running egg_info
creating ../../build/ros2_whisper/ros2_whisper.egg-info
writing ../../build/ros2_whisper/ros2_whisper.egg-info/PKG-INFO
writing dependency_links to ../../build/ros2_whisper/ros2_whisper.egg-info/dependency_links.txt
writing entry points to ../../build/ros2_whisper/ros2_whisper.egg-info/entry_points.txt
writing requirements to ../../build/ros2_whisper/ros2_whisper.egg-info/requires.txt
writing top-level names to ../../build/ros2_whisper/ros2_whisper.egg-info/top_level.txt
writing manifest file '../../build/ros2_whisper/ros2_whisper.egg-info/SOURCES.txt'
reading manifest file '../../build/ros2_whisper/ros2_whisper.egg-info/SOURCES.txt'
writing manifest file '../../build/ros2_whisper/ros2_whisper.egg-info/SOURCES.txt'
running build
running build_py
creating /home/felipe/ros2_ws/build/ros2_whisper/build/lib/ros2_whisper
copying ros2_whisper/whisper_node.py -> /home/felipe/ros2_ws/build/ros2_whisper/build/lib/ros2_whisper
copying ros2_whisper/__init__.py -> /home/felipe/ros2_ws/build/ros2_whisper/build/lib/ros2_whisper
running install
running install_lib
creating /home/felipe/ros2_ws/install/ros2_whisper/lib/python3.10/site-packages/ros2_whisper
copying /home/felipe/ros2_ws/build/ros2_whisper/build/lib/ros2_whisper/whisper_node.py -> /home/felipe/ros2_ws/install/ros2_whisper/lib/python3.10/site-packages/ros2_whisper
copying /home/felipe/ros2_ws/build/ros2_whisper/build/lib/ros2_whisper/__init__.py -> /home/felipe/ros2_ws/install/ros2_whisper/lib/python3.10/site-packages/ros2_whisper
byte-compiling /home/felipe/ros2_ws/install/ros2_whisper/lib/python3.10/site-packages/ros2_whisper/whisper_node.py to whisper_node.cpython-310.pyc
byte-compiling /home/felipe/ros2_ws/install/ros2_whisper/lib/python3.10/site-packages/ros2_whisper/__init__.py to __init__.cpython-310.pyc
running install_data
creating /home/felipe/ros2_ws/install/ros2_whisper/share/ament_index/resource_index/packages
copying resource/ros2_whisper -> /home/felipe/ros2_ws/install/ros2_whisper/share/ament_index/resource_index/packages
copying package.xml -> /home/felipe/ros2_ws/install/ros2_whisper/share/ros2_whisper
running install_egg_info
Copying ../../build/ros2_whisper/ros2_whisper.egg-info to /home/felipe/ros2_ws/install/ros2_whisper/lib/python3.10/site-packages/ros2_whisper-0.0.1-py3.10.egg-info
running install_scripts
Installing whisper_node script to /home/felipe/ros2_ws/install/ros2_whisper/lib/ros2_whisper
writing list of installed files to '/home/felipe/ros2_ws/build/ros2_whisper/install.log'
