[1.614s] DEBUG:colcon:Command line arguments: ['/usr/bin/colcon', 'build']
[1.615s] DEBUG:colcon:Parsed command line arguments: Namespace(log_base=None, log_level=None, verb_name='build', build_base='build', install_base='install', merge_install=False, symlink_install=False, test_result_base=None, continue_on_error=False, executor='parallel', parallel_workers=2, event_handlers=None, ignore_user_meta=False, metas=['./colcon.meta'], base_paths=['.'], packages_ignore=None, packages_ignore_regex=None, paths=None, packages_up_to=None, packages_up_to_regex=None, packages_above=None, packages_above_and_dependencies=None, packages_above_depth=None, packages_select_by_dep=None, packages_skip_by_dep=None, packages_skip_up_to=None, packages_select_build_failed=False, packages_skip_build_finished=False, packages_select_test_failures=False, packages_skip_test_passed=False, packages_select=None, packages_skip=None, packages_select_regex=None, packages_skip_regex=None, packages_start=None, packages_end=None, allow_overriding=[], cmake_args=None, cmake_target=None, cmake_target_skip_unavailable=False, cmake_clean_cache=False, cmake_clean_first=False, cmake_force_configure=False, ament_cmake_args=None, catkin_cmake_args=None, catkin_skip_building_tests=False, mixin_files=None, mixin=None, verb_parser=<colcon_mixin.mixin.mixin_argument.MixinArgumentDecorator object at 0x7d62ac484700>, verb_extension=<colcon_core.verb.build.BuildVerb object at 0x7d62ac44fbb0>, main=<bound method BuildVerb.main of <colcon_core.verb.build.BuildVerb object at 0x7d62ac44fbb0>>, mixin_verb=('build',))
[13.283s] Level 1:colcon.colcon_core.package_discovery:discover_packages(colcon_meta) check parameters
[13.283s] Level 1:colcon.colcon_core.package_discovery:discover_packages(recursive) check parameters
[13.284s] Level 1:colcon.colcon_core.package_discovery:discover_packages(ignore) check parameters
[13.284s] Level 1:colcon.colcon_core.package_discovery:discover_packages(path) check parameters
[13.284s] Level 1:colcon.colcon_core.package_discovery:discover_packages(colcon_meta) discover
[13.284s] Level 1:colcon.colcon_core.package_discovery:discover_packages(recursive) discover
[13.285s] INFO:colcon.colcon_core.package_discovery:Crawling recursively for packages in '/home/felipe/ros2_ws'
[13.285s] Level 1:colcon.colcon_core.package_identification:_identify(.) by extensions ['ignore', 'ignore_ament_install']
[13.285s] Level 1:colcon.colcon_core.package_identification:_identify(.) by extension 'ignore'
[13.286s] Level 1:colcon.colcon_core.package_identification:_identify(.) by extension 'ignore_ament_install'
[13.286s] Level 1:colcon.colcon_core.package_identification:_identify(.) by extensions ['colcon_pkg']
[13.287s] Level 1:colcon.colcon_core.package_identification:_identify(.) by extension 'colcon_pkg'
[13.287s] Level 1:colcon.colcon_core.package_identification:_identify(.) by extensions ['colcon_meta']
[13.287s] Level 1:colcon.colcon_core.package_identification:_identify(.) by extension 'colcon_meta'
[13.288s] Level 1:colcon.colcon_core.package_identification:_identify(.) by extensions ['ros']
[13.288s] Level 1:colcon.colcon_core.package_identification:_identify(.) by extension 'ros'
[13.472s] Level 1:colcon.colcon_core.package_identification:_identify(.) by extensions ['cmake', 'python']
[13.472s] Level 1:colcon.colcon_core.package_identification:_identify(.) by extension 'cmake'
[13.472s] Level 1:colcon.colcon_core.package_identification:_identify(.) by extension 'python'
[13.472s] Level 1:colcon.colcon_core.package_identification:_identify(.) by extensions ['python_setup_py']
[13.472s] Level 1:colcon.colcon_core.package_identification:_identify(.) by extension 'python_setup_py'
[13.496s] Level 1:colcon.colcon_core.package_identification:_identify(build) by extensions ['ignore', 'ignore_ament_install']
[13.496s] Level 1:colcon.colcon_core.package_identification:_identify(build) by extension 'ignore'
[13.496s] Level 1:colcon.colcon_core.package_identification:_identify(build) ignored
[13.497s] Level 1:colcon.colcon_core.package_identification:_identify(install) by extensions ['ignore', 'ignore_ament_install']
[13.499s] Level 1:colcon.colcon_core.package_identification:_identify(install) by extension 'ignore'
[13.499s] Level 1:colcon.colcon_core.package_identification:_identify(install) ignored
[13.587s] Level 1:colcon.colcon_core.package_identification:_identify(launch) by extensions ['ignore', 'ignore_ament_install']
[13.588s] Level 1:colcon.colcon_core.package_identification:_identify(launch) by extension 'ignore'
[13.588s] Level 1:colcon.colcon_core.package_identification:_identify(launch) by extension 'ignore_ament_install'
[13.588s] Level 1:colcon.colcon_core.package_identification:_identify(launch) by extensions ['colcon_pkg']
[13.588s] Level 1:colcon.colcon_core.package_identification:_identify(launch) by extension 'colcon_pkg'
[13.589s] Level 1:colcon.colcon_core.package_identification:_identify(launch) by extensions ['colcon_meta']
[13.589s] Level 1:colcon.colcon_core.package_identification:_identify(launch) by extension 'colcon_meta'
[13.589s] Level 1:colcon.colcon_core.package_identification:_identify(launch) by extensions ['ros']
[13.592s] Level 1:colcon.colcon_core.package_identification:_identify(launch) by extension 'ros'
[13.593s] Level 1:colcon.colcon_core.package_identification:_identify(launch) by extensions ['cmake', 'python']
[13.593s] Level 1:colcon.colcon_core.package_identification:_identify(launch) by extension 'cmake'
[13.593s] Level 1:colcon.colcon_core.package_identification:_identify(launch) by extension 'python'
[13.593s] Level 1:colcon.colcon_core.package_identification:_identify(launch) by extensions ['python_setup_py']
[13.593s] Level 1:colcon.colcon_core.package_identification:_identify(launch) by extension 'python_setup_py'
[13.594s] Level 1:colcon.colcon_core.package_identification:_identify(launch/__pycache__) by extensions ['ignore', 'ignore_ament_install']
[13.594s] Level 1:colcon.colcon_core.package_identification:_identify(launch/__pycache__) by extension 'ignore'
[13.595s] Level 1:colcon.colcon_core.package_identification:_identify(launch/__pycache__) by extension 'ignore_ament_install'
[13.595s] Level 1:colcon.colcon_core.package_identification:_identify(launch/__pycache__) by extensions ['colcon_pkg']
[13.595s] Level 1:colcon.colcon_core.package_identification:_identify(launch/__pycache__) by extension 'colcon_pkg'
[13.595s] Level 1:colcon.colcon_core.package_identification:_identify(launch/__pycache__) by extensions ['colcon_meta']
[13.595s] Level 1:colcon.colcon_core.package_identification:_identify(launch/__pycache__) by extension 'colcon_meta'
[13.595s] Level 1:colcon.colcon_core.package_identification:_identify(launch/__pycache__) by extensions ['ros']
[13.596s] Level 1:colcon.colcon_core.package_identification:_identify(launch/__pycache__) by extension 'ros'
[13.598s] Level 1:colcon.colcon_core.package_identification:_identify(launch/__pycache__) by extensions ['cmake', 'python']
[13.598s] Level 1:colcon.colcon_core.package_identification:_identify(launch/__pycache__) by extension 'cmake'
[13.598s] Level 1:colcon.colcon_core.package_identification:_identify(launch/__pycache__) by extension 'python'
[13.599s] Level 1:colcon.colcon_core.package_identification:_identify(launch/__pycache__) by extensions ['python_setup_py']
[13.599s] Level 1:colcon.colcon_core.package_identification:_identify(launch/__pycache__) by extension 'python_setup_py'
[13.600s] Level 1:colcon.colcon_core.package_identification:_identify(log) by extensions ['ignore', 'ignore_ament_install']
[13.601s] Level 1:colcon.colcon_core.package_identification:_identify(log) by extension 'ignore'
[13.601s] Level 1:colcon.colcon_core.package_identification:_identify(log) ignored
[13.603s] Level 1:colcon.colcon_core.package_identification:_identify(maps) by extensions ['ignore', 'ignore_ament_install']
[13.603s] Level 1:colcon.colcon_core.package_identification:_identify(maps) by extension 'ignore'
[13.604s] Level 1:colcon.colcon_core.package_identification:_identify(maps) by extension 'ignore_ament_install'
[13.604s] Level 1:colcon.colcon_core.package_identification:_identify(maps) by extensions ['colcon_pkg']
[13.604s] Level 1:colcon.colcon_core.package_identification:_identify(maps) by extension 'colcon_pkg'
[13.604s] Level 1:colcon.colcon_core.package_identification:_identify(maps) by extensions ['colcon_meta']
[13.604s] Level 1:colcon.colcon_core.package_identification:_identify(maps) by extension 'colcon_meta'
[13.605s] Level 1:colcon.colcon_core.package_identification:_identify(maps) by extensions ['ros']
[13.605s] Level 1:colcon.colcon_core.package_identification:_identify(maps) by extension 'ros'
[13.605s] Level 1:colcon.colcon_core.package_identification:_identify(maps) by extensions ['cmake', 'python']
[13.605s] Level 1:colcon.colcon_core.package_identification:_identify(maps) by extension 'cmake'
[13.605s] Level 1:colcon.colcon_core.package_identification:_identify(maps) by extension 'python'
[13.606s] Level 1:colcon.colcon_core.package_identification:_identify(maps) by extensions ['python_setup_py']
[13.606s] Level 1:colcon.colcon_core.package_identification:_identify(maps) by extension 'python_setup_py'
[13.611s] Level 1:colcon.colcon_core.package_identification:_identify(src) by extensions ['ignore', 'ignore_ament_install']
[13.612s] Level 1:colcon.colcon_core.package_identification:_identify(src) by extension 'ignore'
[13.612s] Level 1:colcon.colcon_core.package_identification:_identify(src) by extension 'ignore_ament_install'
[13.612s] Level 1:colcon.colcon_core.package_identification:_identify(src) by extensions ['colcon_pkg']
[13.612s] Level 1:colcon.colcon_core.package_identification:_identify(src) by extension 'colcon_pkg'
[13.612s] Level 1:colcon.colcon_core.package_identification:_identify(src) by extensions ['colcon_meta']
[13.612s] Level 1:colcon.colcon_core.package_identification:_identify(src) by extension 'colcon_meta'
[13.613s] Level 1:colcon.colcon_core.package_identification:_identify(src) by extensions ['ros']
[13.613s] Level 1:colcon.colcon_core.package_identification:_identify(src) by extension 'ros'
[13.615s] Level 1:colcon.colcon_core.package_identification:_identify(src) by extensions ['cmake', 'python']
[13.615s] Level 1:colcon.colcon_core.package_identification:_identify(src) by extension 'cmake'
[13.615s] Level 1:colcon.colcon_core.package_identification:_identify(src) by extension 'python'
[13.616s] Level 1:colcon.colcon_core.package_identification:_identify(src) by extensions ['python_setup_py']
[13.616s] Level 1:colcon.colcon_core.package_identification:_identify(src) by extension 'python_setup_py'
[13.617s] Level 1:colcon.colcon_core.package_identification:_identify(src/ros2_explorer) by extensions ['ignore', 'ignore_ament_install']
[13.617s] Level 1:colcon.colcon_core.package_identification:_identify(src/ros2_explorer) by extension 'ignore'
[13.618s] Level 1:colcon.colcon_core.package_identification:_identify(src/ros2_explorer) by extension 'ignore_ament_install'
[13.618s] Level 1:colcon.colcon_core.package_identification:_identify(src/ros2_explorer) by extensions ['colcon_pkg']
[13.619s] Level 1:colcon.colcon_core.package_identification:_identify(src/ros2_explorer) by extension 'colcon_pkg'
[13.619s] Level 1:colcon.colcon_core.package_identification:_identify(src/ros2_explorer) by extensions ['colcon_meta']
[13.619s] Level 1:colcon.colcon_core.package_identification:_identify(src/ros2_explorer) by extension 'colcon_meta'
[13.619s] Level 1:colcon.colcon_core.package_identification:_identify(src/ros2_explorer) by extensions ['ros']
[13.620s] Level 1:colcon.colcon_core.package_identification:_identify(src/ros2_explorer) by extension 'ros'
[13.620s] Level 1:colcon.colcon_core.package_identification:_identify(src/ros2_explorer) by extensions ['cmake', 'python']
[13.620s] Level 1:colcon.colcon_core.package_identification:_identify(src/ros2_explorer) by extension 'cmake'
[13.620s] Level 1:colcon.colcon_core.package_identification:_identify(src/ros2_explorer) by extension 'python'
[13.620s] Level 1:colcon.colcon_core.package_identification:_identify(src/ros2_explorer) by extensions ['python_setup_py']
[13.621s] Level 1:colcon.colcon_core.package_identification:_identify(src/ros2_explorer) by extension 'python_setup_py'
[13.623s] Level 1:colcon.colcon_core.package_identification:_identify(src/ros2_explorer/images) by extensions ['ignore', 'ignore_ament_install']
[13.624s] Level 1:colcon.colcon_core.package_identification:_identify(src/ros2_explorer/images) by extension 'ignore'
[13.624s] Level 1:colcon.colcon_core.package_identification:_identify(src/ros2_explorer/images) by extension 'ignore_ament_install'
[13.624s] Level 1:colcon.colcon_core.package_identification:_identify(src/ros2_explorer/images) by extensions ['colcon_pkg']
[13.624s] Level 1:colcon.colcon_core.package_identification:_identify(src/ros2_explorer/images) by extension 'colcon_pkg'
[13.624s] Level 1:colcon.colcon_core.package_identification:_identify(src/ros2_explorer/images) by extensions ['colcon_meta']
[13.624s] Level 1:colcon.colcon_core.package_identification:_identify(src/ros2_explorer/images) by extension 'colcon_meta'
[13.625s] Level 1:colcon.colcon_core.package_identification:_identify(src/ros2_explorer/images) by extensions ['ros']
[13.625s] Level 1:colcon.colcon_core.package_identification:_identify(src/ros2_explorer/images) by extension 'ros'
[13.627s] Level 1:colcon.colcon_core.package_identification:_identify(src/ros2_explorer/images) by extensions ['cmake', 'python']
[13.627s] Level 1:colcon.colcon_core.package_identification:_identify(src/ros2_explorer/images) by extension 'cmake'
[13.628s] Level 1:colcon.colcon_core.package_identification:_identify(src/ros2_explorer/images) by extension 'python'
[13.628s] Level 1:colcon.colcon_core.package_identification:_identify(src/ros2_explorer/images) by extensions ['python_setup_py']
[13.628s] Level 1:colcon.colcon_core.package_identification:_identify(src/ros2_explorer/images) by extension 'python_setup_py'
[13.630s] Level 1:colcon.colcon_core.package_identification:_identify(src/ros2_explorer/script) by extensions ['ignore', 'ignore_ament_install']
[13.631s] Level 1:colcon.colcon_core.package_identification:_identify(src/ros2_explorer/script) by extension 'ignore'
[13.631s] Level 1:colcon.colcon_core.package_identification:_identify(src/ros2_explorer/script) by extension 'ignore_ament_install'
[13.631s] Level 1:colcon.colcon_core.package_identification:_identify(src/ros2_explorer/script) by extensions ['colcon_pkg']
[13.631s] Level 1:colcon.colcon_core.package_identification:_identify(src/ros2_explorer/script) by extension 'colcon_pkg'
[13.631s] Level 1:colcon.colcon_core.package_identification:_identify(src/ros2_explorer/script) by extensions ['colcon_meta']
[13.632s] Level 1:colcon.colcon_core.package_identification:_identify(src/ros2_explorer/script) by extension 'colcon_meta'
[13.632s] Level 1:colcon.colcon_core.package_identification:_identify(src/ros2_explorer/script) by extensions ['ros']
[13.632s] Level 1:colcon.colcon_core.package_identification:_identify(src/ros2_explorer/script) by extension 'ros'
[13.634s] Level 1:colcon.colcon_core.package_identification:_identify(src/ros2_explorer/script) by extensions ['cmake', 'python']
[13.634s] Level 1:colcon.colcon_core.package_identification:_identify(src/ros2_explorer/script) by extension 'cmake'
[13.635s] Level 1:colcon.colcon_core.package_identification:_identify(src/ros2_explorer/script) by extension 'python'
[13.635s] Level 1:colcon.colcon_core.package_identification:_identify(src/ros2_explorer/script) by extensions ['python_setup_py']
[13.635s] Level 1:colcon.colcon_core.package_identification:_identify(src/ros2_explorer/script) by extension 'python_setup_py'
[13.635s] Level 1:colcon.colcon_core.package_discovery:discover_packages(recursive) using defaults
[13.635s] Level 1:colcon.colcon_core.package_discovery:discover_packages(ignore) discover
[13.636s] Level 1:colcon.colcon_core.package_discovery:discover_packages(ignore) using defaults
[13.636s] Level 1:colcon.colcon_core.package_discovery:discover_packages(path) discover
[13.636s] Level 1:colcon.colcon_core.package_discovery:discover_packages(path) using defaults
[14.177s] Level 1:colcon.colcon_core.package_discovery:discover_packages(prefix_path) check parameters
[14.178s] Level 1:colcon.colcon_core.package_discovery:discover_packages(prefix_path) discover
[14.238s] DEBUG:colcon.colcon_installed_package_information.package_discovery:Found 416 installed packages in /opt/ros/humble
[14.266s] Level 1:colcon.colcon_core.package_discovery:discover_packages(prefix_path) using defaults
[14.776s] INFO:colcon.colcon_core.executor:Executing jobs using 'parallel' executor
[14.787s] DEBUG:colcon.colcon_parallel_executor.executor.parallel:run_until_complete
[14.787s] DEBUG:colcon.colcon_parallel_executor.executor.parallel:closing loop
[14.788s] DEBUG:colcon.colcon_parallel_executor.executor.parallel:loop closed
[14.790s] DEBUG:colcon.colcon_parallel_executor.executor.parallel:run_until_complete finished with '0'
[14.790s] DEBUG:colcon.colcon_core.event_reactor:joining thread
[14.872s] INFO:colcon.colcon_core.plugin_system:Skipping extension 'colcon_notification.desktop_notification.terminal_notifier': Not used on non-Darwin systems
[14.873s] INFO:colcon.colcon_core.plugin_system:Skipping extension 'colcon_notification.desktop_notification.win32': Not used on non-Windows systems
[14.873s] INFO:colcon.colcon_notification.desktop_notification:Sending desktop notification using 'notify2'
[14.972s] DEBUG:colcon.colcon_core.event_reactor:joined thread
[15.027s] INFO:colcon.colcon_core.plugin_system:Skipping extension 'colcon_core.shell.bat': Not used on non-Windows systems
[15.031s] INFO:colcon.colcon_core.shell:Creating prefix script '/home/felipe/ros2_ws/install/local_setup.ps1'
[15.044s] INFO:colcon.colcon_core.shell:Creating prefix util module '/home/felipe/ros2_ws/install/_local_setup_util_ps1.py'
[15.058s] INFO:colcon.colcon_core.shell:Creating prefix chain script '/home/felipe/ros2_ws/install/setup.ps1'
[15.070s] INFO:colcon.colcon_core.shell:Creating prefix script '/home/felipe/ros2_ws/install/local_setup.sh'
[15.087s] INFO:colcon.colcon_core.shell:Creating prefix util module '/home/felipe/ros2_ws/install/_local_setup_util_sh.py'
[15.101s] INFO:colcon.colcon_core.shell:Creating prefix chain script '/home/felipe/ros2_ws/install/setup.sh'
[15.114s] INFO:colcon.colcon_core.shell:Creating prefix script '/home/felipe/ros2_ws/install/local_setup.bash'
[15.124s] INFO:colcon.colcon_core.shell:Creating prefix chain script '/home/felipe/ros2_ws/install/setup.bash'
[15.141s] INFO:colcon.colcon_core.shell:Creating prefix script '/home/felipe/ros2_ws/install/local_setup.zsh'
[15.148s] INFO:colcon.colcon_core.shell:Creating prefix chain script '/home/felipe/ros2_ws/install/setup.zsh'
