running egg_info
writing ../../build/auto_mapper_py/auto_mapper_py.egg-info/PKG-INFO
writing dependency_links to ../../build/auto_mapper_py/auto_mapper_py.egg-info/dependency_links.txt
writing entry points to ../../build/auto_mapper_py/auto_mapper_py.egg-info/entry_points.txt
writing requirements to ../../build/auto_mapper_py/auto_mapper_py.egg-info/requires.txt
writing top-level names to ../../build/auto_mapper_py/auto_mapper_py.egg-info/top_level.txt
reading manifest file '../../build/auto_mapper_py/auto_mapper_py.egg-info/SOURCES.txt'
writing manifest file '../../build/auto_mapper_py/auto_mapper_py.egg-info/SOURCES.txt'
running build
running build_py
copying auto_mapper_py/__init__.py -> /home/felipe/ros2_ws/build/auto_mapper_py/build/lib/auto_mapper_py
copying auto_mapper_py/auto_mapper.py -> /home/felipe/ros2_ws/build/auto_mapper_py/build/lib/auto_mapper_py
running install
running install_lib
running install_data
copying resource/auto_mapper_py -> /home/felipe/ros2_ws/install/auto_mapper_py/share/ament_index/resource_index/packages
copying package.xml -> /home/felipe/ros2_ws/install/auto_mapper_py/share/auto_mapper_py
running install_egg_info
removing '/home/felipe/ros2_ws/install/auto_mapper_py/lib/python3.10/site-packages/auto_mapper_py-0.0.0-py3.10.egg-info' (and everything under it)
Copying ../../build/auto_mapper_py/auto_mapper_py.egg-info to /home/felipe/ros2_ws/install/auto_mapper_py/lib/python3.10/site-packages/auto_mapper_py-0.0.0-py3.10.egg-info
running install_scripts
Installing auto_mapper_node script to /home/felipe/ros2_ws/install/auto_mapper_py/lib/auto_mapper_py
writing list of installed files to '/home/felipe/ros2_ws/build/auto_mapper_py/install.log'
