[1.462s] Invoking command in '/home/felipe/ros2_ws/src/voice_control': PYTHONPATH=/home/felipe/ros2_ws/build/voice_control/prefix_override:/usr/lib/python3/dist-packages/colcon_core/task/python/colcon_distutils_commands:/home/felipe/ros2_ws/install/voice_control/lib/python3.10/site-packages:${PYTHONPATH} /usr/bin/python3 -W ignore:setup.py install is deprecated -W ignore:easy_install command is deprecated setup.py egg_info --egg-base ../../build/voice_control build --build-base /home/felipe/ros2_ws/build/voice_control/build install --record /home/felipe/ros2_ws/build/voice_control/install.log --single-version-externally-managed install_data
[1.642s] /home/felipe/.local/lib/python3.10/site-packages/setuptools/_distutils/dist.py:270: UserWarning: Unknown distribution option: 'tests_require'
[1.642s]   warnings.warn(msg)
[1.794s] running egg_info
[1.818s] writing ../../build/voice_control/voice_control.egg-info/PKG-INFO
[1.819s] writing dependency_links to ../../build/voice_control/voice_control.egg-info/dependency_links.txt
[1.819s] writing entry points to ../../build/voice_control/voice_control.egg-info/entry_points.txt
[1.819s] writing requirements to ../../build/voice_control/voice_control.egg-info/requires.txt
[1.819s] writing top-level names to ../../build/voice_control/voice_control.egg-info/top_level.txt
[1.871s] reading manifest file '../../build/voice_control/voice_control.egg-info/SOURCES.txt'
[1.873s] writing manifest file '../../build/voice_control/voice_control.egg-info/SOURCES.txt'
[1.873s] running build
[1.873s] running build_py
[1.873s] copying voice_control/voice_command_node.py -> /home/felipe/ros2_ws/build/voice_control/build/lib/voice_control
[1.873s] copying voice_control/__init__.py -> /home/felipe/ros2_ws/build/voice_control/build/lib/voice_control
[1.873s] copying voice_control/motion_control_node.py -> /home/felipe/ros2_ws/build/voice_control/build/lib/voice_control
[1.873s] running install
[1.878s] running install_lib
[1.904s] running install_data
[1.904s] copying resource/voice_control -> /home/felipe/ros2_ws/install/voice_control/share/ament_index/resource_index/packages
[1.904s] copying package.xml -> /home/felipe/ros2_ws/install/voice_control/share/voice_control
[1.905s] running install_egg_info
[1.931s] removing '/home/felipe/ros2_ws/install/voice_control/lib/python3.10/site-packages/voice_control-0.0.1-py3.10.egg-info' (and everything under it)
[1.931s] Copying ../../build/voice_control/voice_control.egg-info to /home/felipe/ros2_ws/install/voice_control/lib/python3.10/site-packages/voice_control-0.0.1-py3.10.egg-info
[1.932s] running install_scripts
[2.123s] Installing motion_control_node script to /home/felipe/ros2_ws/install/voice_control/lib/voice_control
[2.123s] Installing voice_command_node script to /home/felipe/ros2_ws/install/voice_control/lib/voice_control
[2.123s] writing list of installed files to '/home/felipe/ros2_ws/build/voice_control/install.log'
[2.163s] Invoked command in '/home/felipe/ros2_ws/src/voice_control' returned '0': PYTHONPATH=/home/felipe/ros2_ws/build/voice_control/prefix_override:/usr/lib/python3/dist-packages/colcon_core/task/python/colcon_distutils_commands:/home/felipe/ros2_ws/install/voice_control/lib/python3.10/site-packages:${PYTHONPATH} /usr/bin/python3 -W ignore:setup.py install is deprecated -W ignore:easy_install command is deprecated setup.py egg_info --egg-base ../../build/voice_control build --build-base /home/felipe/ros2_ws/build/voice_control/build install --record /home/felipe/ros2_ws/build/voice_control/install.log --single-version-externally-managed install_data
