[1.499s] Invoking command in '/home/felipe/ros2_ws/src/ros2_whisper': PYTHONPATH=/home/felipe/ros2_ws/build/ros2_whisper/prefix_override:/usr/lib/python3/dist-packages/colcon_core/task/python/colcon_distutils_commands:/home/felipe/ros2_ws/install/ros2_whisper/lib/python3.10/site-packages:${PYTHONPATH} /usr/bin/python3 -W ignore:setup.py install is deprecated -W ignore:easy_install command is deprecated setup.py egg_info --egg-base ../../build/ros2_whisper build --build-base /home/felipe/ros2_ws/build/ros2_whisper/build install --record /home/felipe/ros2_ws/build/ros2_whisper/install.log --single-version-externally-managed install_data
[1.685s] /home/felipe/.local/lib/python3.10/site-packages/setuptools/_distutils/dist.py:270: UserWarning: Unknown distribution option: 'tests_require'
[1.685s]   warnings.warn(msg)
[1.848s] running egg_info
[1.875s] writing ../../build/ros2_whisper/ros2_whisper.egg-info/PKG-INFO
[1.875s] writing dependency_links to ../../build/ros2_whisper/ros2_whisper.egg-info/dependency_links.txt
[1.876s] writing entry points to ../../build/ros2_whisper/ros2_whisper.egg-info/entry_points.txt
[1.876s] writing requirements to ../../build/ros2_whisper/ros2_whisper.egg-info/requires.txt
[1.876s] writing top-level names to ../../build/ros2_whisper/ros2_whisper.egg-info/top_level.txt
[1.930s] reading manifest file '../../build/ros2_whisper/ros2_whisper.egg-info/SOURCES.txt'
[1.932s] writing manifest file '../../build/ros2_whisper/ros2_whisper.egg-info/SOURCES.txt'
[1.932s] running build
[1.932s] running build_py
[1.932s] copying ros2_whisper/whisper_node.py -> /home/felipe/ros2_ws/build/ros2_whisper/build/lib/ros2_whisper
[1.932s] copying ros2_whisper/__init__.py -> /home/felipe/ros2_ws/build/ros2_whisper/build/lib/ros2_whisper
[1.932s] running install
[1.937s] running install_lib
[1.964s] running install_data
[1.964s] copying resource/ros2_whisper -> /home/felipe/ros2_ws/install/ros2_whisper/share/ament_index/resource_index/packages
[1.964s] copying package.xml -> /home/felipe/ros2_ws/install/ros2_whisper/share/ros2_whisper
[1.964s] running install_egg_info
[1.992s] removing '/home/felipe/ros2_ws/install/ros2_whisper/lib/python3.10/site-packages/ros2_whisper-0.0.1-py3.10.egg-info' (and everything under it)
[1.993s] Copying ../../build/ros2_whisper/ros2_whisper.egg-info to /home/felipe/ros2_ws/install/ros2_whisper/lib/python3.10/site-packages/ros2_whisper-0.0.1-py3.10.egg-info
[1.993s] running install_scripts
[2.192s] Installing whisper_node script to /home/felipe/ros2_ws/install/ros2_whisper/lib/ros2_whisper
[2.193s] writing list of installed files to '/home/felipe/ros2_ws/build/ros2_whisper/install.log'
[2.245s] Invoked command in '/home/felipe/ros2_ws/src/ros2_whisper' returned '0': PYTHONPATH=/home/felipe/ros2_ws/build/ros2_whisper/prefix_override:/usr/lib/python3/dist-packages/colcon_core/task/python/colcon_distutils_commands:/home/felipe/ros2_ws/install/ros2_whisper/lib/python3.10/site-packages:${PYTHONPATH} /usr/bin/python3 -W ignore:setup.py install is deprecated -W ignore:easy_install command is deprecated setup.py egg_info --egg-base ../../build/ros2_whisper build --build-base /home/felipe/ros2_ws/build/ros2_whisper/build install --record /home/felipe/ros2_ws/build/ros2_whisper/install.log --single-version-externally-managed install_data
