[0.500s] Invoking command in '/home/felipe/ros2_ws/build/explorer_interfaces': CMAKE_PREFIX_PATH=${CMAKE_PREFIX_PATH}:/home/felipe/ros2_ws/install/auto_mapper_py:/home/felipe/ros2_ws/install/vacuum_robot:/home/felipe/ros2_ws/install/my_py_pkg:/opt/ros/humble:/home/felipe/ros2_ws/install /usr/bin/cmake /home/felipe/ros2_ws/src/ros2_explorer/explorer_interfaces -DCMAKE_INSTALL_PREFIX=/home/felipe/ros2_ws/install/explorer_interfaces
[1.063s] -- The C compiler identification is GNU 11.4.0
[1.063s] -- The CXX compiler identification is GNU 11.4.0
[1.063s] -- Detecting C compiler ABI info
[1.063s] -- Detecting C compiler ABI info - done
[1.063s] -- Check for working C compiler: /usr/bin/cc - skipped
[1.064s] -- Detecting C compile features
[1.064s] -- Detecting C compile features - done
[1.064s] -- Detecting CXX compiler ABI info
[1.064s] -- Detecting CXX compiler ABI info - done
[1.064s] -- Check for working CXX compiler: /usr/bin/c++ - skipped
[1.064s] -- Detecting CXX compile features
[1.064s] -- Detecting CXX compile features - done
[1.064s] -- Found ament_cmake: 1.3.11 (/opt/ros/humble/share/ament_cmake/cmake)
[1.255s] -- Found Python3: /usr/bin/python3 (found version "3.10.12") found components: Interpreter 
[1.391s] -- Found ament_lint_auto: 0.12.11 (/opt/ros/humble/share/ament_lint_auto/cmake)
[1.557s] -- Found rosidl_default_generators: 1.2.0 (/opt/ros/humble/share/rosidl_default_generators/cmake)
[1.571s] -- Using all available rosidl_typesupport_c: rosidl_typesupport_fastrtps_c;rosidl_typesupport_introspection_c
[1.583s] -- Found rosidl_adapter: 3.1.6 (/opt/ros/humble/share/rosidl_adapter/cmake)
[1.679s] -- Using all available rosidl_typesupport_cpp: rosidl_typesupport_fastrtps_cpp;rosidl_typesupport_introspection_cpp
[1.748s] -- Found geometry_msgs: 4.2.4 (/opt/ros/humble/share/geometry_msgs/cmake)
[1.839s] -- Found nav_msgs: 4.2.4 (/opt/ros/humble/share/nav_msgs/cmake)
[2.245s] -- Found ament_cmake_ros: 0.10.0 (/opt/ros/humble/share/ament_cmake_ros/cmake)
[2.463s] -- Using all available rosidl_typesupport_c: rosidl_typesupport_fastrtps_c;rosidl_typesupport_introspection_c
[2.864s] -- Using all available rosidl_typesupport_cpp: rosidl_typesupport_fastrtps_cpp;rosidl_typesupport_introspection_cpp
[2.908s] -- Found PythonInterp: /usr/bin/python3 (found suitable version "3.10.12", minimum required is "3.6") 
[2.910s] -- Found python_cmake_module: 0.10.0 (/opt/ros/humble/share/python_cmake_module/cmake)
[2.961s] -- Found PythonLibs: /usr/lib/x86_64-linux-gnu/libpython3.10.so (found suitable version "3.10.12", minimum required is "3.5") 
[2.962s] -- Using PYTHON_EXECUTABLE: /usr/bin/python3
[2.962s] -- Using PYTHON_INCLUDE_DIRS: /usr/include/python3.10
[2.962s] -- Using PYTHON_LIBRARIES: /usr/lib/x86_64-linux-gnu/libpython3.10.so
[3.003s] -- Found PythonExtra: .so  
[3.051s] -- Added test 'copyright' to check source files copyright and LICENSE
[3.053s] -- Added test 'lint_cmake' to check CMake code style
[3.053s] -- Added test 'xmllint' to check XML markup files
[3.060s] -- Configuring done
[3.095s] -- Generating done
[3.107s] -- Build files have been written to: /home/felipe/ros2_ws/build/explorer_interfaces
[3.118s] Invoked command in '/home/felipe/ros2_ws/build/explorer_interfaces' returned '0': CMAKE_PREFIX_PATH=${CMAKE_PREFIX_PATH}:/home/felipe/ros2_ws/install/auto_mapper_py:/home/felipe/ros2_ws/install/vacuum_robot:/home/felipe/ros2_ws/install/my_py_pkg:/opt/ros/humble:/home/felipe/ros2_ws/install /usr/bin/cmake /home/felipe/ros2_ws/src/ros2_explorer/explorer_interfaces -DCMAKE_INSTALL_PREFIX=/home/felipe/ros2_ws/install/explorer_interfaces
[3.119s] Invoking command in '/home/felipe/ros2_ws/build/explorer_interfaces': CMAKE_PREFIX_PATH=${CMAKE_PREFIX_PATH}:/home/felipe/ros2_ws/install/auto_mapper_py:/home/felipe/ros2_ws/install/vacuum_robot:/home/felipe/ros2_ws/install/my_py_pkg:/opt/ros/humble:/home/felipe/ros2_ws/install /usr/bin/cmake --build /home/felipe/ros2_ws/build/explorer_interfaces -- -j8 -l8
[3.155s] [  2%] [34m[1mGenerating C code for ROS interfaces[0m
[3.167s] [  5%] [34m[1mGenerating C++ code for ROS interfaces[0m
[3.174s] [  5%] Built target ament_cmake_python_copy_explorer_interfaces
[3.519s] running egg_info
[3.542s] creating explorer_interfaces.egg-info
[3.542s] writing explorer_interfaces.egg-info/PKG-INFO
[3.542s] writing dependency_links to explorer_interfaces.egg-info/dependency_links.txt
[3.543s] writing top-level names to explorer_interfaces.egg-info/top_level.txt
[3.543s] writing manifest file 'explorer_interfaces.egg-info/SOURCES.txt'
[3.611s] reading manifest file 'explorer_interfaces.egg-info/SOURCES.txt'
[3.612s] writing manifest file 'explorer_interfaces.egg-info/SOURCES.txt'
[3.639s] [  5%] Built target ament_cmake_python_build_explorer_interfaces_egg
[3.999s] [  5%] Built target explorer_interfaces__cpp
[4.007s] [ 12%] [34m[1mGenerating C++ type support for eProsima Fast-RTPS[0m
[4.007s] [ 12%] [34m[1mGenerating C++ type support dispatch for ROS interfaces[0m
[4.007s] [ 12%] [34m[1mGenerating C++ introspection for ROS interfaces[0m
[4.014s] [ 17%] [32mBuilding C object CMakeFiles/explorer_interfaces__rosidl_generator_c.dir/rosidl_generator_c/explorer_interfaces/action/detail/discover__functions.c.o[0m
[4.014s] [ 17%] [32mBuilding C object CMakeFiles/explorer_interfaces__rosidl_generator_c.dir/rosidl_generator_c/explorer_interfaces/action/detail/wander__functions.c.o[0m
[4.244s] [ 20%] [32m[1mLinking C shared library libexplorer_interfaces__rosidl_generator_c.so[0m
[4.277s] [ 20%] Built target explorer_interfaces__rosidl_generator_c
[4.287s] [ 23%] [34m[1mGenerating C type support for eProsima Fast-RTPS[0m
[4.288s] [ 25%] [34m[1mGenerating C type support dispatch for ROS interfaces[0m
[4.289s] [ 28%] [34m[1mGenerating C introspection for ROS interfaces[0m
[4.540s] [ 30%] [32mBuilding CXX object CMakeFiles/explorer_interfaces__rosidl_typesupport_cpp.dir/rosidl_typesupport_cpp/explorer_interfaces/action/discover__type_support.cpp.o[0m
[4.542s] [ 33%] [32mBuilding CXX object CMakeFiles/explorer_interfaces__rosidl_typesupport_cpp.dir/rosidl_typesupport_cpp/explorer_interfaces/action/wander__type_support.cpp.o[0m
[4.800s] [ 38%] [32mBuilding CXX object CMakeFiles/explorer_interfaces__rosidl_typesupport_introspection_cpp.dir/rosidl_typesupport_introspection_cpp/explorer_interfaces/action/detail/wander__type_support.cpp.o[0m
[4.801s] [ 38%] [32mBuilding CXX object CMakeFiles/explorer_interfaces__rosidl_typesupport_introspection_cpp.dir/rosidl_typesupport_introspection_cpp/explorer_interfaces/action/detail/discover__type_support.cpp.o[0m
[4.909s] [ 41%] [32mBuilding CXX object CMakeFiles/explorer_interfaces__rosidl_typesupport_c.dir/rosidl_typesupport_c/explorer_interfaces/action/wander__type_support.cpp.o[0m
[4.987s] [ 43%] [32mBuilding CXX object CMakeFiles/explorer_interfaces__rosidl_typesupport_c.dir/rosidl_typesupport_c/explorer_interfaces/action/discover__type_support.cpp.o[0m
[5.056s] [ 46%] [32m[1mLinking CXX shared library libexplorer_interfaces__rosidl_typesupport_c.so[0m
[5.089s] [ 48%] [32mBuilding CXX object CMakeFiles/explorer_interfaces__rosidl_typesupport_fastrtps_cpp.dir/rosidl_typesupport_fastrtps_cpp/explorer_interfaces/action/detail/dds_fastrtps/wander__type_support.cpp.o[0m
[5.116s] [ 48%] Built target explorer_interfaces__rosidl_typesupport_c
[5.127s] [ 51%] [32mBuilding CXX object CMakeFiles/explorer_interfaces__rosidl_typesupport_fastrtps_cpp.dir/rosidl_typesupport_fastrtps_cpp/explorer_interfaces/action/detail/dds_fastrtps/discover__type_support.cpp.o[0m
[5.330s] [ 53%] [32m[1mLinking CXX shared library libexplorer_interfaces__rosidl_typesupport_cpp.so[0m
[5.344s] [ 58%] [32mBuilding CXX object CMakeFiles/explorer_interfaces__rosidl_typesupport_fastrtps_c.dir/rosidl_typesupport_fastrtps_c/explorer_interfaces/action/detail/discover__type_support_c.cpp.o[0m
[5.344s] [ 58%] [32mBuilding CXX object CMakeFiles/explorer_interfaces__rosidl_typesupport_fastrtps_c.dir/rosidl_typesupport_fastrtps_c/explorer_interfaces/action/detail/wander__type_support_c.cpp.o[0m
[5.398s] [ 58%] Built target explorer_interfaces__rosidl_typesupport_cpp
[5.404s] [ 61%] [32mBuilding C object CMakeFiles/explorer_interfaces__rosidl_typesupport_introspection_c.dir/rosidl_typesupport_introspection_c/explorer_interfaces/action/detail/wander__type_support.c.o[0m
[5.408s] [ 64%] [32mBuilding C object CMakeFiles/explorer_interfaces__rosidl_typesupport_introspection_c.dir/rosidl_typesupport_introspection_c/explorer_interfaces/action/detail/discover__type_support.c.o[0m
[5.479s] [ 66%] [32m[1mLinking C shared library libexplorer_interfaces__rosidl_typesupport_introspection_c.so[0m
[5.522s] [ 66%] Built target explorer_interfaces__rosidl_typesupport_introspection_c
[5.816s] [ 69%] [32m[1mLinking CXX shared library libexplorer_interfaces__rosidl_typesupport_introspection_cpp.so[0m
[5.896s] [ 71%] [32m[1mLinking CXX shared library libexplorer_interfaces__rosidl_typesupport_fastrtps_c.so[0m
[5.899s] [ 71%] Built target explorer_interfaces__rosidl_typesupport_introspection_cpp
[5.958s] [ 74%] [32m[1mLinking CXX shared library libexplorer_interfaces__rosidl_typesupport_fastrtps_cpp.so[0m
[5.982s] [ 74%] Built target explorer_interfaces__rosidl_typesupport_fastrtps_c
[6.034s] [ 74%] Built target explorer_interfaces__rosidl_typesupport_fastrtps_cpp
[6.051s] [ 74%] Built target explorer_interfaces
[6.067s] [ 76%] [34m[1mGenerating Python code for ROS interfaces[0m
[7.389s] [ 76%] Built target explorer_interfaces__py
[7.405s] [ 82%] [32mBuilding C object CMakeFiles/explorer_interfaces__rosidl_generator_py.dir/rosidl_generator_py/explorer_interfaces/action/_wander_s.c.o[0m
[7.405s] [ 82%] [32mBuilding C object CMakeFiles/explorer_interfaces__rosidl_generator_py.dir/rosidl_generator_py/explorer_interfaces/action/_discover_s.c.o[0m
[7.580s] [ 84%] [32m[1mLinking C shared library rosidl_generator_py/explorer_interfaces/libexplorer_interfaces__rosidl_generator_py.so[0m
[7.614s] [ 84%] Built target explorer_interfaces__rosidl_generator_py
[7.631s] [ 92%] [32mBuilding C object CMakeFiles/explorer_interfaces__rosidl_typesupport_c__pyext.dir/rosidl_generator_py/explorer_interfaces/_explorer_interfaces_s.ep.rosidl_typesupport_c.c.o[0m
[7.631s] [ 92%] [32mBuilding C object CMakeFiles/explorer_interfaces__rosidl_typesupport_fastrtps_c__pyext.dir/rosidl_generator_py/explorer_interfaces/_explorer_interfaces_s.ep.rosidl_typesupport_fastrtps_c.c.o[0m
[7.631s] [ 92%] [32mBuilding C object CMakeFiles/explorer_interfaces__rosidl_typesupport_introspection_c__pyext.dir/rosidl_generator_py/explorer_interfaces/_explorer_interfaces_s.ep.rosidl_typesupport_introspection_c.c.o[0m
[7.760s] [100%] [32m[1mLinking C shared library rosidl_generator_py/explorer_interfaces/explorer_interfaces_s__rosidl_typesupport_fastrtps_c.cpython-310-x86_64-linux-gnu.so[0m
[7.760s] [100%] [32m[1mLinking C shared library rosidl_generator_py/explorer_interfaces/explorer_interfaces_s__rosidl_typesupport_introspection_c.cpython-310-x86_64-linux-gnu.so[0m
[7.760s] [100%] [32m[1mLinking C shared library rosidl_generator_py/explorer_interfaces/explorer_interfaces_s__rosidl_typesupport_c.cpython-310-x86_64-linux-gnu.so[0m
[7.794s] [100%] Built target explorer_interfaces__rosidl_typesupport_c__pyext
[7.795s] [100%] Built target explorer_interfaces__rosidl_typesupport_introspection_c__pyext
[7.795s] [100%] Built target explorer_interfaces__rosidl_typesupport_fastrtps_c__pyext
[7.804s] Invoked command in '/home/felipe/ros2_ws/build/explorer_interfaces' returned '0': CMAKE_PREFIX_PATH=${CMAKE_PREFIX_PATH}:/home/felipe/ros2_ws/install/auto_mapper_py:/home/felipe/ros2_ws/install/vacuum_robot:/home/felipe/ros2_ws/install/my_py_pkg:/opt/ros/humble:/home/felipe/ros2_ws/install /usr/bin/cmake --build /home/felipe/ros2_ws/build/explorer_interfaces -- -j8 -l8
[7.806s] Invoking command in '/home/felipe/ros2_ws/build/explorer_interfaces': CMAKE_PREFIX_PATH=${CMAKE_PREFIX_PATH}:/home/felipe/ros2_ws/install/auto_mapper_py:/home/felipe/ros2_ws/install/vacuum_robot:/home/felipe/ros2_ws/install/my_py_pkg:/opt/ros/humble:/home/felipe/ros2_ws/install /usr/bin/cmake --install /home/felipe/ros2_ws/build/explorer_interfaces
[7.812s] -- Install configuration: ""
[7.812s] -- Installing: /home/felipe/ros2_ws/install/explorer_interfaces/share/ament_index/resource_index/rosidl_interfaces/explorer_interfaces
[7.812s] -- Installing: /home/felipe/ros2_ws/install/explorer_interfaces/include/explorer_interfaces/explorer_interfaces
[7.813s] -- Installing: /home/felipe/ros2_ws/install/explorer_interfaces/include/explorer_interfaces/explorer_interfaces/msg
[7.813s] -- Installing: /home/felipe/ros2_ws/install/explorer_interfaces/include/explorer_interfaces/explorer_interfaces/msg/rosidl_generator_c__visibility_control.h
[7.813s] -- Installing: /home/felipe/ros2_ws/install/explorer_interfaces/include/explorer_interfaces/explorer_interfaces/action
[7.813s] -- Installing: /home/felipe/ros2_ws/install/explorer_interfaces/include/explorer_interfaces/explorer_interfaces/action/wander.h
[7.813s] -- Installing: /home/felipe/ros2_ws/install/explorer_interfaces/include/explorer_interfaces/explorer_interfaces/action/discover.h
[7.813s] -- Installing: /home/felipe/ros2_ws/install/explorer_interfaces/include/explorer_interfaces/explorer_interfaces/action/detail
[7.813s] -- Installing: /home/felipe/ros2_ws/install/explorer_interfaces/include/explorer_interfaces/explorer_interfaces/action/detail/discover__type_support.h
[7.813s] -- Installing: /home/felipe/ros2_ws/install/explorer_interfaces/include/explorer_interfaces/explorer_interfaces/action/detail/discover__functions.h
[7.813s] -- Installing: /home/felipe/ros2_ws/install/explorer_interfaces/include/explorer_interfaces/explorer_interfaces/action/detail/discover__functions.c
[7.813s] -- Installing: /home/felipe/ros2_ws/install/explorer_interfaces/include/explorer_interfaces/explorer_interfaces/action/detail/discover__struct.h
[7.813s] -- Installing: /home/felipe/ros2_ws/install/explorer_interfaces/include/explorer_interfaces/explorer_interfaces/action/detail/wander__type_support.h
[7.813s] -- Installing: /home/felipe/ros2_ws/install/explorer_interfaces/include/explorer_interfaces/explorer_interfaces/action/detail/wander__functions.h
[7.813s] -- Installing: /home/felipe/ros2_ws/install/explorer_interfaces/include/explorer_interfaces/explorer_interfaces/action/detail/wander__struct.h
[7.813s] -- Installing: /home/felipe/ros2_ws/install/explorer_interfaces/include/explorer_interfaces/explorer_interfaces/action/detail/wander__functions.c
[7.814s] -- Installing: /home/felipe/ros2_ws/install/explorer_interfaces/share/explorer_interfaces/environment/library_path.sh
[7.814s] -- Installing: /home/felipe/ros2_ws/install/explorer_interfaces/share/explorer_interfaces/environment/library_path.dsv
[7.814s] -- Installing: /home/felipe/ros2_ws/install/explorer_interfaces/lib/libexplorer_interfaces__rosidl_generator_c.so
[7.814s] -- Set runtime path of "/home/felipe/ros2_ws/install/explorer_interfaces/lib/libexplorer_interfaces__rosidl_generator_c.so" to ""
[7.814s] -- Up-to-date: /home/felipe/ros2_ws/install/explorer_interfaces/include/explorer_interfaces/explorer_interfaces
[7.814s] -- Up-to-date: /home/felipe/ros2_ws/install/explorer_interfaces/include/explorer_interfaces/explorer_interfaces/msg
[7.814s] -- Installing: /home/felipe/ros2_ws/install/explorer_interfaces/include/explorer_interfaces/explorer_interfaces/msg/rosidl_typesupport_fastrtps_c__visibility_control.h
[7.814s] -- Up-to-date: /home/felipe/ros2_ws/install/explorer_interfaces/include/explorer_interfaces/explorer_interfaces/action
[7.815s] -- Up-to-date: /home/felipe/ros2_ws/install/explorer_interfaces/include/explorer_interfaces/explorer_interfaces/action/detail
[7.815s] -- Installing: /home/felipe/ros2_ws/install/explorer_interfaces/include/explorer_interfaces/explorer_interfaces/action/detail/wander__rosidl_typesupport_fastrtps_c.h
[7.815s] -- Installing: /home/felipe/ros2_ws/install/explorer_interfaces/include/explorer_interfaces/explorer_interfaces/action/detail/discover__rosidl_typesupport_fastrtps_c.h
[7.815s] -- Installing: /home/felipe/ros2_ws/install/explorer_interfaces/lib/libexplorer_interfaces__rosidl_typesupport_fastrtps_c.so
[7.815s] -- Set runtime path of "/home/felipe/ros2_ws/install/explorer_interfaces/lib/libexplorer_interfaces__rosidl_typesupport_fastrtps_c.so" to ""
[7.815s] -- Up-to-date: /home/felipe/ros2_ws/install/explorer_interfaces/include/explorer_interfaces/explorer_interfaces
[7.815s] -- Up-to-date: /home/felipe/ros2_ws/install/explorer_interfaces/include/explorer_interfaces/explorer_interfaces/msg
[7.815s] -- Installing: /home/felipe/ros2_ws/install/explorer_interfaces/include/explorer_interfaces/explorer_interfaces/msg/rosidl_typesupport_introspection_c__visibility_control.h
[7.815s] -- Up-to-date: /home/felipe/ros2_ws/install/explorer_interfaces/include/explorer_interfaces/explorer_interfaces/action
[7.815s] -- Up-to-date: /home/felipe/ros2_ws/install/explorer_interfaces/include/explorer_interfaces/explorer_interfaces/action/detail
[7.815s] -- Installing: /home/felipe/ros2_ws/install/explorer_interfaces/include/explorer_interfaces/explorer_interfaces/action/detail/wander__rosidl_typesupport_introspection_c.h
[7.815s] -- Installing: /home/felipe/ros2_ws/install/explorer_interfaces/include/explorer_interfaces/explorer_interfaces/action/detail/discover__type_support.c
[7.815s] -- Installing: /home/felipe/ros2_ws/install/explorer_interfaces/include/explorer_interfaces/explorer_interfaces/action/detail/wander__type_support.c
[7.816s] -- Installing: /home/felipe/ros2_ws/install/explorer_interfaces/include/explorer_interfaces/explorer_interfaces/action/detail/discover__rosidl_typesupport_introspection_c.h
[7.816s] -- Installing: /home/felipe/ros2_ws/install/explorer_interfaces/lib/libexplorer_interfaces__rosidl_typesupport_introspection_c.so
[7.816s] -- Set runtime path of "/home/felipe/ros2_ws/install/explorer_interfaces/lib/libexplorer_interfaces__rosidl_typesupport_introspection_c.so" to ""
[7.816s] -- Installing: /home/felipe/ros2_ws/install/explorer_interfaces/lib/libexplorer_interfaces__rosidl_typesupport_c.so
[7.816s] -- Set runtime path of "/home/felipe/ros2_ws/install/explorer_interfaces/lib/libexplorer_interfaces__rosidl_typesupport_c.so" to ""
[7.816s] -- Up-to-date: /home/felipe/ros2_ws/install/explorer_interfaces/include/explorer_interfaces/explorer_interfaces
[7.816s] -- Up-to-date: /home/felipe/ros2_ws/install/explorer_interfaces/include/explorer_interfaces/explorer_interfaces/msg
[7.816s] -- Installing: /home/felipe/ros2_ws/install/explorer_interfaces/include/explorer_interfaces/explorer_interfaces/msg/rosidl_generator_cpp__visibility_control.hpp
[7.816s] -- Up-to-date: /home/felipe/ros2_ws/install/explorer_interfaces/include/explorer_interfaces/explorer_interfaces/action
[7.816s] -- Up-to-date: /home/felipe/ros2_ws/install/explorer_interfaces/include/explorer_interfaces/explorer_interfaces/action/detail
[7.816s] -- Installing: /home/felipe/ros2_ws/install/explorer_interfaces/include/explorer_interfaces/explorer_interfaces/action/detail/wander__struct.hpp
[7.816s] -- Installing: /home/felipe/ros2_ws/install/explorer_interfaces/include/explorer_interfaces/explorer_interfaces/action/detail/discover__struct.hpp
[7.817s] -- Installing: /home/felipe/ros2_ws/install/explorer_interfaces/include/explorer_interfaces/explorer_interfaces/action/detail/wander__builder.hpp
[7.817s] -- Installing: /home/felipe/ros2_ws/install/explorer_interfaces/include/explorer_interfaces/explorer_interfaces/action/detail/discover__type_support.hpp
[7.817s] -- Installing: /home/felipe/ros2_ws/install/explorer_interfaces/include/explorer_interfaces/explorer_interfaces/action/detail/discover__traits.hpp
[7.817s] -- Installing: /home/felipe/ros2_ws/install/explorer_interfaces/include/explorer_interfaces/explorer_interfaces/action/detail/wander__traits.hpp
[7.817s] -- Installing: /home/felipe/ros2_ws/install/explorer_interfaces/include/explorer_interfaces/explorer_interfaces/action/detail/discover__builder.hpp
[7.817s] -- Installing: /home/felipe/ros2_ws/install/explorer_interfaces/include/explorer_interfaces/explorer_interfaces/action/detail/wander__type_support.hpp
[7.817s] -- Installing: /home/felipe/ros2_ws/install/explorer_interfaces/include/explorer_interfaces/explorer_interfaces/action/discover.hpp
[7.817s] -- Installing: /home/felipe/ros2_ws/install/explorer_interfaces/include/explorer_interfaces/explorer_interfaces/action/wander.hpp
[7.817s] -- Up-to-date: /home/felipe/ros2_ws/install/explorer_interfaces/include/explorer_interfaces/explorer_interfaces
[7.817s] -- Up-to-date: /home/felipe/ros2_ws/install/explorer_interfaces/include/explorer_interfaces/explorer_interfaces/msg
[7.817s] -- Installing: /home/felipe/ros2_ws/install/explorer_interfaces/include/explorer_interfaces/explorer_interfaces/msg/rosidl_typesupport_fastrtps_cpp__visibility_control.h
[7.817s] -- Up-to-date: /home/felipe/ros2_ws/install/explorer_interfaces/include/explorer_interfaces/explorer_interfaces/action
[7.817s] -- Up-to-date: /home/felipe/ros2_ws/install/explorer_interfaces/include/explorer_interfaces/explorer_interfaces/action/detail
[7.817s] -- Installing: /home/felipe/ros2_ws/install/explorer_interfaces/include/explorer_interfaces/explorer_interfaces/action/detail/wander__rosidl_typesupport_fastrtps_cpp.hpp
[7.817s] -- Installing: /home/felipe/ros2_ws/install/explorer_interfaces/include/explorer_interfaces/explorer_interfaces/action/detail/dds_fastrtps
[7.818s] -- Installing: /home/felipe/ros2_ws/install/explorer_interfaces/include/explorer_interfaces/explorer_interfaces/action/detail/discover__rosidl_typesupport_fastrtps_cpp.hpp
[7.818s] -- Installing: /home/felipe/ros2_ws/install/explorer_interfaces/lib/libexplorer_interfaces__rosidl_typesupport_fastrtps_cpp.so
[7.818s] -- Set runtime path of "/home/felipe/ros2_ws/install/explorer_interfaces/lib/libexplorer_interfaces__rosidl_typesupport_fastrtps_cpp.so" to ""
[7.818s] -- Up-to-date: /home/felipe/ros2_ws/install/explorer_interfaces/include/explorer_interfaces/explorer_interfaces
[7.818s] -- Up-to-date: /home/felipe/ros2_ws/install/explorer_interfaces/include/explorer_interfaces/explorer_interfaces/action
[7.818s] -- Up-to-date: /home/felipe/ros2_ws/install/explorer_interfaces/include/explorer_interfaces/explorer_interfaces/action/detail
[7.818s] -- Installing: /home/felipe/ros2_ws/install/explorer_interfaces/include/explorer_interfaces/explorer_interfaces/action/detail/wander__type_support.cpp
[7.818s] -- Installing: /home/felipe/ros2_ws/install/explorer_interfaces/include/explorer_interfaces/explorer_interfaces/action/detail/discover__rosidl_typesupport_introspection_cpp.hpp
[7.818s] -- Installing: /home/felipe/ros2_ws/install/explorer_interfaces/include/explorer_interfaces/explorer_interfaces/action/detail/discover__type_support.cpp
[7.818s] -- Installing: /home/felipe/ros2_ws/install/explorer_interfaces/include/explorer_interfaces/explorer_interfaces/action/detail/wander__rosidl_typesupport_introspection_cpp.hpp
[7.818s] -- Installing: /home/felipe/ros2_ws/install/explorer_interfaces/lib/libexplorer_interfaces__rosidl_typesupport_introspection_cpp.so
[7.819s] -- Set runtime path of "/home/felipe/ros2_ws/install/explorer_interfaces/lib/libexplorer_interfaces__rosidl_typesupport_introspection_cpp.so" to ""
[7.819s] -- Installing: /home/felipe/ros2_ws/install/explorer_interfaces/lib/libexplorer_interfaces__rosidl_typesupport_cpp.so
[7.819s] -- Set runtime path of "/home/felipe/ros2_ws/install/explorer_interfaces/lib/libexplorer_interfaces__rosidl_typesupport_cpp.so" to ""
[7.819s] -- Installing: /home/felipe/ros2_ws/install/explorer_interfaces/share/explorer_interfaces/environment/pythonpath.sh
[7.819s] -- Installing: /home/felipe/ros2_ws/install/explorer_interfaces/share/explorer_interfaces/environment/pythonpath.dsv
[7.819s] -- Installing: /home/felipe/ros2_ws/install/explorer_interfaces/local/lib/python3.10/dist-packages/explorer_interfaces-0.0.0-py3.10.egg-info
[7.819s] -- Installing: /home/felipe/ros2_ws/install/explorer_interfaces/local/lib/python3.10/dist-packages/explorer_interfaces-0.0.0-py3.10.egg-info/top_level.txt
[7.819s] -- Installing: /home/felipe/ros2_ws/install/explorer_interfaces/local/lib/python3.10/dist-packages/explorer_interfaces-0.0.0-py3.10.egg-info/dependency_links.txt
[7.820s] -- Installing: /home/felipe/ros2_ws/install/explorer_interfaces/local/lib/python3.10/dist-packages/explorer_interfaces-0.0.0-py3.10.egg-info/PKG-INFO
[7.820s] -- Installing: /home/felipe/ros2_ws/install/explorer_interfaces/local/lib/python3.10/dist-packages/explorer_interfaces-0.0.0-py3.10.egg-info/SOURCES.txt
[7.820s] -- Installing: /home/felipe/ros2_ws/install/explorer_interfaces/local/lib/python3.10/dist-packages/explorer_interfaces
[7.820s] -- Installing: /home/felipe/ros2_ws/install/explorer_interfaces/local/lib/python3.10/dist-packages/explorer_interfaces/_explorer_interfaces_s.ep.rosidl_typesupport_introspection_c.c
[7.820s] -- Installing: /home/felipe/ros2_ws/install/explorer_interfaces/local/lib/python3.10/dist-packages/explorer_interfaces/explorer_interfaces_s__rosidl_typesupport_introspection_c.cpython-310-x86_64-linux-gnu.so
[7.820s] -- Installing: /home/felipe/ros2_ws/install/explorer_interfaces/local/lib/python3.10/dist-packages/explorer_interfaces/explorer_interfaces_s__rosidl_typesupport_c.cpython-310-x86_64-linux-gnu.so
[7.820s] -- Installing: /home/felipe/ros2_ws/install/explorer_interfaces/local/lib/python3.10/dist-packages/explorer_interfaces/explorer_interfaces_s__rosidl_typesupport_fastrtps_c.cpython-310-x86_64-linux-gnu.so
[7.820s] -- Installing: /home/felipe/ros2_ws/install/explorer_interfaces/local/lib/python3.10/dist-packages/explorer_interfaces/libexplorer_interfaces__rosidl_generator_py.so
[7.820s] -- Installing: /home/felipe/ros2_ws/install/explorer_interfaces/local/lib/python3.10/dist-packages/explorer_interfaces/_explorer_interfaces_s.ep.rosidl_typesupport_fastrtps_c.c
[7.820s] -- Installing: /home/felipe/ros2_ws/install/explorer_interfaces/local/lib/python3.10/dist-packages/explorer_interfaces/_explorer_interfaces_s.ep.rosidl_typesupport_c.c
[7.821s] -- Installing: /home/felipe/ros2_ws/install/explorer_interfaces/local/lib/python3.10/dist-packages/explorer_interfaces/__init__.py
[7.821s] -- Installing: /home/felipe/ros2_ws/install/explorer_interfaces/local/lib/python3.10/dist-packages/explorer_interfaces/action
[7.821s] -- Installing: /home/felipe/ros2_ws/install/explorer_interfaces/local/lib/python3.10/dist-packages/explorer_interfaces/action/_wander_s.c
[7.821s] -- Installing: /home/felipe/ros2_ws/install/explorer_interfaces/local/lib/python3.10/dist-packages/explorer_interfaces/action/_discover.py
[7.821s] -- Installing: /home/felipe/ros2_ws/install/explorer_interfaces/local/lib/python3.10/dist-packages/explorer_interfaces/action/__init__.py
[7.821s] -- Installing: /home/felipe/ros2_ws/install/explorer_interfaces/local/lib/python3.10/dist-packages/explorer_interfaces/action/_wander.py
[7.821s] -- Installing: /home/felipe/ros2_ws/install/explorer_interfaces/local/lib/python3.10/dist-packages/explorer_interfaces/action/_discover_s.c
[7.862s] Listing '/home/felipe/ros2_ws/install/explorer_interfaces/local/lib/python3.10/dist-packages/explorer_interfaces'...
[7.862s] Compiling '/home/felipe/ros2_ws/install/explorer_interfaces/local/lib/python3.10/dist-packages/explorer_interfaces/__init__.py'...
[7.862s] Listing '/home/felipe/ros2_ws/install/explorer_interfaces/local/lib/python3.10/dist-packages/explorer_interfaces/action'...
[7.862s] Compiling '/home/felipe/ros2_ws/install/explorer_interfaces/local/lib/python3.10/dist-packages/explorer_interfaces/action/__init__.py'...
[7.862s] Compiling '/home/felipe/ros2_ws/install/explorer_interfaces/local/lib/python3.10/dist-packages/explorer_interfaces/action/_discover.py'...
[7.862s] Compiling '/home/felipe/ros2_ws/install/explorer_interfaces/local/lib/python3.10/dist-packages/explorer_interfaces/action/_wander.py'...
[7.867s] -- Installing: /home/felipe/ros2_ws/install/explorer_interfaces/local/lib/python3.10/dist-packages/explorer_interfaces/explorer_interfaces_s__rosidl_typesupport_fastrtps_c.cpython-310-x86_64-linux-gnu.so
[7.867s] -- Set runtime path of "/home/felipe/ros2_ws/install/explorer_interfaces/local/lib/python3.10/dist-packages/explorer_interfaces/explorer_interfaces_s__rosidl_typesupport_fastrtps_c.cpython-310-x86_64-linux-gnu.so" to ""
[7.867s] -- Installing: /home/felipe/ros2_ws/install/explorer_interfaces/local/lib/python3.10/dist-packages/explorer_interfaces/explorer_interfaces_s__rosidl_typesupport_introspection_c.cpython-310-x86_64-linux-gnu.so
[7.867s] -- Set runtime path of "/home/felipe/ros2_ws/install/explorer_interfaces/local/lib/python3.10/dist-packages/explorer_interfaces/explorer_interfaces_s__rosidl_typesupport_introspection_c.cpython-310-x86_64-linux-gnu.so" to ""
[7.867s] -- Installing: /home/felipe/ros2_ws/install/explorer_interfaces/local/lib/python3.10/dist-packages/explorer_interfaces/explorer_interfaces_s__rosidl_typesupport_c.cpython-310-x86_64-linux-gnu.so
[7.868s] -- Set runtime path of "/home/felipe/ros2_ws/install/explorer_interfaces/local/lib/python3.10/dist-packages/explorer_interfaces/explorer_interfaces_s__rosidl_typesupport_c.cpython-310-x86_64-linux-gnu.so" to ""
[7.868s] -- Installing: /home/felipe/ros2_ws/install/explorer_interfaces/lib/libexplorer_interfaces__rosidl_generator_py.so
[7.868s] -- Set runtime path of "/home/felipe/ros2_ws/install/explorer_interfaces/lib/libexplorer_interfaces__rosidl_generator_py.so" to ""
[7.868s] -- Installing: /home/felipe/ros2_ws/install/explorer_interfaces/share/explorer_interfaces/action/Wander.idl
[7.868s] -- Installing: /home/felipe/ros2_ws/install/explorer_interfaces/share/explorer_interfaces/action/Discover.idl
[7.869s] -- Installing: /home/felipe/ros2_ws/install/explorer_interfaces/share/explorer_interfaces/action/Wander.action
[7.869s] -- Installing: /home/felipe/ros2_ws/install/explorer_interfaces/share/explorer_interfaces/action/Discover.action
[7.869s] -- Installing: /home/felipe/ros2_ws/install/explorer_interfaces/share/ament_index/resource_index/package_run_dependencies/explorer_interfaces
[7.869s] -- Installing: /home/felipe/ros2_ws/install/explorer_interfaces/share/ament_index/resource_index/parent_prefix_path/explorer_interfaces
[7.869s] -- Installing: /home/felipe/ros2_ws/install/explorer_interfaces/share/explorer_interfaces/environment/ament_prefix_path.sh
[7.869s] -- Installing: /home/felipe/ros2_ws/install/explorer_interfaces/share/explorer_interfaces/environment/ament_prefix_path.dsv
[7.869s] -- Installing: /home/felipe/ros2_ws/install/explorer_interfaces/share/explorer_interfaces/environment/path.sh
[7.869s] -- Installing: /home/felipe/ros2_ws/install/explorer_interfaces/share/explorer_interfaces/environment/path.dsv
[7.869s] -- Installing: /home/felipe/ros2_ws/install/explorer_interfaces/share/explorer_interfaces/local_setup.bash
[7.869s] -- Installing: /home/felipe/ros2_ws/install/explorer_interfaces/share/explorer_interfaces/local_setup.sh
[7.869s] -- Installing: /home/felipe/ros2_ws/install/explorer_interfaces/share/explorer_interfaces/local_setup.zsh
[7.870s] -- Installing: /home/felipe/ros2_ws/install/explorer_interfaces/share/explorer_interfaces/local_setup.dsv
[7.870s] -- Installing: /home/felipe/ros2_ws/install/explorer_interfaces/share/explorer_interfaces/package.dsv
[7.870s] -- Installing: /home/felipe/ros2_ws/install/explorer_interfaces/share/ament_index/resource_index/packages/explorer_interfaces
[7.870s] -- Installing: /home/felipe/ros2_ws/install/explorer_interfaces/share/explorer_interfaces/cmake/export_explorer_interfaces__rosidl_generator_cExport.cmake
[7.870s] -- Installing: /home/felipe/ros2_ws/install/explorer_interfaces/share/explorer_interfaces/cmake/export_explorer_interfaces__rosidl_generator_cExport-noconfig.cmake
[7.870s] -- Installing: /home/felipe/ros2_ws/install/explorer_interfaces/share/explorer_interfaces/cmake/export_explorer_interfaces__rosidl_typesupport_fastrtps_cExport.cmake
[7.870s] -- Installing: /home/felipe/ros2_ws/install/explorer_interfaces/share/explorer_interfaces/cmake/export_explorer_interfaces__rosidl_typesupport_fastrtps_cExport-noconfig.cmake
[7.870s] -- Installing: /home/felipe/ros2_ws/install/explorer_interfaces/share/explorer_interfaces/cmake/explorer_interfaces__rosidl_typesupport_introspection_cExport.cmake
[7.870s] -- Installing: /home/felipe/ros2_ws/install/explorer_interfaces/share/explorer_interfaces/cmake/explorer_interfaces__rosidl_typesupport_introspection_cExport-noconfig.cmake
[7.871s] -- Installing: /home/felipe/ros2_ws/install/explorer_interfaces/share/explorer_interfaces/cmake/explorer_interfaces__rosidl_typesupport_cExport.cmake
[7.871s] -- Installing: /home/felipe/ros2_ws/install/explorer_interfaces/share/explorer_interfaces/cmake/explorer_interfaces__rosidl_typesupport_cExport-noconfig.cmake
[7.871s] -- Installing: /home/felipe/ros2_ws/install/explorer_interfaces/share/explorer_interfaces/cmake/export_explorer_interfaces__rosidl_generator_cppExport.cmake
[7.871s] -- Installing: /home/felipe/ros2_ws/install/explorer_interfaces/share/explorer_interfaces/cmake/export_explorer_interfaces__rosidl_typesupport_fastrtps_cppExport.cmake
[7.871s] -- Installing: /home/felipe/ros2_ws/install/explorer_interfaces/share/explorer_interfaces/cmake/export_explorer_interfaces__rosidl_typesupport_fastrtps_cppExport-noconfig.cmake
[7.871s] -- Installing: /home/felipe/ros2_ws/install/explorer_interfaces/share/explorer_interfaces/cmake/explorer_interfaces__rosidl_typesupport_introspection_cppExport.cmake
[7.871s] -- Installing: /home/felipe/ros2_ws/install/explorer_interfaces/share/explorer_interfaces/cmake/explorer_interfaces__rosidl_typesupport_introspection_cppExport-noconfig.cmake
[7.871s] -- Installing: /home/felipe/ros2_ws/install/explorer_interfaces/share/explorer_interfaces/cmake/explorer_interfaces__rosidl_typesupport_cppExport.cmake
[7.871s] -- Installing: /home/felipe/ros2_ws/install/explorer_interfaces/share/explorer_interfaces/cmake/explorer_interfaces__rosidl_typesupport_cppExport-noconfig.cmake
[7.872s] -- Installing: /home/felipe/ros2_ws/install/explorer_interfaces/share/explorer_interfaces/cmake/export_explorer_interfaces__rosidl_generator_pyExport.cmake
[7.872s] -- Installing: /home/felipe/ros2_ws/install/explorer_interfaces/share/explorer_interfaces/cmake/export_explorer_interfaces__rosidl_generator_pyExport-noconfig.cmake
[7.872s] -- Installing: /home/felipe/ros2_ws/install/explorer_interfaces/share/explorer_interfaces/cmake/rosidl_cmake-extras.cmake
[7.872s] -- Installing: /home/felipe/ros2_ws/install/explorer_interfaces/share/explorer_interfaces/cmake/ament_cmake_export_dependencies-extras.cmake
[7.872s] -- Installing: /home/felipe/ros2_ws/install/explorer_interfaces/share/explorer_interfaces/cmake/ament_cmake_export_include_directories-extras.cmake
[7.872s] -- Installing: /home/felipe/ros2_ws/install/explorer_interfaces/share/explorer_interfaces/cmake/ament_cmake_export_libraries-extras.cmake
[7.872s] -- Installing: /home/felipe/ros2_ws/install/explorer_interfaces/share/explorer_interfaces/cmake/ament_cmake_export_targets-extras.cmake
[7.872s] -- Installing: /home/felipe/ros2_ws/install/explorer_interfaces/share/explorer_interfaces/cmake/rosidl_cmake_export_typesupport_targets-extras.cmake
[7.872s] -- Installing: /home/felipe/ros2_ws/install/explorer_interfaces/share/explorer_interfaces/cmake/rosidl_cmake_export_typesupport_libraries-extras.cmake
[7.873s] -- Installing: /home/felipe/ros2_ws/install/explorer_interfaces/share/explorer_interfaces/cmake/explorer_interfacesConfig.cmake
[7.873s] -- Installing: /home/felipe/ros2_ws/install/explorer_interfaces/share/explorer_interfaces/cmake/explorer_interfacesConfig-version.cmake
[7.873s] -- Installing: /home/felipe/ros2_ws/install/explorer_interfaces/share/explorer_interfaces/package.xml
[7.875s] Invoked command in '/home/felipe/ros2_ws/build/explorer_interfaces' returned '0': CMAKE_PREFIX_PATH=${CMAKE_PREFIX_PATH}:/home/felipe/ros2_ws/install/auto_mapper_py:/home/felipe/ros2_ws/install/vacuum_robot:/home/felipe/ros2_ws/install/my_py_pkg:/opt/ros/humble:/home/felipe/ros2_ws/install /usr/bin/cmake --install /home/felipe/ros2_ws/build/explorer_interfaces
