[0.015s] Invoking command in '/home/felipe/ros2_ws/build/multires_image': AMENT_PREFIX_PATH=/home/felipe/ros2_ws/install/mapviz:/home/felipe/ros2_ws/install/mapviz_interfaces:${AMENT_PREFIX_PATH} CMAKE_PREFIX_PATH=/home/felipe/ros2_ws/install/mapviz:/home/felipe/ros2_ws/install/mapviz_interfaces:/home/felipe/ros2_ws/install/turtlbot3_custom:/home/felipe/ros2_ws/install/explorer_interfaces:/home/felipe/ros2_ws/install/explorer_gazebo:/home/felipe/ros2_ws/install/explorer_cartographer:/home/felipe/ros2_ws/install/vacuum_robot:/home/felipe/ros2_ws/install/my_py_pkg:/home/felipe/ros2_ws/install/explorer_wanderer:/home/felipe/ros2_ws/install/explorer_map_utils:/home/felipe/ros2_ws/install/explorer_bringup:/home/felipe/ros2_ws/install/auto_mapper_py:/opt/ros/humble:/home/felipe/ros2_ws/install LD_LIBRARY_PATH=/home/felipe/ros2_ws/install/mapviz/lib:/home/felipe/ros2_ws/install/mapviz_interfaces/lib:${LD_LIBRARY_PATH} PYTHONPATH=/home/felipe/ros2_ws/install/mapviz_interfaces/local/lib/python3.10/dist-packages:${PYTHONPATH} /usr/bin/cmake /home/felipe/ros2_ws/src/mapviz/multires_image -DCMAKE_INSTALL_PREFIX=/home/felipe/ros2_ws/install/multires_image
[0.075s] -- The CXX compiler identification is GNU 11.4.0
[0.083s] -- Detecting CXX compiler ABI info
[0.157s] -- Detecting CXX compiler ABI info - done
[0.172s] -- Check for working CXX compiler: /usr/bin/c++ - skipped
[0.172s] -- Detecting CXX compile features
[0.172s] -- Detecting CXX compile features - done
[0.177s] -- Found ament_cmake: 1.3.11 (/opt/ros/humble/share/ament_cmake/cmake)
[0.673s] -- Found Python3: /usr/bin/python3 (found version "3.10.12") found components: Interpreter 
[0.825s] -- Found cv_bridge: 3.2.1 (/opt/ros/humble/share/cv_bridge/cmake)
[0.924s] -- Found rosidl_generator_c: 3.1.6 (/opt/ros/humble/share/rosidl_generator_c/cmake)
[0.937s] -- Found rosidl_adapter: 3.1.6 (/opt/ros/humble/share/rosidl_adapter/cmake)
[0.956s] -- Found rosidl_generator_cpp: 3.1.6 (/opt/ros/humble/share/rosidl_generator_cpp/cmake)
[0.983s] -- Using all available rosidl_typesupport_c: rosidl_typesupport_fastrtps_c;rosidl_typesupport_introspection_c
[1.006s] -- Using all available rosidl_typesupport_cpp: rosidl_typesupport_fastrtps_cpp;rosidl_typesupport_introspection_cpp
[1.120s] -- Found gps_msgs: 2.0.4 (/opt/ros/humble/share/gps_msgs/cmake)
[1.136s] -- Found mapviz: 2.4.4 (/home/felipe/ros2_ws/install/mapviz/share/mapviz/cmake)
[1.161s] -- Found pluginlib: 5.1.0 (/opt/ros/humble/share/pluginlib/cmake)
[1.203s] -- Found rclcpp: 16.0.11 (/opt/ros/humble/share/rclcpp/cmake)
[1.258s] -- Found rmw_implementation_cmake: 6.1.2 (/opt/ros/humble/share/rmw_implementation_cmake/cmake)
[1.262s] -- Found rmw_fastrtps_cpp: 6.2.7 (/opt/ros/humble/share/rmw_fastrtps_cpp/cmake)
[1.301s] -- Found TinyXML2 via Config file: TinyXML2_DIR-NOTFOUND
[1.361s] -- Found OpenSSL: /usr/lib/x86_64-linux-gnu/libcrypto.so (found version "3.0.2")  
[1.364s] -- Found TinyXML2 via Config file: TinyXML2_DIR-NOTFOUND
[1.384s] -- Found FastRTPS: /opt/ros/humble/include  
[1.389s] -- Found TinyXML2 via Config file: TinyXML2_DIR-NOTFOUND
[1.402s] -- Found TinyXML2 via Config file: TinyXML2_DIR-NOTFOUND
[1.416s] -- Using RMW implementation 'rmw_fastrtps_cpp' as default
[1.430s] -- Looking for C++ include pthread.h
[1.532s] -- Looking for C++ include pthread.h - found
[1.533s] -- Performing Test CMAKE_HAVE_LIBC_PTHREAD
[1.641s] -- Performing Test CMAKE_HAVE_LIBC_PTHREAD - Success
[1.642s] -- Found Threads: TRUE  
[1.700s] -- Found tf2: 0.25.9 (/opt/ros/humble/share/tf2/cmake)
[1.708s] -- Found swri_transform_util: 3.7.3 (/opt/ros/humble/share/swri_transform_util/cmake)
[1.783s] -- Found eigen3_cmake_module: 0.1.1 (/opt/ros/humble/share/eigen3_cmake_module/cmake)
[1.785s] -- Found Eigen3: TRUE (found version "3.4.0") 
[1.785s] -- Ensuring Eigen3 include directory is part of orocos-kdl CMake target
[1.918s] -- Found swri_math_util: 3.7.3 (/opt/ros/humble/share/swri_math_util/cmake)
[1.954s] -- Found Boost: /usr/lib/x86_64-linux-gnu/cmake/Boost-1.74.0/BoostConfig.cmake (found version "1.74.0") found components: filesystem thread 
[1.963s] -- Found OpenGL: /usr/lib/x86_64-linux-gnu/libOpenGL.so   
[1.966s] -- Found OpenCV: /usr (found version "4.5.4") found components: core imgproc 
[2.093s] -- Configuring done
[2.184s] -- Generating done
[2.199s] -- Build files have been written to: /home/felipe/ros2_ws/build/multires_image
