[0.298s] DEBUG:colcon:Command line arguments: ['/usr/bin/colcon', 'build']
[0.298s] DEBUG:colcon:Parsed command line arguments: Namespace(log_base=None, log_level=None, verb_name='build', build_base='build', install_base='install', merge_install=False, symlink_install=False, test_result_base=None, continue_on_error=False, executor='parallel', parallel_workers=2, event_handlers=None, ignore_user_meta=False, metas=['./colcon.meta'], base_paths=['.'], packages_ignore=None, packages_ignore_regex=None, paths=None, packages_up_to=None, packages_up_to_regex=None, packages_above=None, packages_above_and_dependencies=None, packages_above_depth=None, packages_select_by_dep=None, packages_skip_by_dep=None, packages_skip_up_to=None, packages_select_build_failed=False, packages_skip_build_finished=False, packages_select_test_failures=False, packages_skip_test_passed=False, packages_select=None, packages_skip=None, packages_select_regex=None, packages_skip_regex=None, packages_start=None, packages_end=None, allow_overriding=[], cmake_args=None, cmake_target=None, cmake_target_skip_unavailable=False, cmake_clean_cache=False, cmake_clean_first=False, cmake_force_configure=False, ament_cmake_args=None, catkin_cmake_args=None, catkin_skip_building_tests=False, mixin_files=None, mixin=None, verb_parser=<colcon_mixin.mixin.mixin_argument.MixinArgumentDecorator object at 0x785ed239cca0>, verb_extension=<colcon_core.verb.build.BuildVerb object at 0x785ed2312710>, main=<bound method BuildVerb.main of <colcon_core.verb.build.BuildVerb object at 0x785ed2312710>>, mixin_verb=('build',))
[0.383s] Level 1:colcon.colcon_core.package_discovery:discover_packages(colcon_meta) check parameters
[0.383s] Level 1:colcon.colcon_core.package_discovery:discover_packages(recursive) check parameters
[0.383s] Level 1:colcon.colcon_core.package_discovery:discover_packages(ignore) check parameters
[0.383s] Level 1:colcon.colcon_core.package_discovery:discover_packages(path) check parameters
[0.383s] Level 1:colcon.colcon_core.package_discovery:discover_packages(colcon_meta) discover
[0.383s] Level 1:colcon.colcon_core.package_discovery:discover_packages(recursive) discover
[0.383s] INFO:colcon.colcon_core.package_discovery:Crawling recursively for packages in '/home/felipe/ros2_ws'
[0.384s] Level 1:colcon.colcon_core.package_identification:_identify(.) by extensions ['ignore', 'ignore_ament_install']
[0.384s] Level 1:colcon.colcon_core.package_identification:_identify(.) by extension 'ignore'
[0.384s] Level 1:colcon.colcon_core.package_identification:_identify(.) by extension 'ignore_ament_install'
[0.384s] Level 1:colcon.colcon_core.package_identification:_identify(.) by extensions ['colcon_pkg']
[0.384s] Level 1:colcon.colcon_core.package_identification:_identify(.) by extension 'colcon_pkg'
[0.385s] Level 1:colcon.colcon_core.package_identification:_identify(.) by extensions ['colcon_meta']
[0.385s] Level 1:colcon.colcon_core.package_identification:_identify(.) by extension 'colcon_meta'
[0.385s] Level 1:colcon.colcon_core.package_identification:_identify(.) by extensions ['ros']
[0.385s] Level 1:colcon.colcon_core.package_identification:_identify(.) by extension 'ros'
[0.418s] Level 1:colcon.colcon_core.package_identification:_identify(.) by extensions ['cmake', 'python']
[0.418s] Level 1:colcon.colcon_core.package_identification:_identify(.) by extension 'cmake'
[0.419s] Level 1:colcon.colcon_core.package_identification:_identify(.) by extension 'python'
[0.419s] Level 1:colcon.colcon_core.package_identification:_identify(.) by extensions ['python_setup_py']
[0.419s] Level 1:colcon.colcon_core.package_identification:_identify(.) by extension 'python_setup_py'
[0.419s] Level 1:colcon.colcon_core.package_identification:_identify(build) by extensions ['ignore', 'ignore_ament_install']
[0.419s] Level 1:colcon.colcon_core.package_identification:_identify(build) by extension 'ignore'
[0.419s] Level 1:colcon.colcon_core.package_identification:_identify(build) ignored
[0.420s] Level 1:colcon.colcon_core.package_identification:_identify(install) by extensions ['ignore', 'ignore_ament_install']
[0.420s] Level 1:colcon.colcon_core.package_identification:_identify(install) by extension 'ignore'
[0.420s] Level 1:colcon.colcon_core.package_identification:_identify(install) ignored
[0.420s] Level 1:colcon.colcon_core.package_identification:_identify(launch) by extensions ['ignore', 'ignore_ament_install']
[0.420s] Level 1:colcon.colcon_core.package_identification:_identify(launch) by extension 'ignore'
[0.421s] Level 1:colcon.colcon_core.package_identification:_identify(launch) by extension 'ignore_ament_install'
[0.421s] Level 1:colcon.colcon_core.package_identification:_identify(launch) by extensions ['colcon_pkg']
[0.421s] Level 1:colcon.colcon_core.package_identification:_identify(launch) by extension 'colcon_pkg'
[0.421s] Level 1:colcon.colcon_core.package_identification:_identify(launch) by extensions ['colcon_meta']
[0.421s] Level 1:colcon.colcon_core.package_identification:_identify(launch) by extension 'colcon_meta'
[0.421s] Level 1:colcon.colcon_core.package_identification:_identify(launch) by extensions ['ros']
[0.421s] Level 1:colcon.colcon_core.package_identification:_identify(launch) by extension 'ros'
[0.421s] Level 1:colcon.colcon_core.package_identification:_identify(launch) by extensions ['cmake', 'python']
[0.421s] Level 1:colcon.colcon_core.package_identification:_identify(launch) by extension 'cmake'
[0.422s] Level 1:colcon.colcon_core.package_identification:_identify(launch) by extension 'python'
[0.422s] Level 1:colcon.colcon_core.package_identification:_identify(launch) by extensions ['python_setup_py']
[0.422s] Level 1:colcon.colcon_core.package_identification:_identify(launch) by extension 'python_setup_py'
[0.422s] Level 1:colcon.colcon_core.package_identification:_identify(launch/__pycache__) by extensions ['ignore', 'ignore_ament_install']
[0.422s] Level 1:colcon.colcon_core.package_identification:_identify(launch/__pycache__) by extension 'ignore'
[0.422s] Level 1:colcon.colcon_core.package_identification:_identify(launch/__pycache__) by extension 'ignore_ament_install'
[0.422s] Level 1:colcon.colcon_core.package_identification:_identify(launch/__pycache__) by extensions ['colcon_pkg']
[0.422s] Level 1:colcon.colcon_core.package_identification:_identify(launch/__pycache__) by extension 'colcon_pkg'
[0.423s] Level 1:colcon.colcon_core.package_identification:_identify(launch/__pycache__) by extensions ['colcon_meta']
[0.423s] Level 1:colcon.colcon_core.package_identification:_identify(launch/__pycache__) by extension 'colcon_meta'
[0.423s] Level 1:colcon.colcon_core.package_identification:_identify(launch/__pycache__) by extensions ['ros']
[0.423s] Level 1:colcon.colcon_core.package_identification:_identify(launch/__pycache__) by extension 'ros'
[0.423s] Level 1:colcon.colcon_core.package_identification:_identify(launch/__pycache__) by extensions ['cmake', 'python']
[0.423s] Level 1:colcon.colcon_core.package_identification:_identify(launch/__pycache__) by extension 'cmake'
[0.423s] Level 1:colcon.colcon_core.package_identification:_identify(launch/__pycache__) by extension 'python'
[0.423s] Level 1:colcon.colcon_core.package_identification:_identify(launch/__pycache__) by extensions ['python_setup_py']
[0.423s] Level 1:colcon.colcon_core.package_identification:_identify(launch/__pycache__) by extension 'python_setup_py'
[0.424s] Level 1:colcon.colcon_core.package_identification:_identify(log) by extensions ['ignore', 'ignore_ament_install']
[0.424s] Level 1:colcon.colcon_core.package_identification:_identify(log) by extension 'ignore'
[0.424s] Level 1:colcon.colcon_core.package_identification:_identify(log) ignored
[0.424s] Level 1:colcon.colcon_core.package_identification:_identify(maps) by extensions ['ignore', 'ignore_ament_install']
[0.424s] Level 1:colcon.colcon_core.package_identification:_identify(maps) by extension 'ignore'
[0.425s] Level 1:colcon.colcon_core.package_identification:_identify(maps) by extension 'ignore_ament_install'
[0.425s] Level 1:colcon.colcon_core.package_identification:_identify(maps) by extensions ['colcon_pkg']
[0.425s] Level 1:colcon.colcon_core.package_identification:_identify(maps) by extension 'colcon_pkg'
[0.425s] Level 1:colcon.colcon_core.package_identification:_identify(maps) by extensions ['colcon_meta']
[0.425s] Level 1:colcon.colcon_core.package_identification:_identify(maps) by extension 'colcon_meta'
[0.425s] Level 1:colcon.colcon_core.package_identification:_identify(maps) by extensions ['ros']
[0.425s] Level 1:colcon.colcon_core.package_identification:_identify(maps) by extension 'ros'
[0.425s] Level 1:colcon.colcon_core.package_identification:_identify(maps) by extensions ['cmake', 'python']
[0.425s] Level 1:colcon.colcon_core.package_identification:_identify(maps) by extension 'cmake'
[0.426s] Level 1:colcon.colcon_core.package_identification:_identify(maps) by extension 'python'
[0.426s] Level 1:colcon.colcon_core.package_identification:_identify(maps) by extensions ['python_setup_py']
[0.426s] Level 1:colcon.colcon_core.package_identification:_identify(maps) by extension 'python_setup_py'
[0.426s] Level 1:colcon.colcon_core.package_identification:_identify(src) by extensions ['ignore', 'ignore_ament_install']
[0.426s] Level 1:colcon.colcon_core.package_identification:_identify(src) by extension 'ignore'
[0.426s] Level 1:colcon.colcon_core.package_identification:_identify(src) by extension 'ignore_ament_install'
[0.426s] Level 1:colcon.colcon_core.package_identification:_identify(src) by extensions ['colcon_pkg']
[0.426s] Level 1:colcon.colcon_core.package_identification:_identify(src) by extension 'colcon_pkg'
[0.427s] Level 1:colcon.colcon_core.package_identification:_identify(src) by extensions ['colcon_meta']
[0.427s] Level 1:colcon.colcon_core.package_identification:_identify(src) by extension 'colcon_meta'
[0.427s] Level 1:colcon.colcon_core.package_identification:_identify(src) by extensions ['ros']
[0.427s] Level 1:colcon.colcon_core.package_identification:_identify(src) by extension 'ros'
[0.427s] Level 1:colcon.colcon_core.package_identification:_identify(src) by extensions ['cmake', 'python']
[0.427s] Level 1:colcon.colcon_core.package_identification:_identify(src) by extension 'cmake'
[0.427s] Level 1:colcon.colcon_core.package_identification:_identify(src) by extension 'python'
[0.427s] Level 1:colcon.colcon_core.package_identification:_identify(src) by extensions ['python_setup_py']
[0.427s] Level 1:colcon.colcon_core.package_identification:_identify(src) by extension 'python_setup_py'
[0.428s] Level 1:colcon.colcon_core.package_identification:_identify(src/meu_pacote_launch) by extensions ['ignore', 'ignore_ament_install']
[0.428s] Level 1:colcon.colcon_core.package_identification:_identify(src/meu_pacote_launch) by extension 'ignore'
[0.428s] Level 1:colcon.colcon_core.package_identification:_identify(src/meu_pacote_launch) by extension 'ignore_ament_install'
[0.428s] Level 1:colcon.colcon_core.package_identification:_identify(src/meu_pacote_launch) by extensions ['colcon_pkg']
[0.428s] Level 1:colcon.colcon_core.package_identification:_identify(src/meu_pacote_launch) by extension 'colcon_pkg'
[0.428s] Level 1:colcon.colcon_core.package_identification:_identify(src/meu_pacote_launch) by extensions ['colcon_meta']
[0.428s] Level 1:colcon.colcon_core.package_identification:_identify(src/meu_pacote_launch) by extension 'colcon_meta'
[0.428s] Level 1:colcon.colcon_core.package_identification:_identify(src/meu_pacote_launch) by extensions ['ros']
[0.428s] Level 1:colcon.colcon_core.package_identification:_identify(src/meu_pacote_launch) by extension 'ros'
[0.433s] DEBUG:colcon.colcon_core.package_identification:Package 'src/meu_pacote_launch' with type 'ros.ament_python' and name 'meu_pacote_launch'
[0.434s] Level 1:colcon.colcon_core.package_identification:_identify(src/ros2_explorer) by extensions ['ignore', 'ignore_ament_install']
[0.434s] Level 1:colcon.colcon_core.package_identification:_identify(src/ros2_explorer) by extension 'ignore'
[0.434s] Level 1:colcon.colcon_core.package_identification:_identify(src/ros2_explorer) by extension 'ignore_ament_install'
[0.434s] Level 1:colcon.colcon_core.package_identification:_identify(src/ros2_explorer) by extensions ['colcon_pkg']
[0.434s] Level 1:colcon.colcon_core.package_identification:_identify(src/ros2_explorer) by extension 'colcon_pkg'
[0.434s] Level 1:colcon.colcon_core.package_identification:_identify(src/ros2_explorer) by extensions ['colcon_meta']
[0.434s] Level 1:colcon.colcon_core.package_identification:_identify(src/ros2_explorer) by extension 'colcon_meta'
[0.435s] Level 1:colcon.colcon_core.package_identification:_identify(src/ros2_explorer) by extensions ['ros']
[0.435s] Level 1:colcon.colcon_core.package_identification:_identify(src/ros2_explorer) by extension 'ros'
[0.435s] Level 1:colcon.colcon_core.package_identification:_identify(src/ros2_explorer) by extensions ['cmake', 'python']
[0.435s] Level 1:colcon.colcon_core.package_identification:_identify(src/ros2_explorer) by extension 'cmake'
[0.435s] Level 1:colcon.colcon_core.package_identification:_identify(src/ros2_explorer) by extension 'python'
[0.435s] Level 1:colcon.colcon_core.package_identification:_identify(src/ros2_explorer) by extensions ['python_setup_py']
[0.435s] Level 1:colcon.colcon_core.package_identification:_identify(src/ros2_explorer) by extension 'python_setup_py'
[0.436s] Level 1:colcon.colcon_core.package_identification:_identify(src/ros2_explorer/images) by extensions ['ignore', 'ignore_ament_install']
[0.436s] Level 1:colcon.colcon_core.package_identification:_identify(src/ros2_explorer/images) by extension 'ignore'
[0.436s] Level 1:colcon.colcon_core.package_identification:_identify(src/ros2_explorer/images) by extension 'ignore_ament_install'
[0.436s] Level 1:colcon.colcon_core.package_identification:_identify(src/ros2_explorer/images) by extensions ['colcon_pkg']
[0.436s] Level 1:colcon.colcon_core.package_identification:_identify(src/ros2_explorer/images) by extension 'colcon_pkg'
[0.436s] Level 1:colcon.colcon_core.package_identification:_identify(src/ros2_explorer/images) by extensions ['colcon_meta']
[0.436s] Level 1:colcon.colcon_core.package_identification:_identify(src/ros2_explorer/images) by extension 'colcon_meta'
[0.436s] Level 1:colcon.colcon_core.package_identification:_identify(src/ros2_explorer/images) by extensions ['ros']
[0.436s] Level 1:colcon.colcon_core.package_identification:_identify(src/ros2_explorer/images) by extension 'ros'
[0.437s] Level 1:colcon.colcon_core.package_identification:_identify(src/ros2_explorer/images) by extensions ['cmake', 'python']
[0.437s] Level 1:colcon.colcon_core.package_identification:_identify(src/ros2_explorer/images) by extension 'cmake'
[0.437s] Level 1:colcon.colcon_core.package_identification:_identify(src/ros2_explorer/images) by extension 'python'
[0.437s] Level 1:colcon.colcon_core.package_identification:_identify(src/ros2_explorer/images) by extensions ['python_setup_py']
[0.437s] Level 1:colcon.colcon_core.package_identification:_identify(src/ros2_explorer/images) by extension 'python_setup_py'
[0.437s] Level 1:colcon.colcon_core.package_identification:_identify(src/ros2_explorer/script) by extensions ['ignore', 'ignore_ament_install']
[0.437s] Level 1:colcon.colcon_core.package_identification:_identify(src/ros2_explorer/script) by extension 'ignore'
[0.438s] Level 1:colcon.colcon_core.package_identification:_identify(src/ros2_explorer/script) by extension 'ignore_ament_install'
[0.438s] Level 1:colcon.colcon_core.package_identification:_identify(src/ros2_explorer/script) by extensions ['colcon_pkg']
[0.438s] Level 1:colcon.colcon_core.package_identification:_identify(src/ros2_explorer/script) by extension 'colcon_pkg'
[0.438s] Level 1:colcon.colcon_core.package_identification:_identify(src/ros2_explorer/script) by extensions ['colcon_meta']
[0.438s] Level 1:colcon.colcon_core.package_identification:_identify(src/ros2_explorer/script) by extension 'colcon_meta'
[0.438s] Level 1:colcon.colcon_core.package_identification:_identify(src/ros2_explorer/script) by extensions ['ros']
[0.438s] Level 1:colcon.colcon_core.package_identification:_identify(src/ros2_explorer/script) by extension 'ros'
[0.438s] Level 1:colcon.colcon_core.package_identification:_identify(src/ros2_explorer/script) by extensions ['cmake', 'python']
[0.438s] Level 1:colcon.colcon_core.package_identification:_identify(src/ros2_explorer/script) by extension 'cmake'
[0.439s] Level 1:colcon.colcon_core.package_identification:_identify(src/ros2_explorer/script) by extension 'python'
[0.439s] Level 1:colcon.colcon_core.package_identification:_identify(src/ros2_explorer/script) by extensions ['python_setup_py']
[0.439s] Level 1:colcon.colcon_core.package_identification:_identify(src/ros2_explorer/script) by extension 'python_setup_py'
[0.439s] Level 1:colcon.colcon_core.package_identification:_identify(src/ros2_whisper) by extensions ['ignore', 'ignore_ament_install']
[0.439s] Level 1:colcon.colcon_core.package_identification:_identify(src/ros2_whisper) by extension 'ignore'
[0.439s] Level 1:colcon.colcon_core.package_identification:_identify(src/ros2_whisper) by extension 'ignore_ament_install'
[0.439s] Level 1:colcon.colcon_core.package_identification:_identify(src/ros2_whisper) by extensions ['colcon_pkg']
[0.439s] Level 1:colcon.colcon_core.package_identification:_identify(src/ros2_whisper) by extension 'colcon_pkg'
[0.440s] Level 1:colcon.colcon_core.package_identification:_identify(src/ros2_whisper) by extensions ['colcon_meta']
[0.440s] Level 1:colcon.colcon_core.package_identification:_identify(src/ros2_whisper) by extension 'colcon_meta'
[0.440s] Level 1:colcon.colcon_core.package_identification:_identify(src/ros2_whisper) by extensions ['ros']
[0.440s] Level 1:colcon.colcon_core.package_identification:_identify(src/ros2_whisper) by extension 'ros'
[0.441s] DEBUG:colcon.colcon_core.package_identification:Package 'src/ros2_whisper' with type 'ros.ament_python' and name 'ros2_whisper'
[0.441s] Level 1:colcon.colcon_core.package_identification:_identify(src/voice_control) by extensions ['ignore', 'ignore_ament_install']
[0.441s] Level 1:colcon.colcon_core.package_identification:_identify(src/voice_control) by extension 'ignore'
[0.441s] Level 1:colcon.colcon_core.package_identification:_identify(src/voice_control) by extension 'ignore_ament_install'
[0.442s] Level 1:colcon.colcon_core.package_identification:_identify(src/voice_control) by extensions ['colcon_pkg']
[0.442s] Level 1:colcon.colcon_core.package_identification:_identify(src/voice_control) by extension 'colcon_pkg'
[0.442s] Level 1:colcon.colcon_core.package_identification:_identify(src/voice_control) by extensions ['colcon_meta']
[0.442s] Level 1:colcon.colcon_core.package_identification:_identify(src/voice_control) by extension 'colcon_meta'
[0.442s] Level 1:colcon.colcon_core.package_identification:_identify(src/voice_control) by extensions ['ros']
[0.442s] Level 1:colcon.colcon_core.package_identification:_identify(src/voice_control) by extension 'ros'
[0.443s] DEBUG:colcon.colcon_core.package_identification:Package 'src/voice_control' with type 'ros.ament_python' and name 'voice_control'
[0.443s] Level 1:colcon.colcon_core.package_discovery:discover_packages(recursive) using defaults
[0.443s] Level 1:colcon.colcon_core.package_discovery:discover_packages(ignore) discover
[0.443s] Level 1:colcon.colcon_core.package_discovery:discover_packages(ignore) using defaults
[0.443s] Level 1:colcon.colcon_core.package_discovery:discover_packages(path) discover
[0.443s] Level 1:colcon.colcon_core.package_discovery:discover_packages(path) using defaults
[0.487s] Level 1:colcon.colcon_core.package_discovery:discover_packages(prefix_path) check parameters
[0.487s] Level 1:colcon.colcon_core.package_discovery:discover_packages(prefix_path) discover
[0.496s] DEBUG:colcon.colcon_installed_package_information.package_discovery:Found 416 installed packages in /opt/ros/humble
[0.503s] Level 1:colcon.colcon_core.package_discovery:discover_packages(prefix_path) using defaults
[0.646s] Level 5:colcon.colcon_core.verb:set package 'meu_pacote_launch' build argument 'cmake_args' from command line to 'None'
[0.646s] Level 5:colcon.colcon_core.verb:set package 'meu_pacote_launch' build argument 'cmake_target' from command line to 'None'
[0.646s] Level 5:colcon.colcon_core.verb:set package 'meu_pacote_launch' build argument 'cmake_target_skip_unavailable' from command line to 'False'
[0.646s] Level 5:colcon.colcon_core.verb:set package 'meu_pacote_launch' build argument 'cmake_clean_cache' from command line to 'False'
[0.646s] Level 5:colcon.colcon_core.verb:set package 'meu_pacote_launch' build argument 'cmake_clean_first' from command line to 'False'
[0.646s] Level 5:colcon.colcon_core.verb:set package 'meu_pacote_launch' build argument 'cmake_force_configure' from command line to 'False'
[0.646s] Level 5:colcon.colcon_core.verb:set package 'meu_pacote_launch' build argument 'ament_cmake_args' from command line to 'None'
[0.646s] Level 5:colcon.colcon_core.verb:set package 'meu_pacote_launch' build argument 'catkin_cmake_args' from command line to 'None'
[0.646s] Level 5:colcon.colcon_core.verb:set package 'meu_pacote_launch' build argument 'catkin_skip_building_tests' from command line to 'False'
[0.646s] DEBUG:colcon.colcon_core.verb:Building package 'meu_pacote_launch' with the following arguments: {'ament_cmake_args': None, 'build_base': '/home/felipe/ros2_ws/build/meu_pacote_launch', 'catkin_cmake_args': None, 'catkin_skip_building_tests': False, 'cmake_args': None, 'cmake_clean_cache': False, 'cmake_clean_first': False, 'cmake_force_configure': False, 'cmake_target': None, 'cmake_target_skip_unavailable': False, 'install_base': '/home/felipe/ros2_ws/install/meu_pacote_launch', 'merge_install': False, 'path': '/home/felipe/ros2_ws/src/meu_pacote_launch', 'symlink_install': False, 'test_result_base': None}
[0.647s] Level 5:colcon.colcon_core.verb:set package 'ros2_whisper' build argument 'cmake_args' from command line to 'None'
[0.647s] Level 5:colcon.colcon_core.verb:set package 'ros2_whisper' build argument 'cmake_target' from command line to 'None'
[0.647s] Level 5:colcon.colcon_core.verb:set package 'ros2_whisper' build argument 'cmake_target_skip_unavailable' from command line to 'False'
[0.648s] Level 5:colcon.colcon_core.verb:set package 'ros2_whisper' build argument 'cmake_clean_cache' from command line to 'False'
[0.648s] Level 5:colcon.colcon_core.verb:set package 'ros2_whisper' build argument 'cmake_clean_first' from command line to 'False'
[0.648s] Level 5:colcon.colcon_core.verb:set package 'ros2_whisper' build argument 'cmake_force_configure' from command line to 'False'
[0.648s] Level 5:colcon.colcon_core.verb:set package 'ros2_whisper' build argument 'ament_cmake_args' from command line to 'None'
[0.648s] Level 5:colcon.colcon_core.verb:set package 'ros2_whisper' build argument 'catkin_cmake_args' from command line to 'None'
[0.648s] Level 5:colcon.colcon_core.verb:set package 'ros2_whisper' build argument 'catkin_skip_building_tests' from command line to 'False'
[0.648s] DEBUG:colcon.colcon_core.verb:Building package 'ros2_whisper' with the following arguments: {'ament_cmake_args': None, 'build_base': '/home/felipe/ros2_ws/build/ros2_whisper', 'catkin_cmake_args': None, 'catkin_skip_building_tests': False, 'cmake_args': None, 'cmake_clean_cache': False, 'cmake_clean_first': False, 'cmake_force_configure': False, 'cmake_target': None, 'cmake_target_skip_unavailable': False, 'install_base': '/home/felipe/ros2_ws/install/ros2_whisper', 'merge_install': False, 'path': '/home/felipe/ros2_ws/src/ros2_whisper', 'symlink_install': False, 'test_result_base': None}
[0.649s] Level 5:colcon.colcon_core.verb:set package 'voice_control' build argument 'cmake_args' from command line to 'None'
[0.649s] Level 5:colcon.colcon_core.verb:set package 'voice_control' build argument 'cmake_target' from command line to 'None'
[0.649s] Level 5:colcon.colcon_core.verb:set package 'voice_control' build argument 'cmake_target_skip_unavailable' from command line to 'False'
[0.649s] Level 5:colcon.colcon_core.verb:set package 'voice_control' build argument 'cmake_clean_cache' from command line to 'False'
[0.649s] Level 5:colcon.colcon_core.verb:set package 'voice_control' build argument 'cmake_clean_first' from command line to 'False'
[0.649s] Level 5:colcon.colcon_core.verb:set package 'voice_control' build argument 'cmake_force_configure' from command line to 'False'
[0.649s] Level 5:colcon.colcon_core.verb:set package 'voice_control' build argument 'ament_cmake_args' from command line to 'None'
[0.649s] Level 5:colcon.colcon_core.verb:set package 'voice_control' build argument 'catkin_cmake_args' from command line to 'None'
[0.649s] Level 5:colcon.colcon_core.verb:set package 'voice_control' build argument 'catkin_skip_building_tests' from command line to 'False'
[0.649s] DEBUG:colcon.colcon_core.verb:Building package 'voice_control' with the following arguments: {'ament_cmake_args': None, 'build_base': '/home/felipe/ros2_ws/build/voice_control', 'catkin_cmake_args': None, 'catkin_skip_building_tests': False, 'cmake_args': None, 'cmake_clean_cache': False, 'cmake_clean_first': False, 'cmake_force_configure': False, 'cmake_target': None, 'cmake_target_skip_unavailable': False, 'install_base': '/home/felipe/ros2_ws/install/voice_control', 'merge_install': False, 'path': '/home/felipe/ros2_ws/src/voice_control', 'symlink_install': False, 'test_result_base': None}
[0.650s] INFO:colcon.colcon_core.executor:Executing jobs using 'parallel' executor
[0.652s] DEBUG:colcon.colcon_parallel_executor.executor.parallel:run_until_complete
[0.652s] INFO:colcon.colcon_ros.task.ament_python.build:Building ROS package in '/home/felipe/ros2_ws/src/meu_pacote_launch' with build type 'ament_python'
[0.652s] Level 1:colcon.colcon_core.shell:create_environment_hook('meu_pacote_launch', 'ament_prefix_path')
[0.657s] INFO:colcon.colcon_core.plugin_system:Skipping extension 'colcon_core.shell.bat': Not used on non-Windows systems
[0.658s] INFO:colcon.colcon_core.shell:Creating environment hook '/home/felipe/ros2_ws/install/meu_pacote_launch/share/meu_pacote_launch/hook/ament_prefix_path.ps1'
[0.659s] INFO:colcon.colcon_core.shell:Creating environment descriptor '/home/felipe/ros2_ws/install/meu_pacote_launch/share/meu_pacote_launch/hook/ament_prefix_path.dsv'
[0.660s] INFO:colcon.colcon_core.shell:Creating environment hook '/home/felipe/ros2_ws/install/meu_pacote_launch/share/meu_pacote_launch/hook/ament_prefix_path.sh'
[0.661s] INFO:colcon.colcon_core.shell:Skip shell extension 'powershell' for command environment: Not usable outside of PowerShell
[0.661s] DEBUG:colcon.colcon_core.shell:Skip shell extension 'dsv' for command environment
[0.671s] INFO:colcon.colcon_ros.task.ament_python.build:Building ROS package in '/home/felipe/ros2_ws/src/ros2_whisper' with build type 'ament_python'
[0.672s] Level 1:colcon.colcon_core.shell:create_environment_hook('ros2_whisper', 'ament_prefix_path')
[0.672s] INFO:colcon.colcon_core.shell:Creating environment hook '/home/felipe/ros2_ws/install/ros2_whisper/share/ros2_whisper/hook/ament_prefix_path.ps1'
[0.674s] INFO:colcon.colcon_core.shell:Creating environment descriptor '/home/felipe/ros2_ws/install/ros2_whisper/share/ros2_whisper/hook/ament_prefix_path.dsv'
[0.674s] INFO:colcon.colcon_core.shell:Creating environment hook '/home/felipe/ros2_ws/install/ros2_whisper/share/ros2_whisper/hook/ament_prefix_path.sh'
[0.676s] INFO:colcon.colcon_core.shell:Skip shell extension 'powershell' for command environment: Not usable outside of PowerShell
[0.676s] DEBUG:colcon.colcon_core.shell:Skip shell extension 'dsv' for command environment
[1.253s] INFO:colcon.colcon_core.task.python.build:Building Python package in '/home/felipe/ros2_ws/src/meu_pacote_launch'
[1.253s] INFO:colcon.colcon_core.shell:Skip shell extension 'powershell' for command environment: Not usable outside of PowerShell
[1.254s] DEBUG:colcon.colcon_core.shell:Skip shell extension 'dsv' for command environment
[1.839s] INFO:colcon.colcon_core.task.python.build:Building Python package in '/home/felipe/ros2_ws/src/ros2_whisper'
[1.839s] INFO:colcon.colcon_core.shell:Skip shell extension 'powershell' for command environment: Not usable outside of PowerShell
[1.840s] DEBUG:colcon.colcon_core.shell:Skip shell extension 'dsv' for command environment
[3.481s] DEBUG:colcon.colcon_core.event_handler.log_command:Invoking command in '/home/felipe/ros2_ws/src/meu_pacote_launch': PYTHONPATH=/home/felipe/ros2_ws/build/meu_pacote_launch/prefix_override:/usr/lib/python3/dist-packages/colcon_core/task/python/colcon_distutils_commands:/home/felipe/ros2_ws/install/meu_pacote_launch/lib/python3.10/site-packages:${PYTHONPATH} /usr/bin/python3 -W ignore:setup.py install is deprecated setup.py egg_info --egg-base ../../build/meu_pacote_launch build --build-base /home/felipe/ros2_ws/build/meu_pacote_launch/build install --record /home/felipe/ros2_ws/build/meu_pacote_launch/install.log --single-version-externally-managed install_data
[3.560s] DEBUG:colcon.colcon_core.event_handler.log_command:Invoking command in '/home/felipe/ros2_ws/src/ros2_whisper': PYTHONPATH=/home/felipe/ros2_ws/build/ros2_whisper/prefix_override:/usr/lib/python3/dist-packages/colcon_core/task/python/colcon_distutils_commands:/home/felipe/ros2_ws/install/ros2_whisper/lib/python3.10/site-packages:${PYTHONPATH} /usr/bin/python3 -W ignore:setup.py install is deprecated setup.py egg_info --egg-base ../../build/ros2_whisper build --build-base /home/felipe/ros2_ws/build/ros2_whisper/build install --record /home/felipe/ros2_ws/build/ros2_whisper/install.log --single-version-externally-managed install_data
[5.342s] DEBUG:colcon.colcon_core.event_handler.log_command:Invoked command in '/home/felipe/ros2_ws/src/meu_pacote_launch' returned '0': PYTHONPATH=/home/felipe/ros2_ws/build/meu_pacote_launch/prefix_override:/usr/lib/python3/dist-packages/colcon_core/task/python/colcon_distutils_commands:/home/felipe/ros2_ws/install/meu_pacote_launch/lib/python3.10/site-packages:${PYTHONPATH} /usr/bin/python3 -W ignore:setup.py install is deprecated setup.py egg_info --egg-base ../../build/meu_pacote_launch build --build-base /home/felipe/ros2_ws/build/meu_pacote_launch/build install --record /home/felipe/ros2_ws/build/meu_pacote_launch/install.log --single-version-externally-managed install_data
[5.348s] Level 1:colcon.colcon_core.environment:checking '/home/felipe/ros2_ws/install/meu_pacote_launch' for CMake module files
[5.349s] Level 1:colcon.colcon_core.environment:checking '/home/felipe/ros2_ws/install/meu_pacote_launch' for CMake config files
[5.350s] Level 1:colcon.colcon_core.environment:checking '/home/felipe/ros2_ws/install/meu_pacote_launch/lib'
[5.350s] Level 1:colcon.colcon_core.environment:checking '/home/felipe/ros2_ws/install/meu_pacote_launch/bin'
[5.351s] Level 1:colcon.colcon_core.environment:checking '/home/felipe/ros2_ws/install/meu_pacote_launch/lib/pkgconfig/meu_pacote_launch.pc'
[5.351s] Level 1:colcon.colcon_core.environment:checking '/home/felipe/ros2_ws/install/meu_pacote_launch/lib/python3.10/site-packages'
[5.351s] Level 1:colcon.colcon_core.shell:create_environment_hook('meu_pacote_launch', 'pythonpath')
[5.352s] INFO:colcon.colcon_core.shell:Creating environment hook '/home/felipe/ros2_ws/install/meu_pacote_launch/share/meu_pacote_launch/hook/pythonpath.ps1'
[5.353s] INFO:colcon.colcon_core.shell:Creating environment descriptor '/home/felipe/ros2_ws/install/meu_pacote_launch/share/meu_pacote_launch/hook/pythonpath.dsv'
[5.353s] INFO:colcon.colcon_core.shell:Creating environment hook '/home/felipe/ros2_ws/install/meu_pacote_launch/share/meu_pacote_launch/hook/pythonpath.sh'
[5.355s] Level 1:colcon.colcon_core.environment:checking '/home/felipe/ros2_ws/install/meu_pacote_launch/bin'
[5.355s] Level 1:colcon.colcon_core.environment:create_environment_scripts_only(meu_pacote_launch)
[5.355s] INFO:colcon.colcon_core.shell:Creating package script '/home/felipe/ros2_ws/install/meu_pacote_launch/share/meu_pacote_launch/package.ps1'
[5.357s] INFO:colcon.colcon_core.shell:Creating package descriptor '/home/felipe/ros2_ws/install/meu_pacote_launch/share/meu_pacote_launch/package.dsv'
[5.358s] INFO:colcon.colcon_core.shell:Creating package script '/home/felipe/ros2_ws/install/meu_pacote_launch/share/meu_pacote_launch/package.sh'
[5.360s] INFO:colcon.colcon_core.shell:Creating package script '/home/felipe/ros2_ws/install/meu_pacote_launch/share/meu_pacote_launch/package.bash'
[5.361s] INFO:colcon.colcon_core.shell:Creating package script '/home/felipe/ros2_ws/install/meu_pacote_launch/share/meu_pacote_launch/package.zsh'
[5.363s] Level 1:colcon.colcon_core.environment:create_file_with_runtime_dependencies(/home/felipe/ros2_ws/install/meu_pacote_launch/share/colcon-core/packages/meu_pacote_launch)
[5.363s] INFO:colcon.colcon_ros.task.ament_python.build:Building ROS package in '/home/felipe/ros2_ws/src/voice_control' with build type 'ament_python'
[5.364s] Level 1:colcon.colcon_core.shell:create_environment_hook('voice_control', 'ament_prefix_path')
[5.364s] INFO:colcon.colcon_core.shell:Creating environment hook '/home/felipe/ros2_ws/install/voice_control/share/voice_control/hook/ament_prefix_path.ps1'
[5.395s] INFO:colcon.colcon_core.shell:Creating environment descriptor '/home/felipe/ros2_ws/install/voice_control/share/voice_control/hook/ament_prefix_path.dsv'
[5.396s] INFO:colcon.colcon_core.shell:Creating environment hook '/home/felipe/ros2_ws/install/voice_control/share/voice_control/hook/ament_prefix_path.sh'
[5.398s] INFO:colcon.colcon_core.shell:Skip shell extension 'powershell' for command environment: Not usable outside of PowerShell
[5.398s] DEBUG:colcon.colcon_core.shell:Skip shell extension 'dsv' for command environment
[6.020s] INFO:colcon.colcon_core.task.python.build:Building Python package in '/home/felipe/ros2_ws/src/voice_control'
[6.021s] INFO:colcon.colcon_core.shell:Skip shell extension 'powershell' for command environment: Not usable outside of PowerShell
[6.021s] DEBUG:colcon.colcon_core.shell:Skip shell extension 'dsv' for command environment
[6.039s] Level 1:colcon.colcon_core.environment:checking '/home/felipe/ros2_ws/install/ros2_whisper' for CMake module files
[6.040s] DEBUG:colcon.colcon_core.event_handler.log_command:Invoked command in '/home/felipe/ros2_ws/src/ros2_whisper' returned '0': PYTHONPATH=/home/felipe/ros2_ws/build/ros2_whisper/prefix_override:/usr/lib/python3/dist-packages/colcon_core/task/python/colcon_distutils_commands:/home/felipe/ros2_ws/install/ros2_whisper/lib/python3.10/site-packages:${PYTHONPATH} /usr/bin/python3 -W ignore:setup.py install is deprecated setup.py egg_info --egg-base ../../build/ros2_whisper build --build-base /home/felipe/ros2_ws/build/ros2_whisper/build install --record /home/felipe/ros2_ws/build/ros2_whisper/install.log --single-version-externally-managed install_data
[6.041s] Level 1:colcon.colcon_core.environment:checking '/home/felipe/ros2_ws/install/ros2_whisper' for CMake config files
[6.043s] Level 1:colcon.colcon_core.environment:checking '/home/felipe/ros2_ws/install/ros2_whisper/lib'
[6.043s] Level 1:colcon.colcon_core.environment:checking '/home/felipe/ros2_ws/install/ros2_whisper/bin'
[6.043s] Level 1:colcon.colcon_core.environment:checking '/home/felipe/ros2_ws/install/ros2_whisper/lib/pkgconfig/ros2_whisper.pc'
[6.043s] Level 1:colcon.colcon_core.environment:checking '/home/felipe/ros2_ws/install/ros2_whisper/lib/python3.10/site-packages'
[6.044s] Level 1:colcon.colcon_core.shell:create_environment_hook('ros2_whisper', 'pythonpath')
[6.044s] INFO:colcon.colcon_core.shell:Creating environment hook '/home/felipe/ros2_ws/install/ros2_whisper/share/ros2_whisper/hook/pythonpath.ps1'
[6.045s] INFO:colcon.colcon_core.shell:Creating environment descriptor '/home/felipe/ros2_ws/install/ros2_whisper/share/ros2_whisper/hook/pythonpath.dsv'
[6.046s] INFO:colcon.colcon_core.shell:Creating environment hook '/home/felipe/ros2_ws/install/ros2_whisper/share/ros2_whisper/hook/pythonpath.sh'
[6.047s] Level 1:colcon.colcon_core.environment:checking '/home/felipe/ros2_ws/install/ros2_whisper/bin'
[6.047s] Level 1:colcon.colcon_core.environment:create_environment_scripts_only(ros2_whisper)
[6.048s] INFO:colcon.colcon_core.shell:Creating package script '/home/felipe/ros2_ws/install/ros2_whisper/share/ros2_whisper/package.ps1'
[6.049s] INFO:colcon.colcon_core.shell:Creating package descriptor '/home/felipe/ros2_ws/install/ros2_whisper/share/ros2_whisper/package.dsv'
[6.050s] INFO:colcon.colcon_core.shell:Creating package script '/home/felipe/ros2_ws/install/ros2_whisper/share/ros2_whisper/package.sh'
[6.051s] INFO:colcon.colcon_core.shell:Creating package script '/home/felipe/ros2_ws/install/ros2_whisper/share/ros2_whisper/package.bash'
[6.052s] INFO:colcon.colcon_core.shell:Creating package script '/home/felipe/ros2_ws/install/ros2_whisper/share/ros2_whisper/package.zsh'
[6.053s] Level 1:colcon.colcon_core.environment:create_file_with_runtime_dependencies(/home/felipe/ros2_ws/install/ros2_whisper/share/colcon-core/packages/ros2_whisper)
[7.583s] DEBUG:colcon.colcon_core.event_handler.log_command:Invoking command in '/home/felipe/ros2_ws/src/voice_control': PYTHONPATH=/home/felipe/ros2_ws/build/voice_control/prefix_override:/usr/lib/python3/dist-packages/colcon_core/task/python/colcon_distutils_commands:/home/felipe/ros2_ws/install/voice_control/lib/python3.10/site-packages:${PYTHONPATH} /usr/bin/python3 -W ignore:setup.py install is deprecated setup.py egg_info --egg-base ../../build/voice_control build --build-base /home/felipe/ros2_ws/build/voice_control/build install --record /home/felipe/ros2_ws/build/voice_control/install.log --single-version-externally-managed install_data
[9.233s] Level 1:colcon.colcon_core.environment:checking '/home/felipe/ros2_ws/install/voice_control' for CMake module files
[9.234s] DEBUG:colcon.colcon_core.event_handler.log_command:Invoked command in '/home/felipe/ros2_ws/src/voice_control' returned '0': PYTHONPATH=/home/felipe/ros2_ws/build/voice_control/prefix_override:/usr/lib/python3/dist-packages/colcon_core/task/python/colcon_distutils_commands:/home/felipe/ros2_ws/install/voice_control/lib/python3.10/site-packages:${PYTHONPATH} /usr/bin/python3 -W ignore:setup.py install is deprecated setup.py egg_info --egg-base ../../build/voice_control build --build-base /home/felipe/ros2_ws/build/voice_control/build install --record /home/felipe/ros2_ws/build/voice_control/install.log --single-version-externally-managed install_data
[9.235s] Level 1:colcon.colcon_core.environment:checking '/home/felipe/ros2_ws/install/voice_control' for CMake config files
[9.236s] Level 1:colcon.colcon_core.environment:checking '/home/felipe/ros2_ws/install/voice_control/lib'
[9.236s] Level 1:colcon.colcon_core.environment:checking '/home/felipe/ros2_ws/install/voice_control/bin'
[9.236s] Level 1:colcon.colcon_core.environment:checking '/home/felipe/ros2_ws/install/voice_control/lib/pkgconfig/voice_control.pc'
[9.237s] Level 1:colcon.colcon_core.environment:checking '/home/felipe/ros2_ws/install/voice_control/lib/python3.10/site-packages'
[9.237s] Level 1:colcon.colcon_core.shell:create_environment_hook('voice_control', 'pythonpath')
[9.237s] INFO:colcon.colcon_core.shell:Creating environment hook '/home/felipe/ros2_ws/install/voice_control/share/voice_control/hook/pythonpath.ps1'
[9.238s] INFO:colcon.colcon_core.shell:Creating environment descriptor '/home/felipe/ros2_ws/install/voice_control/share/voice_control/hook/pythonpath.dsv'
[9.239s] INFO:colcon.colcon_core.shell:Creating environment hook '/home/felipe/ros2_ws/install/voice_control/share/voice_control/hook/pythonpath.sh'
[9.240s] Level 1:colcon.colcon_core.environment:checking '/home/felipe/ros2_ws/install/voice_control/bin'
[9.240s] Level 1:colcon.colcon_core.environment:create_environment_scripts_only(voice_control)
[9.241s] INFO:colcon.colcon_core.shell:Creating package script '/home/felipe/ros2_ws/install/voice_control/share/voice_control/package.ps1'
[9.242s] INFO:colcon.colcon_core.shell:Creating package descriptor '/home/felipe/ros2_ws/install/voice_control/share/voice_control/package.dsv'
[9.243s] INFO:colcon.colcon_core.shell:Creating package script '/home/felipe/ros2_ws/install/voice_control/share/voice_control/package.sh'
[9.244s] INFO:colcon.colcon_core.shell:Creating package script '/home/felipe/ros2_ws/install/voice_control/share/voice_control/package.bash'
[9.245s] INFO:colcon.colcon_core.shell:Creating package script '/home/felipe/ros2_ws/install/voice_control/share/voice_control/package.zsh'
[9.246s] Level 1:colcon.colcon_core.environment:create_file_with_runtime_dependencies(/home/felipe/ros2_ws/install/voice_control/share/colcon-core/packages/voice_control)
[9.246s] DEBUG:colcon.colcon_parallel_executor.executor.parallel:closing loop
[9.247s] DEBUG:colcon.colcon_parallel_executor.executor.parallel:loop closed
[9.247s] DEBUG:colcon.colcon_parallel_executor.executor.parallel:run_until_complete finished with '0'
[9.247s] DEBUG:colcon.colcon_core.event_reactor:joining thread
[9.259s] INFO:colcon.colcon_core.plugin_system:Skipping extension 'colcon_notification.desktop_notification.terminal_notifier': Not used on non-Darwin systems
[9.259s] INFO:colcon.colcon_core.plugin_system:Skipping extension 'colcon_notification.desktop_notification.win32': Not used on non-Windows systems
[9.259s] INFO:colcon.colcon_notification.desktop_notification:Sending desktop notification using 'notify2'
[9.283s] DEBUG:colcon.colcon_core.event_reactor:joined thread
[9.284s] INFO:colcon.colcon_core.shell:Creating prefix script '/home/felipe/ros2_ws/install/local_setup.ps1'
[9.288s] INFO:colcon.colcon_core.shell:Creating prefix util module '/home/felipe/ros2_ws/install/_local_setup_util_ps1.py'
[9.293s] INFO:colcon.colcon_core.shell:Creating prefix chain script '/home/felipe/ros2_ws/install/setup.ps1'
[9.295s] INFO:colcon.colcon_core.shell:Creating prefix script '/home/felipe/ros2_ws/install/local_setup.sh'
[9.296s] INFO:colcon.colcon_core.shell:Creating prefix util module '/home/felipe/ros2_ws/install/_local_setup_util_sh.py'
[9.297s] INFO:colcon.colcon_core.shell:Creating prefix chain script '/home/felipe/ros2_ws/install/setup.sh'
[9.299s] INFO:colcon.colcon_core.shell:Creating prefix script '/home/felipe/ros2_ws/install/local_setup.bash'
[9.300s] INFO:colcon.colcon_core.shell:Creating prefix chain script '/home/felipe/ros2_ws/install/setup.bash'
[9.302s] INFO:colcon.colcon_core.shell:Creating prefix script '/home/felipe/ros2_ws/install/local_setup.zsh'
[9.304s] INFO:colcon.colcon_core.shell:Creating prefix chain script '/home/felipe/ros2_ws/install/setup.zsh'
