[  4%] [34m[1mGenerating include/multires_image/moc_tile_cache.cpp[0m
[  8%] [32mBuilding CXX object CMakeFiles/multires_image.dir/src/tile.cpp.o[0m
[ 12%] [32mBuilding CXX object CMakeFiles/multires_image.dir/src/tile_cache.cpp.o[0m
[ 16%] [32mBuilding CXX object CMakeFiles/multires_image.dir/include/multires_image/moc_tile_cache.cpp.o[0m
[ 20%] [32mBuilding CXX object CMakeFiles/multires_image.dir/src/tile_set.cpp.o[0m
[ 25%] [32mBuilding CXX object CMakeFiles/multires_image.dir/src/tile_set_layer.cpp.o[0m
[ 29%] [32m[1mLinking CXX static library libmultires_image.a[0m
[ 29%] Built target multires_image
[ 33%] [34m[1mGenerating ui_QGLMap.h[0m
[ 37%] [34m[1mGenerating ui_multires_config.h[0m
[ 41%] [34m[1mGenerating include/multires_image/moc_QGLMap.cpp[0m
[ 45%] [34m[1mGenerating ui_multires_config.h[0m
[ 50%] [34m[1mGenerating include/multires_image/moc_multires_image_plugin.cpp[0m
[ 54%] [32mBuilding CXX object CMakeFiles/multires_widget.dir/src/tile_view.cpp.o[0m
[ 62%] [32mBuilding CXX object CMakeFiles/multires_widget.dir/src/QGLMap.cpp.o[0m
[ 62%] [32mBuilding CXX object CMakeFiles/multires_widget.dir/include/multires_image/moc_QGLMap.cpp.o[0m
[ 66%] [32mBuilding CXX object CMakeFiles/multires_image_plugin.dir/src/multires_image_plugin.cpp.o[0m
[ 70%] [32mBuilding CXX object CMakeFiles/multires_image_plugin.dir/src/multires_view.cpp.o[0m
[ 75%] [32mBuilding CXX object CMakeFiles/multires_image_plugin.dir/include/multires_image/moc_multires_image_plugin.cpp.o[0m
[ 79%] [32m[1mLinking CXX static library libmultires_widget.a[0m
[ 79%] Built target multires_widget
[ 83%] [34m[1mGenerating include/multires_image/moc_multires_view_node.cpp[0m
[ 87%] [32mBuilding CXX object CMakeFiles/multires_view_node.dir/src/nodes/multires_view_node.cpp.o[0m
[ 91%] [32mBuilding CXX object CMakeFiles/multires_view_node.dir/include/multires_image/moc_multires_view_node.cpp.o[0m
[ 95%] [32m[1mLinking CXX shared library libmultires_image_plugin.so[0m
[ 95%] Built target multires_image_plugin
[100%] [32m[1mLinking CXX executable multires_view_node[0m
[100%] Built target multires_view_node
