-- Found ament_cmake: 1.3.11 (/opt/ros/humble/share/ament_cmake/cmake)
-- Found rclpy: 3.3.15 (/opt/ros/humble/share/rclpy/cmake)
-- Found geometry_msgs: 4.2.4 (/opt/ros/humble/share/geometry_msgs/cmake)
-- Found rosidl_generator_c: 3.1.6 (/opt/ros/humble/share/rosidl_generator_c/cmake)
-- Found rosidl_adapter: 3.1.6 (/opt/ros/humble/share/rosidl_adapter/cmake)
-- Found rosidl_generator_cpp: 3.1.6 (/opt/ros/humble/share/rosidl_generator_cpp/cmake)
-- Using all available rosidl_typesupport_c: rosidl_typesupport_fastrtps_c;rosidl_typesupport_introspection_c
-- Using all available rosidl_typesupport_cpp: rosidl_typesupport_fastrtps_cpp;rosidl_typesupport_introspection_cpp
-- Configuring done
-- Generating done
-- Build files have been written to: /home/felipe/ros2_ws/build/vacuum_robot
Built target ament_cmake_python_copy_vacuum_robot_setup
Built target ament_cmake_python_copy_vacuum_robot
running egg_info
writing vacuum_robot.egg-info/PKG-INFO
writing dependency_links to vacuum_robot.egg-info/dependency_links.txt
writing top-level names to vacuum_robot.egg-info/top_level.txt
reading manifest file 'vacuum_robot.egg-info/SOURCES.txt'
writing manifest file 'vacuum_robot.egg-info/SOURCES.txt'
Built target ament_cmake_python_build_vacuum_robot_egg
-- Install configuration: ""
-- Up-to-date: /home/felipe/ros2_ws/install/vacuum_robot/share/vacuum_robot/environment/pythonpath.sh
-- Installing: /home/felipe/ros2_ws/install/vacuum_robot/share/vacuum_robot/environment/pythonpath.dsv
-- Up-to-date: /home/felipe/ros2_ws/install/vacuum_robot/local/lib/python3.10/dist-packages/vacuum_robot-0.0.0-py3.10.egg-info
-- Installing: /home/felipe/ros2_ws/install/vacuum_robot/local/lib/python3.10/dist-packages/vacuum_robot-0.0.0-py3.10.egg-info/top_level.txt
-- Installing: /home/felipe/ros2_ws/install/vacuum_robot/local/lib/python3.10/dist-packages/vacuum_robot-0.0.0-py3.10.egg-info/dependency_links.txt
-- Installing: /home/felipe/ros2_ws/install/vacuum_robot/local/lib/python3.10/dist-packages/vacuum_robot-0.0.0-py3.10.egg-info/PKG-INFO
-- Installing: /home/felipe/ros2_ws/install/vacuum_robot/local/lib/python3.10/dist-packages/vacuum_robot-0.0.0-py3.10.egg-info/SOURCES.txt
-- Up-to-date: /home/felipe/ros2_ws/install/vacuum_robot/local/lib/python3.10/dist-packages/vacuum_robot
-- Up-to-date: /home/felipe/ros2_ws/install/vacuum_robot/local/lib/python3.10/dist-packages/vacuum_robot/vacuum_robot_controller.py
-- Up-to-date: /home/felipe/ros2_ws/install/vacuum_robot/local/lib/python3.10/dist-packages/vacuum_robot/__init__.py
Listing '/home/felipe/ros2_ws/install/vacuum_robot/local/lib/python3.10/dist-packages/vacuum_robot'...
-- Installing: /home/felipe/ros2_ws/install/vacuum_robot/lib/vacuum_robot/vacuum_robot_controller.py
-- Installing: /home/felipe/ros2_ws/install/vacuum_robot/share/ament_index/resource_index/package_run_dependencies/vacuum_robot
-- Installing: /home/felipe/ros2_ws/install/vacuum_robot/share/ament_index/resource_index/parent_prefix_path/vacuum_robot
-- Installing: /home/felipe/ros2_ws/install/vacuum_robot/share/vacuum_robot/environment/ament_prefix_path.sh
-- Installing: /home/felipe/ros2_ws/install/vacuum_robot/share/vacuum_robot/environment/ament_prefix_path.dsv
-- Installing: /home/felipe/ros2_ws/install/vacuum_robot/share/vacuum_robot/environment/path.sh
-- Installing: /home/felipe/ros2_ws/install/vacuum_robot/share/vacuum_robot/environment/path.dsv
-- Installing: /home/felipe/ros2_ws/install/vacuum_robot/share/vacuum_robot/local_setup.bash
-- Installing: /home/felipe/ros2_ws/install/vacuum_robot/share/vacuum_robot/local_setup.sh
-- Installing: /home/felipe/ros2_ws/install/vacuum_robot/share/vacuum_robot/local_setup.zsh
-- Installing: /home/felipe/ros2_ws/install/vacuum_robot/share/vacuum_robot/local_setup.dsv
-- Installing: /home/felipe/ros2_ws/install/vacuum_robot/share/vacuum_robot/package.dsv
-- Installing: /home/felipe/ros2_ws/install/vacuum_robot/share/ament_index/resource_index/packages/vacuum_robot
-- Installing: /home/felipe/ros2_ws/install/vacuum_robot/share/vacuum_robot/cmake/vacuum_robotConfig.cmake
-- Installing: /home/felipe/ros2_ws/install/vacuum_robot/share/vacuum_robot/cmake/vacuum_robotConfig-version.cmake
-- Installing: /home/felipe/ros2_ws/install/vacuum_robot/share/vacuum_robot/package.xml
