[0.011s] Invoking command in '/home/felipe/ros2_ws/build/vacuum_robot': /usr/bin/cmake --build /home/felipe/ros2_ws/build/vacuum_robot -- -j8 -l8
[0.031s] -- Found ament_cmake: 1.3.11 (/opt/ros/humble/share/ament_cmake/cmake)
[0.158s] -- Found rclpy: 3.3.15 (/opt/ros/humble/share/rclpy/cmake)
[0.158s] -- Found geometry_msgs: 4.2.4 (/opt/ros/humble/share/geometry_msgs/cmake)
[0.183s] -- Found rosidl_generator_c: 3.1.6 (/opt/ros/humble/share/rosidl_generator_c/cmake)
[0.185s] -- Found rosidl_adapter: 3.1.6 (/opt/ros/humble/share/rosidl_adapter/cmake)
[0.191s] -- Found rosidl_generator_cpp: 3.1.6 (/opt/ros/humble/share/rosidl_generator_cpp/cmake)
[0.200s] -- Using all available rosidl_typesupport_c: rosidl_typesupport_fastrtps_c;rosidl_typesupport_introspection_c
[0.212s] -- Using all available rosidl_typesupport_cpp: rosidl_typesupport_fastrtps_cpp;rosidl_typesupport_introspection_cpp
[0.380s] -- Configuring done
[0.384s] -- Generating done
[0.386s] -- Build files have been written to: /home/felipe/ros2_ws/build/vacuum_robot
[0.423s] Built target ament_cmake_python_copy_vacuum_robot_setup
[0.423s] Built target ament_cmake_python_copy_vacuum_robot
[0.681s] running egg_info
[0.704s] writing vacuum_robot.egg-info/PKG-INFO
[0.705s] writing dependency_links to vacuum_robot.egg-info/dependency_links.txt
[0.705s] writing top-level names to vacuum_robot.egg-info/top_level.txt
[0.782s] reading manifest file 'vacuum_robot.egg-info/SOURCES.txt'
[0.783s] writing manifest file 'vacuum_robot.egg-info/SOURCES.txt'
[0.809s] Built target ament_cmake_python_build_vacuum_robot_egg
[0.819s] Invoked command in '/home/felipe/ros2_ws/build/vacuum_robot' returned '0': /usr/bin/cmake --build /home/felipe/ros2_ws/build/vacuum_robot -- -j8 -l8
[0.828s] Invoking command in '/home/felipe/ros2_ws/build/vacuum_robot': /usr/bin/cmake --install /home/felipe/ros2_ws/build/vacuum_robot
[0.835s] -- Install configuration: ""
[0.835s] -- Up-to-date: /home/felipe/ros2_ws/install/vacuum_robot/share/vacuum_robot/environment/pythonpath.sh
[0.835s] -- Installing: /home/felipe/ros2_ws/install/vacuum_robot/share/vacuum_robot/environment/pythonpath.dsv
[0.835s] -- Up-to-date: /home/felipe/ros2_ws/install/vacuum_robot/local/lib/python3.10/dist-packages/vacuum_robot-0.0.0-py3.10.egg-info
[0.835s] -- Installing: /home/felipe/ros2_ws/install/vacuum_robot/local/lib/python3.10/dist-packages/vacuum_robot-0.0.0-py3.10.egg-info/top_level.txt
[0.835s] -- Installing: /home/felipe/ros2_ws/install/vacuum_robot/local/lib/python3.10/dist-packages/vacuum_robot-0.0.0-py3.10.egg-info/dependency_links.txt
[0.835s] -- Installing: /home/felipe/ros2_ws/install/vacuum_robot/local/lib/python3.10/dist-packages/vacuum_robot-0.0.0-py3.10.egg-info/PKG-INFO
[0.835s] -- Installing: /home/felipe/ros2_ws/install/vacuum_robot/local/lib/python3.10/dist-packages/vacuum_robot-0.0.0-py3.10.egg-info/SOURCES.txt
[0.836s] -- Up-to-date: /home/felipe/ros2_ws/install/vacuum_robot/local/lib/python3.10/dist-packages/vacuum_robot
[0.836s] -- Up-to-date: /home/felipe/ros2_ws/install/vacuum_robot/local/lib/python3.10/dist-packages/vacuum_robot/vacuum_robot_controller.py
[0.836s] -- Up-to-date: /home/felipe/ros2_ws/install/vacuum_robot/local/lib/python3.10/dist-packages/vacuum_robot/__init__.py
[0.868s] Listing '/home/felipe/ros2_ws/install/vacuum_robot/local/lib/python3.10/dist-packages/vacuum_robot'...
[0.873s] -- Installing: /home/felipe/ros2_ws/install/vacuum_robot/lib/vacuum_robot/vacuum_robot_controller.py
[0.873s] -- Installing: /home/felipe/ros2_ws/install/vacuum_robot/share/ament_index/resource_index/package_run_dependencies/vacuum_robot
[0.873s] -- Installing: /home/felipe/ros2_ws/install/vacuum_robot/share/ament_index/resource_index/parent_prefix_path/vacuum_robot
[0.874s] -- Installing: /home/felipe/ros2_ws/install/vacuum_robot/share/vacuum_robot/environment/ament_prefix_path.sh
[0.874s] -- Installing: /home/felipe/ros2_ws/install/vacuum_robot/share/vacuum_robot/environment/ament_prefix_path.dsv
[0.874s] -- Installing: /home/felipe/ros2_ws/install/vacuum_robot/share/vacuum_robot/environment/path.sh
[0.874s] -- Installing: /home/felipe/ros2_ws/install/vacuum_robot/share/vacuum_robot/environment/path.dsv
[0.874s] -- Installing: /home/felipe/ros2_ws/install/vacuum_robot/share/vacuum_robot/local_setup.bash
[0.875s] -- Installing: /home/felipe/ros2_ws/install/vacuum_robot/share/vacuum_robot/local_setup.sh
[0.875s] -- Installing: /home/felipe/ros2_ws/install/vacuum_robot/share/vacuum_robot/local_setup.zsh
[0.875s] -- Installing: /home/felipe/ros2_ws/install/vacuum_robot/share/vacuum_robot/local_setup.dsv
[0.875s] -- Installing: /home/felipe/ros2_ws/install/vacuum_robot/share/vacuum_robot/package.dsv
[0.875s] -- Installing: /home/felipe/ros2_ws/install/vacuum_robot/share/ament_index/resource_index/packages/vacuum_robot
[0.875s] -- Installing: /home/felipe/ros2_ws/install/vacuum_robot/share/vacuum_robot/cmake/vacuum_robotConfig.cmake
[0.876s] -- Installing: /home/felipe/ros2_ws/install/vacuum_robot/share/vacuum_robot/cmake/vacuum_robotConfig-version.cmake
[0.876s] -- Installing: /home/felipe/ros2_ws/install/vacuum_robot/share/vacuum_robot/package.xml
[0.878s] Invoked command in '/home/felipe/ros2_ws/build/vacuum_robot' returned '0': /usr/bin/cmake --install /home/felipe/ros2_ws/build/vacuum_robot
