[3.245s] Invoking command in '/home/felipe/ros2_ws/build/explorer_gazebo': CMAKE_PREFIX_PATH=${CMAKE_PREFIX_PATH}:/home/felipe/ros2_ws/install/vacuum_robot:/home/felipe/ros2_ws/install/my_py_pkg:/home/felipe/ros2_ws/install/explorer_wanderer:/home/felipe/ros2_ws/install/explorer_map_utils:/home/felipe/ros2_ws/install/explorer_bringup:/home/felipe/ros2_ws/install/auto_mapper_py:/opt/ros/humble:/home/felipe/ros2_ws/install /usr/bin/cmake --build /home/felipe/ros2_ws/build/explorer_gazebo -- -j8 -l8
[6.332s] Invoked command in '/home/felipe/ros2_ws/build/explorer_gazebo' returned '0': CMAKE_PREFIX_PATH=${CMAKE_PREFIX_PATH}:/home/felipe/ros2_ws/install/vacuum_robot:/home/felipe/ros2_ws/install/my_py_pkg:/home/felipe/ros2_ws/install/explorer_wanderer:/home/felipe/ros2_ws/install/explorer_map_utils:/home/felipe/ros2_ws/install/explorer_bringup:/home/felipe/ros2_ws/install/auto_mapper_py:/opt/ros/humble:/home/felipe/ros2_ws/install /usr/bin/cmake --build /home/felipe/ros2_ws/build/explorer_gazebo -- -j8 -l8
[6.344s] Invoking command in '/home/felipe/ros2_ws/build/explorer_gazebo': CMAKE_PREFIX_PATH=${CMAKE_PREFIX_PATH}:/home/felipe/ros2_ws/install/vacuum_robot:/home/felipe/ros2_ws/install/my_py_pkg:/home/felipe/ros2_ws/install/explorer_wanderer:/home/felipe/ros2_ws/install/explorer_map_utils:/home/felipe/ros2_ws/install/explorer_bringup:/home/felipe/ros2_ws/install/auto_mapper_py:/opt/ros/humble:/home/felipe/ros2_ws/install /usr/bin/cmake --install /home/felipe/ros2_ws/build/explorer_gazebo
[6.452s] -- Install configuration: ""
[6.452s] -- Up-to-date: /home/felipe/ros2_ws/install/explorer_gazebo/share/explorer_gazebo//models
[6.452s] -- Up-to-date: /home/felipe/ros2_ws/install/explorer_gazebo/share/explorer_gazebo//models/map1
[6.453s] -- Up-to-date: /home/felipe/ros2_ws/install/explorer_gazebo/share/explorer_gazebo//models/map1/model.config
[6.453s] -- Up-to-date: /home/felipe/ros2_ws/install/explorer_gazebo/share/explorer_gazebo//models/map1/map1.sdf
[6.453s] -- Up-to-date: /home/felipe/ros2_ws/install/explorer_gazebo/share/explorer_gazebo//models/map6
[6.453s] -- Up-to-date: /home/felipe/ros2_ws/install/explorer_gazebo/share/explorer_gazebo//models/map6/model.config
[6.453s] -- Up-to-date: /home/felipe/ros2_ws/install/explorer_gazebo/share/explorer_gazebo//models/map6/map6.sdf
[6.454s] -- Up-to-date: /home/felipe/ros2_ws/install/explorer_gazebo/share/explorer_gazebo//models/map2
[6.456s] -- Up-to-date: /home/felipe/ros2_ws/install/explorer_gazebo/share/explorer_gazebo//models/map2/model.config
[6.458s] -- Up-to-date: /home/felipe/ros2_ws/install/explorer_gazebo/share/explorer_gazebo//models/map2/map2.sdf
[6.458s] -- Up-to-date: /home/felipe/ros2_ws/install/explorer_gazebo/share/explorer_gazebo//models/map11
[6.459s] -- Up-to-date: /home/felipe/ros2_ws/install/explorer_gazebo/share/explorer_gazebo//models/map11/model.config
[6.460s] -- Up-to-date: /home/felipe/ros2_ws/install/explorer_gazebo/share/explorer_gazebo//models/map11/map11.sdf
[6.464s] -- Up-to-date: /home/felipe/ros2_ws/install/explorer_gazebo/share/explorer_gazebo//models/map3
[6.465s] -- Up-to-date: /home/felipe/ros2_ws/install/explorer_gazebo/share/explorer_gazebo//models/map3/model.config
[6.465s] -- Up-to-date: /home/felipe/ros2_ws/install/explorer_gazebo/share/explorer_gazebo//models/map3/map3.sdf
[6.465s] -- Up-to-date: /home/felipe/ros2_ws/install/explorer_gazebo/share/explorer_gazebo//models/map8
[6.465s] -- Up-to-date: /home/felipe/ros2_ws/install/explorer_gazebo/share/explorer_gazebo//models/map8/model.config
[6.465s] -- Up-to-date: /home/felipe/ros2_ws/install/explorer_gazebo/share/explorer_gazebo//models/map8/map8.sdf
[6.466s] -- Up-to-date: /home/felipe/ros2_ws/install/explorer_gazebo/share/explorer_gazebo//models/map10
[6.466s] -- Up-to-date: /home/felipe/ros2_ws/install/explorer_gazebo/share/explorer_gazebo//models/map10/model.config
[6.466s] -- Up-to-date: /home/felipe/ros2_ws/install/explorer_gazebo/share/explorer_gazebo//models/map10/map10.sdf
[6.466s] -- Up-to-date: /home/felipe/ros2_ws/install/explorer_gazebo/share/explorer_gazebo//models/map4
[6.467s] -- Up-to-date: /home/felipe/ros2_ws/install/explorer_gazebo/share/explorer_gazebo//models/map4/model.config
[6.468s] -- Up-to-date: /home/felipe/ros2_ws/install/explorer_gazebo/share/explorer_gazebo//models/map4/map4.sdf
[6.469s] -- Up-to-date: /home/felipe/ros2_ws/install/explorer_gazebo/share/explorer_gazebo//models/map9
[6.470s] -- Up-to-date: /home/felipe/ros2_ws/install/explorer_gazebo/share/explorer_gazebo//models/map9/map9.sdf
[6.470s] -- Up-to-date: /home/felipe/ros2_ws/install/explorer_gazebo/share/explorer_gazebo//models/map9/model.config
[6.470s] -- Up-to-date: /home/felipe/ros2_ws/install/explorer_gazebo/share/explorer_gazebo//models/map5
[6.470s] -- Up-to-date: /home/felipe/ros2_ws/install/explorer_gazebo/share/explorer_gazebo//models/map5/model.config
[6.471s] -- Up-to-date: /home/felipe/ros2_ws/install/explorer_gazebo/share/explorer_gazebo//models/map5/map5.sdf
[6.471s] -- Up-to-date: /home/felipe/ros2_ws/install/explorer_gazebo/share/explorer_gazebo//models/map7
[6.479s] -- Up-to-date: /home/felipe/ros2_ws/install/explorer_gazebo/share/explorer_gazebo//models/map7/model.config
[6.480s] -- Up-to-date: /home/felipe/ros2_ws/install/explorer_gazebo/share/explorer_gazebo//models/map7/map7.sdf
[6.487s] -- Up-to-date: /home/felipe/ros2_ws/install/explorer_gazebo/share/explorer_gazebo//models/turtlebot3_burger
[6.488s] -- Up-to-date: /home/felipe/ros2_ws/install/explorer_gazebo/share/explorer_gazebo//models/turtlebot3_burger/model.config
[6.489s] -- Up-to-date: /home/felipe/ros2_ws/install/explorer_gazebo/share/explorer_gazebo//models/turtlebot3_burger/model.sdf
[6.489s] -- Up-to-date: /home/felipe/ros2_ws/install/explorer_gazebo/share/explorer_gazebo//models/turtlebot3_burger/model-1_4.sdf
[6.555s] -- Up-to-date: /home/felipe/ros2_ws/install/explorer_gazebo/share/explorer_gazebo//models/turtlebot3_burger/meshes
[6.555s] -- Up-to-date: /home/felipe/ros2_ws/install/explorer_gazebo/share/explorer_gazebo//models/turtlebot3_burger/meshes/burger_base.dae
[6.555s] -- Up-to-date: /home/felipe/ros2_ws/install/explorer_gazebo/share/explorer_gazebo//models/turtlebot3_burger/meshes/lds.dae
[6.556s] -- Up-to-date: /home/felipe/ros2_ws/install/explorer_gazebo/share/explorer_gazebo//models/turtlebot3_burger/meshes/tire.dae
[6.556s] -- Up-to-date: /home/felipe/ros2_ws/install/explorer_gazebo/share/explorer_gazebo//worlds
[6.556s] -- Up-to-date: /home/felipe/ros2_ws/install/explorer_gazebo/share/explorer_gazebo//worlds/map1.world.xml
[6.557s] -- Up-to-date: /home/felipe/ros2_ws/install/explorer_gazebo/share/explorer_gazebo//worlds/map3.world.xml
[6.557s] -- Up-to-date: /home/felipe/ros2_ws/install/explorer_gazebo/share/explorer_gazebo//worlds/map5.world.xml
[6.558s] -- Up-to-date: /home/felipe/ros2_ws/install/explorer_gazebo/share/explorer_gazebo//worlds/map7.world.xml
[6.562s] -- Up-to-date: /home/felipe/ros2_ws/install/explorer_gazebo/share/explorer_gazebo//worlds/map9.world.xml
[6.562s] -- Up-to-date: /home/felipe/ros2_ws/install/explorer_gazebo/share/explorer_gazebo//worlds/map11.world.xml
[6.562s] -- Up-to-date: /home/felipe/ros2_ws/install/explorer_gazebo/share/explorer_gazebo//worlds/map4.world.xml
[6.562s] -- Up-to-date: /home/felipe/ros2_ws/install/explorer_gazebo/share/explorer_gazebo//worlds/map10.world.xml
[6.563s] -- Up-to-date: /home/felipe/ros2_ws/install/explorer_gazebo/share/explorer_gazebo//worlds/map6.world.xml
[6.563s] -- Up-to-date: /home/felipe/ros2_ws/install/explorer_gazebo/share/explorer_gazebo//worlds/map2.world.xml
[6.563s] -- Up-to-date: /home/felipe/ros2_ws/install/explorer_gazebo/share/explorer_gazebo//worlds/map8.world.xml
[6.563s] -- Up-to-date: /home/felipe/ros2_ws/install/explorer_gazebo/share/explorer_gazebo//maps
[6.563s] -- Up-to-date: /home/felipe/ros2_ws/install/explorer_gazebo/share/explorer_gazebo//maps/map3.csv
[6.564s] -- Up-to-date: /home/felipe/ros2_ws/install/explorer_gazebo/share/explorer_gazebo//maps/map2.csv
[6.564s] -- Up-to-date: /home/felipe/ros2_ws/install/explorer_gazebo/share/explorer_gazebo//maps/map11.csv
[6.564s] -- Up-to-date: /home/felipe/ros2_ws/install/explorer_gazebo/share/explorer_gazebo//maps/map10.csv
[6.564s] -- Up-to-date: /home/felipe/ros2_ws/install/explorer_gazebo/share/explorer_gazebo//maps/map9.csv
[6.564s] -- Up-to-date: /home/felipe/ros2_ws/install/explorer_gazebo/share/explorer_gazebo//maps/map8.csv
[6.565s] -- Up-to-date: /home/felipe/ros2_ws/install/explorer_gazebo/share/explorer_gazebo//maps/map7.csv
[6.565s] -- Up-to-date: /home/felipe/ros2_ws/install/explorer_gazebo/share/explorer_gazebo//maps/map5.csv
[6.565s] -- Up-to-date: /home/felipe/ros2_ws/install/explorer_gazebo/share/explorer_gazebo//maps/map6.csv
[6.565s] -- Up-to-date: /home/felipe/ros2_ws/install/explorer_gazebo/share/explorer_gazebo//maps/map1.csv
[6.566s] -- Up-to-date: /home/felipe/ros2_ws/install/explorer_gazebo/share/explorer_gazebo//maps/map4.csv
[6.566s] -- Up-to-date: /home/felipe/ros2_ws/install/explorer_gazebo/share/ament_index/resource_index/package_run_dependencies/explorer_gazebo
[6.571s] -- Up-to-date: /home/felipe/ros2_ws/install/explorer_gazebo/share/ament_index/resource_index/parent_prefix_path/explorer_gazebo
[6.573s] -- Up-to-date: /home/felipe/ros2_ws/install/explorer_gazebo/share/explorer_gazebo/environment/ament_prefix_path.sh
[6.573s] -- Up-to-date: /home/felipe/ros2_ws/install/explorer_gazebo/share/explorer_gazebo/environment/ament_prefix_path.dsv
[6.573s] -- Up-to-date: /home/felipe/ros2_ws/install/explorer_gazebo/share/explorer_gazebo/environment/path.sh
[6.574s] -- Up-to-date: /home/felipe/ros2_ws/install/explorer_gazebo/share/explorer_gazebo/environment/path.dsv
[6.574s] -- Up-to-date: /home/felipe/ros2_ws/install/explorer_gazebo/share/explorer_gazebo/local_setup.bash
[6.574s] -- Up-to-date: /home/felipe/ros2_ws/install/explorer_gazebo/share/explorer_gazebo/local_setup.sh
[6.582s] -- Up-to-date: /home/felipe/ros2_ws/install/explorer_gazebo/share/explorer_gazebo/local_setup.zsh
[6.584s] -- Up-to-date: /home/felipe/ros2_ws/install/explorer_gazebo/share/explorer_gazebo/local_setup.dsv
[6.586s] -- Installing: /home/felipe/ros2_ws/install/explorer_gazebo/share/explorer_gazebo/package.dsv
[6.589s] -- Up-to-date: /home/felipe/ros2_ws/install/explorer_gazebo/share/ament_index/resource_index/packages/explorer_gazebo
[6.589s] -- Up-to-date: /home/felipe/ros2_ws/install/explorer_gazebo/share/explorer_gazebo/cmake/explorer_gazeboConfig.cmake
[6.590s] -- Up-to-date: /home/felipe/ros2_ws/install/explorer_gazebo/share/explorer_gazebo/cmake/explorer_gazeboConfig-version.cmake
[6.590s] -- Up-to-date: /home/felipe/ros2_ws/install/explorer_gazebo/share/explorer_gazebo/package.xml
[6.720s] Invoked command in '/home/felipe/ros2_ws/build/explorer_gazebo' returned '0': CMAKE_PREFIX_PATH=${CMAKE_PREFIX_PATH}:/home/felipe/ros2_ws/install/vacuum_robot:/home/felipe/ros2_ws/install/my_py_pkg:/home/felipe/ros2_ws/install/explorer_wanderer:/home/felipe/ros2_ws/install/explorer_map_utils:/home/felipe/ros2_ws/install/explorer_bringup:/home/felipe/ros2_ws/install/auto_mapper_py:/opt/ros/humble:/home/felipe/ros2_ws/install /usr/bin/cmake --install /home/felipe/ros2_ws/build/explorer_gazebo
