[2.182s] Invoking command in '/home/felipe/ros2_ws/src/voice_control': PYTHONPATH=/home/felipe/ros2_ws/build/voice_control/prefix_override:/usr/lib/python3/dist-packages/colcon_core/task/python/colcon_distutils_commands:/home/felipe/ros2_ws/install/voice_control/lib/python3.10/site-packages:${PYTHONPATH} /usr/bin/python3 -W ignore:setup.py install is deprecated setup.py egg_info --egg-base ../../build/voice_control build --build-base /home/felipe/ros2_ws/build/voice_control/build install --record /home/felipe/ros2_ws/build/voice_control/install.log --single-version-externally-managed install_data
[2.570s] /home/felipe/.local/lib/python3.10/site-packages/setuptools/_distutils/dist.py:270: UserWarning: Unknown distribution option: 'tests_require'
[2.570s]   warnings.warn(msg)
[2.930s] running egg_info
[2.989s] writing ../../build/voice_control/voice_control.egg-info/PKG-INFO
[2.990s] writing dependency_links to ../../build/voice_control/voice_control.egg-info/dependency_links.txt
[2.990s] writing entry points to ../../build/voice_control/voice_control.egg-info/entry_points.txt
[2.991s] writing requirements to ../../build/voice_control/voice_control.egg-info/requires.txt
[2.991s] writing top-level names to ../../build/voice_control/voice_control.egg-info/top_level.txt
[3.114s] reading manifest file '../../build/voice_control/voice_control.egg-info/SOURCES.txt'
[3.117s] writing manifest file '../../build/voice_control/voice_control.egg-info/SOURCES.txt'
[3.117s] running build
[3.117s] running build_py
[3.118s] copying voice_control/motion_control_node.py -> /home/felipe/ros2_ws/build/voice_control/build/lib/voice_control
[3.119s] running install
[3.130s] running install_lib
[3.189s] running install_data
[3.190s] running install_egg_info
[3.252s] removing '/home/felipe/ros2_ws/install/voice_control/lib/python3.10/site-packages/voice_control-0.0.1-py3.10.egg-info' (and everything under it)
[3.252s] Copying ../../build/voice_control/voice_control.egg-info to /home/felipe/ros2_ws/install/voice_control/lib/python3.10/site-packages/voice_control-0.0.1-py3.10.egg-info
[3.255s] running install_scripts
[3.710s] Installing motion_control_node script to /home/felipe/ros2_ws/install/voice_control/lib/voice_control
[3.710s] Installing voice_command_node script to /home/felipe/ros2_ws/install/voice_control/lib/voice_control
[3.711s] writing list of installed files to '/home/felipe/ros2_ws/build/voice_control/install.log'
[3.784s] Invoked command in '/home/felipe/ros2_ws/src/voice_control' returned '0': PYTHONPATH=/home/felipe/ros2_ws/build/voice_control/prefix_override:/usr/lib/python3/dist-packages/colcon_core/task/python/colcon_distutils_commands:/home/felipe/ros2_ws/install/voice_control/lib/python3.10/site-packages:${PYTHONPATH} /usr/bin/python3 -W ignore:setup.py install is deprecated setup.py egg_info --egg-base ../../build/voice_control build --build-base /home/felipe/ros2_ws/build/voice_control/build install --record /home/felipe/ros2_ws/build/voice_control/install.log --single-version-externally-managed install_data
