Traceback (most recent call last):
  File "/home/felipe/ros2_ws/src/voice_control/setup.py", line 1, in <module>
    from setuptools import setup
  File "/home/felipe/.local/lib/python3.10/site-packages/setuptools/__init__.py", line 22, in <module>
    import _distutils_hack.override  # noqa: F401
  File "/home/felipe/.local/lib/python3.10/site-packages/_distutils_hack/override.py", line 1, in <module>
    __import__('_distutils_hack').do_override()
  File "/home/felipe/.local/lib/python3.10/site-packages/_distutils_hack/__init__.py", line 89, in do_override
    ensure_local_distutils()
  File "/home/felipe/.local/lib/python3.10/site-packages/_distutils_hack/__init__.py", line 72, in ensure_local_distutils
    importlib.import_module('distutils')
  File "/usr/lib/python3.10/importlib/__init__.py", line 126, in import_module
    return _bootstrap._gcd_import(name[level:], package, level)
  File "<frozen importlib._bootstrap>", line 1050, in _gcd_import
  File "<frozen importlib._bootstrap>", line 1027, in _find_and_load
  File "<frozen importlib._bootstrap>", line 1002, in _find_and_load_unlocked
  File "<frozen importlib._bootstrap>", line 945, in _find_spec
  File "/home/felipe/.local/lib/python3.10/site-packages/_distutils_hack/__init__.py", line 109, in find_spec
    return method()
  File "/home/felipe/.local/lib/python3.10/site-packages/_distutils_hack/__init__.py", line 120, in spec_for_distutils
    mod = importlib.import_module('setuptools._distutils')
  File "/usr/lib/python3.10/importlib/__init__.py", line 126, in import_module
    return _bootstrap._gcd_import(name[level:], package, level)
  File "/home/felipe/.local/lib/python3.10/site-packages/setuptools/_distutils/__init__.py", line 12, in <module>
    importlib.import_module('_distutils_system_mod')
  File "/usr/lib/python3.10/importlib/__init__.py", line 126, in import_module
    return _bootstrap._gcd_import(name[level:], package, level)
  File "/usr/lib/python3.10/_distutils_system_mod.py", line 15, in <module>
    import distutils.sysconfig
  File "/home/felipe/.local/lib/python3.10/site-packages/setuptools/_distutils/sysconfig.py", line 19, in <module>
    from jaraco.functools import pass_none
  File "/home/felipe/.local/lib/python3.10/site-packages/setuptools/_vendor/jaraco/functools/__init__.py", line 10, in <module>
    import more_itertools
  File "/usr/lib/python3/dist-packages/more_itertools/__init__.py", line 1, in <module>
    from .more import *  # noqa
  File "<frozen importlib._bootstrap>", line 1027, in _find_and_load
  File "<frozen importlib._bootstrap>", line 1006, in _find_and_load_unlocked
  File "<frozen importlib._bootstrap>", line 688, in _load_unlocked
  File "<frozen importlib._bootstrap_external>", line 879, in exec_module
  File "<frozen importlib._bootstrap_external>", line 1012, in get_code
  File "<frozen importlib._bootstrap_external>", line 672, in _compile_bytecode
KeyboardInterrupt
