[2.873s] Invoking command in '/home/felipe/ros2_ws/src/ros2_whisper': PYTHONPATH=/home/felipe/ros2_ws/build/ros2_whisper/prefix_override:/usr/lib/python3/dist-packages/colcon_core/task/python/colcon_distutils_commands:/home/felipe/ros2_ws/install/ros2_whisper/lib/python3.10/site-packages:${PYTHONPATH} /usr/bin/python3 -W ignore:setup.py install is deprecated setup.py egg_info --egg-base ../../build/ros2_whisper build --build-base /home/felipe/ros2_ws/build/ros2_whisper/build install --record /home/felipe/ros2_ws/build/ros2_whisper/install.log --single-version-externally-managed install_data
[3.282s] /home/felipe/.local/lib/python3.10/site-packages/setuptools/_distutils/dist.py:270: UserWarning: Unknown distribution option: 'tests_require'
[3.283s]   warnings.warn(msg)
[3.659s] running egg_info
[3.718s] writing ../../build/ros2_whisper/ros2_whisper.egg-info/PKG-INFO
[3.719s] writing dependency_links to ../../build/ros2_whisper/ros2_whisper.egg-info/dependency_links.txt
[3.719s] writing entry points to ../../build/ros2_whisper/ros2_whisper.egg-info/entry_points.txt
[3.720s] writing requirements to ../../build/ros2_whisper/ros2_whisper.egg-info/requires.txt
[3.720s] writing top-level names to ../../build/ros2_whisper/ros2_whisper.egg-info/top_level.txt
[3.846s] reading manifest file '../../build/ros2_whisper/ros2_whisper.egg-info/SOURCES.txt'
[3.850s] writing manifest file '../../build/ros2_whisper/ros2_whisper.egg-info/SOURCES.txt'
[3.850s] running build
[3.850s] running build_py
[3.853s] running install
[3.861s] running install_lib
[3.924s] running install_data
[3.924s] running install_egg_info
[3.988s] removing '/home/felipe/ros2_ws/install/ros2_whisper/lib/python3.10/site-packages/ros2_whisper-0.0.1-py3.10.egg-info' (and everything under it)
[3.990s] Copying ../../build/ros2_whisper/ros2_whisper.egg-info to /home/felipe/ros2_ws/install/ros2_whisper/lib/python3.10/site-packages/ros2_whisper-0.0.1-py3.10.egg-info
[3.991s] running install_scripts
[4.471s] Installing whisper_node script to /home/felipe/ros2_ws/install/ros2_whisper/lib/ros2_whisper
[4.472s] writing list of installed files to '/home/felipe/ros2_ws/build/ros2_whisper/install.log'
[4.563s] Invoked command in '/home/felipe/ros2_ws/src/ros2_whisper' returned '0': PYTHONPATH=/home/felipe/ros2_ws/build/ros2_whisper/prefix_override:/usr/lib/python3/dist-packages/colcon_core/task/python/colcon_distutils_commands:/home/felipe/ros2_ws/install/ros2_whisper/lib/python3.10/site-packages:${PYTHONPATH} /usr/bin/python3 -W ignore:setup.py install is deprecated setup.py egg_info --egg-base ../../build/ros2_whisper build --build-base /home/felipe/ros2_ws/build/ros2_whisper/build install --record /home/felipe/ros2_ws/build/ros2_whisper/install.log --single-version-externally-managed install_data
