[1.214s] Invoking command in '/home/felipe/ros2_ws/src/voice_control': PYTHONPATH=/home/felipe/ros2_ws/build/voice_control/prefix_override:/usr/lib/python3/dist-packages/colcon_core/task/python/colcon_distutils_commands:/home/felipe/ros2_ws/install/voice_control/lib/python3.10/site-packages:${PYTHONPATH} /usr/bin/python3 -W ignore:setup.py install is deprecated -W ignore:easy_install command is deprecated setup.py egg_info --egg-base ../../build/voice_control build --build-base /home/felipe/ros2_ws/build/voice_control/build install --record /home/felipe/ros2_ws/build/voice_control/install.log --single-version-externally-managed install_data
[1.395s] /home/felipe/.local/lib/python3.10/site-packages/setuptools/_distutils/dist.py:270: UserWarning: Unknown distribution option: 'tests_require'
[1.395s]   warnings.warn(msg)
[1.553s] running egg_info
[1.579s] writing ../../build/voice_control/voice_control.egg-info/PKG-INFO
[1.579s] writing dependency_links to ../../build/voice_control/voice_control.egg-info/dependency_links.txt
[1.579s] writing entry points to ../../build/voice_control/voice_control.egg-info/entry_points.txt
[1.580s] writing requirements to ../../build/voice_control/voice_control.egg-info/requires.txt
[1.580s] writing top-level names to ../../build/voice_control/voice_control.egg-info/top_level.txt
[1.632s] reading manifest file '../../build/voice_control/voice_control.egg-info/SOURCES.txt'
[1.633s] writing manifest file '../../build/voice_control/voice_control.egg-info/SOURCES.txt'
[1.633s] running build
[1.633s] running build_py
[1.634s] copying voice_control/voice_command_node.py -> /home/felipe/ros2_ws/build/voice_control/build/lib/voice_control
[1.634s] copying voice_control/__init__.py -> /home/felipe/ros2_ws/build/voice_control/build/lib/voice_control
[1.634s] copying voice_control/motion_control_node.py -> /home/felipe/ros2_ws/build/voice_control/build/lib/voice_control
[1.634s] running install
[1.639s] running install_lib
[1.665s] copying /home/felipe/ros2_ws/build/voice_control/build/lib/voice_control/voice_command_node.py -> /home/felipe/ros2_ws/install/voice_control/lib/python3.10/site-packages/voice_control
[1.665s] copying /home/felipe/ros2_ws/build/voice_control/build/lib/voice_control/motion_control_node.py -> /home/felipe/ros2_ws/install/voice_control/lib/python3.10/site-packages/voice_control
[1.665s] byte-compiling /home/felipe/ros2_ws/install/voice_control/lib/python3.10/site-packages/voice_control/voice_command_node.py to voice_command_node.cpython-310.pyc
[1.666s] byte-compiling /home/felipe/ros2_ws/install/voice_control/lib/python3.10/site-packages/voice_control/motion_control_node.py to motion_control_node.cpython-310.pyc
[1.666s] running install_data
[1.667s] copying resource/voice_control -> /home/felipe/ros2_ws/install/voice_control/share/ament_index/resource_index/packages
[1.667s] copying package.xml -> /home/felipe/ros2_ws/install/voice_control/share/voice_control
[1.667s] running install_egg_info
[1.694s] removing '/home/felipe/ros2_ws/install/voice_control/lib/python3.10/site-packages/voice_control-0.0.1-py3.10.egg-info' (and everything under it)
[1.694s] Copying ../../build/voice_control/voice_control.egg-info to /home/felipe/ros2_ws/install/voice_control/lib/python3.10/site-packages/voice_control-0.0.1-py3.10.egg-info
[1.695s] running install_scripts
[1.885s] Installing motion_control_node script to /home/felipe/ros2_ws/install/voice_control/lib/voice_control
[1.885s] Installing voice_command_node script to /home/felipe/ros2_ws/install/voice_control/lib/voice_control
[1.886s] writing list of installed files to '/home/felipe/ros2_ws/build/voice_control/install.log'
[1.922s] Invoked command in '/home/felipe/ros2_ws/src/voice_control' returned '0': PYTHONPATH=/home/felipe/ros2_ws/build/voice_control/prefix_override:/usr/lib/python3/dist-packages/colcon_core/task/python/colcon_distutils_commands:/home/felipe/ros2_ws/install/voice_control/lib/python3.10/site-packages:${PYTHONPATH} /usr/bin/python3 -W ignore:setup.py install is deprecated -W ignore:easy_install command is deprecated setup.py egg_info --egg-base ../../build/voice_control build --build-base /home/felipe/ros2_ws/build/voice_control/build install --record /home/felipe/ros2_ws/build/voice_control/install.log --single-version-externally-managed install_data
