[7.002s] Invoking command in '/home/felipe/ros2_ws/src/Autonomous-Navigation-and-Path-planning-on-ROS2-using-Dijkstra-and-SLAM/my_py_pkg': PYTHONPATH=/home/felipe/ros2_ws/build/my_py_pkg/prefix_override:/usr/lib/python3/dist-packages/colcon_core/task/python/colcon_distutils_commands:/home/felipe/ros2_ws/install/my_py_pkg/lib/python3.10/site-packages:${PYTHONPATH} /usr/bin/python3 -W ignore:setup.py install is deprecated -W ignore:easy_install command is deprecated setup.py egg_info --egg-base ../../../build/my_py_pkg build --build-base /home/felipe/ros2_ws/build/my_py_pkg/build install --record /home/felipe/ros2_ws/build/my_py_pkg/install.log --single-version-externally-managed install_data
[8.017s] /home/felipe/.local/lib/python3.10/site-packages/setuptools/_distutils/dist.py:261: UserWarning: Unknown distribution option: 'tests_require'
[8.017s]   warnings.warn(msg)
[8.886s] running egg_info
[9.029s] writing ../../../build/my_py_pkg/my_py_pkg.egg-info/PKG-INFO
[9.032s] writing dependency_links to ../../../build/my_py_pkg/my_py_pkg.egg-info/dependency_links.txt
[9.033s] writing entry points to ../../../build/my_py_pkg/my_py_pkg.egg-info/entry_points.txt
[9.035s] writing requirements to ../../../build/my_py_pkg/my_py_pkg.egg-info/requires.txt
[9.036s] writing top-level names to ../../../build/my_py_pkg/my_py_pkg.egg-info/top_level.txt
[9.349s] reading manifest file '../../../build/my_py_pkg/my_py_pkg.egg-info/SOURCES.txt'
[9.361s] writing manifest file '../../../build/my_py_pkg/my_py_pkg.egg-info/SOURCES.txt'
[9.361s] running build
[9.362s] running build_py
[9.369s] copying my_py_pkg/robot_command.py -> /home/felipe/ros2_ws/build/my_py_pkg/build/lib/my_py_pkg
[9.369s] copying my_py_pkg/__init__.py -> /home/felipe/ros2_ws/build/my_py_pkg/build/lib/my_py_pkg
[9.370s] running install
[9.390s] running install_lib
[9.572s] running install_data
[9.575s] copying resource/my_py_pkg -> /home/felipe/ros2_ws/install/my_py_pkg/share/ament_index/resource_index/packages
[9.578s] copying package.xml -> /home/felipe/ros2_ws/install/my_py_pkg/share/my_py_pkg
[9.578s] running install_egg_info
[9.798s] removing '/home/felipe/ros2_ws/install/my_py_pkg/lib/python3.10/site-packages/my_py_pkg-0.0.0-py3.10.egg-info' (and everything under it)
[9.800s] Copying ../../../build/my_py_pkg/my_py_pkg.egg-info to /home/felipe/ros2_ws/install/my_py_pkg/lib/python3.10/site-packages/my_py_pkg-0.0.0-py3.10.egg-info
[9.806s] running install_scripts
[11.071s] Installing add_two_ints_client script to /home/felipe/ros2_ws/install/my_py_pkg/lib/my_py_pkg
[11.072s] Installing add_two_ints_server script to /home/felipe/ros2_ws/install/my_py_pkg/lib/my_py_pkg
[11.075s] Installing battery script to /home/felipe/ros2_ws/install/my_py_pkg/lib/my_py_pkg
[11.076s] Installing camera_stream script to /home/felipe/ros2_ws/install/my_py_pkg/lib/my_py_pkg
[11.078s] Installing hw_status_publisher script to /home/felipe/ros2_ws/install/my_py_pkg/lib/my_py_pkg
[11.078s] Installing led_panel script to /home/felipe/ros2_ws/install/my_py_pkg/lib/my_py_pkg
[11.079s] Installing number_counter script to /home/felipe/ros2_ws/install/my_py_pkg/lib/my_py_pkg
[11.079s] Installing number_publisher script to /home/felipe/ros2_ws/install/my_py_pkg/lib/my_py_pkg
[11.081s] Installing py_node script to /home/felipe/ros2_ws/install/my_py_pkg/lib/my_py_pkg
[11.083s] Installing robot_commmand_publisher script to /home/felipe/ros2_ws/install/my_py_pkg/lib/my_py_pkg
[11.085s] Installing robot_news_station script to /home/felipe/ros2_ws/install/my_py_pkg/lib/my_py_pkg
[11.086s] Installing send_waypoints script to /home/felipe/ros2_ws/install/my_py_pkg/lib/my_py_pkg
[11.087s] Installing smartphone script to /home/felipe/ros2_ws/install/my_py_pkg/lib/my_py_pkg
[11.089s] writing list of installed files to '/home/felipe/ros2_ws/build/my_py_pkg/install.log'
[11.274s] Invoked command in '/home/felipe/ros2_ws/src/Autonomous-Navigation-and-Path-planning-on-ROS2-using-Dijkstra-and-SLAM/my_py_pkg' returned '0': PYTHONPATH=/home/felipe/ros2_ws/build/my_py_pkg/prefix_override:/usr/lib/python3/dist-packages/colcon_core/task/python/colcon_distutils_commands:/home/felipe/ros2_ws/install/my_py_pkg/lib/python3.10/site-packages:${PYTHONPATH} /usr/bin/python3 -W ignore:setup.py install is deprecated -W ignore:easy_install command is deprecated setup.py egg_info --egg-base ../../../build/my_py_pkg build --build-base /home/felipe/ros2_ws/build/my_py_pkg/build install --record /home/felipe/ros2_ws/build/my_py_pkg/install.log --single-version-externally-managed install_data
