[0.288s] DEBUG:colcon:Command line arguments: ['/usr/bin/colcon', 'build']
[0.288s] DEBUG:colcon:Parsed command line arguments: Namespace(log_base=None, log_level=None, verb_name='build', build_base='build', install_base='install', merge_install=False, symlink_install=False, test_result_base=None, continue_on_error=False, executor='parallel', parallel_workers=2, event_handlers=None, ignore_user_meta=False, metas=['./colcon.meta'], base_paths=['.'], packages_ignore=None, packages_ignore_regex=None, paths=None, packages_up_to=None, packages_up_to_regex=None, packages_above=None, packages_above_and_dependencies=None, packages_above_depth=None, packages_select_by_dep=None, packages_skip_by_dep=None, packages_skip_up_to=None, packages_select_build_failed=False, packages_skip_build_finished=False, packages_select_test_failures=False, packages_skip_test_passed=False, packages_select=None, packages_skip=None, packages_select_regex=None, packages_skip_regex=None, packages_start=None, packages_end=None, allow_overriding=[], cmake_args=None, cmake_target=None, cmake_target_skip_unavailable=False, cmake_clean_cache=False, cmake_clean_first=False, cmake_force_configure=False, ament_cmake_args=None, catkin_cmake_args=None, catkin_skip_building_tests=False, mixin_files=None, mixin=None, verb_parser=<colcon_mixin.mixin.mixin_argument.MixinArgumentDecorator object at 0x7d33990a4c70>, verb_extension=<colcon_core.verb.build.BuildVerb object at 0x7d339901a6e0>, main=<bound method BuildVerb.main of <colcon_core.verb.build.BuildVerb object at 0x7d339901a6e0>>, mixin_verb=('build',))
[0.375s] Level 1:colcon.colcon_core.package_discovery:discover_packages(colcon_meta) check parameters
[0.376s] Level 1:colcon.colcon_core.package_discovery:discover_packages(recursive) check parameters
[0.376s] Level 1:colcon.colcon_core.package_discovery:discover_packages(ignore) check parameters
[0.376s] Level 1:colcon.colcon_core.package_discovery:discover_packages(path) check parameters
[0.376s] Level 1:colcon.colcon_core.package_discovery:discover_packages(colcon_meta) discover
[0.376s] Level 1:colcon.colcon_core.package_discovery:discover_packages(recursive) discover
[0.376s] INFO:colcon.colcon_core.package_discovery:Crawling recursively for packages in '/home/felipe/ros2_ws'
[0.376s] Level 1:colcon.colcon_core.package_identification:_identify(.) by extensions ['ignore', 'ignore_ament_install']
[0.377s] Level 1:colcon.colcon_core.package_identification:_identify(.) by extension 'ignore'
[0.377s] Level 1:colcon.colcon_core.package_identification:_identify(.) by extension 'ignore_ament_install'
[0.377s] Level 1:colcon.colcon_core.package_identification:_identify(.) by extensions ['colcon_pkg']
[0.377s] Level 1:colcon.colcon_core.package_identification:_identify(.) by extension 'colcon_pkg'
[0.377s] Level 1:colcon.colcon_core.package_identification:_identify(.) by extensions ['colcon_meta']
[0.377s] Level 1:colcon.colcon_core.package_identification:_identify(.) by extension 'colcon_meta'
[0.377s] Level 1:colcon.colcon_core.package_identification:_identify(.) by extensions ['ros']
[0.377s] Level 1:colcon.colcon_core.package_identification:_identify(.) by extension 'ros'
[0.409s] Level 1:colcon.colcon_core.package_identification:_identify(.) by extensions ['cmake', 'python']
[0.409s] Level 1:colcon.colcon_core.package_identification:_identify(.) by extension 'cmake'
[0.409s] Level 1:colcon.colcon_core.package_identification:_identify(.) by extension 'python'
[0.409s] Level 1:colcon.colcon_core.package_identification:_identify(.) by extensions ['python_setup_py']
[0.410s] Level 1:colcon.colcon_core.package_identification:_identify(.) by extension 'python_setup_py'
[0.410s] Level 1:colcon.colcon_core.package_identification:_identify(build) by extensions ['ignore', 'ignore_ament_install']
[0.410s] Level 1:colcon.colcon_core.package_identification:_identify(build) by extension 'ignore'
[0.410s] Level 1:colcon.colcon_core.package_identification:_identify(build) ignored
[0.410s] Level 1:colcon.colcon_core.package_identification:_identify(install) by extensions ['ignore', 'ignore_ament_install']
[0.411s] Level 1:colcon.colcon_core.package_identification:_identify(install) by extension 'ignore'
[0.411s] Level 1:colcon.colcon_core.package_identification:_identify(install) ignored
[0.411s] Level 1:colcon.colcon_core.package_identification:_identify(launch) by extensions ['ignore', 'ignore_ament_install']
[0.411s] Level 1:colcon.colcon_core.package_identification:_identify(launch) by extension 'ignore'
[0.411s] Level 1:colcon.colcon_core.package_identification:_identify(launch) by extension 'ignore_ament_install'
[0.411s] Level 1:colcon.colcon_core.package_identification:_identify(launch) by extensions ['colcon_pkg']
[0.411s] Level 1:colcon.colcon_core.package_identification:_identify(launch) by extension 'colcon_pkg'
[0.411s] Level 1:colcon.colcon_core.package_identification:_identify(launch) by extensions ['colcon_meta']
[0.412s] Level 1:colcon.colcon_core.package_identification:_identify(launch) by extension 'colcon_meta'
[0.412s] Level 1:colcon.colcon_core.package_identification:_identify(launch) by extensions ['ros']
[0.412s] Level 1:colcon.colcon_core.package_identification:_identify(launch) by extension 'ros'
[0.412s] Level 1:colcon.colcon_core.package_identification:_identify(launch) by extensions ['cmake', 'python']
[0.412s] Level 1:colcon.colcon_core.package_identification:_identify(launch) by extension 'cmake'
[0.412s] Level 1:colcon.colcon_core.package_identification:_identify(launch) by extension 'python'
[0.412s] Level 1:colcon.colcon_core.package_identification:_identify(launch) by extensions ['python_setup_py']
[0.412s] Level 1:colcon.colcon_core.package_identification:_identify(launch) by extension 'python_setup_py'
[0.412s] Level 1:colcon.colcon_core.package_identification:_identify(launch/__pycache__) by extensions ['ignore', 'ignore_ament_install']
[0.413s] Level 1:colcon.colcon_core.package_identification:_identify(launch/__pycache__) by extension 'ignore'
[0.413s] Level 1:colcon.colcon_core.package_identification:_identify(launch/__pycache__) by extension 'ignore_ament_install'
[0.413s] Level 1:colcon.colcon_core.package_identification:_identify(launch/__pycache__) by extensions ['colcon_pkg']
[0.413s] Level 1:colcon.colcon_core.package_identification:_identify(launch/__pycache__) by extension 'colcon_pkg'
[0.413s] Level 1:colcon.colcon_core.package_identification:_identify(launch/__pycache__) by extensions ['colcon_meta']
[0.413s] Level 1:colcon.colcon_core.package_identification:_identify(launch/__pycache__) by extension 'colcon_meta'
[0.413s] Level 1:colcon.colcon_core.package_identification:_identify(launch/__pycache__) by extensions ['ros']
[0.413s] Level 1:colcon.colcon_core.package_identification:_identify(launch/__pycache__) by extension 'ros'
[0.414s] Level 1:colcon.colcon_core.package_identification:_identify(launch/__pycache__) by extensions ['cmake', 'python']
[0.414s] Level 1:colcon.colcon_core.package_identification:_identify(launch/__pycache__) by extension 'cmake'
[0.414s] Level 1:colcon.colcon_core.package_identification:_identify(launch/__pycache__) by extension 'python'
[0.414s] Level 1:colcon.colcon_core.package_identification:_identify(launch/__pycache__) by extensions ['python_setup_py']
[0.414s] Level 1:colcon.colcon_core.package_identification:_identify(launch/__pycache__) by extension 'python_setup_py'
[0.414s] Level 1:colcon.colcon_core.package_identification:_identify(log) by extensions ['ignore', 'ignore_ament_install']
[0.414s] Level 1:colcon.colcon_core.package_identification:_identify(log) by extension 'ignore'
[0.415s] Level 1:colcon.colcon_core.package_identification:_identify(log) ignored
[0.415s] Level 1:colcon.colcon_core.package_identification:_identify(maps) by extensions ['ignore', 'ignore_ament_install']
[0.415s] Level 1:colcon.colcon_core.package_identification:_identify(maps) by extension 'ignore'
[0.415s] Level 1:colcon.colcon_core.package_identification:_identify(maps) by extension 'ignore_ament_install'
[0.415s] Level 1:colcon.colcon_core.package_identification:_identify(maps) by extensions ['colcon_pkg']
[0.415s] Level 1:colcon.colcon_core.package_identification:_identify(maps) by extension 'colcon_pkg'
[0.415s] Level 1:colcon.colcon_core.package_identification:_identify(maps) by extensions ['colcon_meta']
[0.415s] Level 1:colcon.colcon_core.package_identification:_identify(maps) by extension 'colcon_meta'
[0.415s] Level 1:colcon.colcon_core.package_identification:_identify(maps) by extensions ['ros']
[0.416s] Level 1:colcon.colcon_core.package_identification:_identify(maps) by extension 'ros'
[0.416s] Level 1:colcon.colcon_core.package_identification:_identify(maps) by extensions ['cmake', 'python']
[0.416s] Level 1:colcon.colcon_core.package_identification:_identify(maps) by extension 'cmake'
[0.416s] Level 1:colcon.colcon_core.package_identification:_identify(maps) by extension 'python'
[0.416s] Level 1:colcon.colcon_core.package_identification:_identify(maps) by extensions ['python_setup_py']
[0.416s] Level 1:colcon.colcon_core.package_identification:_identify(maps) by extension 'python_setup_py'
[0.416s] Level 1:colcon.colcon_core.package_identification:_identify(src) by extensions ['ignore', 'ignore_ament_install']
[0.416s] Level 1:colcon.colcon_core.package_identification:_identify(src) by extension 'ignore'
[0.417s] Level 1:colcon.colcon_core.package_identification:_identify(src) by extension 'ignore_ament_install'
[0.417s] Level 1:colcon.colcon_core.package_identification:_identify(src) by extensions ['colcon_pkg']
[0.417s] Level 1:colcon.colcon_core.package_identification:_identify(src) by extension 'colcon_pkg'
[0.417s] Level 1:colcon.colcon_core.package_identification:_identify(src) by extensions ['colcon_meta']
[0.417s] Level 1:colcon.colcon_core.package_identification:_identify(src) by extension 'colcon_meta'
[0.417s] Level 1:colcon.colcon_core.package_identification:_identify(src) by extensions ['ros']
[0.417s] Level 1:colcon.colcon_core.package_identification:_identify(src) by extension 'ros'
[0.417s] Level 1:colcon.colcon_core.package_identification:_identify(src) by extensions ['cmake', 'python']
[0.417s] Level 1:colcon.colcon_core.package_identification:_identify(src) by extension 'cmake'
[0.417s] Level 1:colcon.colcon_core.package_identification:_identify(src) by extension 'python'
[0.418s] Level 1:colcon.colcon_core.package_identification:_identify(src) by extensions ['python_setup_py']
[0.418s] Level 1:colcon.colcon_core.package_identification:_identify(src) by extension 'python_setup_py'
[0.418s] Level 1:colcon.colcon_core.package_identification:_identify(src/meu_pacote_launch) by extensions ['ignore', 'ignore_ament_install']
[0.418s] Level 1:colcon.colcon_core.package_identification:_identify(src/meu_pacote_launch) by extension 'ignore'
[0.418s] Level 1:colcon.colcon_core.package_identification:_identify(src/meu_pacote_launch) by extension 'ignore_ament_install'
[0.418s] Level 1:colcon.colcon_core.package_identification:_identify(src/meu_pacote_launch) by extensions ['colcon_pkg']
[0.418s] Level 1:colcon.colcon_core.package_identification:_identify(src/meu_pacote_launch) by extension 'colcon_pkg'
[0.418s] Level 1:colcon.colcon_core.package_identification:_identify(src/meu_pacote_launch) by extensions ['colcon_meta']
[0.418s] Level 1:colcon.colcon_core.package_identification:_identify(src/meu_pacote_launch) by extension 'colcon_meta'
[0.419s] Level 1:colcon.colcon_core.package_identification:_identify(src/meu_pacote_launch) by extensions ['ros']
[0.419s] Level 1:colcon.colcon_core.package_identification:_identify(src/meu_pacote_launch) by extension 'ros'
[0.423s] DEBUG:colcon.colcon_core.package_identification:Package 'src/meu_pacote_launch' with type 'ros.ament_python' and name 'meu_pacote_launch'
[0.424s] Level 1:colcon.colcon_core.package_identification:_identify(src/ros2_explorer) by extensions ['ignore', 'ignore_ament_install']
[0.424s] Level 1:colcon.colcon_core.package_identification:_identify(src/ros2_explorer) by extension 'ignore'
[0.424s] Level 1:colcon.colcon_core.package_identification:_identify(src/ros2_explorer) by extension 'ignore_ament_install'
[0.424s] Level 1:colcon.colcon_core.package_identification:_identify(src/ros2_explorer) by extensions ['colcon_pkg']
[0.424s] Level 1:colcon.colcon_core.package_identification:_identify(src/ros2_explorer) by extension 'colcon_pkg'
[0.424s] Level 1:colcon.colcon_core.package_identification:_identify(src/ros2_explorer) by extensions ['colcon_meta']
[0.424s] Level 1:colcon.colcon_core.package_identification:_identify(src/ros2_explorer) by extension 'colcon_meta'
[0.424s] Level 1:colcon.colcon_core.package_identification:_identify(src/ros2_explorer) by extensions ['ros']
[0.425s] Level 1:colcon.colcon_core.package_identification:_identify(src/ros2_explorer) by extension 'ros'
[0.425s] Level 1:colcon.colcon_core.package_identification:_identify(src/ros2_explorer) by extensions ['cmake', 'python']
[0.425s] Level 1:colcon.colcon_core.package_identification:_identify(src/ros2_explorer) by extension 'cmake'
[0.425s] Level 1:colcon.colcon_core.package_identification:_identify(src/ros2_explorer) by extension 'python'
[0.425s] Level 1:colcon.colcon_core.package_identification:_identify(src/ros2_explorer) by extensions ['python_setup_py']
[0.425s] Level 1:colcon.colcon_core.package_identification:_identify(src/ros2_explorer) by extension 'python_setup_py'
[0.425s] Level 1:colcon.colcon_core.package_identification:_identify(src/ros2_explorer/images) by extensions ['ignore', 'ignore_ament_install']
[0.425s] Level 1:colcon.colcon_core.package_identification:_identify(src/ros2_explorer/images) by extension 'ignore'
[0.426s] Level 1:colcon.colcon_core.package_identification:_identify(src/ros2_explorer/images) by extension 'ignore_ament_install'
[0.426s] Level 1:colcon.colcon_core.package_identification:_identify(src/ros2_explorer/images) by extensions ['colcon_pkg']
[0.426s] Level 1:colcon.colcon_core.package_identification:_identify(src/ros2_explorer/images) by extension 'colcon_pkg'
[0.426s] Level 1:colcon.colcon_core.package_identification:_identify(src/ros2_explorer/images) by extensions ['colcon_meta']
[0.426s] Level 1:colcon.colcon_core.package_identification:_identify(src/ros2_explorer/images) by extension 'colcon_meta'
[0.426s] Level 1:colcon.colcon_core.package_identification:_identify(src/ros2_explorer/images) by extensions ['ros']
[0.426s] Level 1:colcon.colcon_core.package_identification:_identify(src/ros2_explorer/images) by extension 'ros'
[0.426s] Level 1:colcon.colcon_core.package_identification:_identify(src/ros2_explorer/images) by extensions ['cmake', 'python']
[0.426s] Level 1:colcon.colcon_core.package_identification:_identify(src/ros2_explorer/images) by extension 'cmake'
[0.427s] Level 1:colcon.colcon_core.package_identification:_identify(src/ros2_explorer/images) by extension 'python'
[0.427s] Level 1:colcon.colcon_core.package_identification:_identify(src/ros2_explorer/images) by extensions ['python_setup_py']
[0.427s] Level 1:colcon.colcon_core.package_identification:_identify(src/ros2_explorer/images) by extension 'python_setup_py'
[0.427s] Level 1:colcon.colcon_core.package_identification:_identify(src/ros2_explorer/script) by extensions ['ignore', 'ignore_ament_install']
[0.427s] Level 1:colcon.colcon_core.package_identification:_identify(src/ros2_explorer/script) by extension 'ignore'
[0.427s] Level 1:colcon.colcon_core.package_identification:_identify(src/ros2_explorer/script) by extension 'ignore_ament_install'
[0.427s] Level 1:colcon.colcon_core.package_identification:_identify(src/ros2_explorer/script) by extensions ['colcon_pkg']
[0.427s] Level 1:colcon.colcon_core.package_identification:_identify(src/ros2_explorer/script) by extension 'colcon_pkg'
[0.428s] Level 1:colcon.colcon_core.package_identification:_identify(src/ros2_explorer/script) by extensions ['colcon_meta']
[0.428s] Level 1:colcon.colcon_core.package_identification:_identify(src/ros2_explorer/script) by extension 'colcon_meta'
[0.428s] Level 1:colcon.colcon_core.package_identification:_identify(src/ros2_explorer/script) by extensions ['ros']
[0.428s] Level 1:colcon.colcon_core.package_identification:_identify(src/ros2_explorer/script) by extension 'ros'
[0.428s] Level 1:colcon.colcon_core.package_identification:_identify(src/ros2_explorer/script) by extensions ['cmake', 'python']
[0.428s] Level 1:colcon.colcon_core.package_identification:_identify(src/ros2_explorer/script) by extension 'cmake'
[0.428s] Level 1:colcon.colcon_core.package_identification:_identify(src/ros2_explorer/script) by extension 'python'
[0.428s] Level 1:colcon.colcon_core.package_identification:_identify(src/ros2_explorer/script) by extensions ['python_setup_py']
[0.428s] Level 1:colcon.colcon_core.package_identification:_identify(src/ros2_explorer/script) by extension 'python_setup_py'
[0.429s] Level 1:colcon.colcon_core.package_identification:_identify(src/ros2_whisper) by extensions ['ignore', 'ignore_ament_install']
[0.429s] Level 1:colcon.colcon_core.package_identification:_identify(src/ros2_whisper) by extension 'ignore'
[0.429s] Level 1:colcon.colcon_core.package_identification:_identify(src/ros2_whisper) by extension 'ignore_ament_install'
[0.429s] Level 1:colcon.colcon_core.package_identification:_identify(src/ros2_whisper) by extensions ['colcon_pkg']
[0.429s] Level 1:colcon.colcon_core.package_identification:_identify(src/ros2_whisper) by extension 'colcon_pkg'
[0.429s] Level 1:colcon.colcon_core.package_identification:_identify(src/ros2_whisper) by extensions ['colcon_meta']
[0.429s] Level 1:colcon.colcon_core.package_identification:_identify(src/ros2_whisper) by extension 'colcon_meta'
[0.429s] Level 1:colcon.colcon_core.package_identification:_identify(src/ros2_whisper) by extensions ['ros']
[0.429s] Level 1:colcon.colcon_core.package_identification:_identify(src/ros2_whisper) by extension 'ros'
[0.430s] DEBUG:colcon.colcon_core.package_identification:Package 'src/ros2_whisper' with type 'ros.ament_python' and name 'ros2_whisper'
[0.431s] Level 1:colcon.colcon_core.package_identification:_identify(src/voice_control) by extensions ['ignore', 'ignore_ament_install']
[0.431s] Level 1:colcon.colcon_core.package_identification:_identify(src/voice_control) by extension 'ignore'
[0.431s] Level 1:colcon.colcon_core.package_identification:_identify(src/voice_control) by extension 'ignore_ament_install'
[0.431s] Level 1:colcon.colcon_core.package_identification:_identify(src/voice_control) by extensions ['colcon_pkg']
[0.431s] Level 1:colcon.colcon_core.package_identification:_identify(src/voice_control) by extension 'colcon_pkg'
[0.431s] Level 1:colcon.colcon_core.package_identification:_identify(src/voice_control) by extensions ['colcon_meta']
[0.431s] Level 1:colcon.colcon_core.package_identification:_identify(src/voice_control) by extension 'colcon_meta'
[0.431s] Level 1:colcon.colcon_core.package_identification:_identify(src/voice_control) by extensions ['ros']
[0.431s] Level 1:colcon.colcon_core.package_identification:_identify(src/voice_control) by extension 'ros'
[0.432s] DEBUG:colcon.colcon_core.package_identification:Package 'src/voice_control' with type 'ros.ament_python' and name 'voice_control'
[0.432s] Level 1:colcon.colcon_core.package_discovery:discover_packages(recursive) using defaults
[0.433s] Level 1:colcon.colcon_core.package_discovery:discover_packages(ignore) discover
[0.433s] Level 1:colcon.colcon_core.package_discovery:discover_packages(ignore) using defaults
[0.433s] Level 1:colcon.colcon_core.package_discovery:discover_packages(path) discover
[0.433s] Level 1:colcon.colcon_core.package_discovery:discover_packages(path) using defaults
[0.475s] Level 1:colcon.colcon_core.package_discovery:discover_packages(prefix_path) check parameters
[0.475s] Level 1:colcon.colcon_core.package_discovery:discover_packages(prefix_path) discover
[0.484s] DEBUG:colcon.colcon_installed_package_information.package_discovery:Found 416 installed packages in /opt/ros/humble
[0.490s] Level 1:colcon.colcon_core.package_discovery:discover_packages(prefix_path) using defaults
[0.628s] Level 5:colcon.colcon_core.verb:set package 'meu_pacote_launch' build argument 'cmake_args' from command line to 'None'
[0.628s] Level 5:colcon.colcon_core.verb:set package 'meu_pacote_launch' build argument 'cmake_target' from command line to 'None'
[0.628s] Level 5:colcon.colcon_core.verb:set package 'meu_pacote_launch' build argument 'cmake_target_skip_unavailable' from command line to 'False'
[0.628s] Level 5:colcon.colcon_core.verb:set package 'meu_pacote_launch' build argument 'cmake_clean_cache' from command line to 'False'
[0.628s] Level 5:colcon.colcon_core.verb:set package 'meu_pacote_launch' build argument 'cmake_clean_first' from command line to 'False'
[0.628s] Level 5:colcon.colcon_core.verb:set package 'meu_pacote_launch' build argument 'cmake_force_configure' from command line to 'False'
[0.628s] Level 5:colcon.colcon_core.verb:set package 'meu_pacote_launch' build argument 'ament_cmake_args' from command line to 'None'
[0.628s] Level 5:colcon.colcon_core.verb:set package 'meu_pacote_launch' build argument 'catkin_cmake_args' from command line to 'None'
[0.628s] Level 5:colcon.colcon_core.verb:set package 'meu_pacote_launch' build argument 'catkin_skip_building_tests' from command line to 'False'
[0.628s] DEBUG:colcon.colcon_core.verb:Building package 'meu_pacote_launch' with the following arguments: {'ament_cmake_args': None, 'build_base': '/home/felipe/ros2_ws/build/meu_pacote_launch', 'catkin_cmake_args': None, 'catkin_skip_building_tests': False, 'cmake_args': None, 'cmake_clean_cache': False, 'cmake_clean_first': False, 'cmake_force_configure': False, 'cmake_target': None, 'cmake_target_skip_unavailable': False, 'install_base': '/home/felipe/ros2_ws/install/meu_pacote_launch', 'merge_install': False, 'path': '/home/felipe/ros2_ws/src/meu_pacote_launch', 'symlink_install': False, 'test_result_base': None}
[0.629s] Level 5:colcon.colcon_core.verb:set package 'ros2_whisper' build argument 'cmake_args' from command line to 'None'
[0.629s] Level 5:colcon.colcon_core.verb:set package 'ros2_whisper' build argument 'cmake_target' from command line to 'None'
[0.629s] Level 5:colcon.colcon_core.verb:set package 'ros2_whisper' build argument 'cmake_target_skip_unavailable' from command line to 'False'
[0.629s] Level 5:colcon.colcon_core.verb:set package 'ros2_whisper' build argument 'cmake_clean_cache' from command line to 'False'
[0.629s] Level 5:colcon.colcon_core.verb:set package 'ros2_whisper' build argument 'cmake_clean_first' from command line to 'False'
[0.629s] Level 5:colcon.colcon_core.verb:set package 'ros2_whisper' build argument 'cmake_force_configure' from command line to 'False'
[0.630s] Level 5:colcon.colcon_core.verb:set package 'ros2_whisper' build argument 'ament_cmake_args' from command line to 'None'
[0.630s] Level 5:colcon.colcon_core.verb:set package 'ros2_whisper' build argument 'catkin_cmake_args' from command line to 'None'
[0.630s] Level 5:colcon.colcon_core.verb:set package 'ros2_whisper' build argument 'catkin_skip_building_tests' from command line to 'False'
[0.630s] DEBUG:colcon.colcon_core.verb:Building package 'ros2_whisper' with the following arguments: {'ament_cmake_args': None, 'build_base': '/home/felipe/ros2_ws/build/ros2_whisper', 'catkin_cmake_args': None, 'catkin_skip_building_tests': False, 'cmake_args': None, 'cmake_clean_cache': False, 'cmake_clean_first': False, 'cmake_force_configure': False, 'cmake_target': None, 'cmake_target_skip_unavailable': False, 'install_base': '/home/felipe/ros2_ws/install/ros2_whisper', 'merge_install': False, 'path': '/home/felipe/ros2_ws/src/ros2_whisper', 'symlink_install': False, 'test_result_base': None}
[0.631s] Level 5:colcon.colcon_core.verb:set package 'voice_control' build argument 'cmake_args' from command line to 'None'
[0.631s] Level 5:colcon.colcon_core.verb:set package 'voice_control' build argument 'cmake_target' from command line to 'None'
[0.631s] Level 5:colcon.colcon_core.verb:set package 'voice_control' build argument 'cmake_target_skip_unavailable' from command line to 'False'
[0.631s] Level 5:colcon.colcon_core.verb:set package 'voice_control' build argument 'cmake_clean_cache' from command line to 'False'
[0.631s] Level 5:colcon.colcon_core.verb:set package 'voice_control' build argument 'cmake_clean_first' from command line to 'False'
[0.631s] Level 5:colcon.colcon_core.verb:set package 'voice_control' build argument 'cmake_force_configure' from command line to 'False'
[0.631s] Level 5:colcon.colcon_core.verb:set package 'voice_control' build argument 'ament_cmake_args' from command line to 'None'
[0.631s] Level 5:colcon.colcon_core.verb:set package 'voice_control' build argument 'catkin_cmake_args' from command line to 'None'
[0.631s] Level 5:colcon.colcon_core.verb:set package 'voice_control' build argument 'catkin_skip_building_tests' from command line to 'False'
[0.631s] DEBUG:colcon.colcon_core.verb:Building package 'voice_control' with the following arguments: {'ament_cmake_args': None, 'build_base': '/home/felipe/ros2_ws/build/voice_control', 'catkin_cmake_args': None, 'catkin_skip_building_tests': False, 'cmake_args': None, 'cmake_clean_cache': False, 'cmake_clean_first': False, 'cmake_force_configure': False, 'cmake_target': None, 'cmake_target_skip_unavailable': False, 'install_base': '/home/felipe/ros2_ws/install/voice_control', 'merge_install': False, 'path': '/home/felipe/ros2_ws/src/voice_control', 'symlink_install': False, 'test_result_base': None}
[0.631s] INFO:colcon.colcon_core.executor:Executing jobs using 'parallel' executor
[0.633s] DEBUG:colcon.colcon_parallel_executor.executor.parallel:run_until_complete
[0.634s] INFO:colcon.colcon_ros.task.ament_python.build:Building ROS package in '/home/felipe/ros2_ws/src/meu_pacote_launch' with build type 'ament_python'
[0.634s] Level 1:colcon.colcon_core.shell:create_environment_hook('meu_pacote_launch', 'ament_prefix_path')
[0.639s] INFO:colcon.colcon_core.plugin_system:Skipping extension 'colcon_core.shell.bat': Not used on non-Windows systems
[0.639s] INFO:colcon.colcon_core.shell:Creating environment hook '/home/felipe/ros2_ws/install/meu_pacote_launch/share/meu_pacote_launch/hook/ament_prefix_path.ps1'
[0.640s] INFO:colcon.colcon_core.shell:Creating environment descriptor '/home/felipe/ros2_ws/install/meu_pacote_launch/share/meu_pacote_launch/hook/ament_prefix_path.dsv'
[0.642s] INFO:colcon.colcon_core.shell:Creating environment hook '/home/felipe/ros2_ws/install/meu_pacote_launch/share/meu_pacote_launch/hook/ament_prefix_path.sh'
[0.643s] INFO:colcon.colcon_core.shell:Skip shell extension 'powershell' for command environment: Not usable outside of PowerShell
[0.643s] DEBUG:colcon.colcon_core.shell:Skip shell extension 'dsv' for command environment
[0.658s] INFO:colcon.colcon_ros.task.ament_python.build:Building ROS package in '/home/felipe/ros2_ws/src/ros2_whisper' with build type 'ament_python'
[0.658s] Level 1:colcon.colcon_core.shell:create_environment_hook('ros2_whisper', 'ament_prefix_path')
[0.659s] INFO:colcon.colcon_core.shell:Creating environment hook '/home/felipe/ros2_ws/install/ros2_whisper/share/ros2_whisper/hook/ament_prefix_path.ps1'
[0.660s] INFO:colcon.colcon_core.shell:Creating environment descriptor '/home/felipe/ros2_ws/install/ros2_whisper/share/ros2_whisper/hook/ament_prefix_path.dsv'
[0.662s] INFO:colcon.colcon_core.shell:Creating environment hook '/home/felipe/ros2_ws/install/ros2_whisper/share/ros2_whisper/hook/ament_prefix_path.sh'
[0.664s] INFO:colcon.colcon_core.shell:Skip shell extension 'powershell' for command environment: Not usable outside of PowerShell
[0.664s] DEBUG:colcon.colcon_core.shell:Skip shell extension 'dsv' for command environment
[1.237s] INFO:colcon.colcon_core.task.python.build:Building Python package in '/home/felipe/ros2_ws/src/meu_pacote_launch'
[1.237s] INFO:colcon.colcon_core.shell:Skip shell extension 'powershell' for command environment: Not usable outside of PowerShell
[1.237s] DEBUG:colcon.colcon_core.shell:Skip shell extension 'dsv' for command environment
[1.803s] INFO:colcon.colcon_core.task.python.build:Building Python package in '/home/felipe/ros2_ws/src/ros2_whisper'
[1.803s] INFO:colcon.colcon_core.shell:Skip shell extension 'powershell' for command environment: Not usable outside of PowerShell
[1.804s] DEBUG:colcon.colcon_core.shell:Skip shell extension 'dsv' for command environment
[3.441s] DEBUG:colcon.colcon_core.event_handler.log_command:Invoking command in '/home/felipe/ros2_ws/src/meu_pacote_launch': PYTHONPATH=/home/felipe/ros2_ws/build/meu_pacote_launch/prefix_override:/usr/lib/python3/dist-packages/colcon_core/task/python/colcon_distutils_commands:/home/felipe/ros2_ws/install/meu_pacote_launch/lib/python3.10/site-packages:${PYTHONPATH} /usr/bin/python3 -W ignore:setup.py install is deprecated setup.py egg_info --egg-base ../../build/meu_pacote_launch build --build-base /home/felipe/ros2_ws/build/meu_pacote_launch/build install --record /home/felipe/ros2_ws/build/meu_pacote_launch/install.log --single-version-externally-managed install_data
[3.490s] DEBUG:colcon.colcon_core.event_handler.log_command:Invoking command in '/home/felipe/ros2_ws/src/ros2_whisper': PYTHONPATH=/home/felipe/ros2_ws/build/ros2_whisper/prefix_override:/usr/lib/python3/dist-packages/colcon_core/task/python/colcon_distutils_commands:/home/felipe/ros2_ws/install/ros2_whisper/lib/python3.10/site-packages:${PYTHONPATH} /usr/bin/python3 -W ignore:setup.py install is deprecated setup.py egg_info --egg-base ../../build/ros2_whisper build --build-base /home/felipe/ros2_ws/build/ros2_whisper/build install --record /home/felipe/ros2_ws/build/ros2_whisper/install.log --single-version-externally-managed install_data
[5.178s] DEBUG:colcon.colcon_core.event_handler.log_command:Invoked command in '/home/felipe/ros2_ws/src/ros2_whisper' returned '0': PYTHONPATH=/home/felipe/ros2_ws/build/ros2_whisper/prefix_override:/usr/lib/python3/dist-packages/colcon_core/task/python/colcon_distutils_commands:/home/felipe/ros2_ws/install/ros2_whisper/lib/python3.10/site-packages:${PYTHONPATH} /usr/bin/python3 -W ignore:setup.py install is deprecated setup.py egg_info --egg-base ../../build/ros2_whisper build --build-base /home/felipe/ros2_ws/build/ros2_whisper/build install --record /home/felipe/ros2_ws/build/ros2_whisper/install.log --single-version-externally-managed install_data
[5.183s] Level 1:colcon.colcon_core.environment:checking '/home/felipe/ros2_ws/install/ros2_whisper' for CMake module files
[5.184s] Level 1:colcon.colcon_core.environment:checking '/home/felipe/ros2_ws/install/ros2_whisper' for CMake config files
[5.186s] Level 1:colcon.colcon_core.environment:checking '/home/felipe/ros2_ws/install/ros2_whisper/lib'
[5.186s] Level 1:colcon.colcon_core.environment:checking '/home/felipe/ros2_ws/install/ros2_whisper/bin'
[5.186s] Level 1:colcon.colcon_core.environment:checking '/home/felipe/ros2_ws/install/ros2_whisper/lib/pkgconfig/ros2_whisper.pc'
[5.187s] Level 1:colcon.colcon_core.environment:checking '/home/felipe/ros2_ws/install/ros2_whisper/lib/python3.10/site-packages'
[5.187s] Level 1:colcon.colcon_core.shell:create_environment_hook('ros2_whisper', 'pythonpath')
[5.187s] INFO:colcon.colcon_core.shell:Creating environment hook '/home/felipe/ros2_ws/install/ros2_whisper/share/ros2_whisper/hook/pythonpath.ps1'
[5.188s] INFO:colcon.colcon_core.shell:Creating environment descriptor '/home/felipe/ros2_ws/install/ros2_whisper/share/ros2_whisper/hook/pythonpath.dsv'
[5.189s] INFO:colcon.colcon_core.shell:Creating environment hook '/home/felipe/ros2_ws/install/ros2_whisper/share/ros2_whisper/hook/pythonpath.sh'
[5.190s] Level 1:colcon.colcon_core.environment:checking '/home/felipe/ros2_ws/install/ros2_whisper/bin'
[5.190s] Level 1:colcon.colcon_core.environment:create_environment_scripts_only(ros2_whisper)
[5.191s] INFO:colcon.colcon_core.shell:Creating package script '/home/felipe/ros2_ws/install/ros2_whisper/share/ros2_whisper/package.ps1'
[5.193s] INFO:colcon.colcon_core.shell:Creating package descriptor '/home/felipe/ros2_ws/install/ros2_whisper/share/ros2_whisper/package.dsv'
[5.194s] INFO:colcon.colcon_core.shell:Creating package script '/home/felipe/ros2_ws/install/ros2_whisper/share/ros2_whisper/package.sh'
[5.195s] INFO:colcon.colcon_core.shell:Creating package script '/home/felipe/ros2_ws/install/ros2_whisper/share/ros2_whisper/package.bash'
[5.197s] INFO:colcon.colcon_core.shell:Creating package script '/home/felipe/ros2_ws/install/ros2_whisper/share/ros2_whisper/package.zsh'
[5.198s] Level 1:colcon.colcon_core.environment:create_file_with_runtime_dependencies(/home/felipe/ros2_ws/install/ros2_whisper/share/colcon-core/packages/ros2_whisper)
[5.199s] INFO:colcon.colcon_ros.task.ament_python.build:Building ROS package in '/home/felipe/ros2_ws/src/voice_control' with build type 'ament_python'
[5.199s] Level 1:colcon.colcon_core.shell:create_environment_hook('voice_control', 'ament_prefix_path')
[5.200s] INFO:colcon.colcon_core.shell:Creating environment hook '/home/felipe/ros2_ws/install/voice_control/share/voice_control/hook/ament_prefix_path.ps1'
[5.202s] INFO:colcon.colcon_core.shell:Creating environment descriptor '/home/felipe/ros2_ws/install/voice_control/share/voice_control/hook/ament_prefix_path.dsv'
[5.203s] INFO:colcon.colcon_core.shell:Creating environment hook '/home/felipe/ros2_ws/install/voice_control/share/voice_control/hook/ament_prefix_path.sh'
[5.204s] INFO:colcon.colcon_core.shell:Skip shell extension 'powershell' for command environment: Not usable outside of PowerShell
[5.204s] DEBUG:colcon.colcon_core.shell:Skip shell extension 'dsv' for command environment
[5.242s] Level 1:colcon.colcon_core.environment:checking '/home/felipe/ros2_ws/install/meu_pacote_launch' for CMake module files
[5.244s] DEBUG:colcon.colcon_core.event_handler.log_command:Invoked command in '/home/felipe/ros2_ws/src/meu_pacote_launch' returned '0': PYTHONPATH=/home/felipe/ros2_ws/build/meu_pacote_launch/prefix_override:/usr/lib/python3/dist-packages/colcon_core/task/python/colcon_distutils_commands:/home/felipe/ros2_ws/install/meu_pacote_launch/lib/python3.10/site-packages:${PYTHONPATH} /usr/bin/python3 -W ignore:setup.py install is deprecated setup.py egg_info --egg-base ../../build/meu_pacote_launch build --build-base /home/felipe/ros2_ws/build/meu_pacote_launch/build install --record /home/felipe/ros2_ws/build/meu_pacote_launch/install.log --single-version-externally-managed install_data
[5.245s] Level 1:colcon.colcon_core.environment:checking '/home/felipe/ros2_ws/install/meu_pacote_launch' for CMake config files
[5.246s] Level 1:colcon.colcon_core.environment:checking '/home/felipe/ros2_ws/install/meu_pacote_launch/lib'
[5.246s] Level 1:colcon.colcon_core.environment:checking '/home/felipe/ros2_ws/install/meu_pacote_launch/bin'
[5.246s] Level 1:colcon.colcon_core.environment:checking '/home/felipe/ros2_ws/install/meu_pacote_launch/lib/pkgconfig/meu_pacote_launch.pc'
[5.247s] Level 1:colcon.colcon_core.environment:checking '/home/felipe/ros2_ws/install/meu_pacote_launch/lib/python3.10/site-packages'
[5.247s] Level 1:colcon.colcon_core.shell:create_environment_hook('meu_pacote_launch', 'pythonpath')
[5.248s] INFO:colcon.colcon_core.shell:Creating environment hook '/home/felipe/ros2_ws/install/meu_pacote_launch/share/meu_pacote_launch/hook/pythonpath.ps1'
[5.249s] INFO:colcon.colcon_core.shell:Creating environment descriptor '/home/felipe/ros2_ws/install/meu_pacote_launch/share/meu_pacote_launch/hook/pythonpath.dsv'
[5.249s] INFO:colcon.colcon_core.shell:Creating environment hook '/home/felipe/ros2_ws/install/meu_pacote_launch/share/meu_pacote_launch/hook/pythonpath.sh'
[5.250s] Level 1:colcon.colcon_core.environment:checking '/home/felipe/ros2_ws/install/meu_pacote_launch/bin'
[5.250s] Level 1:colcon.colcon_core.environment:create_environment_scripts_only(meu_pacote_launch)
[5.251s] INFO:colcon.colcon_core.shell:Creating package script '/home/felipe/ros2_ws/install/meu_pacote_launch/share/meu_pacote_launch/package.ps1'
[5.252s] INFO:colcon.colcon_core.shell:Creating package descriptor '/home/felipe/ros2_ws/install/meu_pacote_launch/share/meu_pacote_launch/package.dsv'
[5.253s] INFO:colcon.colcon_core.shell:Creating package script '/home/felipe/ros2_ws/install/meu_pacote_launch/share/meu_pacote_launch/package.sh'
[5.254s] INFO:colcon.colcon_core.shell:Creating package script '/home/felipe/ros2_ws/install/meu_pacote_launch/share/meu_pacote_launch/package.bash'
[5.255s] INFO:colcon.colcon_core.shell:Creating package script '/home/felipe/ros2_ws/install/meu_pacote_launch/share/meu_pacote_launch/package.zsh'
[5.255s] Level 1:colcon.colcon_core.environment:create_file_with_runtime_dependencies(/home/felipe/ros2_ws/install/meu_pacote_launch/share/colcon-core/packages/meu_pacote_launch)
[5.817s] INFO:colcon.colcon_core.task.python.build:Building Python package in '/home/felipe/ros2_ws/src/voice_control'
[5.818s] INFO:colcon.colcon_core.shell:Skip shell extension 'powershell' for command environment: Not usable outside of PowerShell
[5.818s] DEBUG:colcon.colcon_core.shell:Skip shell extension 'dsv' for command environment
[7.354s] DEBUG:colcon.colcon_core.event_handler.log_command:Invoking command in '/home/felipe/ros2_ws/src/voice_control': PYTHONPATH=/home/felipe/ros2_ws/build/voice_control/prefix_override:/usr/lib/python3/dist-packages/colcon_core/task/python/colcon_distutils_commands:/home/felipe/ros2_ws/install/voice_control/lib/python3.10/site-packages:${PYTHONPATH} /usr/bin/python3 -W ignore:setup.py install is deprecated setup.py egg_info --egg-base ../../build/voice_control build --build-base /home/felipe/ros2_ws/build/voice_control/build install --record /home/felipe/ros2_ws/build/voice_control/install.log --single-version-externally-managed install_data
[8.955s] Level 1:colcon.colcon_core.environment:checking '/home/felipe/ros2_ws/install/voice_control' for CMake module files
[8.957s] Level 1:colcon.colcon_core.environment:checking '/home/felipe/ros2_ws/install/voice_control' for CMake config files
[8.958s] DEBUG:colcon.colcon_core.event_handler.log_command:Invoked command in '/home/felipe/ros2_ws/src/voice_control' returned '0': PYTHONPATH=/home/felipe/ros2_ws/build/voice_control/prefix_override:/usr/lib/python3/dist-packages/colcon_core/task/python/colcon_distutils_commands:/home/felipe/ros2_ws/install/voice_control/lib/python3.10/site-packages:${PYTHONPATH} /usr/bin/python3 -W ignore:setup.py install is deprecated setup.py egg_info --egg-base ../../build/voice_control build --build-base /home/felipe/ros2_ws/build/voice_control/build install --record /home/felipe/ros2_ws/build/voice_control/install.log --single-version-externally-managed install_data
[8.959s] Level 1:colcon.colcon_core.environment:checking '/home/felipe/ros2_ws/install/voice_control/lib'
[8.959s] Level 1:colcon.colcon_core.environment:checking '/home/felipe/ros2_ws/install/voice_control/bin'
[8.960s] Level 1:colcon.colcon_core.environment:checking '/home/felipe/ros2_ws/install/voice_control/lib/pkgconfig/voice_control.pc'
[8.960s] Level 1:colcon.colcon_core.environment:checking '/home/felipe/ros2_ws/install/voice_control/lib/python3.10/site-packages'
[8.960s] Level 1:colcon.colcon_core.shell:create_environment_hook('voice_control', 'pythonpath')
[8.961s] INFO:colcon.colcon_core.shell:Creating environment hook '/home/felipe/ros2_ws/install/voice_control/share/voice_control/hook/pythonpath.ps1'
[8.962s] INFO:colcon.colcon_core.shell:Creating environment descriptor '/home/felipe/ros2_ws/install/voice_control/share/voice_control/hook/pythonpath.dsv'
[8.962s] INFO:colcon.colcon_core.shell:Creating environment hook '/home/felipe/ros2_ws/install/voice_control/share/voice_control/hook/pythonpath.sh'
[8.963s] Level 1:colcon.colcon_core.environment:checking '/home/felipe/ros2_ws/install/voice_control/bin'
[8.964s] Level 1:colcon.colcon_core.environment:create_environment_scripts_only(voice_control)
[8.964s] INFO:colcon.colcon_core.shell:Creating package script '/home/felipe/ros2_ws/install/voice_control/share/voice_control/package.ps1'
[8.965s] INFO:colcon.colcon_core.shell:Creating package descriptor '/home/felipe/ros2_ws/install/voice_control/share/voice_control/package.dsv'
[8.966s] INFO:colcon.colcon_core.shell:Creating package script '/home/felipe/ros2_ws/install/voice_control/share/voice_control/package.sh'
[8.967s] INFO:colcon.colcon_core.shell:Creating package script '/home/felipe/ros2_ws/install/voice_control/share/voice_control/package.bash'
[8.968s] INFO:colcon.colcon_core.shell:Creating package script '/home/felipe/ros2_ws/install/voice_control/share/voice_control/package.zsh'
[8.968s] Level 1:colcon.colcon_core.environment:create_file_with_runtime_dependencies(/home/felipe/ros2_ws/install/voice_control/share/colcon-core/packages/voice_control)
[8.969s] DEBUG:colcon.colcon_parallel_executor.executor.parallel:closing loop
[8.970s] DEBUG:colcon.colcon_parallel_executor.executor.parallel:loop closed
[8.970s] DEBUG:colcon.colcon_parallel_executor.executor.parallel:run_until_complete finished with '0'
[8.970s] DEBUG:colcon.colcon_core.event_reactor:joining thread
[8.981s] INFO:colcon.colcon_core.plugin_system:Skipping extension 'colcon_notification.desktop_notification.terminal_notifier': Not used on non-Darwin systems
[8.981s] INFO:colcon.colcon_core.plugin_system:Skipping extension 'colcon_notification.desktop_notification.win32': Not used on non-Windows systems
[8.982s] INFO:colcon.colcon_notification.desktop_notification:Sending desktop notification using 'notify2'
[9.039s] DEBUG:colcon.colcon_core.event_reactor:joined thread
[9.040s] INFO:colcon.colcon_core.shell:Creating prefix script '/home/felipe/ros2_ws/install/local_setup.ps1'
[9.042s] INFO:colcon.colcon_core.shell:Creating prefix util module '/home/felipe/ros2_ws/install/_local_setup_util_ps1.py'
[9.045s] INFO:colcon.colcon_core.shell:Creating prefix chain script '/home/felipe/ros2_ws/install/setup.ps1'
[9.048s] INFO:colcon.colcon_core.shell:Creating prefix script '/home/felipe/ros2_ws/install/local_setup.sh'
[9.049s] INFO:colcon.colcon_core.shell:Creating prefix util module '/home/felipe/ros2_ws/install/_local_setup_util_sh.py'
[9.051s] INFO:colcon.colcon_core.shell:Creating prefix chain script '/home/felipe/ros2_ws/install/setup.sh'
[9.053s] INFO:colcon.colcon_core.shell:Creating prefix script '/home/felipe/ros2_ws/install/local_setup.bash'
[9.054s] INFO:colcon.colcon_core.shell:Creating prefix chain script '/home/felipe/ros2_ws/install/setup.bash'
[9.056s] INFO:colcon.colcon_core.shell:Creating prefix script '/home/felipe/ros2_ws/install/local_setup.zsh'
[9.058s] INFO:colcon.colcon_core.shell:Creating prefix chain script '/home/felipe/ros2_ws/install/setup.zsh'
