[3.792s] Invoking command in '/home/felipe/ros2_ws/src/ros2_whisper': PYTHONPATH=/home/felipe/ros2_ws/build/ros2_whisper/prefix_override:/usr/lib/python3/dist-packages/colcon_core/task/python/colcon_distutils_commands:/home/felipe/ros2_ws/install/ros2_whisper/lib/python3.10/site-packages:${PYTHONPATH} /usr/bin/python3 -W ignore:setup.py install is deprecated setup.py egg_info --egg-base ../../build/ros2_whisper build --build-base /home/felipe/ros2_ws/build/ros2_whisper/build install --record /home/felipe/ros2_ws/build/ros2_whisper/install.log --single-version-externally-managed install_data
[4.222s] /home/felipe/.local/lib/python3.10/site-packages/setuptools/_distutils/dist.py:270: UserWarning: Unknown distribution option: 'tests_require'
[4.222s]   warnings.warn(msg)
[4.598s] running egg_info
[4.661s] writing ../../build/ros2_whisper/ros2_whisper.egg-info/PKG-INFO
[4.688s] writing dependency_links to ../../build/ros2_whisper/ros2_whisper.egg-info/dependency_links.txt
[4.688s] writing entry points to ../../build/ros2_whisper/ros2_whisper.egg-info/entry_points.txt
[4.688s] writing requirements to ../../build/ros2_whisper/ros2_whisper.egg-info/requires.txt
[4.688s] writing top-level names to ../../build/ros2_whisper/ros2_whisper.egg-info/top_level.txt
[4.822s] reading manifest file '../../build/ros2_whisper/ros2_whisper.egg-info/SOURCES.txt'
[4.826s] writing manifest file '../../build/ros2_whisper/ros2_whisper.egg-info/SOURCES.txt'
[4.826s] running build
[4.826s] running build_py
[4.827s] running install
[4.841s] running install_lib
[4.902s] running install_data
[4.902s] running install_egg_info
[4.968s] removing '/home/felipe/ros2_ws/install/ros2_whisper/lib/python3.10/site-packages/ros2_whisper-0.0.1-py3.10.egg-info' (and everything under it)
[4.969s] Copying ../../build/ros2_whisper/ros2_whisper.egg-info to /home/felipe/ros2_ws/install/ros2_whisper/lib/python3.10/site-packages/ros2_whisper-0.0.1-py3.10.egg-info
[4.994s] running install_scripts
[5.483s] Installing whisper_node script to /home/felipe/ros2_ws/install/ros2_whisper/lib/ros2_whisper
[5.484s] writing list of installed files to '/home/felipe/ros2_ws/build/ros2_whisper/install.log'
[5.617s] Invoked command in '/home/felipe/ros2_ws/src/ros2_whisper' returned '0': PYTHONPATH=/home/felipe/ros2_ws/build/ros2_whisper/prefix_override:/usr/lib/python3/dist-packages/colcon_core/task/python/colcon_distutils_commands:/home/felipe/ros2_ws/install/ros2_whisper/lib/python3.10/site-packages:${PYTHONPATH} /usr/bin/python3 -W ignore:setup.py install is deprecated setup.py egg_info --egg-base ../../build/ros2_whisper build --build-base /home/felipe/ros2_ws/build/ros2_whisper/build install --record /home/felipe/ros2_ws/build/ros2_whisper/install.log --single-version-externally-managed install_data
