[4.984s] Invoking command in '/home/felipe/ros2_ws/src/vacuum_robot': PYTHONPATH=/home/felipe/ros2_ws/build/vacuum_robot/prefix_override:/usr/lib/python3/dist-packages/colcon_core/task/python/colcon_distutils_commands:/home/felipe/ros2_ws/install/vacuum_robot/lib/python3.10/site-packages:${PYTHONPATH} /usr/bin/python3 -W ignore:setup.py install is deprecated -W ignore:easy_install command is deprecated setup.py egg_info --egg-base ../../build/vacuum_robot build --build-base /home/felipe/ros2_ws/build/vacuum_robot/build install --record /home/felipe/ros2_ws/build/vacuum_robot/install.log --single-version-externally-managed install_data
[6.693s] running egg_info
[6.836s] writing ../../build/vacuum_robot/vacuum_robot.egg-info/PKG-INFO
[6.837s] writing dependency_links to ../../build/vacuum_robot/vacuum_robot.egg-info/dependency_links.txt
[6.838s] writing entry points to ../../build/vacuum_robot/vacuum_robot.egg-info/entry_points.txt
[6.838s] writing requirements to ../../build/vacuum_robot/vacuum_robot.egg-info/requires.txt
[6.839s] writing top-level names to ../../build/vacuum_robot/vacuum_robot.egg-info/top_level.txt
[7.114s] reading manifest file '../../build/vacuum_robot/vacuum_robot.egg-info/SOURCES.txt'
[7.122s] writing manifest file '../../build/vacuum_robot/vacuum_robot.egg-info/SOURCES.txt'
[7.122s] running build
[7.122s] running build_py
[7.123s] copying vacuum_robot/vacuum_robot_controller.py -> /home/felipe/ros2_ws/build/vacuum_robot/build/lib/vacuum_robot
[7.123s] copying vacuum_robot/__init__.py -> /home/felipe/ros2_ws/build/vacuum_robot/build/lib/vacuum_robot
[7.124s] running install
[7.150s] running install_lib
[7.282s] copying /home/felipe/ros2_ws/build/vacuum_robot/build/lib/vacuum_robot/vacuum_robot_controller.py -> /home/felipe/ros2_ws/install/vacuum_robot/lib/python3.10/site-packages/vacuum_robot
[7.285s] byte-compiling /home/felipe/ros2_ws/install/vacuum_robot/lib/python3.10/site-packages/vacuum_robot/vacuum_robot_controller.py to vacuum_robot_controller.cpython-310.pyc
[7.291s] running install_data
[7.292s] copying resource/vacuum_robot -> /home/felipe/ros2_ws/install/vacuum_robot/share/ament_index/resource_index/packages
[7.293s] copying package.xml -> /home/felipe/ros2_ws/install/vacuum_robot/share/vacuum_robot
[7.295s] running install_egg_info
[7.436s] removing '/home/felipe/ros2_ws/install/vacuum_robot/lib/python3.10/site-packages/vacuum_robot-0.0.0-py3.10.egg-info' (and everything under it)
[7.437s] Copying ../../build/vacuum_robot/vacuum_robot.egg-info to /home/felipe/ros2_ws/install/vacuum_robot/lib/python3.10/site-packages/vacuum_robot-0.0.0-py3.10.egg-info
[7.443s] running install_scripts
[8.399s] Installing vacuum_robot_controller script to /home/felipe/ros2_ws/install/vacuum_robot/lib/vacuum_robot
[8.400s] writing list of installed files to '/home/felipe/ros2_ws/build/vacuum_robot/install.log'
[8.533s] Invoked command in '/home/felipe/ros2_ws/src/vacuum_robot' returned '0': PYTHONPATH=/home/felipe/ros2_ws/build/vacuum_robot/prefix_override:/usr/lib/python3/dist-packages/colcon_core/task/python/colcon_distutils_commands:/home/felipe/ros2_ws/install/vacuum_robot/lib/python3.10/site-packages:${PYTHONPATH} /usr/bin/python3 -W ignore:setup.py install is deprecated -W ignore:easy_install command is deprecated setup.py egg_info --egg-base ../../build/vacuum_robot build --build-base /home/felipe/ros2_ws/build/vacuum_robot/build install --record /home/felipe/ros2_ws/build/vacuum_robot/install.log --single-version-externally-managed install_data
