/home/felipe/.local/lib/python3.10/site-packages/setuptools/_distutils/dist.py:261: UserWarning: Unknown distribution option: 'tests_require'
  warnings.warn(msg)
running egg_info
writing ../../../build/explorer_bringup/explorer_bringup.egg-info/PKG-INFO
writing dependency_links to ../../../build/explorer_bringup/explorer_bringup.egg-info/dependency_links.txt
writing entry points to ../../../build/explorer_bringup/explorer_bringup.egg-info/entry_points.txt
writing requirements to ../../../build/explorer_bringup/explorer_bringup.egg-info/requires.txt
writing top-level names to ../../../build/explorer_bringup/explorer_bringup.egg-info/top_level.txt
reading manifest file '../../../build/explorer_bringup/explorer_bringup.egg-info/SOURCES.txt'
writing manifest file '../../../build/explorer_bringup/explorer_bringup.egg-info/SOURCES.txt'
running build
running build_py
copying explorer_bringup/__init__.py -> /home/felipe/ros2_ws/build/explorer_bringup/build/lib/explorer_bringup
copying explorer_bringup/manager.py -> /home/felipe/ros2_ws/build/explorer_bringup/build/lib/explorer_bringup
running install
running install_lib
running install_data
copying resource/explorer_bringup -> /home/felipe/ros2_ws/install/explorer_bringup/share/ament_index/resource_index/packages
copying package.xml -> /home/felipe/ros2_ws/install/explorer_bringup/share/explorer_bringup
copying launch/explorer.launch.py -> /home/felipe/ros2_ws/install/explorer_bringup/share/explorer_bringup
running install_egg_info
removing '/home/felipe/ros2_ws/install/explorer_bringup/lib/python3.10/site-packages/explorer_bringup-0.0.0-py3.10.egg-info' (and everything under it)
Copying ../../../build/explorer_bringup/explorer_bringup.egg-info to /home/felipe/ros2_ws/install/explorer_bringup/lib/python3.10/site-packages/explorer_bringup-0.0.0-py3.10.egg-info
running install_scripts
Installing manager script to /home/felipe/ros2_ws/install/explorer_bringup/lib/explorer_bringup
writing list of installed files to '/home/felipe/ros2_ws/build/explorer_bringup/install.log'
