/home/felipe/.local/lib/python3.10/site-packages/setuptools/_distutils/dist.py:270: UserWarning: Unknown distribution option: 'tests_require'
  warnings.warn(msg)
running egg_info
creating ../../build/voice_control/voice_control.egg-info
writing ../../build/voice_control/voice_control.egg-info/PKG-INFO
writing dependency_links to ../../build/voice_control/voice_control.egg-info/dependency_links.txt
writing entry points to ../../build/voice_control/voice_control.egg-info/entry_points.txt
writing requirements to ../../build/voice_control/voice_control.egg-info/requires.txt
writing top-level names to ../../build/voice_control/voice_control.egg-info/top_level.txt
writing manifest file '../../build/voice_control/voice_control.egg-info/SOURCES.txt'
reading manifest file '../../build/voice_control/voice_control.egg-info/SOURCES.txt'
writing manifest file '../../build/voice_control/voice_control.egg-info/SOURCES.txt'
running build
running build_py
creating /home/felipe/ros2_ws/build/voice_control/build/lib/voice_control
copying voice_control/__init__.py -> /home/felipe/ros2_ws/build/voice_control/build/lib/voice_control
running install
running install_lib
creating /home/felipe/ros2_ws/install/voice_control/lib/python3.10/site-packages/voice_control
copying /home/felipe/ros2_ws/build/voice_control/build/lib/voice_control/__init__.py -> /home/felipe/ros2_ws/install/voice_control/lib/python3.10/site-packages/voice_control
byte-compiling /home/felipe/ros2_ws/install/voice_control/lib/python3.10/site-packages/voice_control/__init__.py to __init__.cpython-310.pyc
running install_data
creating /home/felipe/ros2_ws/install/voice_control/share/ament_index/resource_index/packages
copying resource/voice_control -> /home/felipe/ros2_ws/install/voice_control/share/ament_index/resource_index/packages
copying package.xml -> /home/felipe/ros2_ws/install/voice_control/share/voice_control
running install_egg_info
Copying ../../build/voice_control/voice_control.egg-info to /home/felipe/ros2_ws/install/voice_control/lib/python3.10/site-packages/voice_control-0.0.1-py3.10.egg-info
running install_scripts
Installing motion_control_node script to /home/felipe/ros2_ws/install/voice_control/lib/voice_control
Installing voice_command_node script to /home/felipe/ros2_ws/install/voice_control/lib/voice_control
writing list of installed files to '/home/felipe/ros2_ws/build/voice_control/install.log'
