[1.317s] Invoking command in '/home/felipe/ros2_ws/src/voice_control': PYTHONPATH=/home/felipe/ros2_ws/build/voice_control/prefix_override:/usr/lib/python3/dist-packages/colcon_core/task/python/colcon_distutils_commands:/home/felipe/ros2_ws/install/voice_control/lib/python3.10/site-packages:${PYTHONPATH} /usr/bin/python3 -W ignore:setup.py install is deprecated -W ignore:easy_install command is deprecated setup.py egg_info --egg-base ../../build/voice_control build --build-base /home/felipe/ros2_ws/build/voice_control/build install --record /home/felipe/ros2_ws/build/voice_control/install.log --single-version-externally-managed install_data
[1.499s] /home/felipe/.local/lib/python3.10/site-packages/setuptools/_distutils/dist.py:270: UserWarning: Unknown distribution option: 'tests_require'
[1.499s]   warnings.warn(msg)
[1.656s] running egg_info
[1.682s] creating ../../build/voice_control/voice_control.egg-info
[1.682s] writing ../../build/voice_control/voice_control.egg-info/PKG-INFO
[1.683s] writing dependency_links to ../../build/voice_control/voice_control.egg-info/dependency_links.txt
[1.683s] writing entry points to ../../build/voice_control/voice_control.egg-info/entry_points.txt
[1.683s] writing requirements to ../../build/voice_control/voice_control.egg-info/requires.txt
[1.683s] writing top-level names to ../../build/voice_control/voice_control.egg-info/top_level.txt
[1.683s] writing manifest file '../../build/voice_control/voice_control.egg-info/SOURCES.txt'
[1.742s] reading manifest file '../../build/voice_control/voice_control.egg-info/SOURCES.txt'
[1.743s] writing manifest file '../../build/voice_control/voice_control.egg-info/SOURCES.txt'
[1.743s] running build
[1.743s] running build_py
[1.743s] creating /home/felipe/ros2_ws/build/voice_control/build/lib/voice_control
[1.743s] copying voice_control/__init__.py -> /home/felipe/ros2_ws/build/voice_control/build/lib/voice_control
[1.744s] running install
[1.749s] running install_lib
[1.776s] creating /home/felipe/ros2_ws/install/voice_control/lib/python3.10/site-packages/voice_control
[1.776s] copying /home/felipe/ros2_ws/build/voice_control/build/lib/voice_control/__init__.py -> /home/felipe/ros2_ws/install/voice_control/lib/python3.10/site-packages/voice_control
[1.777s] byte-compiling /home/felipe/ros2_ws/install/voice_control/lib/python3.10/site-packages/voice_control/__init__.py to __init__.cpython-310.pyc
[1.777s] running install_data
[1.777s] creating /home/felipe/ros2_ws/install/voice_control/share/ament_index/resource_index/packages
[1.777s] copying resource/voice_control -> /home/felipe/ros2_ws/install/voice_control/share/ament_index/resource_index/packages
[1.778s] copying package.xml -> /home/felipe/ros2_ws/install/voice_control/share/voice_control
[1.778s] running install_egg_info
[1.805s] Copying ../../build/voice_control/voice_control.egg-info to /home/felipe/ros2_ws/install/voice_control/lib/python3.10/site-packages/voice_control-0.0.1-py3.10.egg-info
[1.806s] running install_scripts
[2.000s] Installing motion_control_node script to /home/felipe/ros2_ws/install/voice_control/lib/voice_control
[2.001s] Installing voice_command_node script to /home/felipe/ros2_ws/install/voice_control/lib/voice_control
[2.001s] writing list of installed files to '/home/felipe/ros2_ws/build/voice_control/install.log'
[2.039s] Invoked command in '/home/felipe/ros2_ws/src/voice_control' returned '0': PYTHONPATH=/home/felipe/ros2_ws/build/voice_control/prefix_override:/usr/lib/python3/dist-packages/colcon_core/task/python/colcon_distutils_commands:/home/felipe/ros2_ws/install/voice_control/lib/python3.10/site-packages:${PYTHONPATH} /usr/bin/python3 -W ignore:setup.py install is deprecated -W ignore:easy_install command is deprecated setup.py egg_info --egg-base ../../build/voice_control build --build-base /home/felipe/ros2_ws/build/voice_control/build install --record /home/felipe/ros2_ws/build/voice_control/install.log --single-version-externally-managed install_data
