[2.320s] Invoking command in '/home/felipe/ros2_ws/src/voice_control': PYTHONPATH=/home/felipe/ros2_ws/build/voice_control/prefix_override:/usr/lib/python3/dist-packages/colcon_core/task/python/colcon_distutils_commands:/home/felipe/ros2_ws/install/voice_control/lib/python3.10/site-packages:${PYTHONPATH} /usr/bin/python3 -W ignore:setup.py install is deprecated setup.py egg_info --egg-base ../../build/voice_control build --build-base /home/felipe/ros2_ws/build/voice_control/build install --record /home/felipe/ros2_ws/build/voice_control/install.log --single-version-externally-managed install_data
[2.708s] /home/felipe/.local/lib/python3.10/site-packages/setuptools/_distutils/dist.py:270: UserWarning: Unknown distribution option: 'tests_require'
[2.709s]   warnings.warn(msg)
[3.073s] running egg_info
[3.131s] writing ../../build/voice_control/voice_control.egg-info/PKG-INFO
[3.132s] writing dependency_links to ../../build/voice_control/voice_control.egg-info/dependency_links.txt
[3.132s] writing entry points to ../../build/voice_control/voice_control.egg-info/entry_points.txt
[3.133s] writing requirements to ../../build/voice_control/voice_control.egg-info/requires.txt
[3.133s] writing top-level names to ../../build/voice_control/voice_control.egg-info/top_level.txt
[3.266s] reading manifest file '../../build/voice_control/voice_control.egg-info/SOURCES.txt'
[3.308s] writing manifest file '../../build/voice_control/voice_control.egg-info/SOURCES.txt'
[3.308s] running build
[3.308s] running build_py
[3.400s] running install
[3.411s] running install_lib
[3.562s] running install_data
[3.587s] running install_egg_info
[3.669s] removing '/home/felipe/ros2_ws/install/voice_control/lib/python3.10/site-packages/voice_control-0.0.1-py3.10.egg-info' (and everything under it)
[3.669s] Copying ../../build/voice_control/voice_control.egg-info to /home/felipe/ros2_ws/install/voice_control/lib/python3.10/site-packages/voice_control-0.0.1-py3.10.egg-info
[3.672s] running install_scripts
[4.133s] Installing motion_control_node script to /home/felipe/ros2_ws/install/voice_control/lib/voice_control
[4.137s] Installing voice_command_node script to /home/felipe/ros2_ws/install/voice_control/lib/voice_control
[4.137s] writing list of installed files to '/home/felipe/ros2_ws/build/voice_control/install.log'
[4.209s] Invoked command in '/home/felipe/ros2_ws/src/voice_control' returned '0': PYTHONPATH=/home/felipe/ros2_ws/build/voice_control/prefix_override:/usr/lib/python3/dist-packages/colcon_core/task/python/colcon_distutils_commands:/home/felipe/ros2_ws/install/voice_control/lib/python3.10/site-packages:${PYTHONPATH} /usr/bin/python3 -W ignore:setup.py install is deprecated setup.py egg_info --egg-base ../../build/voice_control build --build-base /home/felipe/ros2_ws/build/voice_control/build install --record /home/felipe/ros2_ws/build/voice_control/install.log --single-version-externally-managed install_data
