[5.782s] Invoking command in '/home/felipe/ros2_ws/src/vacuum_robot': PYTHONPATH=/home/felipe/ros2_ws/build/vacuum_robot/prefix_override:/usr/lib/python3/dist-packages/colcon_core/task/python/colcon_distutils_commands:/home/felipe/ros2_ws/install/vacuum_robot/lib/python3.10/site-packages:${PYTHONPATH} /usr/bin/python3 -W ignore:setup.py install is deprecated -W ignore:easy_install command is deprecated setup.py egg_info --egg-base ../../build/vacuum_robot build --build-base /home/felipe/ros2_ws/build/vacuum_robot/build install --record /home/felipe/ros2_ws/build/vacuum_robot/install.log --single-version-externally-managed install_data
[7.636s] running egg_info
[7.763s] writing ../../build/vacuum_robot/vacuum_robot.egg-info/PKG-INFO
[7.765s] writing dependency_links to ../../build/vacuum_robot/vacuum_robot.egg-info/dependency_links.txt
[7.766s] writing entry points to ../../build/vacuum_robot/vacuum_robot.egg-info/entry_points.txt
[7.766s] writing requirements to ../../build/vacuum_robot/vacuum_robot.egg-info/requires.txt
[7.767s] writing top-level names to ../../build/vacuum_robot/vacuum_robot.egg-info/top_level.txt
[8.071s] reading manifest file '../../build/vacuum_robot/vacuum_robot.egg-info/SOURCES.txt'
[8.076s] writing manifest file '../../build/vacuum_robot/vacuum_robot.egg-info/SOURCES.txt'
[8.076s] running build
[8.076s] running build_py
[8.079s] copying vacuum_robot/vacuum_robot_controller.py -> /home/felipe/ros2_ws/build/vacuum_robot/build/lib/vacuum_robot
[8.080s] copying vacuum_robot/__init__.py -> /home/felipe/ros2_ws/build/vacuum_robot/build/lib/vacuum_robot
[8.081s] running install
[8.120s] running install_lib
[8.246s] copying /home/felipe/ros2_ws/build/vacuum_robot/build/lib/vacuum_robot/vacuum_robot_controller.py -> /home/felipe/ros2_ws/install/vacuum_robot/lib/python3.10/site-packages/vacuum_robot
[8.251s] byte-compiling /home/felipe/ros2_ws/install/vacuum_robot/lib/python3.10/site-packages/vacuum_robot/vacuum_robot_controller.py to vacuum_robot_controller.cpython-310.pyc
[8.253s] running install_data
[8.255s] copying resource/vacuum_robot -> /home/felipe/ros2_ws/install/vacuum_robot/share/ament_index/resource_index/packages
[8.259s] copying package.xml -> /home/felipe/ros2_ws/install/vacuum_robot/share/vacuum_robot
[8.260s] running install_egg_info
[8.407s] removing '/home/felipe/ros2_ws/install/vacuum_robot/lib/python3.10/site-packages/vacuum_robot-0.0.0-py3.10.egg-info' (and everything under it)
[8.407s] Copying ../../build/vacuum_robot/vacuum_robot.egg-info to /home/felipe/ros2_ws/install/vacuum_robot/lib/python3.10/site-packages/vacuum_robot-0.0.0-py3.10.egg-info
[8.416s] running install_scripts
[9.533s] Installing vacuum_robot_controller script to /home/felipe/ros2_ws/install/vacuum_robot/lib/vacuum_robot
[9.534s] writing list of installed files to '/home/felipe/ros2_ws/build/vacuum_robot/install.log'
[9.720s] Invoked command in '/home/felipe/ros2_ws/src/vacuum_robot' returned '0': PYTHONPATH=/home/felipe/ros2_ws/build/vacuum_robot/prefix_override:/usr/lib/python3/dist-packages/colcon_core/task/python/colcon_distutils_commands:/home/felipe/ros2_ws/install/vacuum_robot/lib/python3.10/site-packages:${PYTHONPATH} /usr/bin/python3 -W ignore:setup.py install is deprecated -W ignore:easy_install command is deprecated setup.py egg_info --egg-base ../../build/vacuum_robot build --build-base /home/felipe/ros2_ws/build/vacuum_robot/build install --record /home/felipe/ros2_ws/build/vacuum_robot/install.log --single-version-externally-managed install_data
