[2.152s] Invoking command in '/home/felipe/ros2_ws/src/voice_control': PYTHONPATH=/home/felipe/ros2_ws/build/voice_control/prefix_override:/usr/lib/python3/dist-packages/colcon_core/task/python/colcon_distutils_commands:/home/felipe/ros2_ws/install/voice_control/lib/python3.10/site-packages:${PYTHONPATH} /usr/bin/python3 -W ignore:setup.py install is deprecated setup.py egg_info --egg-base ../../build/voice_control build --build-base /home/felipe/ros2_ws/build/voice_control/build install --record /home/felipe/ros2_ws/build/voice_control/install.log --single-version-externally-managed install_data
[2.545s] /home/felipe/.local/lib/python3.10/site-packages/setuptools/_distutils/dist.py:270: UserWarning: Unknown distribution option: 'tests_require'
[2.545s]   warnings.warn(msg)
[2.906s] running egg_info
[2.965s] writing ../../build/voice_control/voice_control.egg-info/PKG-INFO
[2.966s] writing dependency_links to ../../build/voice_control/voice_control.egg-info/dependency_links.txt
[2.967s] writing entry points to ../../build/voice_control/voice_control.egg-info/entry_points.txt
[2.967s] writing requirements to ../../build/voice_control/voice_control.egg-info/requires.txt
[2.968s] writing top-level names to ../../build/voice_control/voice_control.egg-info/top_level.txt
[3.090s] reading manifest file '../../build/voice_control/voice_control.egg-info/SOURCES.txt'
[3.093s] writing manifest file '../../build/voice_control/voice_control.egg-info/SOURCES.txt'
[3.093s] running build
[3.094s] running build_py
[3.095s] running install
[3.105s] running install_lib
[3.166s] running install_data
[3.166s] running install_egg_info
[3.228s] removing '/home/felipe/ros2_ws/install/voice_control/lib/python3.10/site-packages/voice_control-0.0.1-py3.10.egg-info' (and everything under it)
[3.229s] Copying ../../build/voice_control/voice_control.egg-info to /home/felipe/ros2_ws/install/voice_control/lib/python3.10/site-packages/voice_control-0.0.1-py3.10.egg-info
[3.231s] running install_scripts
[3.692s] Installing motion_control_node script to /home/felipe/ros2_ws/install/voice_control/lib/voice_control
[3.692s] Installing voice_command_node script to /home/felipe/ros2_ws/install/voice_control/lib/voice_control
[3.693s] writing list of installed files to '/home/felipe/ros2_ws/build/voice_control/install.log'
[3.761s] Invoked command in '/home/felipe/ros2_ws/src/voice_control' returned '0': PYTHONPATH=/home/felipe/ros2_ws/build/voice_control/prefix_override:/usr/lib/python3/dist-packages/colcon_core/task/python/colcon_distutils_commands:/home/felipe/ros2_ws/install/voice_control/lib/python3.10/site-packages:${PYTHONPATH} /usr/bin/python3 -W ignore:setup.py install is deprecated setup.py egg_info --egg-base ../../build/voice_control build --build-base /home/felipe/ros2_ws/build/voice_control/build install --record /home/felipe/ros2_ws/build/voice_control/install.log --single-version-externally-managed install_data
