/home/felipe/.local/lib/python3.10/site-packages/setuptools/_distutils/dist.py:261: UserWarning: Unknown distribution option: 'tests_require'
  warnings.warn(msg)
running egg_info
creating ../../build/auto_mapper_py/auto_mapper_py.egg-info
writing ../../build/auto_mapper_py/auto_mapper_py.egg-info/PKG-INFO
writing dependency_links to ../../build/auto_mapper_py/auto_mapper_py.egg-info/dependency_links.txt
writing entry points to ../../build/auto_mapper_py/auto_mapper_py.egg-info/entry_points.txt
writing requirements to ../../build/auto_mapper_py/auto_mapper_py.egg-info/requires.txt
writing top-level names to ../../build/auto_mapper_py/auto_mapper_py.egg-info/top_level.txt
writing manifest file '../../build/auto_mapper_py/auto_mapper_py.egg-info/SOURCES.txt'
reading manifest file '../../build/auto_mapper_py/auto_mapper_py.egg-info/SOURCES.txt'
writing manifest file '../../build/auto_mapper_py/auto_mapper_py.egg-info/SOURCES.txt'
running build
running build_py
creating /home/felipe/ros2_ws/build/auto_mapper_py/build/lib/auto_mapper_py
copying auto_mapper_py/__init__.py -> /home/felipe/ros2_ws/build/auto_mapper_py/build/lib/auto_mapper_py
copying auto_mapper_py/auto_mapper.py -> /home/felipe/ros2_ws/build/auto_mapper_py/build/lib/auto_mapper_py
running install
running install_lib
creating /home/felipe/ros2_ws/install/auto_mapper_py/lib/python3.10/site-packages/auto_mapper_py
copying /home/felipe/ros2_ws/build/auto_mapper_py/build/lib/auto_mapper_py/__init__.py -> /home/felipe/ros2_ws/install/auto_mapper_py/lib/python3.10/site-packages/auto_mapper_py
copying /home/felipe/ros2_ws/build/auto_mapper_py/build/lib/auto_mapper_py/auto_mapper.py -> /home/felipe/ros2_ws/install/auto_mapper_py/lib/python3.10/site-packages/auto_mapper_py
byte-compiling /home/felipe/ros2_ws/install/auto_mapper_py/lib/python3.10/site-packages/auto_mapper_py/__init__.py to __init__.cpython-310.pyc
byte-compiling /home/felipe/ros2_ws/install/auto_mapper_py/lib/python3.10/site-packages/auto_mapper_py/auto_mapper.py to auto_mapper.cpython-310.pyc
running install_data
creating /home/felipe/ros2_ws/install/auto_mapper_py/share/ament_index/resource_index/packages
copying resource/auto_mapper_py -> /home/felipe/ros2_ws/install/auto_mapper_py/share/ament_index/resource_index/packages
copying package.xml -> /home/felipe/ros2_ws/install/auto_mapper_py/share/auto_mapper_py
running install_egg_info
Copying ../../build/auto_mapper_py/auto_mapper_py.egg-info to /home/felipe/ros2_ws/install/auto_mapper_py/lib/python3.10/site-packages/auto_mapper_py-0.0.0-py3.10.egg-info
running install_scripts
Installing auto_mapper_node script to /home/felipe/ros2_ws/install/auto_mapper_py/lib/auto_mapper_py
writing list of installed files to '/home/felipe/ros2_ws/build/auto_mapper_py/install.log'
