running egg_info
writing ../../build/meu_pacote_launch/meu_pacote_launch.egg-info/PKG-INFO
writing dependency_links to ../../build/meu_pacote_launch/meu_pacote_launch.egg-info/dependency_links.txt
writing requirements to ../../build/meu_pacote_launch/meu_pacote_launch.egg-info/requires.txt
writing top-level names to ../../build/meu_pacote_launch/meu_pacote_launch.egg-info/top_level.txt
reading manifest file '../../build/meu_pacote_launch/meu_pacote_launch.egg-info/SOURCES.txt'
writing manifest file '../../build/meu_pacote_launch/meu_pacote_launch.egg-info/SOURCES.txt'
running build
running build_py
copying meu_pacote_launch/__init__.py -> /home/felipe/ros2_ws/build/meu_pacote_launch/build/lib/meu_pacote_launch
copying meu_pacote_launch/all_nodes.launch.py -> /home/felipe/ros2_ws/build/meu_pacote_launch/build/lib/meu_pacote_launch
running install
running install_lib
running install_data
copying resource/meu_pacote_launch -> /home/felipe/ros2_ws/install/meu_pacote_launch/share/ament_index/resource_index/packages
copying package.xml -> /home/felipe/ros2_ws/install/meu_pacote_launch/share/meu_pacote_launch
copying launch/all_nodes.launch.py -> /home/felipe/ros2_ws/install/meu_pacote_launch/share/meu_pacote_launch/launch
running install_egg_info
removing '/home/felipe/ros2_ws/install/meu_pacote_launch/lib/python3.10/site-packages/meu_pacote_launch-0.0.0-py3.10.egg-info' (and everything under it)
Copying ../../build/meu_pacote_launch/meu_pacote_launch.egg-info to /home/felipe/ros2_ws/install/meu_pacote_launch/lib/python3.10/site-packages/meu_pacote_launch-0.0.0-py3.10.egg-info
running install_scripts
writing list of installed files to '/home/felipe/ros2_ws/build/meu_pacote_launch/install.log'
