[1.007s] Invoking command in '/home/felipe/ros2_ws/src/navigation2/nav2_simple_commander': AMENT_PREFIX_PATH=/home/felipe/ros2_ws/install/nav2_msgs:${AMENT_PREFIX_PATH} CMAKE_PREFIX_PATH=/home/felipe/ros2_ws/install/nav2_msgs:${CMAKE_PREFIX_PATH} LD_LIBRARY_PATH=/home/felipe/ros2_ws/install/nav2_msgs/lib:${LD_LIBRARY_PATH} PYTHONPATH=/home/felipe/ros2_ws/build/nav2_simple_commander/prefix_override:/usr/lib/python3/dist-packages/colcon_core/task/python/colcon_distutils_commands:/home/felipe/ros2_ws/install/nav2_simple_commander/lib/python3.10/site-packages:/home/felipe/ros2_ws/install/nav2_msgs/local/lib/python3.10/dist-packages:${PYTHONPATH} /usr/bin/python3 -W ignore:setup.py install is deprecated -W ignore:easy_install command is deprecated setup.py egg_info --egg-base ../../../build/nav2_simple_commander build --build-base /home/felipe/ros2_ws/build/nav2_simple_commander/build install --record /home/felipe/ros2_ws/build/nav2_simple_commander/install.log --single-version-externally-managed install_data
[1.174s] /home/felipe/.local/lib/python3.10/site-packages/setuptools/_distutils/dist.py:261: UserWarning: Unknown distribution option: 'tests_require'
[1.174s]   warnings.warn(msg)
[1.316s] running egg_info
[1.339s] creating ../../../build/nav2_simple_commander/nav2_simple_commander.egg-info
[1.339s] writing ../../../build/nav2_simple_commander/nav2_simple_commander.egg-info/PKG-INFO
[1.340s] writing dependency_links to ../../../build/nav2_simple_commander/nav2_simple_commander.egg-info/dependency_links.txt
[1.340s] writing entry points to ../../../build/nav2_simple_commander/nav2_simple_commander.egg-info/entry_points.txt
[1.340s] writing requirements to ../../../build/nav2_simple_commander/nav2_simple_commander.egg-info/requires.txt
[1.340s] writing top-level names to ../../../build/nav2_simple_commander/nav2_simple_commander.egg-info/top_level.txt
[1.341s] writing manifest file '../../../build/nav2_simple_commander/nav2_simple_commander.egg-info/SOURCES.txt'
[1.388s] reading manifest file '../../../build/nav2_simple_commander/nav2_simple_commander.egg-info/SOURCES.txt'
[1.390s] writing manifest file '../../../build/nav2_simple_commander/nav2_simple_commander.egg-info/SOURCES.txt'
[1.390s] running build
[1.390s] running build_py
[1.390s] creating /home/felipe/ros2_ws/build/nav2_simple_commander/build/lib/nav2_simple_commander
[1.390s] copying nav2_simple_commander/example_assisted_teleop.py -> /home/felipe/ros2_ws/build/nav2_simple_commander/build/lib/nav2_simple_commander
[1.391s] copying nav2_simple_commander/footprint_collision_checker.py -> /home/felipe/ros2_ws/build/nav2_simple_commander/build/lib/nav2_simple_commander
[1.391s] copying nav2_simple_commander/demo_security.py -> /home/felipe/ros2_ws/build/nav2_simple_commander/build/lib/nav2_simple_commander
[1.391s] copying nav2_simple_commander/demo_picking.py -> /home/felipe/ros2_ws/build/nav2_simple_commander/build/lib/nav2_simple_commander
[1.391s] copying nav2_simple_commander/example_waypoint_follower.py -> /home/felipe/ros2_ws/build/nav2_simple_commander/build/lib/nav2_simple_commander
[1.391s] copying nav2_simple_commander/costmap_2d.py -> /home/felipe/ros2_ws/build/nav2_simple_commander/build/lib/nav2_simple_commander
[1.392s] copying nav2_simple_commander/utils.py -> /home/felipe/ros2_ws/build/nav2_simple_commander/build/lib/nav2_simple_commander
[1.392s] copying nav2_simple_commander/robot_navigator.py -> /home/felipe/ros2_ws/build/nav2_simple_commander/build/lib/nav2_simple_commander
[1.392s] copying nav2_simple_commander/demo_inspection.py -> /home/felipe/ros2_ws/build/nav2_simple_commander/build/lib/nav2_simple_commander
[1.392s] copying nav2_simple_commander/example_nav_to_pose.py -> /home/felipe/ros2_ws/build/nav2_simple_commander/build/lib/nav2_simple_commander
[1.392s] copying nav2_simple_commander/example_nav_through_poses.py -> /home/felipe/ros2_ws/build/nav2_simple_commander/build/lib/nav2_simple_commander
[1.393s] copying nav2_simple_commander/__init__.py -> /home/felipe/ros2_ws/build/nav2_simple_commander/build/lib/nav2_simple_commander
[1.393s] copying nav2_simple_commander/demo_recoveries.py -> /home/felipe/ros2_ws/build/nav2_simple_commander/build/lib/nav2_simple_commander
[1.393s] copying nav2_simple_commander/example_follow_path.py -> /home/felipe/ros2_ws/build/nav2_simple_commander/build/lib/nav2_simple_commander
[1.393s] copying nav2_simple_commander/line_iterator.py -> /home/felipe/ros2_ws/build/nav2_simple_commander/build/lib/nav2_simple_commander
[1.394s] running install
[1.398s] running install_lib
[1.421s] creating /home/felipe/ros2_ws/install/nav2_simple_commander/lib/python3.10/site-packages/nav2_simple_commander
[1.421s] copying /home/felipe/ros2_ws/build/nav2_simple_commander/build/lib/nav2_simple_commander/example_assisted_teleop.py -> /home/felipe/ros2_ws/install/nav2_simple_commander/lib/python3.10/site-packages/nav2_simple_commander
[1.421s] copying /home/felipe/ros2_ws/build/nav2_simple_commander/build/lib/nav2_simple_commander/footprint_collision_checker.py -> /home/felipe/ros2_ws/install/nav2_simple_commander/lib/python3.10/site-packages/nav2_simple_commander
[1.422s] copying /home/felipe/ros2_ws/build/nav2_simple_commander/build/lib/nav2_simple_commander/demo_security.py -> /home/felipe/ros2_ws/install/nav2_simple_commander/lib/python3.10/site-packages/nav2_simple_commander
[1.422s] copying /home/felipe/ros2_ws/build/nav2_simple_commander/build/lib/nav2_simple_commander/demo_picking.py -> /home/felipe/ros2_ws/install/nav2_simple_commander/lib/python3.10/site-packages/nav2_simple_commander
[1.422s] copying /home/felipe/ros2_ws/build/nav2_simple_commander/build/lib/nav2_simple_commander/example_waypoint_follower.py -> /home/felipe/ros2_ws/install/nav2_simple_commander/lib/python3.10/site-packages/nav2_simple_commander
[1.422s] copying /home/felipe/ros2_ws/build/nav2_simple_commander/build/lib/nav2_simple_commander/costmap_2d.py -> /home/felipe/ros2_ws/install/nav2_simple_commander/lib/python3.10/site-packages/nav2_simple_commander
[1.422s] copying /home/felipe/ros2_ws/build/nav2_simple_commander/build/lib/nav2_simple_commander/utils.py -> /home/felipe/ros2_ws/install/nav2_simple_commander/lib/python3.10/site-packages/nav2_simple_commander
[1.422s] copying /home/felipe/ros2_ws/build/nav2_simple_commander/build/lib/nav2_simple_commander/robot_navigator.py -> /home/felipe/ros2_ws/install/nav2_simple_commander/lib/python3.10/site-packages/nav2_simple_commander
[1.423s] copying /home/felipe/ros2_ws/build/nav2_simple_commander/build/lib/nav2_simple_commander/demo_inspection.py -> /home/felipe/ros2_ws/install/nav2_simple_commander/lib/python3.10/site-packages/nav2_simple_commander
[1.423s] copying /home/felipe/ros2_ws/build/nav2_simple_commander/build/lib/nav2_simple_commander/example_nav_to_pose.py -> /home/felipe/ros2_ws/install/nav2_simple_commander/lib/python3.10/site-packages/nav2_simple_commander
[1.423s] copying /home/felipe/ros2_ws/build/nav2_simple_commander/build/lib/nav2_simple_commander/example_nav_through_poses.py -> /home/felipe/ros2_ws/install/nav2_simple_commander/lib/python3.10/site-packages/nav2_simple_commander
[1.423s] copying /home/felipe/ros2_ws/build/nav2_simple_commander/build/lib/nav2_simple_commander/__init__.py -> /home/felipe/ros2_ws/install/nav2_simple_commander/lib/python3.10/site-packages/nav2_simple_commander
[1.423s] copying /home/felipe/ros2_ws/build/nav2_simple_commander/build/lib/nav2_simple_commander/demo_recoveries.py -> /home/felipe/ros2_ws/install/nav2_simple_commander/lib/python3.10/site-packages/nav2_simple_commander
[1.423s] copying /home/felipe/ros2_ws/build/nav2_simple_commander/build/lib/nav2_simple_commander/example_follow_path.py -> /home/felipe/ros2_ws/install/nav2_simple_commander/lib/python3.10/site-packages/nav2_simple_commander
[1.424s] copying /home/felipe/ros2_ws/build/nav2_simple_commander/build/lib/nav2_simple_commander/line_iterator.py -> /home/felipe/ros2_ws/install/nav2_simple_commander/lib/python3.10/site-packages/nav2_simple_commander
[1.424s] byte-compiling /home/felipe/ros2_ws/install/nav2_simple_commander/lib/python3.10/site-packages/nav2_simple_commander/example_assisted_teleop.py to example_assisted_teleop.cpython-310.pyc
[1.425s] byte-compiling /home/felipe/ros2_ws/install/nav2_simple_commander/lib/python3.10/site-packages/nav2_simple_commander/footprint_collision_checker.py to footprint_collision_checker.cpython-310.pyc
[1.426s] byte-compiling /home/felipe/ros2_ws/install/nav2_simple_commander/lib/python3.10/site-packages/nav2_simple_commander/demo_security.py to demo_security.cpython-310.pyc
[1.426s] byte-compiling /home/felipe/ros2_ws/install/nav2_simple_commander/lib/python3.10/site-packages/nav2_simple_commander/demo_picking.py to demo_picking.cpython-310.pyc
[1.427s] byte-compiling /home/felipe/ros2_ws/install/nav2_simple_commander/lib/python3.10/site-packages/nav2_simple_commander/example_waypoint_follower.py to example_waypoint_follower.cpython-310.pyc
[1.427s] byte-compiling /home/felipe/ros2_ws/install/nav2_simple_commander/lib/python3.10/site-packages/nav2_simple_commander/costmap_2d.py to costmap_2d.cpython-310.pyc
[1.428s] byte-compiling /home/felipe/ros2_ws/install/nav2_simple_commander/lib/python3.10/site-packages/nav2_simple_commander/utils.py to utils.cpython-310.pyc
[1.429s] byte-compiling /home/felipe/ros2_ws/install/nav2_simple_commander/lib/python3.10/site-packages/nav2_simple_commander/robot_navigator.py to robot_navigator.cpython-310.pyc
[1.433s] byte-compiling /home/felipe/ros2_ws/install/nav2_simple_commander/lib/python3.10/site-packages/nav2_simple_commander/demo_inspection.py to demo_inspection.cpython-310.pyc
[1.433s] byte-compiling /home/felipe/ros2_ws/install/nav2_simple_commander/lib/python3.10/site-packages/nav2_simple_commander/example_nav_to_pose.py to example_nav_to_pose.cpython-310.pyc
[1.434s] byte-compiling /home/felipe/ros2_ws/install/nav2_simple_commander/lib/python3.10/site-packages/nav2_simple_commander/example_nav_through_poses.py to example_nav_through_poses.cpython-310.pyc
[1.435s] byte-compiling /home/felipe/ros2_ws/install/nav2_simple_commander/lib/python3.10/site-packages/nav2_simple_commander/__init__.py to __init__.cpython-310.pyc
[1.435s] byte-compiling /home/felipe/ros2_ws/install/nav2_simple_commander/lib/python3.10/site-packages/nav2_simple_commander/demo_recoveries.py to demo_recoveries.cpython-310.pyc
[1.435s] byte-compiling /home/felipe/ros2_ws/install/nav2_simple_commander/lib/python3.10/site-packages/nav2_simple_commander/example_follow_path.py to example_follow_path.cpython-310.pyc
[1.436s] byte-compiling /home/felipe/ros2_ws/install/nav2_simple_commander/lib/python3.10/site-packages/nav2_simple_commander/line_iterator.py to line_iterator.cpython-310.pyc
[1.437s] running install_data
[1.437s] creating /home/felipe/ros2_ws/install/nav2_simple_commander/share/ament_index/resource_index/packages
[1.437s] copying resource/nav2_simple_commander -> /home/felipe/ros2_ws/install/nav2_simple_commander/share/ament_index/resource_index/packages
[1.438s] copying package.xml -> /home/felipe/ros2_ws/install/nav2_simple_commander/share/nav2_simple_commander
[1.438s] copying launch/security_demo_launch.py -> /home/felipe/ros2_ws/install/nav2_simple_commander/share/nav2_simple_commander
[1.438s] copying launch/nav_to_pose_example_launch.py -> /home/felipe/ros2_ws/install/nav2_simple_commander/share/nav2_simple_commander
[1.438s] copying launch/picking_demo_launch.py -> /home/felipe/ros2_ws/install/nav2_simple_commander/share/nav2_simple_commander
[1.438s] copying launch/follow_path_example_launch.py -> /home/felipe/ros2_ws/install/nav2_simple_commander/share/nav2_simple_commander
[1.439s] copying launch/waypoint_follower_example_launch.py -> /home/felipe/ros2_ws/install/nav2_simple_commander/share/nav2_simple_commander
[1.439s] copying launch/nav_through_poses_example_launch.py -> /home/felipe/ros2_ws/install/nav2_simple_commander/share/nav2_simple_commander
[1.439s] copying launch/recoveries_example_launch.py -> /home/felipe/ros2_ws/install/nav2_simple_commander/share/nav2_simple_commander
[1.439s] copying launch/inspection_demo_launch.py -> /home/felipe/ros2_ws/install/nav2_simple_commander/share/nav2_simple_commander
[1.439s] copying launch/assisted_teleop_example_launch.py -> /home/felipe/ros2_ws/install/nav2_simple_commander/share/nav2_simple_commander
[1.439s] running install_egg_info
[1.466s] Copying ../../../build/nav2_simple_commander/nav2_simple_commander.egg-info to /home/felipe/ros2_ws/install/nav2_simple_commander/lib/python3.10/site-packages/nav2_simple_commander-1.0.0-py3.10.egg-info
[1.467s] running install_scripts
[1.642s] Installing demo_inspection script to /home/felipe/ros2_ws/install/nav2_simple_commander/lib/nav2_simple_commander
[1.642s] Installing demo_picking script to /home/felipe/ros2_ws/install/nav2_simple_commander/lib/nav2_simple_commander
[1.642s] Installing demo_recoveries script to /home/felipe/ros2_ws/install/nav2_simple_commander/lib/nav2_simple_commander
[1.642s] Installing demo_security script to /home/felipe/ros2_ws/install/nav2_simple_commander/lib/nav2_simple_commander
[1.642s] Installing example_assisted_teleop script to /home/felipe/ros2_ws/install/nav2_simple_commander/lib/nav2_simple_commander
[1.643s] Installing example_follow_path script to /home/felipe/ros2_ws/install/nav2_simple_commander/lib/nav2_simple_commander
[1.643s] Installing example_nav_through_poses script to /home/felipe/ros2_ws/install/nav2_simple_commander/lib/nav2_simple_commander
[1.643s] Installing example_nav_to_pose script to /home/felipe/ros2_ws/install/nav2_simple_commander/lib/nav2_simple_commander
[1.643s] Installing example_waypoint_follower script to /home/felipe/ros2_ws/install/nav2_simple_commander/lib/nav2_simple_commander
[1.643s] writing list of installed files to '/home/felipe/ros2_ws/build/nav2_simple_commander/install.log'
[1.680s] Invoked command in '/home/felipe/ros2_ws/src/navigation2/nav2_simple_commander' returned '0': AMENT_PREFIX_PATH=/home/felipe/ros2_ws/install/nav2_msgs:${AMENT_PREFIX_PATH} CMAKE_PREFIX_PATH=/home/felipe/ros2_ws/install/nav2_msgs:${CMAKE_PREFIX_PATH} LD_LIBRARY_PATH=/home/felipe/ros2_ws/install/nav2_msgs/lib:${LD_LIBRARY_PATH} PYTHONPATH=/home/felipe/ros2_ws/build/nav2_simple_commander/prefix_override:/usr/lib/python3/dist-packages/colcon_core/task/python/colcon_distutils_commands:/home/felipe/ros2_ws/install/nav2_simple_commander/lib/python3.10/site-packages:/home/felipe/ros2_ws/install/nav2_msgs/local/lib/python3.10/dist-packages:${PYTHONPATH} /usr/bin/python3 -W ignore:setup.py install is deprecated -W ignore:easy_install command is deprecated setup.py egg_info --egg-base ../../../build/nav2_simple_commander build --build-base /home/felipe/ros2_ws/build/nav2_simple_commander/build install --record /home/felipe/ros2_ws/build/nav2_simple_commander/install.log --single-version-externally-managed install_data
