[  5%] [34m[1mGenerating include/tile_map/moc_image_cache.cpp[0m
[ 15%] [34m[1mGenerating include/tile_map/moc_bing_source.cpp[0m
[ 15%] [34m[1mGenerating include/tile_map/moc_wmts_source.cpp[0m
[ 20%] [34m[1mGenerating include/tile_map/moc_tile_source.cpp[0m
[ 25%] [32mBuilding CXX object CMakeFiles/tile_map.dir/src/image_cache.cpp.o[0m
[ 30%] [32mBuilding CXX object CMakeFiles/tile_map.dir/src/tile_source.cpp.o[0m
[ 35%] [32mBuilding CXX object CMakeFiles/tile_map.dir/src/bing_source.cpp.o[0m
[ 40%] [32mBuilding CXX object CMakeFiles/tile_map.dir/src/wmts_source.cpp.o[0m
[ 45%] [32mBuilding CXX object CMakeFiles/tile_map.dir/src/texture_cache.cpp.o[0m
[ 50%] [32mBuilding CXX object CMakeFiles/tile_map.dir/src/tile_map_view.cpp.o[0m
[ 55%] [32mBuilding CXX object CMakeFiles/tile_map.dir/include/tile_map/moc_tile_source.cpp.o[0m
[ 60%] [32mBuilding CXX object CMakeFiles/tile_map.dir/include/tile_map/moc_image_cache.cpp.o[0m
[ 65%] [32mBuilding CXX object CMakeFiles/tile_map.dir/include/tile_map/moc_wmts_source.cpp.o[0m
[ 70%] [32mBuilding CXX object CMakeFiles/tile_map.dir/include/tile_map/moc_bing_source.cpp.o[0m
[ 75%] [32m[1mLinking CXX static library libtile_map.a[0m
[ 75%] Built target tile_map
[ 85%] [34m[1mGenerating include/tile_map/moc_tile_map_plugin.cpp[0m
[ 85%] [34m[1mGenerating ui_tile_map_config.h[0m
[ 95%] [32mBuilding CXX object CMakeFiles/tile_map_plugin.dir/src/tile_map_plugin.cpp.o[0m
[ 95%] [32mBuilding CXX object CMakeFiles/tile_map_plugin.dir/include/tile_map/moc_tile_map_plugin.cpp.o[0m
[100%] [32m[1mLinking CXX shared library libtile_map_plugin.so[0m
[100%] Built target tile_map_plugin
