[0.012s] Invoking command in '/home/felipe/ros2_ws/build/vacuum_robot': /usr/bin/cmake --build /home/felipe/ros2_ws/build/vacuum_robot -- -j8 -l8
[0.059s] Built target ament_cmake_python_copy_vacuum_robot
[0.060s] Built target ament_cmake_python_copy_vacuum_robot_setup
[0.312s] running egg_info
[0.336s] writing vacuum_robot.egg-info/PKG-INFO
[0.337s] writing dependency_links to vacuum_robot.egg-info/dependency_links.txt
[0.337s] writing top-level names to vacuum_robot.egg-info/top_level.txt
[0.407s] reading manifest file 'vacuum_robot.egg-info/SOURCES.txt'
[0.408s] writing manifest file 'vacuum_robot.egg-info/SOURCES.txt'
[0.436s] Built target ament_cmake_python_build_vacuum_robot_egg
[0.446s] Invoked command in '/home/felipe/ros2_ws/build/vacuum_robot' returned '0': /usr/bin/cmake --build /home/felipe/ros2_ws/build/vacuum_robot -- -j8 -l8
[0.454s] Invoking command in '/home/felipe/ros2_ws/build/vacuum_robot': /usr/bin/cmake --install /home/felipe/ros2_ws/build/vacuum_robot
[0.461s] -- Install configuration: ""
[0.461s] -- Up-to-date: /home/felipe/ros2_ws/install/vacuum_robot/share/vacuum_robot/environment/pythonpath.sh
[0.461s] -- Up-to-date: /home/felipe/ros2_ws/install/vacuum_robot/share/vacuum_robot/environment/pythonpath.dsv
[0.461s] -- Up-to-date: /home/felipe/ros2_ws/install/vacuum_robot/local/lib/python3.10/dist-packages/vacuum_robot-0.0.0-py3.10.egg-info
[0.461s] -- Installing: /home/felipe/ros2_ws/install/vacuum_robot/local/lib/python3.10/dist-packages/vacuum_robot-0.0.0-py3.10.egg-info/top_level.txt
[0.461s] -- Installing: /home/felipe/ros2_ws/install/vacuum_robot/local/lib/python3.10/dist-packages/vacuum_robot-0.0.0-py3.10.egg-info/dependency_links.txt
[0.461s] -- Installing: /home/felipe/ros2_ws/install/vacuum_robot/local/lib/python3.10/dist-packages/vacuum_robot-0.0.0-py3.10.egg-info/PKG-INFO
[0.461s] -- Installing: /home/felipe/ros2_ws/install/vacuum_robot/local/lib/python3.10/dist-packages/vacuum_robot-0.0.0-py3.10.egg-info/SOURCES.txt
[0.461s] -- Up-to-date: /home/felipe/ros2_ws/install/vacuum_robot/local/lib/python3.10/dist-packages/vacuum_robot
[0.462s] -- Installing: /home/felipe/ros2_ws/install/vacuum_robot/local/lib/python3.10/dist-packages/vacuum_robot/vacuum_robot_controller.py
[0.462s] -- Up-to-date: /home/felipe/ros2_ws/install/vacuum_robot/local/lib/python3.10/dist-packages/vacuum_robot/__init__.py
[0.495s] Listing '/home/felipe/ros2_ws/install/vacuum_robot/local/lib/python3.10/dist-packages/vacuum_robot'...
[0.495s] Compiling '/home/felipe/ros2_ws/install/vacuum_robot/local/lib/python3.10/dist-packages/vacuum_robot/vacuum_robot_controller.py'...
[0.499s] -- Installing: /home/felipe/ros2_ws/install/vacuum_robot/lib/vacuum_robot/vacuum_robot_controller.py
[0.500s] -- Up-to-date: /home/felipe/ros2_ws/install/vacuum_robot/share/ament_index/resource_index/package_run_dependencies/vacuum_robot
[0.500s] -- Up-to-date: /home/felipe/ros2_ws/install/vacuum_robot/share/ament_index/resource_index/parent_prefix_path/vacuum_robot
[0.500s] -- Up-to-date: /home/felipe/ros2_ws/install/vacuum_robot/share/vacuum_robot/environment/ament_prefix_path.sh
[0.500s] -- Up-to-date: /home/felipe/ros2_ws/install/vacuum_robot/share/vacuum_robot/environment/ament_prefix_path.dsv
[0.500s] -- Up-to-date: /home/felipe/ros2_ws/install/vacuum_robot/share/vacuum_robot/environment/path.sh
[0.500s] -- Up-to-date: /home/felipe/ros2_ws/install/vacuum_robot/share/vacuum_robot/environment/path.dsv
[0.500s] -- Up-to-date: /home/felipe/ros2_ws/install/vacuum_robot/share/vacuum_robot/local_setup.bash
[0.500s] -- Up-to-date: /home/felipe/ros2_ws/install/vacuum_robot/share/vacuum_robot/local_setup.sh
[0.500s] -- Up-to-date: /home/felipe/ros2_ws/install/vacuum_robot/share/vacuum_robot/local_setup.zsh
[0.500s] -- Up-to-date: /home/felipe/ros2_ws/install/vacuum_robot/share/vacuum_robot/local_setup.dsv
[0.500s] -- Up-to-date: /home/felipe/ros2_ws/install/vacuum_robot/share/vacuum_robot/package.dsv
[0.500s] -- Up-to-date: /home/felipe/ros2_ws/install/vacuum_robot/share/ament_index/resource_index/packages/vacuum_robot
[0.500s] -- Up-to-date: /home/felipe/ros2_ws/install/vacuum_robot/share/vacuum_robot/cmake/vacuum_robotConfig.cmake
[0.500s] -- Up-to-date: /home/felipe/ros2_ws/install/vacuum_robot/share/vacuum_robot/cmake/vacuum_robotConfig-version.cmake
[0.501s] -- Up-to-date: /home/felipe/ros2_ws/install/vacuum_robot/share/vacuum_robot/package.xml
[0.502s] Invoked command in '/home/felipe/ros2_ws/build/vacuum_robot' returned '0': /usr/bin/cmake --install /home/felipe/ros2_ws/build/vacuum_robot
