[5.663s] Invoking command in '/home/felipe/ros2_ws/src/voice_control': PYTHONPATH=/home/felipe/ros2_ws/build/voice_control/prefix_override:/usr/lib/python3/dist-packages/colcon_core/task/python/colcon_distutils_commands:/home/felipe/ros2_ws/install/voice_control/lib/python3.10/site-packages:${PYTHONPATH} /usr/bin/python3 -W ignore:setup.py install is deprecated setup.py egg_info --egg-base ../../build/voice_control build --build-base /home/felipe/ros2_ws/build/voice_control/build install --record /home/felipe/ros2_ws/build/voice_control/install.log --single-version-externally-managed install_data
[6.742s] /home/felipe/.local/lib/python3.10/site-packages/setuptools/_distutils/dist.py:270: UserWarning: Unknown distribution option: 'tests_require'
[6.742s]   warnings.warn(msg)
[7.404s] running egg_info
[7.518s] writing ../../build/voice_control/voice_control.egg-info/PKG-INFO
[7.521s] writing dependency_links to ../../build/voice_control/voice_control.egg-info/dependency_links.txt
[7.523s] writing entry points to ../../build/voice_control/voice_control.egg-info/entry_points.txt
[7.525s] writing requirements to ../../build/voice_control/voice_control.egg-info/requires.txt
[7.526s] writing top-level names to ../../build/voice_control/voice_control.egg-info/top_level.txt
[7.745s] reading manifest file '../../build/voice_control/voice_control.egg-info/SOURCES.txt'
[7.752s] writing manifest file '../../build/voice_control/voice_control.egg-info/SOURCES.txt'
[7.752s] running build
[7.753s] running build_py
[7.756s] copying voice_control/motion_control_node.py -> /home/felipe/ros2_ws/build/voice_control/build/lib/voice_control
[7.756s] running install
[7.778s] running install_lib
[7.885s] running install_data
[7.890s] running install_egg_info
[8.002s] removing '/home/felipe/ros2_ws/install/voice_control/lib/python3.10/site-packages/voice_control-0.0.1-py3.10.egg-info' (and everything under it)
[8.006s] Copying ../../build/voice_control/voice_control.egg-info to /home/felipe/ros2_ws/install/voice_control/lib/python3.10/site-packages/voice_control-0.0.1-py3.10.egg-info
[8.012s] running install_scripts
[8.976s] Installing motion_control_node script to /home/felipe/ros2_ws/install/voice_control/lib/voice_control
[8.979s] Installing voice_command_node script to /home/felipe/ros2_ws/install/voice_control/lib/voice_control
[8.980s] writing list of installed files to '/home/felipe/ros2_ws/build/voice_control/install.log'
[9.099s] Invoked command in '/home/felipe/ros2_ws/src/voice_control' returned '0': PYTHONPATH=/home/felipe/ros2_ws/build/voice_control/prefix_override:/usr/lib/python3/dist-packages/colcon_core/task/python/colcon_distutils_commands:/home/felipe/ros2_ws/install/voice_control/lib/python3.10/site-packages:${PYTHONPATH} /usr/bin/python3 -W ignore:setup.py install is deprecated setup.py egg_info --egg-base ../../build/voice_control build --build-base /home/felipe/ros2_ws/build/voice_control/build install --record /home/felipe/ros2_ws/build/voice_control/install.log --single-version-externally-managed install_data
