[9.910s] Invoking command in '/home/felipe/ros2_ws/src/ros2_whisper': PYTHONPATH=/home/felipe/ros2_ws/build/ros2_whisper/prefix_override:/usr/lib/python3/dist-packages/colcon_core/task/python/colcon_distutils_commands:/home/felipe/ros2_ws/install/ros2_whisper/lib/python3.10/site-packages:${PYTHONPATH} /usr/bin/python3 -W ignore:setup.py install is deprecated setup.py egg_info --egg-base ../../build/ros2_whisper build --build-base /home/felipe/ros2_ws/build/ros2_whisper/build install --record /home/felipe/ros2_ws/build/ros2_whisper/install.log --single-version-externally-managed install_data
[10.318s] /home/felipe/.local/lib/python3.10/site-packages/setuptools/_distutils/dist.py:270: UserWarning: Unknown distribution option: 'tests_require'
[10.318s]   warnings.warn(msg)
[10.685s] running egg_info
[10.749s] writing ../../build/ros2_whisper/ros2_whisper.egg-info/PKG-INFO
[10.769s] writing dependency_links to ../../build/ros2_whisper/ros2_whisper.egg-info/dependency_links.txt
[10.770s] writing entry points to ../../build/ros2_whisper/ros2_whisper.egg-info/entry_points.txt
[10.771s] writing requirements to ../../build/ros2_whisper/ros2_whisper.egg-info/requires.txt
[10.771s] writing top-level names to ../../build/ros2_whisper/ros2_whisper.egg-info/top_level.txt
[10.902s] reading manifest file '../../build/ros2_whisper/ros2_whisper.egg-info/SOURCES.txt'
[10.921s] writing manifest file '../../build/ros2_whisper/ros2_whisper.egg-info/SOURCES.txt'
[10.921s] running build
[10.923s] running build_py
[10.923s] running install
[10.934s] running install_lib
[11.068s] running install_data
[11.071s] running install_egg_info
[11.249s] removing '/home/felipe/ros2_ws/install/ros2_whisper/lib/python3.10/site-packages/ros2_whisper-0.0.1-py3.10.egg-info' (and everything under it)
[11.251s] Copying ../../build/ros2_whisper/ros2_whisper.egg-info to /home/felipe/ros2_ws/install/ros2_whisper/lib/python3.10/site-packages/ros2_whisper-0.0.1-py3.10.egg-info
[11.274s] running install_scripts
[11.881s] interrupted
