[0.502s] Invoking command in '/home/felipe/ros2_ws/build/explorer_cartographer': CMAKE_PREFIX_PATH=${CMAKE_PREFIX_PATH}:/home/felipe/ros2_ws/install/auto_mapper_py:/home/felipe/ros2_ws/install/vacuum_robot:/home/felipe/ros2_ws/install/my_py_pkg:/opt/ros/humble:/home/felipe/ros2_ws/install /usr/bin/cmake /home/felipe/ros2_ws/src/ros2_explorer/explorer_cartographer -DCMAKE_INSTALL_PREFIX=/home/felipe/ros2_ws/install/explorer_cartographer
[1.067s] -- The C compiler identification is GNU 11.4.0
[1.067s] -- The CXX compiler identification is GNU 11.4.0
[1.067s] -- Detecting C compiler ABI info
[1.067s] -- Detecting C compiler ABI info - done
[1.068s] -- Check for working C compiler: /usr/bin/cc - skipped
[1.068s] -- Detecting C compile features
[1.068s] -- Detecting C compile features - done
[1.068s] -- Detecting CXX compiler ABI info
[1.068s] -- Detecting CXX compiler ABI info - done
[1.068s] -- Check for working CXX compiler: /usr/bin/c++ - skipped
[1.069s] -- Detecting CXX compile features
[1.069s] -- Detecting CXX compile features - done
[1.069s] -- Found ament_cmake: 1.3.11 (/opt/ros/humble/share/ament_cmake/cmake)
[1.287s] -- Found Python3: /usr/bin/python3 (found version "3.10.12") found components: Interpreter 
[1.534s] -- Configuring done
[1.541s] -- Generating done
[1.546s] -- Build files have been written to: /home/felipe/ros2_ws/build/explorer_cartographer
[1.556s] Invoked command in '/home/felipe/ros2_ws/build/explorer_cartographer' returned '0': CMAKE_PREFIX_PATH=${CMAKE_PREFIX_PATH}:/home/felipe/ros2_ws/install/auto_mapper_py:/home/felipe/ros2_ws/install/vacuum_robot:/home/felipe/ros2_ws/install/my_py_pkg:/opt/ros/humble:/home/felipe/ros2_ws/install /usr/bin/cmake /home/felipe/ros2_ws/src/ros2_explorer/explorer_cartographer -DCMAKE_INSTALL_PREFIX=/home/felipe/ros2_ws/install/explorer_cartographer
[1.559s] Invoking command in '/home/felipe/ros2_ws/build/explorer_cartographer': CMAKE_PREFIX_PATH=${CMAKE_PREFIX_PATH}:/home/felipe/ros2_ws/install/auto_mapper_py:/home/felipe/ros2_ws/install/vacuum_robot:/home/felipe/ros2_ws/install/my_py_pkg:/opt/ros/humble:/home/felipe/ros2_ws/install /usr/bin/cmake --build /home/felipe/ros2_ws/build/explorer_cartographer -- -j8 -l8
[1.619s] Invoked command in '/home/felipe/ros2_ws/build/explorer_cartographer' returned '0': CMAKE_PREFIX_PATH=${CMAKE_PREFIX_PATH}:/home/felipe/ros2_ws/install/auto_mapper_py:/home/felipe/ros2_ws/install/vacuum_robot:/home/felipe/ros2_ws/install/my_py_pkg:/opt/ros/humble:/home/felipe/ros2_ws/install /usr/bin/cmake --build /home/felipe/ros2_ws/build/explorer_cartographer -- -j8 -l8
[1.631s] Invoking command in '/home/felipe/ros2_ws/build/explorer_cartographer': CMAKE_PREFIX_PATH=${CMAKE_PREFIX_PATH}:/home/felipe/ros2_ws/install/auto_mapper_py:/home/felipe/ros2_ws/install/vacuum_robot:/home/felipe/ros2_ws/install/my_py_pkg:/opt/ros/humble:/home/felipe/ros2_ws/install /usr/bin/cmake --install /home/felipe/ros2_ws/build/explorer_cartographer
[1.642s] -- Install configuration: ""
[1.642s] -- Installing: /home/felipe/ros2_ws/install/explorer_cartographer/share/explorer_cartographer/config
[1.642s] -- Installing: /home/felipe/ros2_ws/install/explorer_cartographer/share/explorer_cartographer/config/turtlebot3_lds_2d.lua
[1.642s] -- Installing: /home/felipe/ros2_ws/install/explorer_cartographer/share/explorer_cartographer/launch
[1.643s] -- Installing: /home/felipe/ros2_ws/install/explorer_cartographer/share/explorer_cartographer/launch/occupancy_grid.launch.py
[1.643s] -- Installing: /home/felipe/ros2_ws/install/explorer_cartographer/share/explorer_cartographer/launch/cartographer.launch.py
[1.644s] -- Installing: /home/felipe/ros2_ws/install/explorer_cartographer/share/explorer_cartographer/rviz
[1.644s] -- Installing: /home/felipe/ros2_ws/install/explorer_cartographer/share/explorer_cartographer/rviz/tb3_cartographer.rviz
[1.645s] -- Installing: /home/felipe/ros2_ws/install/explorer_cartographer/share/ament_index/resource_index/package_run_dependencies/explorer_cartographer
[1.645s] -- Installing: /home/felipe/ros2_ws/install/explorer_cartographer/share/ament_index/resource_index/parent_prefix_path/explorer_cartographer
[1.646s] -- Installing: /home/felipe/ros2_ws/install/explorer_cartographer/share/explorer_cartographer/environment/ament_prefix_path.sh
[1.646s] -- Installing: /home/felipe/ros2_ws/install/explorer_cartographer/share/explorer_cartographer/environment/ament_prefix_path.dsv
[1.647s] -- Installing: /home/felipe/ros2_ws/install/explorer_cartographer/share/explorer_cartographer/environment/path.sh
[1.647s] -- Installing: /home/felipe/ros2_ws/install/explorer_cartographer/share/explorer_cartographer/environment/path.dsv
[1.650s] -- Installing: /home/felipe/ros2_ws/install/explorer_cartographer/share/explorer_cartographer/local_setup.bash
[1.650s] -- Installing: /home/felipe/ros2_ws/install/explorer_cartographer/share/explorer_cartographer/local_setup.sh
[1.650s] -- Installing: /home/felipe/ros2_ws/install/explorer_cartographer/share/explorer_cartographer/local_setup.zsh
[1.650s] -- Installing: /home/felipe/ros2_ws/install/explorer_cartographer/share/explorer_cartographer/local_setup.dsv
[1.650s] -- Installing: /home/felipe/ros2_ws/install/explorer_cartographer/share/explorer_cartographer/package.dsv
[1.650s] -- Installing: /home/felipe/ros2_ws/install/explorer_cartographer/share/ament_index/resource_index/packages/explorer_cartographer
[1.650s] -- Installing: /home/felipe/ros2_ws/install/explorer_cartographer/share/explorer_cartographer/cmake/explorer_cartographerConfig.cmake
[1.651s] -- Installing: /home/felipe/ros2_ws/install/explorer_cartographer/share/explorer_cartographer/cmake/explorer_cartographerConfig-version.cmake
[1.651s] -- Installing: /home/felipe/ros2_ws/install/explorer_cartographer/share/explorer_cartographer/package.xml
[1.655s] Invoked command in '/home/felipe/ros2_ws/build/explorer_cartographer' returned '0': CMAKE_PREFIX_PATH=${CMAKE_PREFIX_PATH}:/home/felipe/ros2_ws/install/auto_mapper_py:/home/felipe/ros2_ws/install/vacuum_robot:/home/felipe/ros2_ws/install/my_py_pkg:/opt/ros/humble:/home/felipe/ros2_ws/install /usr/bin/cmake --install /home/felipe/ros2_ws/build/explorer_cartographer
