[6.802s] Invoking command in '/home/felipe/ros2_ws/src/voice_control': PYTHONPATH=/home/felipe/ros2_ws/build/voice_control/prefix_override:/usr/lib/python3/dist-packages/colcon_core/task/python/colcon_distutils_commands:/home/felipe/ros2_ws/install/voice_control/lib/python3.10/site-packages:${PYTHONPATH} /usr/bin/python3 -W ignore:setup.py install is deprecated setup.py egg_info --egg-base ../../build/voice_control build --build-base /home/felipe/ros2_ws/build/voice_control/build install --record /home/felipe/ros2_ws/build/voice_control/install.log --single-version-externally-managed install_data
[7.499s] /home/felipe/.local/lib/python3.10/site-packages/setuptools/_distutils/dist.py:270: UserWarning: Unknown distribution option: 'tests_require'
[7.501s]   warnings.warn(msg)
[8.080s] running egg_info
[8.175s] writing ../../build/voice_control/voice_control.egg-info/PKG-INFO
[8.178s] writing dependency_links to ../../build/voice_control/voice_control.egg-info/dependency_links.txt
[8.178s] writing entry points to ../../build/voice_control/voice_control.egg-info/entry_points.txt
[8.179s] writing requirements to ../../build/voice_control/voice_control.egg-info/requires.txt
[8.183s] writing top-level names to ../../build/voice_control/voice_control.egg-info/top_level.txt
[8.379s] reading manifest file '../../build/voice_control/voice_control.egg-info/SOURCES.txt'
[8.384s] writing manifest file '../../build/voice_control/voice_control.egg-info/SOURCES.txt'
[8.388s] running build
[8.388s] running build_py
[8.390s] copying voice_control/voice_command_node.py -> /home/felipe/ros2_ws/build/voice_control/build/lib/voice_control
[8.390s] running install
[8.404s] running install_lib
[8.500s] copying /home/felipe/ros2_ws/build/voice_control/build/lib/voice_control/voice_command_node.py -> /home/felipe/ros2_ws/install/voice_control/lib/python3.10/site-packages/voice_control
[8.502s] byte-compiling /home/felipe/ros2_ws/install/voice_control/lib/python3.10/site-packages/voice_control/voice_command_node.py to voice_command_node.cpython-310.pyc
[8.507s] running install_data
[8.508s] running install_egg_info
[8.605s] removing '/home/felipe/ros2_ws/install/voice_control/lib/python3.10/site-packages/voice_control-0.0.1-py3.10.egg-info' (and everything under it)
[8.607s] Copying ../../build/voice_control/voice_control.egg-info to /home/felipe/ros2_ws/install/voice_control/lib/python3.10/site-packages/voice_control-0.0.1-py3.10.egg-info
[8.610s] running install_scripts
[9.336s] Installing motion_control_node script to /home/felipe/ros2_ws/install/voice_control/lib/voice_control
[9.336s] Installing voice_command_node script to /home/felipe/ros2_ws/install/voice_control/lib/voice_control
[9.340s] writing list of installed files to '/home/felipe/ros2_ws/build/voice_control/install.log'
[9.452s] Invoked command in '/home/felipe/ros2_ws/src/voice_control' returned '0': PYTHONPATH=/home/felipe/ros2_ws/build/voice_control/prefix_override:/usr/lib/python3/dist-packages/colcon_core/task/python/colcon_distutils_commands:/home/felipe/ros2_ws/install/voice_control/lib/python3.10/site-packages:${PYTHONPATH} /usr/bin/python3 -W ignore:setup.py install is deprecated setup.py egg_info --egg-base ../../build/voice_control build --build-base /home/felipe/ros2_ws/build/voice_control/build install --record /home/felipe/ros2_ws/build/voice_control/install.log --single-version-externally-managed install_data
