[0.511s] Invoking command in '/home/felipe/ros2_ws/build/explorer_cartographer': CMAKE_PREFIX_PATH=${CMAKE_PREFIX_PATH}:/home/felipe/ros2_ws/install/vacuum_robot:/home/felipe/ros2_ws/install/my_py_pkg:/home/felipe/ros2_ws/install/explorer_wanderer:/home/felipe/ros2_ws/install/explorer_map_utils:/home/felipe/ros2_ws/install/explorer_bringup:/home/felipe/ros2_ws/install/auto_mapper_py:/opt/ros/humble:/home/felipe/ros2_ws/install /usr/bin/cmake --build /home/felipe/ros2_ws/build/explorer_cartographer -- -j8 -l8
[1.293s] Invoked command in '/home/felipe/ros2_ws/build/explorer_cartographer' returned '0': CMAKE_PREFIX_PATH=${CMAKE_PREFIX_PATH}:/home/felipe/ros2_ws/install/vacuum_robot:/home/felipe/ros2_ws/install/my_py_pkg:/home/felipe/ros2_ws/install/explorer_wanderer:/home/felipe/ros2_ws/install/explorer_map_utils:/home/felipe/ros2_ws/install/explorer_bringup:/home/felipe/ros2_ws/install/auto_mapper_py:/opt/ros/humble:/home/felipe/ros2_ws/install /usr/bin/cmake --build /home/felipe/ros2_ws/build/explorer_cartographer -- -j8 -l8
[1.301s] Invoking command in '/home/felipe/ros2_ws/build/explorer_cartographer': CMAKE_PREFIX_PATH=${CMAKE_PREFIX_PATH}:/home/felipe/ros2_ws/install/vacuum_robot:/home/felipe/ros2_ws/install/my_py_pkg:/home/felipe/ros2_ws/install/explorer_wanderer:/home/felipe/ros2_ws/install/explorer_map_utils:/home/felipe/ros2_ws/install/explorer_bringup:/home/felipe/ros2_ws/install/auto_mapper_py:/opt/ros/humble:/home/felipe/ros2_ws/install /usr/bin/cmake --install /home/felipe/ros2_ws/build/explorer_cartographer
[1.309s] -- Install configuration: ""
[1.309s] -- Up-to-date: /home/felipe/ros2_ws/install/explorer_cartographer/share/explorer_cartographer/config
[1.310s] -- Up-to-date: /home/felipe/ros2_ws/install/explorer_cartographer/share/explorer_cartographer/config/turtlebot3_lds_2d.lua
[1.310s] -- Up-to-date: /home/felipe/ros2_ws/install/explorer_cartographer/share/explorer_cartographer/launch
[1.310s] -- Up-to-date: /home/felipe/ros2_ws/install/explorer_cartographer/share/explorer_cartographer/launch/occupancy_grid.launch.py
[1.310s] -- Up-to-date: /home/felipe/ros2_ws/install/explorer_cartographer/share/explorer_cartographer/launch/cartographer.launch.py
[1.310s] -- Up-to-date: /home/felipe/ros2_ws/install/explorer_cartographer/share/explorer_cartographer/rviz
[1.310s] -- Up-to-date: /home/felipe/ros2_ws/install/explorer_cartographer/share/explorer_cartographer/rviz/tb3_cartographer.rviz
[1.310s] -- Up-to-date: /home/felipe/ros2_ws/install/explorer_cartographer/share/ament_index/resource_index/package_run_dependencies/explorer_cartographer
[1.310s] -- Up-to-date: /home/felipe/ros2_ws/install/explorer_cartographer/share/ament_index/resource_index/parent_prefix_path/explorer_cartographer
[1.311s] -- Up-to-date: /home/felipe/ros2_ws/install/explorer_cartographer/share/explorer_cartographer/environment/ament_prefix_path.sh
[1.311s] -- Up-to-date: /home/felipe/ros2_ws/install/explorer_cartographer/share/explorer_cartographer/environment/ament_prefix_path.dsv
[1.311s] -- Up-to-date: /home/felipe/ros2_ws/install/explorer_cartographer/share/explorer_cartographer/environment/path.sh
[1.312s] -- Up-to-date: /home/felipe/ros2_ws/install/explorer_cartographer/share/explorer_cartographer/environment/path.dsv
[1.313s] -- Up-to-date: /home/felipe/ros2_ws/install/explorer_cartographer/share/explorer_cartographer/local_setup.bash
[1.313s] -- Up-to-date: /home/felipe/ros2_ws/install/explorer_cartographer/share/explorer_cartographer/local_setup.sh
[1.313s] -- Up-to-date: /home/felipe/ros2_ws/install/explorer_cartographer/share/explorer_cartographer/local_setup.zsh
[1.313s] -- Up-to-date: /home/felipe/ros2_ws/install/explorer_cartographer/share/explorer_cartographer/local_setup.dsv
[1.313s] -- Up-to-date: /home/felipe/ros2_ws/install/explorer_cartographer/share/explorer_cartographer/package.dsv
[1.313s] -- Up-to-date: /home/felipe/ros2_ws/install/explorer_cartographer/share/ament_index/resource_index/packages/explorer_cartographer
[1.313s] -- Up-to-date: /home/felipe/ros2_ws/install/explorer_cartographer/share/explorer_cartographer/cmake/explorer_cartographerConfig.cmake
[1.314s] -- Up-to-date: /home/felipe/ros2_ws/install/explorer_cartographer/share/explorer_cartographer/cmake/explorer_cartographerConfig-version.cmake
[1.314s] -- Up-to-date: /home/felipe/ros2_ws/install/explorer_cartographer/share/explorer_cartographer/package.xml
[1.343s] Invoked command in '/home/felipe/ros2_ws/build/explorer_cartographer' returned '0': CMAKE_PREFIX_PATH=${CMAKE_PREFIX_PATH}:/home/felipe/ros2_ws/install/vacuum_robot:/home/felipe/ros2_ws/install/my_py_pkg:/home/felipe/ros2_ws/install/explorer_wanderer:/home/felipe/ros2_ws/install/explorer_map_utils:/home/felipe/ros2_ws/install/explorer_bringup:/home/felipe/ros2_ws/install/auto_mapper_py:/opt/ros/humble:/home/felipe/ros2_ws/install /usr/bin/cmake --install /home/felipe/ros2_ws/build/explorer_cartographer
