[0.010s] Invoking command in '/home/felipe/ros2_ws/build/my_robot_description': /usr/bin/cmake --build /home/felipe/ros2_ws/build/my_robot_description -- -j8 -l8
[0.043s] Invoked command in '/home/felipe/ros2_ws/build/my_robot_description' returned '0': /usr/bin/cmake --build /home/felipe/ros2_ws/build/my_robot_description -- -j8 -l8
[0.052s] Invoking command in '/home/felipe/ros2_ws/build/my_robot_description': /usr/bin/cmake --install /home/felipe/ros2_ws/build/my_robot_description
[0.058s] -- Install configuration: ""
[0.059s] -- Up-to-date: /home/felipe/ros2_ws/install/my_robot_description/share/my_robot_description/urdf
[0.059s] -- Installing: /home/felipe/ros2_ws/install/my_robot_description/share/my_robot_description/urdf/aspirador_robot.urdf
[0.059s] -- Up-to-date: /home/felipe/ros2_ws/install/my_robot_description/share/my_robot_description/urdf/robot.xacro
[0.059s] -- Installing: /home/felipe/ros2_ws/install/my_robot_description/share/my_robot_description/urdf/vacuum_robot.sdf
[0.059s] -- Up-to-date: /home/felipe/ros2_ws/install/my_robot_description/share/my_robot_description/launch
[0.059s] -- Up-to-date: /home/felipe/ros2_ws/install/my_robot_description/share/my_robot_description/launch/robot_launch.py
[0.059s] -- Installing: /home/felipe/ros2_ws/install/my_robot_description/share/my_robot_description/launch/vacuum_simulation.launch.py
[0.059s] -- Up-to-date: /home/felipe/ros2_ws/install/my_robot_description/share/ament_index/resource_index/package_run_dependencies/my_robot_description
[0.059s] -- Up-to-date: /home/felipe/ros2_ws/install/my_robot_description/share/ament_index/resource_index/parent_prefix_path/my_robot_description
[0.059s] -- Up-to-date: /home/felipe/ros2_ws/install/my_robot_description/share/my_robot_description/environment/ament_prefix_path.sh
[0.059s] -- Up-to-date: /home/felipe/ros2_ws/install/my_robot_description/share/my_robot_description/environment/ament_prefix_path.dsv
[0.059s] -- Up-to-date: /home/felipe/ros2_ws/install/my_robot_description/share/my_robot_description/environment/path.sh
[0.059s] -- Up-to-date: /home/felipe/ros2_ws/install/my_robot_description/share/my_robot_description/environment/path.dsv
[0.060s] -- Up-to-date: /home/felipe/ros2_ws/install/my_robot_description/share/my_robot_description/local_setup.bash
[0.060s] -- Up-to-date: /home/felipe/ros2_ws/install/my_robot_description/share/my_robot_description/local_setup.sh
[0.060s] -- Up-to-date: /home/felipe/ros2_ws/install/my_robot_description/share/my_robot_description/local_setup.zsh
[0.060s] -- Up-to-date: /home/felipe/ros2_ws/install/my_robot_description/share/my_robot_description/local_setup.dsv
[0.060s] -- Up-to-date: /home/felipe/ros2_ws/install/my_robot_description/share/my_robot_description/package.dsv
[0.060s] -- Up-to-date: /home/felipe/ros2_ws/install/my_robot_description/share/ament_index/resource_index/packages/my_robot_description
[0.060s] -- Up-to-date: /home/felipe/ros2_ws/install/my_robot_description/share/my_robot_description/cmake/my_robot_descriptionConfig.cmake
[0.060s] -- Up-to-date: /home/felipe/ros2_ws/install/my_robot_description/share/my_robot_description/cmake/my_robot_descriptionConfig-version.cmake
[0.060s] -- Up-to-date: /home/felipe/ros2_ws/install/my_robot_description/share/my_robot_description/package.xml
[0.061s] Invoked command in '/home/felipe/ros2_ws/build/my_robot_description' returned '0': /usr/bin/cmake --install /home/felipe/ros2_ws/build/my_robot_description
