[5.998s] Invoking command in '/home/felipe/ros2_ws/src/meu_pacote_launch': PYTHONPATH=/home/felipe/ros2_ws/build/meu_pacote_launch/prefix_override:/usr/lib/python3/dist-packages/colcon_core/task/python/colcon_distutils_commands:/home/felipe/ros2_ws/install/meu_pacote_launch/lib/python3.10/site-packages:${PYTHONPATH} /usr/bin/python3 -W ignore:setup.py install is deprecated -W ignore:easy_install command is deprecated setup.py egg_info --egg-base ../../build/meu_pacote_launch build --build-base /home/felipe/ros2_ws/build/meu_pacote_launch/build install --record /home/felipe/ros2_ws/build/meu_pacote_launch/install.log --single-version-externally-managed install_data
[7.064s] /home/felipe/.local/lib/python3.10/site-packages/setuptools/_distutils/dist.py:270: UserWarning: Unknown distribution option: 'tests_require'
[7.064s]   warnings.warn(msg)
[8.171s] running egg_info
[8.333s] writing ../../build/meu_pacote_launch/meu_pacote_launch.egg-info/PKG-INFO
[8.335s] writing dependency_links to ../../build/meu_pacote_launch/meu_pacote_launch.egg-info/dependency_links.txt
[8.336s] writing requirements to ../../build/meu_pacote_launch/meu_pacote_launch.egg-info/requires.txt
[8.337s] writing top-level names to ../../build/meu_pacote_launch/meu_pacote_launch.egg-info/top_level.txt
[8.682s] reading manifest file '../../build/meu_pacote_launch/meu_pacote_launch.egg-info/SOURCES.txt'
[8.687s] writing manifest file '../../build/meu_pacote_launch/meu_pacote_launch.egg-info/SOURCES.txt'
[8.688s] running build
[8.691s] running build_py
[8.691s] copying meu_pacote_launch/__init__.py -> /home/felipe/ros2_ws/build/meu_pacote_launch/build/lib/meu_pacote_launch
[8.692s] copying meu_pacote_launch/all_nodes.launch.py -> /home/felipe/ros2_ws/build/meu_pacote_launch/build/lib/meu_pacote_launch
[8.695s] running install
[8.719s] running install_lib
[8.892s] copying /home/felipe/ros2_ws/build/meu_pacote_launch/build/lib/meu_pacote_launch/all_nodes.launch.py -> /home/felipe/ros2_ws/install/meu_pacote_launch/lib/python3.10/site-packages/meu_pacote_launch
[8.898s] byte-compiling /home/felipe/ros2_ws/install/meu_pacote_launch/lib/python3.10/site-packages/meu_pacote_launch/all_nodes.launch.py to all_nodes.launch.cpython-310.pyc
[8.902s]   File "/home/felipe/ros2_ws/install/meu_pacote_launch/lib/python3.10/site-packages/meu_pacote_launch/all_nodes.launch.py", line 49
[8.902s]     return ld
[8.902s]     ^^^^^^^^^
[8.902s] SyntaxError: 'return' outside function
[8.903s] 
[8.904s] running install_data
[8.904s] copying resource/meu_pacote_launch -> /home/felipe/ros2_ws/install/meu_pacote_launch/share/ament_index/resource_index/packages
[8.905s] copying package.xml -> /home/felipe/ros2_ws/install/meu_pacote_launch/share/meu_pacote_launch
[8.907s] running install_egg_info
[9.094s] removing '/home/felipe/ros2_ws/install/meu_pacote_launch/lib/python3.10/site-packages/meu_pacote_launch-0.0.0-py3.10.egg-info' (and everything under it)
[9.095s] Copying ../../build/meu_pacote_launch/meu_pacote_launch.egg-info to /home/felipe/ros2_ws/install/meu_pacote_launch/lib/python3.10/site-packages/meu_pacote_launch-0.0.0-py3.10.egg-info
[9.097s] running install_scripts
[10.374s] writing list of installed files to '/home/felipe/ros2_ws/build/meu_pacote_launch/install.log'
[10.552s] Invoked command in '/home/felipe/ros2_ws/src/meu_pacote_launch' returned '0': PYTHONPATH=/home/felipe/ros2_ws/build/meu_pacote_launch/prefix_override:/usr/lib/python3/dist-packages/colcon_core/task/python/colcon_distutils_commands:/home/felipe/ros2_ws/install/meu_pacote_launch/lib/python3.10/site-packages:${PYTHONPATH} /usr/bin/python3 -W ignore:setup.py install is deprecated -W ignore:easy_install command is deprecated setup.py egg_info --egg-base ../../build/meu_pacote_launch build --build-base /home/felipe/ros2_ws/build/meu_pacote_launch/build install --record /home/felipe/ros2_ws/build/meu_pacote_launch/install.log --single-version-externally-managed install_data
