[2.470s] DEBUG:colcon:Command line arguments: ['/usr/bin/colcon', 'build']
[2.471s] DEBUG:colcon:Parsed command line arguments: Namespace(log_base=None, log_level=None, verb_name='build', build_base='build', install_base='install', merge_install=False, symlink_install=False, test_result_base=None, continue_on_error=False, executor='parallel', parallel_workers=2, event_handlers=None, ignore_user_meta=False, metas=['./colcon.meta'], base_paths=['.'], packages_ignore=None, packages_ignore_regex=None, paths=None, packages_up_to=None, packages_up_to_regex=None, packages_above=None, packages_above_and_dependencies=None, packages_above_depth=None, packages_select_by_dep=None, packages_skip_by_dep=None, packages_skip_up_to=None, packages_select_build_failed=False, packages_skip_build_finished=False, packages_select_test_failures=False, packages_skip_test_passed=False, packages_select=None, packages_skip=None, packages_select_regex=None, packages_skip_regex=None, packages_start=None, packages_end=None, allow_overriding=[], cmake_args=None, cmake_target=None, cmake_target_skip_unavailable=False, cmake_clean_cache=False, cmake_clean_first=False, cmake_force_configure=False, ament_cmake_args=None, catkin_cmake_args=None, catkin_skip_building_tests=False, mixin_files=None, mixin=None, verb_parser=<colcon_mixin.mixin.mixin_argument.MixinArgumentDecorator object at 0x7125cfa8ce80>, verb_extension=<colcon_core.verb.build.BuildVerb object at 0x7125cfa02950>, main=<bound method BuildVerb.main of <colcon_core.verb.build.BuildVerb object at 0x7125cfa02950>>, mixin_verb=('build',))
[3.847s] Level 1:colcon.colcon_core.package_discovery:discover_packages(colcon_meta) check parameters
[3.848s] Level 1:colcon.colcon_core.package_discovery:discover_packages(recursive) check parameters
[3.848s] Level 1:colcon.colcon_core.package_discovery:discover_packages(ignore) check parameters
[3.848s] Level 1:colcon.colcon_core.package_discovery:discover_packages(path) check parameters
[3.853s] Level 1:colcon.colcon_core.package_discovery:discover_packages(colcon_meta) discover
[3.854s] Level 1:colcon.colcon_core.package_discovery:discover_packages(recursive) discover
[3.854s] INFO:colcon.colcon_core.package_discovery:Crawling recursively for packages in '/home/felipe/ros2_ws'
[3.854s] Level 1:colcon.colcon_core.package_identification:_identify(.) by extensions ['ignore', 'ignore_ament_install']
[3.855s] Level 1:colcon.colcon_core.package_identification:_identify(.) by extension 'ignore'
[3.863s] Level 1:colcon.colcon_core.package_identification:_identify(.) by extension 'ignore_ament_install'
[3.863s] Level 1:colcon.colcon_core.package_identification:_identify(.) by extensions ['colcon_pkg']
[3.863s] Level 1:colcon.colcon_core.package_identification:_identify(.) by extension 'colcon_pkg'
[3.863s] Level 1:colcon.colcon_core.package_identification:_identify(.) by extensions ['colcon_meta']
[3.864s] Level 1:colcon.colcon_core.package_identification:_identify(.) by extension 'colcon_meta'
[3.864s] Level 1:colcon.colcon_core.package_identification:_identify(.) by extensions ['ros']
[3.864s] Level 1:colcon.colcon_core.package_identification:_identify(.) by extension 'ros'
[4.125s] Level 1:colcon.colcon_core.package_identification:_identify(.) by extensions ['cmake', 'python']
[4.126s] Level 1:colcon.colcon_core.package_identification:_identify(.) by extension 'cmake'
[4.126s] Level 1:colcon.colcon_core.package_identification:_identify(.) by extension 'python'
[4.126s] Level 1:colcon.colcon_core.package_identification:_identify(.) by extensions ['python_setup_py']
[4.131s] Level 1:colcon.colcon_core.package_identification:_identify(.) by extension 'python_setup_py'
[4.188s] Level 1:colcon.colcon_core.package_identification:_identify(build) by extensions ['ignore', 'ignore_ament_install']
[4.188s] Level 1:colcon.colcon_core.package_identification:_identify(build) by extension 'ignore'
[4.188s] Level 1:colcon.colcon_core.package_identification:_identify(build) ignored
[4.199s] Level 1:colcon.colcon_core.package_identification:_identify(install) by extensions ['ignore', 'ignore_ament_install']
[4.199s] Level 1:colcon.colcon_core.package_identification:_identify(install) by extension 'ignore'
[4.199s] Level 1:colcon.colcon_core.package_identification:_identify(install) ignored
[4.207s] Level 1:colcon.colcon_core.package_identification:_identify(launch) by extensions ['ignore', 'ignore_ament_install']
[4.207s] Level 1:colcon.colcon_core.package_identification:_identify(launch) by extension 'ignore'
[4.207s] Level 1:colcon.colcon_core.package_identification:_identify(launch) by extension 'ignore_ament_install'
[4.207s] Level 1:colcon.colcon_core.package_identification:_identify(launch) by extensions ['colcon_pkg']
[4.208s] Level 1:colcon.colcon_core.package_identification:_identify(launch) by extension 'colcon_pkg'
[4.208s] Level 1:colcon.colcon_core.package_identification:_identify(launch) by extensions ['colcon_meta']
[4.208s] Level 1:colcon.colcon_core.package_identification:_identify(launch) by extension 'colcon_meta'
[4.208s] Level 1:colcon.colcon_core.package_identification:_identify(launch) by extensions ['ros']
[4.208s] Level 1:colcon.colcon_core.package_identification:_identify(launch) by extension 'ros'
[4.214s] Level 1:colcon.colcon_core.package_identification:_identify(launch) by extensions ['cmake', 'python']
[4.214s] Level 1:colcon.colcon_core.package_identification:_identify(launch) by extension 'cmake'
[4.215s] Level 1:colcon.colcon_core.package_identification:_identify(launch) by extension 'python'
[4.215s] Level 1:colcon.colcon_core.package_identification:_identify(launch) by extensions ['python_setup_py']
[4.215s] Level 1:colcon.colcon_core.package_identification:_identify(launch) by extension 'python_setup_py'
[4.221s] Level 1:colcon.colcon_core.package_identification:_identify(launch/__pycache__) by extensions ['ignore', 'ignore_ament_install']
[4.221s] Level 1:colcon.colcon_core.package_identification:_identify(launch/__pycache__) by extension 'ignore'
[4.221s] Level 1:colcon.colcon_core.package_identification:_identify(launch/__pycache__) by extension 'ignore_ament_install'
[4.221s] Level 1:colcon.colcon_core.package_identification:_identify(launch/__pycache__) by extensions ['colcon_pkg']
[4.221s] Level 1:colcon.colcon_core.package_identification:_identify(launch/__pycache__) by extension 'colcon_pkg'
[4.222s] Level 1:colcon.colcon_core.package_identification:_identify(launch/__pycache__) by extensions ['colcon_meta']
[4.222s] Level 1:colcon.colcon_core.package_identification:_identify(launch/__pycache__) by extension 'colcon_meta'
[4.222s] Level 1:colcon.colcon_core.package_identification:_identify(launch/__pycache__) by extensions ['ros']
[4.222s] Level 1:colcon.colcon_core.package_identification:_identify(launch/__pycache__) by extension 'ros'
[4.229s] Level 1:colcon.colcon_core.package_identification:_identify(launch/__pycache__) by extensions ['cmake', 'python']
[4.229s] Level 1:colcon.colcon_core.package_identification:_identify(launch/__pycache__) by extension 'cmake'
[4.230s] Level 1:colcon.colcon_core.package_identification:_identify(launch/__pycache__) by extension 'python'
[4.230s] Level 1:colcon.colcon_core.package_identification:_identify(launch/__pycache__) by extensions ['python_setup_py']
[4.230s] Level 1:colcon.colcon_core.package_identification:_identify(launch/__pycache__) by extension 'python_setup_py'
[4.231s] Level 1:colcon.colcon_core.package_identification:_identify(log) by extensions ['ignore', 'ignore_ament_install']
[4.231s] Level 1:colcon.colcon_core.package_identification:_identify(log) by extension 'ignore'
[4.231s] Level 1:colcon.colcon_core.package_identification:_identify(log) ignored
[4.239s] Level 1:colcon.colcon_core.package_identification:_identify(maps) by extensions ['ignore', 'ignore_ament_install']
[4.239s] Level 1:colcon.colcon_core.package_identification:_identify(maps) by extension 'ignore'
[4.240s] Level 1:colcon.colcon_core.package_identification:_identify(maps) by extension 'ignore_ament_install'
[4.240s] Level 1:colcon.colcon_core.package_identification:_identify(maps) by extensions ['colcon_pkg']
[4.240s] Level 1:colcon.colcon_core.package_identification:_identify(maps) by extension 'colcon_pkg'
[4.240s] Level 1:colcon.colcon_core.package_identification:_identify(maps) by extensions ['colcon_meta']
[4.248s] Level 1:colcon.colcon_core.package_identification:_identify(maps) by extension 'colcon_meta'
[4.248s] Level 1:colcon.colcon_core.package_identification:_identify(maps) by extensions ['ros']
[4.248s] Level 1:colcon.colcon_core.package_identification:_identify(maps) by extension 'ros'
[4.249s] Level 1:colcon.colcon_core.package_identification:_identify(maps) by extensions ['cmake', 'python']
[4.249s] Level 1:colcon.colcon_core.package_identification:_identify(maps) by extension 'cmake'
[4.250s] Level 1:colcon.colcon_core.package_identification:_identify(maps) by extension 'python'
[4.251s] Level 1:colcon.colcon_core.package_identification:_identify(maps) by extensions ['python_setup_py']
[4.251s] Level 1:colcon.colcon_core.package_identification:_identify(maps) by extension 'python_setup_py'
[4.254s] Level 1:colcon.colcon_core.package_identification:_identify(src) by extensions ['ignore', 'ignore_ament_install']
[4.254s] Level 1:colcon.colcon_core.package_identification:_identify(src) by extension 'ignore'
[4.257s] Level 1:colcon.colcon_core.package_identification:_identify(src) by extension 'ignore_ament_install'
[4.258s] Level 1:colcon.colcon_core.package_identification:_identify(src) by extensions ['colcon_pkg']
[4.258s] Level 1:colcon.colcon_core.package_identification:_identify(src) by extension 'colcon_pkg'
[4.258s] Level 1:colcon.colcon_core.package_identification:_identify(src) by extensions ['colcon_meta']
[4.258s] Level 1:colcon.colcon_core.package_identification:_identify(src) by extension 'colcon_meta'
[4.258s] Level 1:colcon.colcon_core.package_identification:_identify(src) by extensions ['ros']
[4.258s] Level 1:colcon.colcon_core.package_identification:_identify(src) by extension 'ros'
[4.259s] Level 1:colcon.colcon_core.package_identification:_identify(src) by extensions ['cmake', 'python']
[4.259s] Level 1:colcon.colcon_core.package_identification:_identify(src) by extension 'cmake'
[4.259s] Level 1:colcon.colcon_core.package_identification:_identify(src) by extension 'python'
[4.259s] Level 1:colcon.colcon_core.package_identification:_identify(src) by extensions ['python_setup_py']
[4.265s] Level 1:colcon.colcon_core.package_identification:_identify(src) by extension 'python_setup_py'
[4.269s] Level 1:colcon.colcon_core.package_identification:_identify(src/ros2_explorer) by extensions ['ignore', 'ignore_ament_install']
[4.269s] Level 1:colcon.colcon_core.package_identification:_identify(src/ros2_explorer) by extension 'ignore'
[4.272s] Level 1:colcon.colcon_core.package_identification:_identify(src/ros2_explorer) by extension 'ignore_ament_install'
[4.272s] Level 1:colcon.colcon_core.package_identification:_identify(src/ros2_explorer) by extensions ['colcon_pkg']
[4.272s] Level 1:colcon.colcon_core.package_identification:_identify(src/ros2_explorer) by extension 'colcon_pkg'
[4.272s] Level 1:colcon.colcon_core.package_identification:_identify(src/ros2_explorer) by extensions ['colcon_meta']
[4.273s] Level 1:colcon.colcon_core.package_identification:_identify(src/ros2_explorer) by extension 'colcon_meta'
[4.273s] Level 1:colcon.colcon_core.package_identification:_identify(src/ros2_explorer) by extensions ['ros']
[4.273s] Level 1:colcon.colcon_core.package_identification:_identify(src/ros2_explorer) by extension 'ros'
[4.280s] Level 1:colcon.colcon_core.package_identification:_identify(src/ros2_explorer) by extensions ['cmake', 'python']
[4.280s] Level 1:colcon.colcon_core.package_identification:_identify(src/ros2_explorer) by extension 'cmake'
[4.280s] Level 1:colcon.colcon_core.package_identification:_identify(src/ros2_explorer) by extension 'python'
[4.280s] Level 1:colcon.colcon_core.package_identification:_identify(src/ros2_explorer) by extensions ['python_setup_py']
[4.280s] Level 1:colcon.colcon_core.package_identification:_identify(src/ros2_explorer) by extension 'python_setup_py'
[4.281s] Level 1:colcon.colcon_core.package_identification:_identify(src/ros2_explorer/images) by extensions ['ignore', 'ignore_ament_install']
[4.283s] Level 1:colcon.colcon_core.package_identification:_identify(src/ros2_explorer/images) by extension 'ignore'
[4.284s] Level 1:colcon.colcon_core.package_identification:_identify(src/ros2_explorer/images) by extension 'ignore_ament_install'
[4.284s] Level 1:colcon.colcon_core.package_identification:_identify(src/ros2_explorer/images) by extensions ['colcon_pkg']
[4.284s] Level 1:colcon.colcon_core.package_identification:_identify(src/ros2_explorer/images) by extension 'colcon_pkg'
[4.284s] Level 1:colcon.colcon_core.package_identification:_identify(src/ros2_explorer/images) by extensions ['colcon_meta']
[4.284s] Level 1:colcon.colcon_core.package_identification:_identify(src/ros2_explorer/images) by extension 'colcon_meta'
[4.284s] Level 1:colcon.colcon_core.package_identification:_identify(src/ros2_explorer/images) by extensions ['ros']
[4.285s] Level 1:colcon.colcon_core.package_identification:_identify(src/ros2_explorer/images) by extension 'ros'
[4.291s] Level 1:colcon.colcon_core.package_identification:_identify(src/ros2_explorer/images) by extensions ['cmake', 'python']
[4.292s] Level 1:colcon.colcon_core.package_identification:_identify(src/ros2_explorer/images) by extension 'cmake'
[4.292s] Level 1:colcon.colcon_core.package_identification:_identify(src/ros2_explorer/images) by extension 'python'
[4.292s] Level 1:colcon.colcon_core.package_identification:_identify(src/ros2_explorer/images) by extensions ['python_setup_py']
[4.292s] Level 1:colcon.colcon_core.package_identification:_identify(src/ros2_explorer/images) by extension 'python_setup_py'
[4.294s] Level 1:colcon.colcon_core.package_identification:_identify(src/ros2_explorer/script) by extensions ['ignore', 'ignore_ament_install']
[4.294s] Level 1:colcon.colcon_core.package_identification:_identify(src/ros2_explorer/script) by extension 'ignore'
[4.294s] Level 1:colcon.colcon_core.package_identification:_identify(src/ros2_explorer/script) by extension 'ignore_ament_install'
[4.294s] Level 1:colcon.colcon_core.package_identification:_identify(src/ros2_explorer/script) by extensions ['colcon_pkg']
[4.295s] Level 1:colcon.colcon_core.package_identification:_identify(src/ros2_explorer/script) by extension 'colcon_pkg'
[4.295s] Level 1:colcon.colcon_core.package_identification:_identify(src/ros2_explorer/script) by extensions ['colcon_meta']
[4.295s] Level 1:colcon.colcon_core.package_identification:_identify(src/ros2_explorer/script) by extension 'colcon_meta'
[4.295s] Level 1:colcon.colcon_core.package_identification:_identify(src/ros2_explorer/script) by extensions ['ros']
[4.295s] Level 1:colcon.colcon_core.package_identification:_identify(src/ros2_explorer/script) by extension 'ros'
[4.301s] Level 1:colcon.colcon_core.package_identification:_identify(src/ros2_explorer/script) by extensions ['cmake', 'python']
[4.301s] Level 1:colcon.colcon_core.package_identification:_identify(src/ros2_explorer/script) by extension 'cmake'
[4.301s] Level 1:colcon.colcon_core.package_identification:_identify(src/ros2_explorer/script) by extension 'python'
[4.301s] Level 1:colcon.colcon_core.package_identification:_identify(src/ros2_explorer/script) by extensions ['python_setup_py']
[4.302s] Level 1:colcon.colcon_core.package_identification:_identify(src/ros2_explorer/script) by extension 'python_setup_py'
[4.302s] Level 1:colcon.colcon_core.package_discovery:discover_packages(recursive) using defaults
[4.302s] Level 1:colcon.colcon_core.package_discovery:discover_packages(ignore) discover
[4.302s] Level 1:colcon.colcon_core.package_discovery:discover_packages(ignore) using defaults
[4.302s] Level 1:colcon.colcon_core.package_discovery:discover_packages(path) discover
[4.304s] Level 1:colcon.colcon_core.package_discovery:discover_packages(path) using defaults
[4.587s] Level 1:colcon.colcon_core.package_discovery:discover_packages(prefix_path) check parameters
[4.587s] Level 1:colcon.colcon_core.package_discovery:discover_packages(prefix_path) discover
[4.629s] DEBUG:colcon.colcon_installed_package_information.package_discovery:Found 416 installed packages in /opt/ros/humble
[4.653s] Level 1:colcon.colcon_core.package_discovery:discover_packages(prefix_path) using defaults
[5.400s] INFO:colcon.colcon_core.executor:Executing jobs using 'parallel' executor
[5.411s] DEBUG:colcon.colcon_parallel_executor.executor.parallel:run_until_complete
[5.445s] DEBUG:colcon.colcon_parallel_executor.executor.parallel:closing loop
[5.445s] DEBUG:colcon.colcon_parallel_executor.executor.parallel:loop closed
[5.445s] DEBUG:colcon.colcon_parallel_executor.executor.parallel:run_until_complete finished with '0'
[5.445s] DEBUG:colcon.colcon_core.event_reactor:joining thread
[5.746s] INFO:colcon.colcon_core.plugin_system:Skipping extension 'colcon_notification.desktop_notification.terminal_notifier': Not used on non-Darwin systems
[5.746s] INFO:colcon.colcon_core.plugin_system:Skipping extension 'colcon_notification.desktop_notification.win32': Not used on non-Windows systems
[5.746s] INFO:colcon.colcon_notification.desktop_notification:Sending desktop notification using 'notify2'
[6.083s] DEBUG:colcon.colcon_core.event_reactor:joined thread
[6.158s] INFO:colcon.colcon_core.plugin_system:Skipping extension 'colcon_core.shell.bat': Not used on non-Windows systems
[6.159s] INFO:colcon.colcon_core.shell:Creating prefix script '/home/felipe/ros2_ws/install/local_setup.ps1'
[6.200s] INFO:colcon.colcon_core.shell:Creating prefix util module '/home/felipe/ros2_ws/install/_local_setup_util_ps1.py'
[6.239s] INFO:colcon.colcon_core.shell:Creating prefix chain script '/home/felipe/ros2_ws/install/setup.ps1'
[6.263s] INFO:colcon.colcon_core.shell:Creating prefix script '/home/felipe/ros2_ws/install/local_setup.sh'
[6.287s] INFO:colcon.colcon_core.shell:Creating prefix util module '/home/felipe/ros2_ws/install/_local_setup_util_sh.py'
[6.295s] INFO:colcon.colcon_core.shell:Creating prefix chain script '/home/felipe/ros2_ws/install/setup.sh'
[6.309s] INFO:colcon.colcon_core.shell:Creating prefix script '/home/felipe/ros2_ws/install/local_setup.bash'
[6.329s] INFO:colcon.colcon_core.shell:Creating prefix chain script '/home/felipe/ros2_ws/install/setup.bash'
[6.339s] INFO:colcon.colcon_core.shell:Creating prefix script '/home/felipe/ros2_ws/install/local_setup.zsh'
[6.352s] INFO:colcon.colcon_core.shell:Creating prefix chain script '/home/felipe/ros2_ws/install/setup.zsh'
