[3.242s] Invoking command in '/home/felipe/ros2_ws/build/explorer_interfaces': CMAKE_PREFIX_PATH=${CMAKE_PREFIX_PATH}:/home/felipe/ros2_ws/install/vacuum_robot:/home/felipe/ros2_ws/install/my_py_pkg:/home/felipe/ros2_ws/install/explorer_wanderer:/home/felipe/ros2_ws/install/explorer_map_utils:/home/felipe/ros2_ws/install/explorer_bringup:/home/felipe/ros2_ws/install/auto_mapper_py:/opt/ros/humble:/home/felipe/ros2_ws/install /usr/bin/cmake --build /home/felipe/ros2_ws/build/explorer_interfaces -- -j8 -l8
[6.247s] [  2%] Built target explorer_interfaces__cpp
[6.249s] [ 12%] Built target explorer_interfaces__rosidl_generator_c
[6.250s] [ 12%] Built target ament_cmake_python_copy_explorer_interfaces
[6.253s] [ 23%] Built target explorer_interfaces__rosidl_typesupport_cpp
[6.260s] [ 33%] Built target explorer_interfaces__rosidl_typesupport_introspection_cpp
[6.261s] [ 43%] Built target explorer_interfaces__rosidl_typesupport_fastrtps_cpp
[6.261s] [ 53%] Built target explorer_interfaces__rosidl_typesupport_c
[6.262s] [ 64%] Built target explorer_interfaces__rosidl_typesupport_fastrtps_c
[6.262s] [ 74%] Built target explorer_interfaces__rosidl_typesupport_introspection_c
[6.263s] [ 74%] Built target explorer_interfaces
[6.263s] [ 76%] Built target explorer_interfaces__py
[6.264s] [ 84%] Built target explorer_interfaces__rosidl_generator_py
[6.265s] [ 89%] Built target explorer_interfaces__rosidl_typesupport_c__pyext
[6.266s] [ 94%] Built target explorer_interfaces__rosidl_typesupport_introspection_c__pyext
[6.266s] [100%] Built target explorer_interfaces__rosidl_typesupport_fastrtps_c__pyext
[6.267s] running egg_info
[6.268s] writing explorer_interfaces.egg-info/PKG-INFO
[6.269s] writing dependency_links to explorer_interfaces.egg-info/dependency_links.txt
[6.269s] writing top-level names to explorer_interfaces.egg-info/top_level.txt
[6.270s] reading manifest file 'explorer_interfaces.egg-info/SOURCES.txt'
[6.270s] writing manifest file 'explorer_interfaces.egg-info/SOURCES.txt'
[6.270s] [100%] Built target ament_cmake_python_build_explorer_interfaces_egg
[6.320s] Invoked command in '/home/felipe/ros2_ws/build/explorer_interfaces' returned '0': CMAKE_PREFIX_PATH=${CMAKE_PREFIX_PATH}:/home/felipe/ros2_ws/install/vacuum_robot:/home/felipe/ros2_ws/install/my_py_pkg:/home/felipe/ros2_ws/install/explorer_wanderer:/home/felipe/ros2_ws/install/explorer_map_utils:/home/felipe/ros2_ws/install/explorer_bringup:/home/felipe/ros2_ws/install/auto_mapper_py:/opt/ros/humble:/home/felipe/ros2_ws/install /usr/bin/cmake --build /home/felipe/ros2_ws/build/explorer_interfaces -- -j8 -l8
[6.332s] Invoking command in '/home/felipe/ros2_ws/build/explorer_interfaces': CMAKE_PREFIX_PATH=${CMAKE_PREFIX_PATH}:/home/felipe/ros2_ws/install/vacuum_robot:/home/felipe/ros2_ws/install/my_py_pkg:/home/felipe/ros2_ws/install/explorer_wanderer:/home/felipe/ros2_ws/install/explorer_map_utils:/home/felipe/ros2_ws/install/explorer_bringup:/home/felipe/ros2_ws/install/auto_mapper_py:/opt/ros/humble:/home/felipe/ros2_ws/install /usr/bin/cmake --install /home/felipe/ros2_ws/build/explorer_interfaces
[6.464s] -- Install configuration: ""
[6.464s] -- Up-to-date: /home/felipe/ros2_ws/install/explorer_interfaces/share/ament_index/resource_index/rosidl_interfaces/explorer_interfaces
[6.464s] -- Up-to-date: /home/felipe/ros2_ws/install/explorer_interfaces/include/explorer_interfaces/explorer_interfaces
[6.465s] -- Up-to-date: /home/felipe/ros2_ws/install/explorer_interfaces/include/explorer_interfaces/explorer_interfaces/msg
[6.465s] -- Up-to-date: /home/felipe/ros2_ws/install/explorer_interfaces/include/explorer_interfaces/explorer_interfaces/msg/rosidl_generator_c__visibility_control.h
[6.465s] -- Up-to-date: /home/felipe/ros2_ws/install/explorer_interfaces/include/explorer_interfaces/explorer_interfaces/action
[6.465s] -- Up-to-date: /home/felipe/ros2_ws/install/explorer_interfaces/include/explorer_interfaces/explorer_interfaces/action/wander.h
[6.465s] -- Up-to-date: /home/felipe/ros2_ws/install/explorer_interfaces/include/explorer_interfaces/explorer_interfaces/action/discover.h
[6.466s] -- Up-to-date: /home/felipe/ros2_ws/install/explorer_interfaces/include/explorer_interfaces/explorer_interfaces/action/detail
[6.466s] -- Up-to-date: /home/felipe/ros2_ws/install/explorer_interfaces/include/explorer_interfaces/explorer_interfaces/action/detail/discover__type_support.h
[6.466s] -- Up-to-date: /home/felipe/ros2_ws/install/explorer_interfaces/include/explorer_interfaces/explorer_interfaces/action/detail/discover__functions.h
[6.466s] -- Up-to-date: /home/felipe/ros2_ws/install/explorer_interfaces/include/explorer_interfaces/explorer_interfaces/action/detail/discover__functions.c
[6.466s] -- Up-to-date: /home/felipe/ros2_ws/install/explorer_interfaces/include/explorer_interfaces/explorer_interfaces/action/detail/discover__struct.h
[6.467s] -- Up-to-date: /home/felipe/ros2_ws/install/explorer_interfaces/include/explorer_interfaces/explorer_interfaces/action/detail/wander__type_support.h
[6.467s] -- Up-to-date: /home/felipe/ros2_ws/install/explorer_interfaces/include/explorer_interfaces/explorer_interfaces/action/detail/wander__functions.h
[6.467s] -- Up-to-date: /home/felipe/ros2_ws/install/explorer_interfaces/include/explorer_interfaces/explorer_interfaces/action/detail/wander__struct.h
[6.467s] -- Up-to-date: /home/felipe/ros2_ws/install/explorer_interfaces/include/explorer_interfaces/explorer_interfaces/action/detail/wander__functions.c
[6.467s] -- Up-to-date: /home/felipe/ros2_ws/install/explorer_interfaces/share/explorer_interfaces/environment/library_path.sh
[6.468s] -- Up-to-date: /home/felipe/ros2_ws/install/explorer_interfaces/share/explorer_interfaces/environment/library_path.dsv
[6.468s] -- Up-to-date: /home/felipe/ros2_ws/install/explorer_interfaces/lib/libexplorer_interfaces__rosidl_generator_c.so
[6.468s] -- Up-to-date: /home/felipe/ros2_ws/install/explorer_interfaces/include/explorer_interfaces/explorer_interfaces
[6.468s] -- Up-to-date: /home/felipe/ros2_ws/install/explorer_interfaces/include/explorer_interfaces/explorer_interfaces/msg
[6.468s] -- Up-to-date: /home/felipe/ros2_ws/install/explorer_interfaces/include/explorer_interfaces/explorer_interfaces/msg/rosidl_typesupport_fastrtps_c__visibility_control.h
[6.469s] -- Up-to-date: /home/felipe/ros2_ws/install/explorer_interfaces/include/explorer_interfaces/explorer_interfaces/action
[6.469s] -- Up-to-date: /home/felipe/ros2_ws/install/explorer_interfaces/include/explorer_interfaces/explorer_interfaces/action/detail
[6.474s] -- Up-to-date: /home/felipe/ros2_ws/install/explorer_interfaces/include/explorer_interfaces/explorer_interfaces/action/detail/wander__rosidl_typesupport_fastrtps_c.h
[6.474s] -- Up-to-date: /home/felipe/ros2_ws/install/explorer_interfaces/include/explorer_interfaces/explorer_interfaces/action/detail/discover__rosidl_typesupport_fastrtps_c.h
[6.474s] -- Up-to-date: /home/felipe/ros2_ws/install/explorer_interfaces/lib/libexplorer_interfaces__rosidl_typesupport_fastrtps_c.so
[6.475s] -- Up-to-date: /home/felipe/ros2_ws/install/explorer_interfaces/include/explorer_interfaces/explorer_interfaces
[6.475s] -- Up-to-date: /home/felipe/ros2_ws/install/explorer_interfaces/include/explorer_interfaces/explorer_interfaces/msg
[6.475s] -- Up-to-date: /home/felipe/ros2_ws/install/explorer_interfaces/include/explorer_interfaces/explorer_interfaces/msg/rosidl_typesupport_introspection_c__visibility_control.h
[6.475s] -- Up-to-date: /home/felipe/ros2_ws/install/explorer_interfaces/include/explorer_interfaces/explorer_interfaces/action
[6.475s] -- Up-to-date: /home/felipe/ros2_ws/install/explorer_interfaces/include/explorer_interfaces/explorer_interfaces/action/detail
[6.476s] -- Up-to-date: /home/felipe/ros2_ws/install/explorer_interfaces/include/explorer_interfaces/explorer_interfaces/action/detail/wander__rosidl_typesupport_introspection_c.h
[6.476s] -- Up-to-date: /home/felipe/ros2_ws/install/explorer_interfaces/include/explorer_interfaces/explorer_interfaces/action/detail/discover__type_support.c
[6.476s] -- Up-to-date: /home/felipe/ros2_ws/install/explorer_interfaces/include/explorer_interfaces/explorer_interfaces/action/detail/wander__type_support.c
[6.476s] -- Up-to-date: /home/felipe/ros2_ws/install/explorer_interfaces/include/explorer_interfaces/explorer_interfaces/action/detail/discover__rosidl_typesupport_introspection_c.h
[6.476s] -- Up-to-date: /home/felipe/ros2_ws/install/explorer_interfaces/lib/libexplorer_interfaces__rosidl_typesupport_introspection_c.so
[6.492s] -- Up-to-date: /home/felipe/ros2_ws/install/explorer_interfaces/lib/libexplorer_interfaces__rosidl_typesupport_c.so
[6.493s] -- Up-to-date: /home/felipe/ros2_ws/install/explorer_interfaces/include/explorer_interfaces/explorer_interfaces
[6.494s] -- Up-to-date: /home/felipe/ros2_ws/install/explorer_interfaces/include/explorer_interfaces/explorer_interfaces/msg
[6.494s] -- Up-to-date: /home/felipe/ros2_ws/install/explorer_interfaces/include/explorer_interfaces/explorer_interfaces/msg/rosidl_generator_cpp__visibility_control.hpp
[6.495s] -- Up-to-date: /home/felipe/ros2_ws/install/explorer_interfaces/include/explorer_interfaces/explorer_interfaces/action
[6.495s] -- Up-to-date: /home/felipe/ros2_ws/install/explorer_interfaces/include/explorer_interfaces/explorer_interfaces/action/detail
[6.496s] -- Up-to-date: /home/felipe/ros2_ws/install/explorer_interfaces/include/explorer_interfaces/explorer_interfaces/action/detail/wander__struct.hpp
[6.496s] -- Up-to-date: /home/felipe/ros2_ws/install/explorer_interfaces/include/explorer_interfaces/explorer_interfaces/action/detail/discover__struct.hpp
[6.496s] -- Up-to-date: /home/felipe/ros2_ws/install/explorer_interfaces/include/explorer_interfaces/explorer_interfaces/action/detail/wander__builder.hpp
[6.496s] -- Up-to-date: /home/felipe/ros2_ws/install/explorer_interfaces/include/explorer_interfaces/explorer_interfaces/action/detail/discover__type_support.hpp
[6.502s] -- Up-to-date: /home/felipe/ros2_ws/install/explorer_interfaces/include/explorer_interfaces/explorer_interfaces/action/detail/discover__traits.hpp
[6.502s] -- Up-to-date: /home/felipe/ros2_ws/install/explorer_interfaces/include/explorer_interfaces/explorer_interfaces/action/detail/wander__traits.hpp
[6.503s] -- Up-to-date: /home/felipe/ros2_ws/install/explorer_interfaces/include/explorer_interfaces/explorer_interfaces/action/detail/discover__builder.hpp
[6.503s] -- Up-to-date: /home/felipe/ros2_ws/install/explorer_interfaces/include/explorer_interfaces/explorer_interfaces/action/detail/wander__type_support.hpp
[6.503s] -- Up-to-date: /home/felipe/ros2_ws/install/explorer_interfaces/include/explorer_interfaces/explorer_interfaces/action/discover.hpp
[6.503s] -- Up-to-date: /home/felipe/ros2_ws/install/explorer_interfaces/include/explorer_interfaces/explorer_interfaces/action/wander.hpp
[6.504s] -- Up-to-date: /home/felipe/ros2_ws/install/explorer_interfaces/include/explorer_interfaces/explorer_interfaces
[6.504s] -- Up-to-date: /home/felipe/ros2_ws/install/explorer_interfaces/include/explorer_interfaces/explorer_interfaces/msg
[6.504s] -- Up-to-date: /home/felipe/ros2_ws/install/explorer_interfaces/include/explorer_interfaces/explorer_interfaces/msg/rosidl_typesupport_fastrtps_cpp__visibility_control.h
[6.504s] -- Up-to-date: /home/felipe/ros2_ws/install/explorer_interfaces/include/explorer_interfaces/explorer_interfaces/action
[6.516s] -- Up-to-date: /home/felipe/ros2_ws/install/explorer_interfaces/include/explorer_interfaces/explorer_interfaces/action/detail
[6.516s] -- Up-to-date: /home/felipe/ros2_ws/install/explorer_interfaces/include/explorer_interfaces/explorer_interfaces/action/detail/wander__rosidl_typesupport_fastrtps_cpp.hpp
[6.517s] -- Up-to-date: /home/felipe/ros2_ws/install/explorer_interfaces/include/explorer_interfaces/explorer_interfaces/action/detail/dds_fastrtps
[6.517s] -- Up-to-date: /home/felipe/ros2_ws/install/explorer_interfaces/include/explorer_interfaces/explorer_interfaces/action/detail/discover__rosidl_typesupport_fastrtps_cpp.hpp
[6.517s] -- Up-to-date: /home/felipe/ros2_ws/install/explorer_interfaces/lib/libexplorer_interfaces__rosidl_typesupport_fastrtps_cpp.so
[6.518s] -- Up-to-date: /home/felipe/ros2_ws/install/explorer_interfaces/include/explorer_interfaces/explorer_interfaces
[6.518s] -- Up-to-date: /home/felipe/ros2_ws/install/explorer_interfaces/include/explorer_interfaces/explorer_interfaces/action
[6.518s] -- Up-to-date: /home/felipe/ros2_ws/install/explorer_interfaces/include/explorer_interfaces/explorer_interfaces/action/detail
[6.519s] -- Up-to-date: /home/felipe/ros2_ws/install/explorer_interfaces/include/explorer_interfaces/explorer_interfaces/action/detail/wander__type_support.cpp
[6.524s] -- Up-to-date: /home/felipe/ros2_ws/install/explorer_interfaces/include/explorer_interfaces/explorer_interfaces/action/detail/discover__rosidl_typesupport_introspection_cpp.hpp
[6.525s] -- Up-to-date: /home/felipe/ros2_ws/install/explorer_interfaces/include/explorer_interfaces/explorer_interfaces/action/detail/discover__type_support.cpp
[6.526s] -- Up-to-date: /home/felipe/ros2_ws/install/explorer_interfaces/include/explorer_interfaces/explorer_interfaces/action/detail/wander__rosidl_typesupport_introspection_cpp.hpp
[6.527s] -- Up-to-date: /home/felipe/ros2_ws/install/explorer_interfaces/lib/libexplorer_interfaces__rosidl_typesupport_introspection_cpp.so
[6.559s] -- Up-to-date: /home/felipe/ros2_ws/install/explorer_interfaces/lib/libexplorer_interfaces__rosidl_typesupport_cpp.so
[6.559s] -- Up-to-date: /home/felipe/ros2_ws/install/explorer_interfaces/share/explorer_interfaces/environment/pythonpath.sh
[6.559s] -- Up-to-date: /home/felipe/ros2_ws/install/explorer_interfaces/share/explorer_interfaces/environment/pythonpath.dsv
[6.563s] -- Up-to-date: /home/felipe/ros2_ws/install/explorer_interfaces/local/lib/python3.10/dist-packages/explorer_interfaces-0.0.0-py3.10.egg-info
[6.564s] -- Installing: /home/felipe/ros2_ws/install/explorer_interfaces/local/lib/python3.10/dist-packages/explorer_interfaces-0.0.0-py3.10.egg-info/top_level.txt
[6.565s] -- Installing: /home/felipe/ros2_ws/install/explorer_interfaces/local/lib/python3.10/dist-packages/explorer_interfaces-0.0.0-py3.10.egg-info/dependency_links.txt
[6.565s] -- Installing: /home/felipe/ros2_ws/install/explorer_interfaces/local/lib/python3.10/dist-packages/explorer_interfaces-0.0.0-py3.10.egg-info/PKG-INFO
[6.565s] -- Installing: /home/felipe/ros2_ws/install/explorer_interfaces/local/lib/python3.10/dist-packages/explorer_interfaces-0.0.0-py3.10.egg-info/SOURCES.txt
[6.565s] -- Up-to-date: /home/felipe/ros2_ws/install/explorer_interfaces/local/lib/python3.10/dist-packages/explorer_interfaces
[6.566s] -- Up-to-date: /home/felipe/ros2_ws/install/explorer_interfaces/local/lib/python3.10/dist-packages/explorer_interfaces/_explorer_interfaces_s.ep.rosidl_typesupport_introspection_c.c
[6.566s] -- Up-to-date: /home/felipe/ros2_ws/install/explorer_interfaces/local/lib/python3.10/dist-packages/explorer_interfaces/explorer_interfaces_s__rosidl_typesupport_introspection_c.cpython-310-x86_64-linux-gnu.so
[6.566s] -- Up-to-date: /home/felipe/ros2_ws/install/explorer_interfaces/local/lib/python3.10/dist-packages/explorer_interfaces/explorer_interfaces_s__rosidl_typesupport_c.cpython-310-x86_64-linux-gnu.so
[6.566s] -- Up-to-date: /home/felipe/ros2_ws/install/explorer_interfaces/local/lib/python3.10/dist-packages/explorer_interfaces/explorer_interfaces_s__rosidl_typesupport_fastrtps_c.cpython-310-x86_64-linux-gnu.so
[6.566s] -- Up-to-date: /home/felipe/ros2_ws/install/explorer_interfaces/local/lib/python3.10/dist-packages/explorer_interfaces/libexplorer_interfaces__rosidl_generator_py.so
[6.567s] -- Up-to-date: /home/felipe/ros2_ws/install/explorer_interfaces/local/lib/python3.10/dist-packages/explorer_interfaces/_explorer_interfaces_s.ep.rosidl_typesupport_fastrtps_c.c
[6.567s] -- Up-to-date: /home/felipe/ros2_ws/install/explorer_interfaces/local/lib/python3.10/dist-packages/explorer_interfaces/_explorer_interfaces_s.ep.rosidl_typesupport_c.c
[6.567s] -- Up-to-date: /home/felipe/ros2_ws/install/explorer_interfaces/local/lib/python3.10/dist-packages/explorer_interfaces/__init__.py
[6.567s] -- Up-to-date: /home/felipe/ros2_ws/install/explorer_interfaces/local/lib/python3.10/dist-packages/explorer_interfaces/action
[6.567s] -- Up-to-date: /home/felipe/ros2_ws/install/explorer_interfaces/local/lib/python3.10/dist-packages/explorer_interfaces/action/_wander_s.c
[6.572s] -- Up-to-date: /home/felipe/ros2_ws/install/explorer_interfaces/local/lib/python3.10/dist-packages/explorer_interfaces/action/_discover.py
[6.572s] -- Up-to-date: /home/felipe/ros2_ws/install/explorer_interfaces/local/lib/python3.10/dist-packages/explorer_interfaces/action/__init__.py
[6.572s] -- Up-to-date: /home/felipe/ros2_ws/install/explorer_interfaces/local/lib/python3.10/dist-packages/explorer_interfaces/action/_wander.py
[6.572s] -- Up-to-date: /home/felipe/ros2_ws/install/explorer_interfaces/local/lib/python3.10/dist-packages/explorer_interfaces/action/_discover_s.c
[6.723s] Listing '/home/felipe/ros2_ws/install/explorer_interfaces/local/lib/python3.10/dist-packages/explorer_interfaces'...
[6.725s] Listing '/home/felipe/ros2_ws/install/explorer_interfaces/local/lib/python3.10/dist-packages/explorer_interfaces/action'...
[6.772s] -- Up-to-date: /home/felipe/ros2_ws/install/explorer_interfaces/local/lib/python3.10/dist-packages/explorer_interfaces/explorer_interfaces_s__rosidl_typesupport_fastrtps_c.cpython-310-x86_64-linux-gnu.so
[6.775s] -- Up-to-date: /home/felipe/ros2_ws/install/explorer_interfaces/local/lib/python3.10/dist-packages/explorer_interfaces/explorer_interfaces_s__rosidl_typesupport_introspection_c.cpython-310-x86_64-linux-gnu.so
[6.778s] -- Up-to-date: /home/felipe/ros2_ws/install/explorer_interfaces/local/lib/python3.10/dist-packages/explorer_interfaces/explorer_interfaces_s__rosidl_typesupport_c.cpython-310-x86_64-linux-gnu.so
[6.779s] -- Up-to-date: /home/felipe/ros2_ws/install/explorer_interfaces/lib/libexplorer_interfaces__rosidl_generator_py.so
[6.796s] -- Up-to-date: /home/felipe/ros2_ws/install/explorer_interfaces/share/explorer_interfaces/action/Wander.idl
[6.797s] -- Up-to-date: /home/felipe/ros2_ws/install/explorer_interfaces/share/explorer_interfaces/action/Discover.idl
[6.798s] -- Up-to-date: /home/felipe/ros2_ws/install/explorer_interfaces/share/explorer_interfaces/action/Wander.action
[6.799s] -- Up-to-date: /home/felipe/ros2_ws/install/explorer_interfaces/share/explorer_interfaces/action/Discover.action
[6.800s] -- Up-to-date: /home/felipe/ros2_ws/install/explorer_interfaces/share/ament_index/resource_index/package_run_dependencies/explorer_interfaces
[6.800s] -- Up-to-date: /home/felipe/ros2_ws/install/explorer_interfaces/share/ament_index/resource_index/parent_prefix_path/explorer_interfaces
[6.801s] -- Up-to-date: /home/felipe/ros2_ws/install/explorer_interfaces/share/explorer_interfaces/environment/ament_prefix_path.sh
[6.810s] -- Up-to-date: /home/felipe/ros2_ws/install/explorer_interfaces/share/explorer_interfaces/environment/ament_prefix_path.dsv
[6.813s] -- Up-to-date: /home/felipe/ros2_ws/install/explorer_interfaces/share/explorer_interfaces/environment/path.sh
[6.813s] -- Up-to-date: /home/felipe/ros2_ws/install/explorer_interfaces/share/explorer_interfaces/environment/path.dsv
[6.813s] -- Up-to-date: /home/felipe/ros2_ws/install/explorer_interfaces/share/explorer_interfaces/local_setup.bash
[6.814s] -- Up-to-date: /home/felipe/ros2_ws/install/explorer_interfaces/share/explorer_interfaces/local_setup.sh
[6.815s] -- Up-to-date: /home/felipe/ros2_ws/install/explorer_interfaces/share/explorer_interfaces/local_setup.zsh
[6.815s] -- Up-to-date: /home/felipe/ros2_ws/install/explorer_interfaces/share/explorer_interfaces/local_setup.dsv
[6.817s] -- Installing: /home/felipe/ros2_ws/install/explorer_interfaces/share/explorer_interfaces/package.dsv
[6.817s] -- Up-to-date: /home/felipe/ros2_ws/install/explorer_interfaces/share/ament_index/resource_index/packages/explorer_interfaces
[6.822s] -- Up-to-date: /home/felipe/ros2_ws/install/explorer_interfaces/share/explorer_interfaces/cmake/export_explorer_interfaces__rosidl_generator_cExport.cmake
[6.825s] -- Up-to-date: /home/felipe/ros2_ws/install/explorer_interfaces/share/explorer_interfaces/cmake/export_explorer_interfaces__rosidl_generator_cExport-noconfig.cmake
[6.825s] -- Up-to-date: /home/felipe/ros2_ws/install/explorer_interfaces/share/explorer_interfaces/cmake/export_explorer_interfaces__rosidl_typesupport_fastrtps_cExport.cmake
[6.826s] -- Up-to-date: /home/felipe/ros2_ws/install/explorer_interfaces/share/explorer_interfaces/cmake/export_explorer_interfaces__rosidl_typesupport_fastrtps_cExport-noconfig.cmake
[6.830s] -- Up-to-date: /home/felipe/ros2_ws/install/explorer_interfaces/share/explorer_interfaces/cmake/explorer_interfaces__rosidl_typesupport_introspection_cExport.cmake
[6.835s] -- Up-to-date: /home/felipe/ros2_ws/install/explorer_interfaces/share/explorer_interfaces/cmake/explorer_interfaces__rosidl_typesupport_introspection_cExport-noconfig.cmake
[6.835s] -- Up-to-date: /home/felipe/ros2_ws/install/explorer_interfaces/share/explorer_interfaces/cmake/explorer_interfaces__rosidl_typesupport_cExport.cmake
[6.836s] -- Up-to-date: /home/felipe/ros2_ws/install/explorer_interfaces/share/explorer_interfaces/cmake/explorer_interfaces__rosidl_typesupport_cExport-noconfig.cmake
[6.836s] -- Up-to-date: /home/felipe/ros2_ws/install/explorer_interfaces/share/explorer_interfaces/cmake/export_explorer_interfaces__rosidl_generator_cppExport.cmake
[6.840s] -- Up-to-date: /home/felipe/ros2_ws/install/explorer_interfaces/share/explorer_interfaces/cmake/export_explorer_interfaces__rosidl_typesupport_fastrtps_cppExport.cmake
[6.840s] -- Up-to-date: /home/felipe/ros2_ws/install/explorer_interfaces/share/explorer_interfaces/cmake/export_explorer_interfaces__rosidl_typesupport_fastrtps_cppExport-noconfig.cmake
[6.844s] -- Up-to-date: /home/felipe/ros2_ws/install/explorer_interfaces/share/explorer_interfaces/cmake/explorer_interfaces__rosidl_typesupport_introspection_cppExport.cmake
[6.844s] -- Up-to-date: /home/felipe/ros2_ws/install/explorer_interfaces/share/explorer_interfaces/cmake/explorer_interfaces__rosidl_typesupport_introspection_cppExport-noconfig.cmake
[6.844s] -- Up-to-date: /home/felipe/ros2_ws/install/explorer_interfaces/share/explorer_interfaces/cmake/explorer_interfaces__rosidl_typesupport_cppExport.cmake
[6.844s] -- Up-to-date: /home/felipe/ros2_ws/install/explorer_interfaces/share/explorer_interfaces/cmake/explorer_interfaces__rosidl_typesupport_cppExport-noconfig.cmake
[6.845s] -- Up-to-date: /home/felipe/ros2_ws/install/explorer_interfaces/share/explorer_interfaces/cmake/export_explorer_interfaces__rosidl_generator_pyExport.cmake
[6.845s] -- Up-to-date: /home/felipe/ros2_ws/install/explorer_interfaces/share/explorer_interfaces/cmake/export_explorer_interfaces__rosidl_generator_pyExport-noconfig.cmake
[6.845s] -- Up-to-date: /home/felipe/ros2_ws/install/explorer_interfaces/share/explorer_interfaces/cmake/rosidl_cmake-extras.cmake
[6.851s] -- Up-to-date: /home/felipe/ros2_ws/install/explorer_interfaces/share/explorer_interfaces/cmake/ament_cmake_export_dependencies-extras.cmake
[6.851s] -- Up-to-date: /home/felipe/ros2_ws/install/explorer_interfaces/share/explorer_interfaces/cmake/ament_cmake_export_include_directories-extras.cmake
[6.851s] -- Up-to-date: /home/felipe/ros2_ws/install/explorer_interfaces/share/explorer_interfaces/cmake/ament_cmake_export_libraries-extras.cmake
[6.852s] -- Up-to-date: /home/felipe/ros2_ws/install/explorer_interfaces/share/explorer_interfaces/cmake/ament_cmake_export_targets-extras.cmake
[6.852s] -- Up-to-date: /home/felipe/ros2_ws/install/explorer_interfaces/share/explorer_interfaces/cmake/rosidl_cmake_export_typesupport_targets-extras.cmake
[6.852s] -- Up-to-date: /home/felipe/ros2_ws/install/explorer_interfaces/share/explorer_interfaces/cmake/rosidl_cmake_export_typesupport_libraries-extras.cmake
[6.852s] -- Up-to-date: /home/felipe/ros2_ws/install/explorer_interfaces/share/explorer_interfaces/cmake/explorer_interfacesConfig.cmake
[6.852s] -- Up-to-date: /home/felipe/ros2_ws/install/explorer_interfaces/share/explorer_interfaces/cmake/explorer_interfacesConfig-version.cmake
[6.853s] -- Up-to-date: /home/felipe/ros2_ws/install/explorer_interfaces/share/explorer_interfaces/package.xml
[8.496s] Invoked command in '/home/felipe/ros2_ws/build/explorer_interfaces' returned '0': CMAKE_PREFIX_PATH=${CMAKE_PREFIX_PATH}:/home/felipe/ros2_ws/install/vacuum_robot:/home/felipe/ros2_ws/install/my_py_pkg:/home/felipe/ros2_ws/install/explorer_wanderer:/home/felipe/ros2_ws/install/explorer_map_utils:/home/felipe/ros2_ws/install/explorer_bringup:/home/felipe/ros2_ws/install/auto_mapper_py:/opt/ros/humble:/home/felipe/ros2_ws/install /usr/bin/cmake --install /home/felipe/ros2_ws/build/explorer_interfaces
