[0.510s] Invoking command in '/home/felipe/ros2_ws/build/explorer_gazebo': CMAKE_PREFIX_PATH=${CMAKE_PREFIX_PATH}:/home/felipe/ros2_ws/install/vacuum_robot:/home/felipe/ros2_ws/install/my_py_pkg:/home/felipe/ros2_ws/install/explorer_wanderer:/home/felipe/ros2_ws/install/explorer_map_utils:/home/felipe/ros2_ws/install/explorer_bringup:/home/felipe/ros2_ws/install/auto_mapper_py:/opt/ros/humble:/home/felipe/ros2_ws/install /usr/bin/cmake --build /home/felipe/ros2_ws/build/explorer_gazebo -- -j8 -l8
[1.297s] Invoked command in '/home/felipe/ros2_ws/build/explorer_gazebo' returned '0': CMAKE_PREFIX_PATH=${CMAKE_PREFIX_PATH}:/home/felipe/ros2_ws/install/vacuum_robot:/home/felipe/ros2_ws/install/my_py_pkg:/home/felipe/ros2_ws/install/explorer_wanderer:/home/felipe/ros2_ws/install/explorer_map_utils:/home/felipe/ros2_ws/install/explorer_bringup:/home/felipe/ros2_ws/install/auto_mapper_py:/opt/ros/humble:/home/felipe/ros2_ws/install /usr/bin/cmake --build /home/felipe/ros2_ws/build/explorer_gazebo -- -j8 -l8
[1.299s] Invoking command in '/home/felipe/ros2_ws/build/explorer_gazebo': CMAKE_PREFIX_PATH=${CMAKE_PREFIX_PATH}:/home/felipe/ros2_ws/install/vacuum_robot:/home/felipe/ros2_ws/install/my_py_pkg:/home/felipe/ros2_ws/install/explorer_wanderer:/home/felipe/ros2_ws/install/explorer_map_utils:/home/felipe/ros2_ws/install/explorer_bringup:/home/felipe/ros2_ws/install/auto_mapper_py:/opt/ros/humble:/home/felipe/ros2_ws/install /usr/bin/cmake --install /home/felipe/ros2_ws/build/explorer_gazebo
[1.309s] -- Install configuration: ""
[1.309s] -- Up-to-date: /home/felipe/ros2_ws/install/explorer_gazebo/share/explorer_gazebo//models
[1.309s] -- Up-to-date: /home/felipe/ros2_ws/install/explorer_gazebo/share/explorer_gazebo//models/map1
[1.309s] -- Up-to-date: /home/felipe/ros2_ws/install/explorer_gazebo/share/explorer_gazebo//models/map1/model.config
[1.309s] -- Up-to-date: /home/felipe/ros2_ws/install/explorer_gazebo/share/explorer_gazebo//models/map1/map1.sdf
[1.310s] -- Up-to-date: /home/felipe/ros2_ws/install/explorer_gazebo/share/explorer_gazebo//models/map6
[1.310s] -- Up-to-date: /home/felipe/ros2_ws/install/explorer_gazebo/share/explorer_gazebo//models/map6/model.config
[1.310s] -- Up-to-date: /home/felipe/ros2_ws/install/explorer_gazebo/share/explorer_gazebo//models/map6/map6.sdf
[1.310s] -- Up-to-date: /home/felipe/ros2_ws/install/explorer_gazebo/share/explorer_gazebo//models/map2
[1.310s] -- Up-to-date: /home/felipe/ros2_ws/install/explorer_gazebo/share/explorer_gazebo//models/map2/model.config
[1.310s] -- Up-to-date: /home/felipe/ros2_ws/install/explorer_gazebo/share/explorer_gazebo//models/map2/map2.sdf
[1.310s] -- Up-to-date: /home/felipe/ros2_ws/install/explorer_gazebo/share/explorer_gazebo//models/map11
[1.310s] -- Up-to-date: /home/felipe/ros2_ws/install/explorer_gazebo/share/explorer_gazebo//models/map11/model.config
[1.310s] -- Up-to-date: /home/felipe/ros2_ws/install/explorer_gazebo/share/explorer_gazebo//models/map11/map11.sdf
[1.310s] -- Up-to-date: /home/felipe/ros2_ws/install/explorer_gazebo/share/explorer_gazebo//models/map3
[1.310s] -- Up-to-date: /home/felipe/ros2_ws/install/explorer_gazebo/share/explorer_gazebo//models/map3/model.config
[1.310s] -- Up-to-date: /home/felipe/ros2_ws/install/explorer_gazebo/share/explorer_gazebo//models/map3/map3.sdf
[1.310s] -- Up-to-date: /home/felipe/ros2_ws/install/explorer_gazebo/share/explorer_gazebo//models/map8
[1.310s] -- Up-to-date: /home/felipe/ros2_ws/install/explorer_gazebo/share/explorer_gazebo//models/map8/model.config
[1.310s] -- Up-to-date: /home/felipe/ros2_ws/install/explorer_gazebo/share/explorer_gazebo//models/map8/map8.sdf
[1.311s] -- Up-to-date: /home/felipe/ros2_ws/install/explorer_gazebo/share/explorer_gazebo//models/map10
[1.311s] -- Up-to-date: /home/felipe/ros2_ws/install/explorer_gazebo/share/explorer_gazebo//models/map10/model.config
[1.311s] -- Up-to-date: /home/felipe/ros2_ws/install/explorer_gazebo/share/explorer_gazebo//models/map10/map10.sdf
[1.311s] -- Up-to-date: /home/felipe/ros2_ws/install/explorer_gazebo/share/explorer_gazebo//models/map4
[1.311s] -- Up-to-date: /home/felipe/ros2_ws/install/explorer_gazebo/share/explorer_gazebo//models/map4/model.config
[1.311s] -- Up-to-date: /home/felipe/ros2_ws/install/explorer_gazebo/share/explorer_gazebo//models/map4/map4.sdf
[1.311s] -- Up-to-date: /home/felipe/ros2_ws/install/explorer_gazebo/share/explorer_gazebo//models/map9
[1.311s] -- Up-to-date: /home/felipe/ros2_ws/install/explorer_gazebo/share/explorer_gazebo//models/map9/map9.sdf
[1.311s] -- Up-to-date: /home/felipe/ros2_ws/install/explorer_gazebo/share/explorer_gazebo//models/map9/model.config
[1.311s] -- Up-to-date: /home/felipe/ros2_ws/install/explorer_gazebo/share/explorer_gazebo//models/map5
[1.311s] -- Up-to-date: /home/felipe/ros2_ws/install/explorer_gazebo/share/explorer_gazebo//models/map5/model.config
[1.311s] -- Up-to-date: /home/felipe/ros2_ws/install/explorer_gazebo/share/explorer_gazebo//models/map5/map5.sdf
[1.311s] -- Up-to-date: /home/felipe/ros2_ws/install/explorer_gazebo/share/explorer_gazebo//models/map7
[1.311s] -- Up-to-date: /home/felipe/ros2_ws/install/explorer_gazebo/share/explorer_gazebo//models/map7/model.config
[1.312s] -- Up-to-date: /home/felipe/ros2_ws/install/explorer_gazebo/share/explorer_gazebo//models/map7/map7.sdf
[1.312s] -- Up-to-date: /home/felipe/ros2_ws/install/explorer_gazebo/share/explorer_gazebo//models/turtlebot3_burger
[1.312s] -- Up-to-date: /home/felipe/ros2_ws/install/explorer_gazebo/share/explorer_gazebo//models/turtlebot3_burger/model.config
[1.312s] -- Up-to-date: /home/felipe/ros2_ws/install/explorer_gazebo/share/explorer_gazebo//models/turtlebot3_burger/model.sdf
[1.312s] -- Up-to-date: /home/felipe/ros2_ws/install/explorer_gazebo/share/explorer_gazebo//models/turtlebot3_burger/model-1_4.sdf
[1.312s] -- Up-to-date: /home/felipe/ros2_ws/install/explorer_gazebo/share/explorer_gazebo//models/turtlebot3_burger/meshes
[1.312s] -- Up-to-date: /home/felipe/ros2_ws/install/explorer_gazebo/share/explorer_gazebo//models/turtlebot3_burger/meshes/burger_base.dae
[1.312s] -- Up-to-date: /home/felipe/ros2_ws/install/explorer_gazebo/share/explorer_gazebo//models/turtlebot3_burger/meshes/lds.dae
[1.312s] -- Up-to-date: /home/felipe/ros2_ws/install/explorer_gazebo/share/explorer_gazebo//models/turtlebot3_burger/meshes/tire.dae
[1.312s] -- Up-to-date: /home/felipe/ros2_ws/install/explorer_gazebo/share/explorer_gazebo//worlds
[1.312s] -- Up-to-date: /home/felipe/ros2_ws/install/explorer_gazebo/share/explorer_gazebo//worlds/map1.world.xml
[1.312s] -- Up-to-date: /home/felipe/ros2_ws/install/explorer_gazebo/share/explorer_gazebo//worlds/map3.world.xml
[1.312s] -- Up-to-date: /home/felipe/ros2_ws/install/explorer_gazebo/share/explorer_gazebo//worlds/map5.world.xml
[1.313s] -- Up-to-date: /home/felipe/ros2_ws/install/explorer_gazebo/share/explorer_gazebo//worlds/map7.world.xml
[1.313s] -- Up-to-date: /home/felipe/ros2_ws/install/explorer_gazebo/share/explorer_gazebo//worlds/map9.world.xml
[1.313s] -- Up-to-date: /home/felipe/ros2_ws/install/explorer_gazebo/share/explorer_gazebo//worlds/map11.world.xml
[1.313s] -- Up-to-date: /home/felipe/ros2_ws/install/explorer_gazebo/share/explorer_gazebo//worlds/map4.world.xml
[1.313s] -- Up-to-date: /home/felipe/ros2_ws/install/explorer_gazebo/share/explorer_gazebo//worlds/map10.world.xml
[1.314s] -- Up-to-date: /home/felipe/ros2_ws/install/explorer_gazebo/share/explorer_gazebo//worlds/map6.world.xml
[1.314s] -- Up-to-date: /home/felipe/ros2_ws/install/explorer_gazebo/share/explorer_gazebo//worlds/map2.world.xml
[1.314s] -- Up-to-date: /home/felipe/ros2_ws/install/explorer_gazebo/share/explorer_gazebo//worlds/map8.world.xml
[1.314s] -- Up-to-date: /home/felipe/ros2_ws/install/explorer_gazebo/share/explorer_gazebo//maps
[1.314s] -- Up-to-date: /home/felipe/ros2_ws/install/explorer_gazebo/share/explorer_gazebo//maps/map3.csv
[1.315s] -- Up-to-date: /home/felipe/ros2_ws/install/explorer_gazebo/share/explorer_gazebo//maps/map2.csv
[1.315s] -- Up-to-date: /home/felipe/ros2_ws/install/explorer_gazebo/share/explorer_gazebo//maps/map11.csv
[1.315s] -- Up-to-date: /home/felipe/ros2_ws/install/explorer_gazebo/share/explorer_gazebo//maps/map10.csv
[1.315s] -- Up-to-date: /home/felipe/ros2_ws/install/explorer_gazebo/share/explorer_gazebo//maps/map9.csv
[1.315s] -- Up-to-date: /home/felipe/ros2_ws/install/explorer_gazebo/share/explorer_gazebo//maps/map8.csv
[1.315s] -- Up-to-date: /home/felipe/ros2_ws/install/explorer_gazebo/share/explorer_gazebo//maps/map7.csv
[1.315s] -- Up-to-date: /home/felipe/ros2_ws/install/explorer_gazebo/share/explorer_gazebo//maps/map5.csv
[1.315s] -- Up-to-date: /home/felipe/ros2_ws/install/explorer_gazebo/share/explorer_gazebo//maps/map6.csv
[1.315s] -- Up-to-date: /home/felipe/ros2_ws/install/explorer_gazebo/share/explorer_gazebo//maps/map1.csv
[1.315s] -- Up-to-date: /home/felipe/ros2_ws/install/explorer_gazebo/share/explorer_gazebo//maps/map4.csv
[1.315s] -- Up-to-date: /home/felipe/ros2_ws/install/explorer_gazebo/share/ament_index/resource_index/package_run_dependencies/explorer_gazebo
[1.316s] -- Up-to-date: /home/felipe/ros2_ws/install/explorer_gazebo/share/ament_index/resource_index/parent_prefix_path/explorer_gazebo
[1.316s] -- Up-to-date: /home/felipe/ros2_ws/install/explorer_gazebo/share/explorer_gazebo/environment/ament_prefix_path.sh
[1.316s] -- Up-to-date: /home/felipe/ros2_ws/install/explorer_gazebo/share/explorer_gazebo/environment/ament_prefix_path.dsv
[1.316s] -- Up-to-date: /home/felipe/ros2_ws/install/explorer_gazebo/share/explorer_gazebo/environment/path.sh
[1.316s] -- Up-to-date: /home/felipe/ros2_ws/install/explorer_gazebo/share/explorer_gazebo/environment/path.dsv
[1.316s] -- Up-to-date: /home/felipe/ros2_ws/install/explorer_gazebo/share/explorer_gazebo/local_setup.bash
[1.316s] -- Up-to-date: /home/felipe/ros2_ws/install/explorer_gazebo/share/explorer_gazebo/local_setup.sh
[1.316s] -- Up-to-date: /home/felipe/ros2_ws/install/explorer_gazebo/share/explorer_gazebo/local_setup.zsh
[1.317s] -- Up-to-date: /home/felipe/ros2_ws/install/explorer_gazebo/share/explorer_gazebo/local_setup.dsv
[1.317s] -- Up-to-date: /home/felipe/ros2_ws/install/explorer_gazebo/share/explorer_gazebo/package.dsv
[1.318s] -- Up-to-date: /home/felipe/ros2_ws/install/explorer_gazebo/share/ament_index/resource_index/packages/explorer_gazebo
[1.318s] -- Up-to-date: /home/felipe/ros2_ws/install/explorer_gazebo/share/explorer_gazebo/cmake/explorer_gazeboConfig.cmake
[1.318s] -- Up-to-date: /home/felipe/ros2_ws/install/explorer_gazebo/share/explorer_gazebo/cmake/explorer_gazeboConfig-version.cmake
[1.318s] -- Up-to-date: /home/felipe/ros2_ws/install/explorer_gazebo/share/explorer_gazebo/package.xml
[1.365s] Invoked command in '/home/felipe/ros2_ws/build/explorer_gazebo' returned '0': CMAKE_PREFIX_PATH=${CMAKE_PREFIX_PATH}:/home/felipe/ros2_ws/install/vacuum_robot:/home/felipe/ros2_ws/install/my_py_pkg:/home/felipe/ros2_ws/install/explorer_wanderer:/home/felipe/ros2_ws/install/explorer_map_utils:/home/felipe/ros2_ws/install/explorer_bringup:/home/felipe/ros2_ws/install/auto_mapper_py:/opt/ros/humble:/home/felipe/ros2_ws/install /usr/bin/cmake --install /home/felipe/ros2_ws/build/explorer_gazebo
