[0.334s] DEBUG:colcon:Command line arguments: ['/usr/bin/colcon', 'build']
[0.334s] DEBUG:colcon:Parsed command line arguments: Namespace(log_base=None, log_level=None, verb_name='build', build_base='build', install_base='install', merge_install=False, symlink_install=False, test_result_base=None, continue_on_error=False, executor='parallel', parallel_workers=8, event_handlers=None, ignore_user_meta=False, metas=['./colcon.meta'], base_paths=['.'], packages_ignore=None, packages_ignore_regex=None, paths=None, packages_up_to=None, packages_up_to_regex=None, packages_above=None, packages_above_and_dependencies=None, packages_above_depth=None, packages_select_by_dep=None, packages_skip_by_dep=None, packages_skip_up_to=None, packages_select_build_failed=False, packages_skip_build_finished=False, packages_select_test_failures=False, packages_skip_test_passed=False, packages_select=None, packages_skip=None, packages_select_regex=None, packages_skip_regex=None, packages_start=None, packages_end=None, allow_overriding=[], cmake_args=None, cmake_target=None, cmake_target_skip_unavailable=False, cmake_clean_cache=False, cmake_clean_first=False, cmake_force_configure=False, ament_cmake_args=None, catkin_cmake_args=None, catkin_skip_building_tests=False, verb_parser=<colcon_defaults.argument_parser.defaults.DefaultArgumentsDecorator object at 0x744512d33df0>, verb_extension=<colcon_core.verb.build.BuildVerb object at 0x744512d338b0>, main=<bound method BuildVerb.main of <colcon_core.verb.build.BuildVerb object at 0x744512d338b0>>)
[0.403s] Level 1:colcon.colcon_core.package_discovery:discover_packages(colcon_meta) check parameters
[0.404s] Level 1:colcon.colcon_core.package_discovery:discover_packages(recursive) check parameters
[0.404s] Level 1:colcon.colcon_core.package_discovery:discover_packages(ignore) check parameters
[0.404s] Level 1:colcon.colcon_core.package_discovery:discover_packages(path) check parameters
[0.404s] Level 1:colcon.colcon_core.package_discovery:discover_packages(colcon_meta) discover
[0.404s] Level 1:colcon.colcon_core.package_discovery:discover_packages(recursive) discover
[0.404s] INFO:colcon.colcon_core.package_discovery:Crawling recursively for packages in '/home/felipe/ros2_ws'
[0.404s] Level 1:colcon.colcon_core.package_identification:_identify(.) by extensions ['ignore', 'ignore_ament_install']
[0.404s] Level 1:colcon.colcon_core.package_identification:_identify(.) by extension 'ignore'
[0.404s] Level 1:colcon.colcon_core.package_identification:_identify(.) by extension 'ignore_ament_install'
[0.404s] Level 1:colcon.colcon_core.package_identification:_identify(.) by extensions ['colcon_pkg']
[0.404s] Level 1:colcon.colcon_core.package_identification:_identify(.) by extension 'colcon_pkg'
[0.404s] Level 1:colcon.colcon_core.package_identification:_identify(.) by extensions ['colcon_meta']
[0.404s] Level 1:colcon.colcon_core.package_identification:_identify(.) by extension 'colcon_meta'
[0.404s] Level 1:colcon.colcon_core.package_identification:_identify(.) by extensions ['ros']
[0.404s] Level 1:colcon.colcon_core.package_identification:_identify(.) by extension 'ros'
[0.421s] Level 1:colcon.colcon_core.package_identification:_identify(.) by extensions ['cmake', 'python']
[0.421s] Level 1:colcon.colcon_core.package_identification:_identify(.) by extension 'cmake'
[0.421s] Level 1:colcon.colcon_core.package_identification:_identify(.) by extension 'python'
[0.421s] Level 1:colcon.colcon_core.package_identification:_identify(.) by extensions ['python_setup_py']
[0.421s] Level 1:colcon.colcon_core.package_identification:_identify(.) by extension 'python_setup_py'
[0.421s] Level 1:colcon.colcon_core.package_identification:_identify(build) by extensions ['ignore', 'ignore_ament_install']
[0.421s] Level 1:colcon.colcon_core.package_identification:_identify(build) by extension 'ignore'
[0.421s] Level 1:colcon.colcon_core.package_identification:_identify(build) ignored
[0.422s] Level 1:colcon.colcon_core.package_identification:_identify(install) by extensions ['ignore', 'ignore_ament_install']
[0.422s] Level 1:colcon.colcon_core.package_identification:_identify(install) by extension 'ignore'
[0.422s] Level 1:colcon.colcon_core.package_identification:_identify(install) ignored
[0.422s] Level 1:colcon.colcon_core.package_identification:_identify(log) by extensions ['ignore', 'ignore_ament_install']
[0.422s] Level 1:colcon.colcon_core.package_identification:_identify(log) by extension 'ignore'
[0.422s] Level 1:colcon.colcon_core.package_identification:_identify(log) ignored
[0.422s] Level 1:colcon.colcon_core.package_identification:_identify(src) by extensions ['ignore', 'ignore_ament_install']
[0.422s] Level 1:colcon.colcon_core.package_identification:_identify(src) by extension 'ignore'
[0.422s] Level 1:colcon.colcon_core.package_identification:_identify(src) by extension 'ignore_ament_install'
[0.422s] Level 1:colcon.colcon_core.package_identification:_identify(src) by extensions ['colcon_pkg']
[0.422s] Level 1:colcon.colcon_core.package_identification:_identify(src) by extension 'colcon_pkg'
[0.422s] Level 1:colcon.colcon_core.package_identification:_identify(src) by extensions ['colcon_meta']
[0.422s] Level 1:colcon.colcon_core.package_identification:_identify(src) by extension 'colcon_meta'
[0.422s] Level 1:colcon.colcon_core.package_identification:_identify(src) by extensions ['ros']
[0.422s] Level 1:colcon.colcon_core.package_identification:_identify(src) by extension 'ros'
[0.423s] Level 1:colcon.colcon_core.package_identification:_identify(src) by extensions ['cmake', 'python']
[0.423s] Level 1:colcon.colcon_core.package_identification:_identify(src) by extension 'cmake'
[0.423s] Level 1:colcon.colcon_core.package_identification:_identify(src) by extension 'python'
[0.423s] Level 1:colcon.colcon_core.package_identification:_identify(src) by extensions ['python_setup_py']
[0.423s] Level 1:colcon.colcon_core.package_identification:_identify(src) by extension 'python_setup_py'
[0.423s] Level 1:colcon.colcon_core.package_identification:_identify(src/Autonomous-Navigation-and-Path-planning-on-ROS2-using-Dijkstra-and-SLAM) by extensions ['ignore', 'ignore_ament_install']
[0.423s] Level 1:colcon.colcon_core.package_identification:_identify(src/Autonomous-Navigation-and-Path-planning-on-ROS2-using-Dijkstra-and-SLAM) by extension 'ignore'
[0.423s] Level 1:colcon.colcon_core.package_identification:_identify(src/Autonomous-Navigation-and-Path-planning-on-ROS2-using-Dijkstra-and-SLAM) by extension 'ignore_ament_install'
[0.423s] Level 1:colcon.colcon_core.package_identification:_identify(src/Autonomous-Navigation-and-Path-planning-on-ROS2-using-Dijkstra-and-SLAM) by extensions ['colcon_pkg']
[0.423s] Level 1:colcon.colcon_core.package_identification:_identify(src/Autonomous-Navigation-and-Path-planning-on-ROS2-using-Dijkstra-and-SLAM) by extension 'colcon_pkg'
[0.423s] Level 1:colcon.colcon_core.package_identification:_identify(src/Autonomous-Navigation-and-Path-planning-on-ROS2-using-Dijkstra-and-SLAM) by extensions ['colcon_meta']
[0.423s] Level 1:colcon.colcon_core.package_identification:_identify(src/Autonomous-Navigation-and-Path-planning-on-ROS2-using-Dijkstra-and-SLAM) by extension 'colcon_meta'
[0.423s] Level 1:colcon.colcon_core.package_identification:_identify(src/Autonomous-Navigation-and-Path-planning-on-ROS2-using-Dijkstra-and-SLAM) by extensions ['ros']
[0.423s] Level 1:colcon.colcon_core.package_identification:_identify(src/Autonomous-Navigation-and-Path-planning-on-ROS2-using-Dijkstra-and-SLAM) by extension 'ros'
[0.423s] Level 1:colcon.colcon_core.package_identification:_identify(src/Autonomous-Navigation-and-Path-planning-on-ROS2-using-Dijkstra-and-SLAM) by extensions ['cmake', 'python']
[0.423s] Level 1:colcon.colcon_core.package_identification:_identify(src/Autonomous-Navigation-and-Path-planning-on-ROS2-using-Dijkstra-and-SLAM) by extension 'cmake'
[0.423s] Level 1:colcon.colcon_core.package_identification:_identify(src/Autonomous-Navigation-and-Path-planning-on-ROS2-using-Dijkstra-and-SLAM) by extension 'python'
[0.423s] Level 1:colcon.colcon_core.package_identification:_identify(src/Autonomous-Navigation-and-Path-planning-on-ROS2-using-Dijkstra-and-SLAM) by extensions ['python_setup_py']
[0.423s] Level 1:colcon.colcon_core.package_identification:_identify(src/Autonomous-Navigation-and-Path-planning-on-ROS2-using-Dijkstra-and-SLAM) by extension 'python_setup_py'
[0.423s] Level 1:colcon.colcon_core.package_identification:_identify(src/Autonomous-Navigation-and-Path-planning-on-ROS2-using-Dijkstra-and-SLAM/maps) by extensions ['ignore', 'ignore_ament_install']
[0.424s] Level 1:colcon.colcon_core.package_identification:_identify(src/Autonomous-Navigation-and-Path-planning-on-ROS2-using-Dijkstra-and-SLAM/maps) by extension 'ignore'
[0.424s] Level 1:colcon.colcon_core.package_identification:_identify(src/Autonomous-Navigation-and-Path-planning-on-ROS2-using-Dijkstra-and-SLAM/maps) by extension 'ignore_ament_install'
[0.424s] Level 1:colcon.colcon_core.package_identification:_identify(src/Autonomous-Navigation-and-Path-planning-on-ROS2-using-Dijkstra-and-SLAM/maps) by extensions ['colcon_pkg']
[0.424s] Level 1:colcon.colcon_core.package_identification:_identify(src/Autonomous-Navigation-and-Path-planning-on-ROS2-using-Dijkstra-and-SLAM/maps) by extension 'colcon_pkg'
[0.424s] Level 1:colcon.colcon_core.package_identification:_identify(src/Autonomous-Navigation-and-Path-planning-on-ROS2-using-Dijkstra-and-SLAM/maps) by extensions ['colcon_meta']
[0.424s] Level 1:colcon.colcon_core.package_identification:_identify(src/Autonomous-Navigation-and-Path-planning-on-ROS2-using-Dijkstra-and-SLAM/maps) by extension 'colcon_meta'
[0.424s] Level 1:colcon.colcon_core.package_identification:_identify(src/Autonomous-Navigation-and-Path-planning-on-ROS2-using-Dijkstra-and-SLAM/maps) by extensions ['ros']
[0.424s] Level 1:colcon.colcon_core.package_identification:_identify(src/Autonomous-Navigation-and-Path-planning-on-ROS2-using-Dijkstra-and-SLAM/maps) by extension 'ros'
[0.424s] Level 1:colcon.colcon_core.package_identification:_identify(src/Autonomous-Navigation-and-Path-planning-on-ROS2-using-Dijkstra-and-SLAM/maps) by extensions ['cmake', 'python']
[0.424s] Level 1:colcon.colcon_core.package_identification:_identify(src/Autonomous-Navigation-and-Path-planning-on-ROS2-using-Dijkstra-and-SLAM/maps) by extension 'cmake'
[0.424s] Level 1:colcon.colcon_core.package_identification:_identify(src/Autonomous-Navigation-and-Path-planning-on-ROS2-using-Dijkstra-and-SLAM/maps) by extension 'python'
[0.424s] Level 1:colcon.colcon_core.package_identification:_identify(src/Autonomous-Navigation-and-Path-planning-on-ROS2-using-Dijkstra-and-SLAM/maps) by extensions ['python_setup_py']
[0.424s] Level 1:colcon.colcon_core.package_identification:_identify(src/Autonomous-Navigation-and-Path-planning-on-ROS2-using-Dijkstra-and-SLAM/maps) by extension 'python_setup_py'
[0.424s] Level 1:colcon.colcon_core.package_identification:_identify(src/Autonomous-Navigation-and-Path-planning-on-ROS2-using-Dijkstra-and-SLAM/my_py_pkg) by extensions ['ignore', 'ignore_ament_install']
[0.424s] Level 1:colcon.colcon_core.package_identification:_identify(src/Autonomous-Navigation-and-Path-planning-on-ROS2-using-Dijkstra-and-SLAM/my_py_pkg) by extension 'ignore'
[0.424s] Level 1:colcon.colcon_core.package_identification:_identify(src/Autonomous-Navigation-and-Path-planning-on-ROS2-using-Dijkstra-and-SLAM/my_py_pkg) by extension 'ignore_ament_install'
[0.424s] Level 1:colcon.colcon_core.package_identification:_identify(src/Autonomous-Navigation-and-Path-planning-on-ROS2-using-Dijkstra-and-SLAM/my_py_pkg) by extensions ['colcon_pkg']
[0.424s] Level 1:colcon.colcon_core.package_identification:_identify(src/Autonomous-Navigation-and-Path-planning-on-ROS2-using-Dijkstra-and-SLAM/my_py_pkg) by extension 'colcon_pkg'
[0.424s] Level 1:colcon.colcon_core.package_identification:_identify(src/Autonomous-Navigation-and-Path-planning-on-ROS2-using-Dijkstra-and-SLAM/my_py_pkg) by extensions ['colcon_meta']
[0.424s] Level 1:colcon.colcon_core.package_identification:_identify(src/Autonomous-Navigation-and-Path-planning-on-ROS2-using-Dijkstra-and-SLAM/my_py_pkg) by extension 'colcon_meta'
[0.425s] Level 1:colcon.colcon_core.package_identification:_identify(src/Autonomous-Navigation-and-Path-planning-on-ROS2-using-Dijkstra-and-SLAM/my_py_pkg) by extensions ['ros']
[0.425s] Level 1:colcon.colcon_core.package_identification:_identify(src/Autonomous-Navigation-and-Path-planning-on-ROS2-using-Dijkstra-and-SLAM/my_py_pkg) by extension 'ros'
[0.428s] DEBUG:colcon.colcon_core.package_identification:Package 'src/Autonomous-Navigation-and-Path-planning-on-ROS2-using-Dijkstra-and-SLAM/my_py_pkg' with type 'ros.ament_python' and name 'my_py_pkg'
[0.428s] Level 1:colcon.colcon_core.package_identification:_identify(src/Autonomous-Navigation-and-Path-planning-on-ROS2-using-Dijkstra-and-SLAM/turtlbot3_custom) by extensions ['ignore', 'ignore_ament_install']
[0.428s] Level 1:colcon.colcon_core.package_identification:_identify(src/Autonomous-Navigation-and-Path-planning-on-ROS2-using-Dijkstra-and-SLAM/turtlbot3_custom) by extension 'ignore'
[0.428s] Level 1:colcon.colcon_core.package_identification:_identify(src/Autonomous-Navigation-and-Path-planning-on-ROS2-using-Dijkstra-and-SLAM/turtlbot3_custom) by extension 'ignore_ament_install'
[0.428s] Level 1:colcon.colcon_core.package_identification:_identify(src/Autonomous-Navigation-and-Path-planning-on-ROS2-using-Dijkstra-and-SLAM/turtlbot3_custom) by extensions ['colcon_pkg']
[0.429s] Level 1:colcon.colcon_core.package_identification:_identify(src/Autonomous-Navigation-and-Path-planning-on-ROS2-using-Dijkstra-and-SLAM/turtlbot3_custom) by extension 'colcon_pkg'
[0.429s] Level 1:colcon.colcon_core.package_identification:_identify(src/Autonomous-Navigation-and-Path-planning-on-ROS2-using-Dijkstra-and-SLAM/turtlbot3_custom) by extensions ['colcon_meta']
[0.429s] Level 1:colcon.colcon_core.package_identification:_identify(src/Autonomous-Navigation-and-Path-planning-on-ROS2-using-Dijkstra-and-SLAM/turtlbot3_custom) by extension 'colcon_meta'
[0.429s] Level 1:colcon.colcon_core.package_identification:_identify(src/Autonomous-Navigation-and-Path-planning-on-ROS2-using-Dijkstra-and-SLAM/turtlbot3_custom) by extensions ['ros']
[0.429s] Level 1:colcon.colcon_core.package_identification:_identify(src/Autonomous-Navigation-and-Path-planning-on-ROS2-using-Dijkstra-and-SLAM/turtlbot3_custom) by extension 'ros'
[0.430s] DEBUG:colcon.colcon_core.package_identification:Package 'src/Autonomous-Navigation-and-Path-planning-on-ROS2-using-Dijkstra-and-SLAM/turtlbot3_custom' with type 'ros.ament_cmake' and name 'turtlbot3_custom'
[0.430s] Level 1:colcon.colcon_core.package_identification:_identify(src/vacuum_robot) by extensions ['ignore', 'ignore_ament_install']
[0.430s] Level 1:colcon.colcon_core.package_identification:_identify(src/vacuum_robot) by extension 'ignore'
[0.430s] Level 1:colcon.colcon_core.package_identification:_identify(src/vacuum_robot) by extension 'ignore_ament_install'
[0.430s] Level 1:colcon.colcon_core.package_identification:_identify(src/vacuum_robot) by extensions ['colcon_pkg']
[0.430s] Level 1:colcon.colcon_core.package_identification:_identify(src/vacuum_robot) by extension 'colcon_pkg'
[0.430s] Level 1:colcon.colcon_core.package_identification:_identify(src/vacuum_robot) by extensions ['colcon_meta']
[0.430s] Level 1:colcon.colcon_core.package_identification:_identify(src/vacuum_robot) by extension 'colcon_meta'
[0.430s] Level 1:colcon.colcon_core.package_identification:_identify(src/vacuum_robot) by extensions ['ros']
[0.430s] Level 1:colcon.colcon_core.package_identification:_identify(src/vacuum_robot) by extension 'ros'
[0.431s] DEBUG:colcon.colcon_core.package_identification:Package 'src/vacuum_robot' with type 'ros.ament_python' and name 'vacuum_robot'
[0.431s] Level 1:colcon.colcon_core.package_discovery:discover_packages(recursive) using defaults
[0.431s] Level 1:colcon.colcon_core.package_discovery:discover_packages(ignore) discover
[0.431s] Level 1:colcon.colcon_core.package_discovery:discover_packages(ignore) using defaults
[0.431s] Level 1:colcon.colcon_core.package_discovery:discover_packages(path) discover
[0.431s] Level 1:colcon.colcon_core.package_discovery:discover_packages(path) using defaults
[0.459s] Level 1:colcon.colcon_core.package_discovery:discover_packages(prefix_path) check parameters
[0.459s] Level 1:colcon.colcon_core.package_discovery:discover_packages(prefix_path) discover
[0.463s] DEBUG:colcon.colcon_installed_package_information.package_discovery:Found 1 installed packages in /home/felipe/ros2_ws/install
[0.464s] DEBUG:colcon.colcon_installed_package_information.package_discovery:Found 404 installed packages in /opt/ros/humble
[0.466s] Level 1:colcon.colcon_core.package_discovery:discover_packages(prefix_path) using defaults
[0.514s] Level 5:colcon.colcon_core.verb:set package 'my_py_pkg' build argument 'cmake_args' from command line to 'None'
[0.514s] Level 5:colcon.colcon_core.verb:set package 'my_py_pkg' build argument 'cmake_target' from command line to 'None'
[0.514s] Level 5:colcon.colcon_core.verb:set package 'my_py_pkg' build argument 'cmake_target_skip_unavailable' from command line to 'False'
[0.514s] Level 5:colcon.colcon_core.verb:set package 'my_py_pkg' build argument 'cmake_clean_cache' from command line to 'False'
[0.514s] Level 5:colcon.colcon_core.verb:set package 'my_py_pkg' build argument 'cmake_clean_first' from command line to 'False'
[0.514s] Level 5:colcon.colcon_core.verb:set package 'my_py_pkg' build argument 'cmake_force_configure' from command line to 'False'
[0.514s] Level 5:colcon.colcon_core.verb:set package 'my_py_pkg' build argument 'ament_cmake_args' from command line to 'None'
[0.514s] Level 5:colcon.colcon_core.verb:set package 'my_py_pkg' build argument 'catkin_cmake_args' from command line to 'None'
[0.514s] Level 5:colcon.colcon_core.verb:set package 'my_py_pkg' build argument 'catkin_skip_building_tests' from command line to 'False'
[0.515s] DEBUG:colcon.colcon_core.verb:Building package 'my_py_pkg' with the following arguments: {'ament_cmake_args': None, 'build_base': '/home/felipe/ros2_ws/build/my_py_pkg', 'catkin_cmake_args': None, 'catkin_skip_building_tests': False, 'cmake_args': None, 'cmake_clean_cache': False, 'cmake_clean_first': False, 'cmake_force_configure': False, 'cmake_target': None, 'cmake_target_skip_unavailable': False, 'install_base': '/home/felipe/ros2_ws/install/my_py_pkg', 'merge_install': False, 'path': '/home/felipe/ros2_ws/src/Autonomous-Navigation-and-Path-planning-on-ROS2-using-Dijkstra-and-SLAM/my_py_pkg', 'symlink_install': False, 'test_result_base': None}
[0.515s] Level 5:colcon.colcon_core.verb:set package 'vacuum_robot' build argument 'cmake_args' from command line to 'None'
[0.515s] Level 5:colcon.colcon_core.verb:set package 'vacuum_robot' build argument 'cmake_target' from command line to 'None'
[0.515s] Level 5:colcon.colcon_core.verb:set package 'vacuum_robot' build argument 'cmake_target_skip_unavailable' from command line to 'False'
[0.515s] Level 5:colcon.colcon_core.verb:set package 'vacuum_robot' build argument 'cmake_clean_cache' from command line to 'False'
[0.515s] Level 5:colcon.colcon_core.verb:set package 'vacuum_robot' build argument 'cmake_clean_first' from command line to 'False'
[0.515s] Level 5:colcon.colcon_core.verb:set package 'vacuum_robot' build argument 'cmake_force_configure' from command line to 'False'
[0.515s] Level 5:colcon.colcon_core.verb:set package 'vacuum_robot' build argument 'ament_cmake_args' from command line to 'None'
[0.515s] Level 5:colcon.colcon_core.verb:set package 'vacuum_robot' build argument 'catkin_cmake_args' from command line to 'None'
[0.515s] Level 5:colcon.colcon_core.verb:set package 'vacuum_robot' build argument 'catkin_skip_building_tests' from command line to 'False'
[0.515s] DEBUG:colcon.colcon_core.verb:Building package 'vacuum_robot' with the following arguments: {'ament_cmake_args': None, 'build_base': '/home/felipe/ros2_ws/build/vacuum_robot', 'catkin_cmake_args': None, 'catkin_skip_building_tests': False, 'cmake_args': None, 'cmake_clean_cache': False, 'cmake_clean_first': False, 'cmake_force_configure': False, 'cmake_target': None, 'cmake_target_skip_unavailable': False, 'install_base': '/home/felipe/ros2_ws/install/vacuum_robot', 'merge_install': False, 'path': '/home/felipe/ros2_ws/src/vacuum_robot', 'symlink_install': False, 'test_result_base': None}
[0.515s] Level 5:colcon.colcon_core.verb:set package 'turtlbot3_custom' build argument 'cmake_args' from command line to 'None'
[0.515s] Level 5:colcon.colcon_core.verb:set package 'turtlbot3_custom' build argument 'cmake_target' from command line to 'None'
[0.516s] Level 5:colcon.colcon_core.verb:set package 'turtlbot3_custom' build argument 'cmake_target_skip_unavailable' from command line to 'False'
[0.516s] Level 5:colcon.colcon_core.verb:set package 'turtlbot3_custom' build argument 'cmake_clean_cache' from command line to 'False'
[0.516s] Level 5:colcon.colcon_core.verb:set package 'turtlbot3_custom' build argument 'cmake_clean_first' from command line to 'False'
[0.516s] Level 5:colcon.colcon_core.verb:set package 'turtlbot3_custom' build argument 'cmake_force_configure' from command line to 'False'
[0.516s] Level 5:colcon.colcon_core.verb:set package 'turtlbot3_custom' build argument 'ament_cmake_args' from command line to 'None'
[0.516s] Level 5:colcon.colcon_core.verb:set package 'turtlbot3_custom' build argument 'catkin_cmake_args' from command line to 'None'
[0.516s] Level 5:colcon.colcon_core.verb:set package 'turtlbot3_custom' build argument 'catkin_skip_building_tests' from command line to 'False'
[0.516s] DEBUG:colcon.colcon_core.verb:Building package 'turtlbot3_custom' with the following arguments: {'ament_cmake_args': None, 'build_base': '/home/felipe/ros2_ws/build/turtlbot3_custom', 'catkin_cmake_args': None, 'catkin_skip_building_tests': False, 'cmake_args': None, 'cmake_clean_cache': False, 'cmake_clean_first': False, 'cmake_force_configure': False, 'cmake_target': None, 'cmake_target_skip_unavailable': False, 'install_base': '/home/felipe/ros2_ws/install/turtlbot3_custom', 'merge_install': False, 'path': '/home/felipe/ros2_ws/src/Autonomous-Navigation-and-Path-planning-on-ROS2-using-Dijkstra-and-SLAM/turtlbot3_custom', 'symlink_install': False, 'test_result_base': None}
[0.516s] INFO:colcon.colcon_core.executor:Executing jobs using 'parallel' executor
[0.517s] DEBUG:colcon.colcon_parallel_executor.executor.parallel:run_until_complete
[0.517s] INFO:colcon.colcon_ros.task.ament_python.build:Building ROS package in '/home/felipe/ros2_ws/src/Autonomous-Navigation-and-Path-planning-on-ROS2-using-Dijkstra-and-SLAM/my_py_pkg' with build type 'ament_python'
[0.517s] Level 1:colcon.colcon_core.shell:create_environment_hook('my_py_pkg', 'ament_prefix_path')
[0.521s] INFO:colcon.colcon_core.plugin_system:Skipping extension 'colcon_core.shell.bat': Not used on non-Windows systems
[0.521s] INFO:colcon.colcon_core.shell:Creating environment hook '/home/felipe/ros2_ws/install/my_py_pkg/share/my_py_pkg/hook/ament_prefix_path.ps1'
[0.522s] INFO:colcon.colcon_core.shell:Creating environment descriptor '/home/felipe/ros2_ws/install/my_py_pkg/share/my_py_pkg/hook/ament_prefix_path.dsv'
[0.523s] INFO:colcon.colcon_core.shell:Creating environment hook '/home/felipe/ros2_ws/install/my_py_pkg/share/my_py_pkg/hook/ament_prefix_path.sh'
[0.524s] INFO:colcon.colcon_core.shell:Skip shell extension 'powershell' for command environment: Not usable outside of PowerShell
[0.524s] DEBUG:colcon.colcon_core.shell:Skip shell extension 'dsv' for command environment
[0.527s] INFO:colcon.colcon_ros.task.ament_python.build:Building ROS package in '/home/felipe/ros2_ws/src/vacuum_robot' with build type 'ament_python'
[0.527s] Level 1:colcon.colcon_core.shell:create_environment_hook('vacuum_robot', 'ament_prefix_path')
[0.527s] INFO:colcon.colcon_core.shell:Creating environment hook '/home/felipe/ros2_ws/install/vacuum_robot/share/vacuum_robot/hook/ament_prefix_path.ps1'
[0.528s] INFO:colcon.colcon_core.shell:Creating environment descriptor '/home/felipe/ros2_ws/install/vacuum_robot/share/vacuum_robot/hook/ament_prefix_path.dsv'
[0.528s] INFO:colcon.colcon_core.shell:Creating environment hook '/home/felipe/ros2_ws/install/vacuum_robot/share/vacuum_robot/hook/ament_prefix_path.sh'
[0.529s] INFO:colcon.colcon_core.shell:Skip shell extension 'powershell' for command environment: Not usable outside of PowerShell
[0.529s] DEBUG:colcon.colcon_core.shell:Skip shell extension 'dsv' for command environment
[0.769s] INFO:colcon.colcon_core.task.python.build:Building Python package in '/home/felipe/ros2_ws/src/Autonomous-Navigation-and-Path-planning-on-ROS2-using-Dijkstra-and-SLAM/my_py_pkg'
[0.769s] INFO:colcon.colcon_core.shell:Skip shell extension 'powershell' for command environment: Not usable outside of PowerShell
[0.769s] DEBUG:colcon.colcon_core.shell:Skip shell extension 'dsv' for command environment
[1.001s] INFO:colcon.colcon_core.task.python.build:Building Python package in '/home/felipe/ros2_ws/src/vacuum_robot'
[1.001s] INFO:colcon.colcon_core.shell:Skip shell extension 'powershell' for command environment: Not usable outside of PowerShell
[1.001s] DEBUG:colcon.colcon_core.shell:Skip shell extension 'dsv' for command environment
[1.747s] DEBUG:colcon.colcon_core.event_handler.log_command:Invoking command in '/home/felipe/ros2_ws/src/Autonomous-Navigation-and-Path-planning-on-ROS2-using-Dijkstra-and-SLAM/my_py_pkg': PYTHONPATH=/home/felipe/ros2_ws/build/my_py_pkg/prefix_override:/usr/lib/python3/dist-packages/colcon_core/task/python/colcon_distutils_commands:/home/felipe/ros2_ws/install/my_py_pkg/lib/python3.10/site-packages:${PYTHONPATH} /usr/bin/python3 -W ignore:setup.py install is deprecated -W ignore:easy_install command is deprecated setup.py egg_info --egg-base ../../../build/my_py_pkg build --build-base /home/felipe/ros2_ws/build/my_py_pkg/build install --record /home/felipe/ros2_ws/build/my_py_pkg/install.log --single-version-externally-managed install_data
[1.751s] DEBUG:colcon.colcon_core.event_handler.log_command:Invoking command in '/home/felipe/ros2_ws/build/vacuum_robot': PYTHONPATH=/home/felipe/ros2_ws/build/vacuum_robot/prefix_override:/usr/lib/python3/dist-packages/colcon_core/task/python/colcon_distutils_commands:/home/felipe/ros2_ws/install/vacuum_robot/lib/python3.10/site-packages:${PYTHONPATH} /usr/bin/python3 -W ignore:setup.py install is deprecated -W ignore:easy_install command is deprecated setup.py develop --uninstall --editable --build-directory /home/felipe/ros2_ws/build/vacuum_robot/build
[2.423s] DEBUG:colcon.colcon_core.event_handler.log_command:Invoked command in '/home/felipe/ros2_ws/src/Autonomous-Navigation-and-Path-planning-on-ROS2-using-Dijkstra-and-SLAM/my_py_pkg' returned '0': PYTHONPATH=/home/felipe/ros2_ws/build/my_py_pkg/prefix_override:/usr/lib/python3/dist-packages/colcon_core/task/python/colcon_distutils_commands:/home/felipe/ros2_ws/install/my_py_pkg/lib/python3.10/site-packages:${PYTHONPATH} /usr/bin/python3 -W ignore:setup.py install is deprecated -W ignore:easy_install command is deprecated setup.py egg_info --egg-base ../../../build/my_py_pkg build --build-base /home/felipe/ros2_ws/build/my_py_pkg/build install --record /home/felipe/ros2_ws/build/my_py_pkg/install.log --single-version-externally-managed install_data
[2.427s] Level 1:colcon.colcon_core.environment:checking '/home/felipe/ros2_ws/install/my_py_pkg' for CMake module files
[2.427s] Level 1:colcon.colcon_core.environment:checking '/home/felipe/ros2_ws/install/my_py_pkg' for CMake config files
[2.428s] Level 1:colcon.colcon_core.environment:checking '/home/felipe/ros2_ws/install/my_py_pkg/lib'
[2.428s] Level 1:colcon.colcon_core.environment:checking '/home/felipe/ros2_ws/install/my_py_pkg/bin'
[2.428s] Level 1:colcon.colcon_core.environment:checking '/home/felipe/ros2_ws/install/my_py_pkg/lib/pkgconfig/my_py_pkg.pc'
[2.428s] Level 1:colcon.colcon_core.environment:checking '/home/felipe/ros2_ws/install/my_py_pkg/lib/python3.10/site-packages'
[2.428s] Level 1:colcon.colcon_core.shell:create_environment_hook('my_py_pkg', 'pythonpath')
[2.428s] INFO:colcon.colcon_core.shell:Creating environment hook '/home/felipe/ros2_ws/install/my_py_pkg/share/my_py_pkg/hook/pythonpath.ps1'
[2.429s] INFO:colcon.colcon_core.shell:Creating environment descriptor '/home/felipe/ros2_ws/install/my_py_pkg/share/my_py_pkg/hook/pythonpath.dsv'
[2.429s] INFO:colcon.colcon_core.shell:Creating environment hook '/home/felipe/ros2_ws/install/my_py_pkg/share/my_py_pkg/hook/pythonpath.sh'
[2.429s] Level 1:colcon.colcon_core.environment:checking '/home/felipe/ros2_ws/install/my_py_pkg/bin'
[2.430s] Level 1:colcon.colcon_core.environment:create_environment_scripts_only(my_py_pkg)
[2.430s] INFO:colcon.colcon_core.shell:Creating package script '/home/felipe/ros2_ws/install/my_py_pkg/share/my_py_pkg/package.ps1'
[2.431s] INFO:colcon.colcon_core.shell:Creating package descriptor '/home/felipe/ros2_ws/install/my_py_pkg/share/my_py_pkg/package.dsv'
[2.431s] INFO:colcon.colcon_core.shell:Creating package script '/home/felipe/ros2_ws/install/my_py_pkg/share/my_py_pkg/package.sh'
[2.432s] INFO:colcon.colcon_core.shell:Creating package script '/home/felipe/ros2_ws/install/my_py_pkg/share/my_py_pkg/package.bash'
[2.433s] INFO:colcon.colcon_core.shell:Creating package script '/home/felipe/ros2_ws/install/my_py_pkg/share/my_py_pkg/package.zsh'
[2.434s] Level 1:colcon.colcon_core.environment:create_file_with_runtime_dependencies(/home/felipe/ros2_ws/install/my_py_pkg/share/colcon-core/packages/my_py_pkg)
[2.434s] INFO:colcon.colcon_ros.task.ament_cmake.build:Building ROS package in '/home/felipe/ros2_ws/src/Autonomous-Navigation-and-Path-planning-on-ROS2-using-Dijkstra-and-SLAM/turtlbot3_custom' with build type 'ament_cmake'
[2.434s] INFO:colcon.colcon_cmake.task.cmake.build:Building CMake package in '/home/felipe/ros2_ws/src/Autonomous-Navigation-and-Path-planning-on-ROS2-using-Dijkstra-and-SLAM/turtlbot3_custom'
[2.435s] INFO:colcon.colcon_core.shell:Skip shell extension 'powershell' for command environment: Not usable outside of PowerShell
[2.435s] DEBUG:colcon.colcon_core.shell:Skip shell extension 'dsv' for command environment
[2.443s] DEBUG:colcon.colcon_core.event_handler.log_command:Invoking command in '/home/felipe/ros2_ws/build/turtlbot3_custom': AMENT_PREFIX_PATH=/home/felipe/ros2_ws/install/my_py_pkg:${AMENT_PREFIX_PATH} CMAKE_PREFIX_PATH=/home/felipe/ros2_ws/install/vacuum_robot:/opt/ros/humble:/home/felipe/ros2_ws/install PYTHONPATH=/home/felipe/ros2_ws/install/my_py_pkg/lib/python3.10/site-packages:${PYTHONPATH} /usr/bin/cmake /home/felipe/ros2_ws/src/Autonomous-Navigation-and-Path-planning-on-ROS2-using-Dijkstra-and-SLAM/turtlbot3_custom -DCMAKE_INSTALL_PREFIX=/home/felipe/ros2_ws/install/turtlbot3_custom
[2.483s] DEBUG:colcon.colcon_core.event_handler.log_command:Invoked command in '/home/felipe/ros2_ws/build/vacuum_robot' returned '0': PYTHONPATH=/home/felipe/ros2_ws/build/vacuum_robot/prefix_override:/usr/lib/python3/dist-packages/colcon_core/task/python/colcon_distutils_commands:/home/felipe/ros2_ws/install/vacuum_robot/lib/python3.10/site-packages:${PYTHONPATH} /usr/bin/python3 -W ignore:setup.py install is deprecated -W ignore:easy_install command is deprecated setup.py develop --uninstall --editable --build-directory /home/felipe/ros2_ws/build/vacuum_robot/build
[2.484s] DEBUG:colcon.colcon_core.event_handler.log_command:Invoking command in '/home/felipe/ros2_ws/src/vacuum_robot': PYTHONPATH=/home/felipe/ros2_ws/build/vacuum_robot/prefix_override:/usr/lib/python3/dist-packages/colcon_core/task/python/colcon_distutils_commands:/home/felipe/ros2_ws/install/vacuum_robot/lib/python3.10/site-packages:${PYTHONPATH} /usr/bin/python3 -W ignore:setup.py install is deprecated -W ignore:easy_install command is deprecated setup.py egg_info --egg-base ../../build/vacuum_robot build --build-base /home/felipe/ros2_ws/build/vacuum_robot/build install --record /home/felipe/ros2_ws/build/vacuum_robot/install.log --single-version-externally-managed install_data --force
[3.160s] Level 1:colcon.colcon_core.environment:checking '/home/felipe/ros2_ws/install/vacuum_robot' for CMake module files
[3.161s] DEBUG:colcon.colcon_core.event_handler.log_command:Invoked command in '/home/felipe/ros2_ws/src/vacuum_robot' returned '0': PYTHONPATH=/home/felipe/ros2_ws/build/vacuum_robot/prefix_override:/usr/lib/python3/dist-packages/colcon_core/task/python/colcon_distutils_commands:/home/felipe/ros2_ws/install/vacuum_robot/lib/python3.10/site-packages:${PYTHONPATH} /usr/bin/python3 -W ignore:setup.py install is deprecated -W ignore:easy_install command is deprecated setup.py egg_info --egg-base ../../build/vacuum_robot build --build-base /home/felipe/ros2_ws/build/vacuum_robot/build install --record /home/felipe/ros2_ws/build/vacuum_robot/install.log --single-version-externally-managed install_data --force
[3.161s] Level 1:colcon.colcon_core.environment:checking '/home/felipe/ros2_ws/install/vacuum_robot' for CMake config files
[3.162s] Level 1:colcon.colcon_core.environment:checking '/home/felipe/ros2_ws/install/vacuum_robot/lib'
[3.162s] Level 1:colcon.colcon_core.environment:checking '/home/felipe/ros2_ws/install/vacuum_robot/bin'
[3.162s] Level 1:colcon.colcon_core.environment:checking '/home/felipe/ros2_ws/install/vacuum_robot/lib/pkgconfig/vacuum_robot.pc'
[3.162s] Level 1:colcon.colcon_core.environment:checking '/home/felipe/ros2_ws/install/vacuum_robot/lib/python3.10/site-packages'
[3.162s] Level 1:colcon.colcon_core.shell:create_environment_hook('vacuum_robot', 'pythonpath')
[3.162s] INFO:colcon.colcon_core.shell:Creating environment hook '/home/felipe/ros2_ws/install/vacuum_robot/share/vacuum_robot/hook/pythonpath.ps1'
[3.163s] INFO:colcon.colcon_core.shell:Creating environment descriptor '/home/felipe/ros2_ws/install/vacuum_robot/share/vacuum_robot/hook/pythonpath.dsv'
[3.163s] INFO:colcon.colcon_core.shell:Creating environment hook '/home/felipe/ros2_ws/install/vacuum_robot/share/vacuum_robot/hook/pythonpath.sh'
[3.164s] Level 1:colcon.colcon_core.environment:checking '/home/felipe/ros2_ws/install/vacuum_robot/bin'
[3.164s] Level 1:colcon.colcon_core.environment:create_environment_scripts_only(vacuum_robot)
[3.164s] INFO:colcon.colcon_core.shell:Creating package script '/home/felipe/ros2_ws/install/vacuum_robot/share/vacuum_robot/package.ps1'
[3.164s] INFO:colcon.colcon_core.shell:Creating package descriptor '/home/felipe/ros2_ws/install/vacuum_robot/share/vacuum_robot/package.dsv'
[3.165s] INFO:colcon.colcon_core.shell:Creating package script '/home/felipe/ros2_ws/install/vacuum_robot/share/vacuum_robot/package.sh'
[3.165s] INFO:colcon.colcon_core.shell:Creating package script '/home/felipe/ros2_ws/install/vacuum_robot/share/vacuum_robot/package.bash'
[3.166s] INFO:colcon.colcon_core.shell:Creating package script '/home/felipe/ros2_ws/install/vacuum_robot/share/vacuum_robot/package.zsh'
[3.166s] Level 1:colcon.colcon_core.environment:create_file_with_runtime_dependencies(/home/felipe/ros2_ws/install/vacuum_robot/share/colcon-core/packages/vacuum_robot)
[3.466s] DEBUG:colcon.colcon_core.event_handler.log_command:Invoked command in '/home/felipe/ros2_ws/build/turtlbot3_custom' returned '0': AMENT_PREFIX_PATH=/home/felipe/ros2_ws/install/my_py_pkg:${AMENT_PREFIX_PATH} CMAKE_PREFIX_PATH=/home/felipe/ros2_ws/install/vacuum_robot:/opt/ros/humble:/home/felipe/ros2_ws/install PYTHONPATH=/home/felipe/ros2_ws/install/my_py_pkg/lib/python3.10/site-packages:${PYTHONPATH} /usr/bin/cmake /home/felipe/ros2_ws/src/Autonomous-Navigation-and-Path-planning-on-ROS2-using-Dijkstra-and-SLAM/turtlbot3_custom -DCMAKE_INSTALL_PREFIX=/home/felipe/ros2_ws/install/turtlbot3_custom
[3.467s] DEBUG:colcon.colcon_core.event_handler.log_command:Invoking command in '/home/felipe/ros2_ws/build/turtlbot3_custom': AMENT_PREFIX_PATH=/home/felipe/ros2_ws/install/my_py_pkg:${AMENT_PREFIX_PATH} CMAKE_PREFIX_PATH=/home/felipe/ros2_ws/install/vacuum_robot:/opt/ros/humble:/home/felipe/ros2_ws/install PYTHONPATH=/home/felipe/ros2_ws/install/my_py_pkg/lib/python3.10/site-packages:${PYTHONPATH} /usr/bin/cmake --build /home/felipe/ros2_ws/build/turtlbot3_custom -- -j8 -l8
[3.498s] DEBUG:colcon.colcon_core.event_handler.log_command:Invoked command in '/home/felipe/ros2_ws/build/turtlbot3_custom' returned '0': AMENT_PREFIX_PATH=/home/felipe/ros2_ws/install/my_py_pkg:${AMENT_PREFIX_PATH} CMAKE_PREFIX_PATH=/home/felipe/ros2_ws/install/vacuum_robot:/opt/ros/humble:/home/felipe/ros2_ws/install PYTHONPATH=/home/felipe/ros2_ws/install/my_py_pkg/lib/python3.10/site-packages:${PYTHONPATH} /usr/bin/cmake --build /home/felipe/ros2_ws/build/turtlbot3_custom -- -j8 -l8
[3.507s] DEBUG:colcon.colcon_core.event_handler.log_command:Invoking command in '/home/felipe/ros2_ws/build/turtlbot3_custom': AMENT_PREFIX_PATH=/home/felipe/ros2_ws/install/my_py_pkg:${AMENT_PREFIX_PATH} CMAKE_PREFIX_PATH=/home/felipe/ros2_ws/install/vacuum_robot:/opt/ros/humble:/home/felipe/ros2_ws/install PYTHONPATH=/home/felipe/ros2_ws/install/my_py_pkg/lib/python3.10/site-packages:${PYTHONPATH} /usr/bin/cmake --install /home/felipe/ros2_ws/build/turtlbot3_custom
[3.517s] Level 1:colcon.colcon_core.environment:create_environment_scripts_only(turtlbot3_custom)
[3.517s] DEBUG:colcon.colcon_core.event_handler.log_command:Invoked command in '/home/felipe/ros2_ws/build/turtlbot3_custom' returned '0': AMENT_PREFIX_PATH=/home/felipe/ros2_ws/install/my_py_pkg:${AMENT_PREFIX_PATH} CMAKE_PREFIX_PATH=/home/felipe/ros2_ws/install/vacuum_robot:/opt/ros/humble:/home/felipe/ros2_ws/install PYTHONPATH=/home/felipe/ros2_ws/install/my_py_pkg/lib/python3.10/site-packages:${PYTHONPATH} /usr/bin/cmake --install /home/felipe/ros2_ws/build/turtlbot3_custom
[3.517s] Level 1:colcon.colcon_core.environment:checking '/home/felipe/ros2_ws/install/turtlbot3_custom' for CMake module files
[3.518s] Level 1:colcon.colcon_core.environment:checking '/home/felipe/ros2_ws/install/turtlbot3_custom' for CMake config files
[3.518s] Level 1:colcon.colcon_core.shell:create_environment_hook('turtlbot3_custom', 'cmake_prefix_path')
[3.518s] INFO:colcon.colcon_core.shell:Creating environment hook '/home/felipe/ros2_ws/install/turtlbot3_custom/share/turtlbot3_custom/hook/cmake_prefix_path.ps1'
[3.518s] INFO:colcon.colcon_core.shell:Creating environment descriptor '/home/felipe/ros2_ws/install/turtlbot3_custom/share/turtlbot3_custom/hook/cmake_prefix_path.dsv'
[3.519s] INFO:colcon.colcon_core.shell:Creating environment hook '/home/felipe/ros2_ws/install/turtlbot3_custom/share/turtlbot3_custom/hook/cmake_prefix_path.sh'
[3.519s] Level 1:colcon.colcon_core.environment:checking '/home/felipe/ros2_ws/install/turtlbot3_custom/bin'
[3.519s] Level 1:colcon.colcon_core.environment:checking '/home/felipe/ros2_ws/install/turtlbot3_custom/lib/pkgconfig/turtlbot3_custom.pc'
[3.519s] Level 1:colcon.colcon_core.environment:checking '/home/felipe/ros2_ws/install/turtlbot3_custom/lib/python3.10/site-packages'
[3.520s] Level 1:colcon.colcon_core.environment:checking '/home/felipe/ros2_ws/install/turtlbot3_custom/bin'
[3.520s] INFO:colcon.colcon_core.shell:Creating package script '/home/felipe/ros2_ws/install/turtlbot3_custom/share/turtlbot3_custom/package.ps1'
[3.520s] INFO:colcon.colcon_core.shell:Creating package descriptor '/home/felipe/ros2_ws/install/turtlbot3_custom/share/turtlbot3_custom/package.dsv'
[3.521s] INFO:colcon.colcon_core.shell:Creating package script '/home/felipe/ros2_ws/install/turtlbot3_custom/share/turtlbot3_custom/package.sh'
[3.521s] INFO:colcon.colcon_core.shell:Creating package script '/home/felipe/ros2_ws/install/turtlbot3_custom/share/turtlbot3_custom/package.bash'
[3.521s] INFO:colcon.colcon_core.shell:Creating package script '/home/felipe/ros2_ws/install/turtlbot3_custom/share/turtlbot3_custom/package.zsh'
[3.521s] Level 1:colcon.colcon_core.environment:create_file_with_runtime_dependencies(/home/felipe/ros2_ws/install/turtlbot3_custom/share/colcon-core/packages/turtlbot3_custom)
[3.522s] Level 1:colcon.colcon_core.environment:create_environment_scripts_only(turtlbot3_custom)
[3.522s] Level 1:colcon.colcon_core.environment:checking '/home/felipe/ros2_ws/install/turtlbot3_custom' for CMake module files
[3.523s] Level 1:colcon.colcon_core.environment:checking '/home/felipe/ros2_ws/install/turtlbot3_custom' for CMake config files
[3.523s] Level 1:colcon.colcon_core.shell:create_environment_hook('turtlbot3_custom', 'cmake_prefix_path')
[3.523s] INFO:colcon.colcon_core.shell:Creating environment hook '/home/felipe/ros2_ws/install/turtlbot3_custom/share/turtlbot3_custom/hook/cmake_prefix_path.ps1'
[3.523s] INFO:colcon.colcon_core.shell:Creating environment descriptor '/home/felipe/ros2_ws/install/turtlbot3_custom/share/turtlbot3_custom/hook/cmake_prefix_path.dsv'
[3.524s] INFO:colcon.colcon_core.shell:Creating environment hook '/home/felipe/ros2_ws/install/turtlbot3_custom/share/turtlbot3_custom/hook/cmake_prefix_path.sh'
[3.524s] Level 1:colcon.colcon_core.environment:checking '/home/felipe/ros2_ws/install/turtlbot3_custom/bin'
[3.524s] Level 1:colcon.colcon_core.environment:checking '/home/felipe/ros2_ws/install/turtlbot3_custom/lib/pkgconfig/turtlbot3_custom.pc'
[3.524s] Level 1:colcon.colcon_core.environment:checking '/home/felipe/ros2_ws/install/turtlbot3_custom/lib/python3.10/site-packages'
[3.525s] Level 1:colcon.colcon_core.environment:checking '/home/felipe/ros2_ws/install/turtlbot3_custom/bin'
[3.525s] INFO:colcon.colcon_core.shell:Creating package script '/home/felipe/ros2_ws/install/turtlbot3_custom/share/turtlbot3_custom/package.ps1'
[3.525s] INFO:colcon.colcon_core.shell:Creating package descriptor '/home/felipe/ros2_ws/install/turtlbot3_custom/share/turtlbot3_custom/package.dsv'
[3.526s] INFO:colcon.colcon_core.shell:Creating package script '/home/felipe/ros2_ws/install/turtlbot3_custom/share/turtlbot3_custom/package.sh'
[3.526s] INFO:colcon.colcon_core.shell:Creating package script '/home/felipe/ros2_ws/install/turtlbot3_custom/share/turtlbot3_custom/package.bash'
[3.526s] INFO:colcon.colcon_core.shell:Creating package script '/home/felipe/ros2_ws/install/turtlbot3_custom/share/turtlbot3_custom/package.zsh'
[3.527s] Level 1:colcon.colcon_core.environment:create_file_with_runtime_dependencies(/home/felipe/ros2_ws/install/turtlbot3_custom/share/colcon-core/packages/turtlbot3_custom)
[3.527s] DEBUG:colcon.colcon_parallel_executor.executor.parallel:closing loop
[3.527s] DEBUG:colcon.colcon_parallel_executor.executor.parallel:loop closed
[3.527s] DEBUG:colcon.colcon_parallel_executor.executor.parallel:run_until_complete finished with '0'
[3.528s] DEBUG:colcon.colcon_core.event_reactor:joining thread
[3.535s] INFO:colcon.colcon_core.plugin_system:Skipping extension 'colcon_notification.desktop_notification.terminal_notifier': Not used on non-Darwin systems
[3.535s] INFO:colcon.colcon_core.plugin_system:Skipping extension 'colcon_notification.desktop_notification.win32': Not used on non-Windows systems
[3.535s] INFO:colcon.colcon_notification.desktop_notification:Sending desktop notification using 'notify2'
[3.554s] DEBUG:colcon.colcon_core.event_reactor:joined thread
[3.554s] INFO:colcon.colcon_core.shell:Creating prefix script '/home/felipe/ros2_ws/install/local_setup.ps1'
[3.555s] INFO:colcon.colcon_core.shell:Creating prefix util module '/home/felipe/ros2_ws/install/_local_setup_util_ps1.py'
[3.569s] INFO:colcon.colcon_core.shell:Creating prefix chain script '/home/felipe/ros2_ws/install/setup.ps1'
[3.570s] INFO:colcon.colcon_core.shell:Creating prefix script '/home/felipe/ros2_ws/install/local_setup.sh'
[3.571s] INFO:colcon.colcon_core.shell:Creating prefix util module '/home/felipe/ros2_ws/install/_local_setup_util_sh.py'
[3.572s] INFO:colcon.colcon_core.shell:Creating prefix chain script '/home/felipe/ros2_ws/install/setup.sh'
[3.573s] INFO:colcon.colcon_core.shell:Creating prefix script '/home/felipe/ros2_ws/install/local_setup.bash'
[3.573s] INFO:colcon.colcon_core.shell:Creating prefix chain script '/home/felipe/ros2_ws/install/setup.bash'
[3.574s] INFO:colcon.colcon_core.shell:Creating prefix script '/home/felipe/ros2_ws/install/local_setup.zsh'
[3.575s] INFO:colcon.colcon_core.shell:Creating prefix chain script '/home/felipe/ros2_ws/install/setup.zsh'
