[11.460s] Invoking command in '/home/felipe/ros2_ws/src/ros2_explorer/explorer_wanderer': PYTHONPATH=/home/felipe/ros2_ws/build/explorer_wanderer/prefix_override:/usr/lib/python3/dist-packages/colcon_core/task/python/colcon_distutils_commands:/home/felipe/ros2_ws/install/explorer_wanderer/lib/python3.10/site-packages:${PYTHONPATH} /usr/bin/python3 -W ignore:setup.py install is deprecated -W ignore:easy_install command is deprecated setup.py egg_info --egg-base ../../../build/explorer_wanderer build --build-base /home/felipe/ros2_ws/build/explorer_wanderer/build install --record /home/felipe/ros2_ws/build/explorer_wanderer/install.log --single-version-externally-managed install_data
[12.489s] /home/felipe/.local/lib/python3.10/site-packages/setuptools/_distutils/dist.py:261: UserWarning: Unknown distribution option: 'tests_require'
[12.490s]   warnings.warn(msg)
[13.553s] running egg_info
[13.728s] writing ../../../build/explorer_wanderer/explorer_wanderer.egg-info/PKG-INFO
[13.729s] writing dependency_links to ../../../build/explorer_wanderer/explorer_wanderer.egg-info/dependency_links.txt
[13.731s] writing entry points to ../../../build/explorer_wanderer/explorer_wanderer.egg-info/entry_points.txt
[13.735s] writing requirements to ../../../build/explorer_wanderer/explorer_wanderer.egg-info/requires.txt
[13.736s] writing top-level names to ../../../build/explorer_wanderer/explorer_wanderer.egg-info/top_level.txt
[14.096s] reading manifest file '../../../build/explorer_wanderer/explorer_wanderer.egg-info/SOURCES.txt'
[14.108s] writing manifest file '../../../build/explorer_wanderer/explorer_wanderer.egg-info/SOURCES.txt'
[14.110s] running build
[14.111s] running build_py
[14.115s] copying explorer_wanderer/wanderer.py -> /home/felipe/ros2_ws/build/explorer_wanderer/build/lib/explorer_wanderer
[14.118s] copying explorer_wanderer/discoverer_server.py -> /home/felipe/ros2_ws/build/explorer_wanderer/build/lib/explorer_wanderer
[14.126s] copying explorer_wanderer/__init__.py -> /home/felipe/ros2_ws/build/explorer_wanderer/build/lib/explorer_wanderer
[14.126s] copying explorer_wanderer/wanderer_server.py -> /home/felipe/ros2_ws/build/explorer_wanderer/build/lib/explorer_wanderer
[14.126s] running install
[14.156s] running install_lib
[14.337s] running install_data
[14.340s] copying resource/explorer_wanderer -> /home/felipe/ros2_ws/install/explorer_wanderer/share/ament_index/resource_index/packages
[14.345s] copying package.xml -> /home/felipe/ros2_ws/install/explorer_wanderer/share/explorer_wanderer
[14.346s] running install_egg_info
[14.535s] removing '/home/felipe/ros2_ws/install/explorer_wanderer/lib/python3.10/site-packages/explorer_wanderer-0.0.0-py3.10.egg-info' (and everything under it)
[14.541s] Copying ../../../build/explorer_wanderer/explorer_wanderer.egg-info to /home/felipe/ros2_ws/install/explorer_wanderer/lib/python3.10/site-packages/explorer_wanderer-0.0.0-py3.10.egg-info
[14.546s] running install_scripts
[15.867s] Installing discoverer_server script to /home/felipe/ros2_ws/install/explorer_wanderer/lib/explorer_wanderer
[15.867s] Installing wanderer script to /home/felipe/ros2_ws/install/explorer_wanderer/lib/explorer_wanderer
[15.867s] Installing wanderer_server script to /home/felipe/ros2_ws/install/explorer_wanderer/lib/explorer_wanderer
[15.868s] writing list of installed files to '/home/felipe/ros2_ws/build/explorer_wanderer/install.log'
[16.057s] Invoked command in '/home/felipe/ros2_ws/src/ros2_explorer/explorer_wanderer' returned '0': PYTHONPATH=/home/felipe/ros2_ws/build/explorer_wanderer/prefix_override:/usr/lib/python3/dist-packages/colcon_core/task/python/colcon_distutils_commands:/home/felipe/ros2_ws/install/explorer_wanderer/lib/python3.10/site-packages:${PYTHONPATH} /usr/bin/python3 -W ignore:setup.py install is deprecated -W ignore:easy_install command is deprecated setup.py egg_info --egg-base ../../../build/explorer_wanderer build --build-base /home/felipe/ros2_ws/build/explorer_wanderer/build install --record /home/felipe/ros2_ws/build/explorer_wanderer/install.log --single-version-externally-managed install_data
