[2.604s] Invoking command in '/home/felipe/ros2_ws/src/vacuum_robot': PYTHONPATH=/home/felipe/ros2_ws/build/vacuum_robot/prefix_override:/usr/lib/python3/dist-packages/colcon_core/task/python/colcon_distutils_commands:/home/felipe/ros2_ws/install/vacuum_robot/lib/python3.10/site-packages:${PYTHONPATH} /usr/bin/python3 -W ignore:setup.py install is deprecated -W ignore:easy_install command is deprecated setup.py egg_info --egg-base ../../build/vacuum_robot build --build-base /home/felipe/ros2_ws/build/vacuum_robot/build install --record /home/felipe/ros2_ws/build/vacuum_robot/install.log --single-version-externally-managed install_data
[3.965s] running egg_info
[4.057s] writing ../../build/vacuum_robot/vacuum_robot.egg-info/PKG-INFO
[4.059s] writing dependency_links to ../../build/vacuum_robot/vacuum_robot.egg-info/dependency_links.txt
[4.059s] writing entry points to ../../build/vacuum_robot/vacuum_robot.egg-info/entry_points.txt
[4.059s] writing requirements to ../../build/vacuum_robot/vacuum_robot.egg-info/requires.txt
[4.059s] writing top-level names to ../../build/vacuum_robot/vacuum_robot.egg-info/top_level.txt
[4.256s] reading manifest file '../../build/vacuum_robot/vacuum_robot.egg-info/SOURCES.txt'
[4.261s] writing manifest file '../../build/vacuum_robot/vacuum_robot.egg-info/SOURCES.txt'
[4.262s] running build
[4.262s] running build_py
[4.262s] copying vacuum_robot/vacuum_robot_controller.py -> /home/felipe/ros2_ws/build/vacuum_robot/build/lib/vacuum_robot
[4.264s] running install
[4.285s] running install_lib
[4.349s] running install_data
[4.350s] copying package.xml -> /home/felipe/ros2_ws/install/vacuum_robot/share/vacuum_robot
[4.350s] running install_egg_info
[4.448s] removing '/home/felipe/ros2_ws/install/vacuum_robot/lib/python3.10/site-packages/vacuum_robot-0.0.0-py3.10.egg-info' (and everything under it)
[4.454s] Copying ../../build/vacuum_robot/vacuum_robot.egg-info to /home/felipe/ros2_ws/install/vacuum_robot/lib/python3.10/site-packages/vacuum_robot-0.0.0-py3.10.egg-info
[4.454s] running install_scripts
[4.902s] Installing vacuum_robot_controller script to /home/felipe/ros2_ws/install/vacuum_robot/lib/vacuum_robot
[4.903s] writing list of installed files to '/home/felipe/ros2_ws/build/vacuum_robot/install.log'
