[0.007s] Invoking command in '/home/felipe/ros2_ws/build/my_robot_description': /usr/bin/cmake /home/felipe/ros2_ws/src/my_robot_description -DCATKIN_INSTALL_INTO_PREFIX_ROOT=0 -DCMAKE_INSTALL_PREFIX=/home/felipe/ros2_ws/install/my_robot_description
[0.056s] -- The C compiler identification is GNU 11.4.0
[0.108s] -- The CXX compiler identification is GNU 11.4.0
[0.115s] -- Detecting C compiler ABI info
[0.173s] -- Detecting C compiler ABI info - done
[0.180s] -- Check for working C compiler: /usr/bin/cc - skipped
[0.180s] -- Detecting C compile features
[0.181s] -- Detecting C compile features - done
[0.184s] -- Detecting CXX compiler ABI info
[0.254s] -- Detecting CXX compiler ABI info - done
[0.262s] -- Check for working CXX compiler: /usr/bin/c++ - skipped
[0.262s] -- Detecting CXX compile features
[0.263s] -- Detecting CXX compile features - done
[0.264s] -- Found ament_cmake: 1.3.10 (/opt/ros/humble/share/ament_cmake/cmake)
[0.617s] -- Found Python3: /usr/bin/python3 (found version "3.10.12") found components: Interpreter 
[0.694s] -- Found xacro: 2.0.8 (/opt/ros/humble/share/xacro/cmake)
[0.757s] -- Configuring done
[0.759s] -- Generating done
[0.759s] [33mCMake Warning:
[0.760s]   Manually-specified variables were not used by the project:
[0.760s] 
[0.760s]     CATKIN_INSTALL_INTO_PREFIX_ROOT
[0.760s] 
[0.760s] [0m
[0.761s] -- Build files have been written to: /home/felipe/ros2_ws/build/my_robot_description
[0.765s] Invoked command in '/home/felipe/ros2_ws/build/my_robot_description' returned '0': /usr/bin/cmake /home/felipe/ros2_ws/src/my_robot_description -DCATKIN_INSTALL_INTO_PREFIX_ROOT=0 -DCMAKE_INSTALL_PREFIX=/home/felipe/ros2_ws/install/my_robot_description
[0.767s] Invoking command in '/home/felipe/ros2_ws/build/my_robot_description': /usr/bin/cmake --build /home/felipe/ros2_ws/build/my_robot_description -- -j8 -l8
[0.798s] Invoked command in '/home/felipe/ros2_ws/build/my_robot_description' returned '0': /usr/bin/cmake --build /home/felipe/ros2_ws/build/my_robot_description -- -j8 -l8
[0.806s] Invoking command in '/home/felipe/ros2_ws/build/my_robot_description': /usr/bin/cmake --install /home/felipe/ros2_ws/build/my_robot_description
[0.812s] -- Install configuration: ""
[0.812s] -- Installing: /home/felipe/ros2_ws/install/my_robot_description/share/my_robot_description/urdf
[0.812s] -- Installing: /home/felipe/ros2_ws/install/my_robot_description/share/my_robot_description/urdf/robot.xacro
[0.813s] -- Installing: /home/felipe/ros2_ws/install/my_robot_description/share/my_robot_description/launch
[0.813s] -- Installing: /home/felipe/ros2_ws/install/my_robot_description/share/my_robot_description/launch/robot_launch.py
[0.813s] -- Installing: /home/felipe/ros2_ws/install/my_robot_description/share/ament_index/resource_index/package_run_dependencies/my_robot_description
[0.813s] -- Installing: /home/felipe/ros2_ws/install/my_robot_description/share/ament_index/resource_index/parent_prefix_path/my_robot_description
[0.813s] -- Installing: /home/felipe/ros2_ws/install/my_robot_description/share/my_robot_description/environment/ament_prefix_path.sh
[0.813s] -- Installing: /home/felipe/ros2_ws/install/my_robot_description/share/my_robot_description/environment/ament_prefix_path.dsv
[0.813s] -- Installing: /home/felipe/ros2_ws/install/my_robot_description/share/my_robot_description/environment/path.sh
[0.813s] -- Installing: /home/felipe/ros2_ws/install/my_robot_description/share/my_robot_description/environment/path.dsv
[0.813s] -- Installing: /home/felipe/ros2_ws/install/my_robot_description/share/my_robot_description/local_setup.bash
[0.814s] -- Installing: /home/felipe/ros2_ws/install/my_robot_description/share/my_robot_description/local_setup.sh
[0.814s] -- Installing: /home/felipe/ros2_ws/install/my_robot_description/share/my_robot_description/local_setup.zsh
[0.814s] -- Installing: /home/felipe/ros2_ws/install/my_robot_description/share/my_robot_description/local_setup.dsv
[0.814s] -- Installing: /home/felipe/ros2_ws/install/my_robot_description/share/my_robot_description/package.dsv
[0.814s] -- Installing: /home/felipe/ros2_ws/install/my_robot_description/share/ament_index/resource_index/packages/my_robot_description
[0.814s] -- Installing: /home/felipe/ros2_ws/install/my_robot_description/share/my_robot_description/cmake/my_robot_descriptionConfig.cmake
[0.814s] -- Installing: /home/felipe/ros2_ws/install/my_robot_description/share/my_robot_description/cmake/my_robot_descriptionConfig-version.cmake
[0.814s] -- Installing: /home/felipe/ros2_ws/install/my_robot_description/share/my_robot_description/package.xml
[0.816s] Invoked command in '/home/felipe/ros2_ws/build/my_robot_description' returned '0': /usr/bin/cmake --install /home/felipe/ros2_ws/build/my_robot_description
