[6.994s] Invoking command in '/home/felipe/ros2_ws/src/vacuum_robot': PYTHONPATH=/home/felipe/ros2_ws/build/vacuum_robot/prefix_override:/usr/lib/python3/dist-packages/colcon_core/task/python/colcon_distutils_commands:/home/felipe/ros2_ws/install/vacuum_robot/lib/python3.10/site-packages:${PYTHONPATH} /usr/bin/python3 -W ignore:setup.py install is deprecated -W ignore:easy_install command is deprecated setup.py egg_info --egg-base ../../build/vacuum_robot build --build-base /home/felipe/ros2_ws/build/vacuum_robot/build install --record /home/felipe/ros2_ws/build/vacuum_robot/install.log --single-version-externally-managed install_data
[8.924s] running egg_info
[9.072s] writing ../../build/vacuum_robot/vacuum_robot.egg-info/PKG-INFO
[9.075s] writing dependency_links to ../../build/vacuum_robot/vacuum_robot.egg-info/dependency_links.txt
[9.078s] writing entry points to ../../build/vacuum_robot/vacuum_robot.egg-info/entry_points.txt
[9.080s] writing requirements to ../../build/vacuum_robot/vacuum_robot.egg-info/requires.txt
[9.080s] writing top-level names to ../../build/vacuum_robot/vacuum_robot.egg-info/top_level.txt
[9.425s] reading manifest file '../../build/vacuum_robot/vacuum_robot.egg-info/SOURCES.txt'
[9.434s] writing manifest file '../../build/vacuum_robot/vacuum_robot.egg-info/SOURCES.txt'
[9.436s] running build
[9.436s] running build_py
[9.437s] copying vacuum_robot/vacuum_robot_controller.py -> /home/felipe/ros2_ws/build/vacuum_robot/build/lib/vacuum_robot
[9.440s] running install
[9.474s] running install_lib
[9.698s] running install_data
[9.702s] copying package.xml -> /home/felipe/ros2_ws/install/vacuum_robot/share/vacuum_robot
[9.707s] running install_egg_info
[9.939s] removing '/home/felipe/ros2_ws/install/vacuum_robot/lib/python3.10/site-packages/vacuum_robot-0.0.0-py3.10.egg-info' (and everything under it)
[9.940s] Copying ../../build/vacuum_robot/vacuum_robot.egg-info to /home/felipe/ros2_ws/install/vacuum_robot/lib/python3.10/site-packages/vacuum_robot-0.0.0-py3.10.egg-info
[9.947s] running install_scripts
[11.076s] Installing vacuum_robot_controller script to /home/felipe/ros2_ws/install/vacuum_robot/lib/vacuum_robot
[11.079s] writing list of installed files to '/home/felipe/ros2_ws/build/vacuum_robot/install.log'
[11.320s] Invoked command in '/home/felipe/ros2_ws/src/vacuum_robot' returned '0': PYTHONPATH=/home/felipe/ros2_ws/build/vacuum_robot/prefix_override:/usr/lib/python3/dist-packages/colcon_core/task/python/colcon_distutils_commands:/home/felipe/ros2_ws/install/vacuum_robot/lib/python3.10/site-packages:${PYTHONPATH} /usr/bin/python3 -W ignore:setup.py install is deprecated -W ignore:easy_install command is deprecated setup.py egg_info --egg-base ../../build/vacuum_robot build --build-base /home/felipe/ros2_ws/build/vacuum_robot/build install --record /home/felipe/ros2_ws/build/vacuum_robot/install.log --single-version-externally-managed install_data
