[2.831s] Invoking command in '/home/felipe/ros2_ws/build/explorer_gazebo': CMAKE_PREFIX_PATH=${CMAKE_PREFIX_PATH}:/home/felipe/ros2_ws/install/vacuum_robot:/home/felipe/ros2_ws/install/my_py_pkg:/home/felipe/ros2_ws/install/explorer_wanderer:/home/felipe/ros2_ws/install/explorer_map_utils:/home/felipe/ros2_ws/install/explorer_bringup:/home/felipe/ros2_ws/install/auto_mapper_py:/opt/ros/humble:/home/felipe/ros2_ws/install /usr/bin/cmake --build /home/felipe/ros2_ws/build/explorer_gazebo -- -j8 -l8
[7.100s] Invoked command in '/home/felipe/ros2_ws/build/explorer_gazebo' returned '0': CMAKE_PREFIX_PATH=${CMAKE_PREFIX_PATH}:/home/felipe/ros2_ws/install/vacuum_robot:/home/felipe/ros2_ws/install/my_py_pkg:/home/felipe/ros2_ws/install/explorer_wanderer:/home/felipe/ros2_ws/install/explorer_map_utils:/home/felipe/ros2_ws/install/explorer_bringup:/home/felipe/ros2_ws/install/auto_mapper_py:/opt/ros/humble:/home/felipe/ros2_ws/install /usr/bin/cmake --build /home/felipe/ros2_ws/build/explorer_gazebo -- -j8 -l8
[7.107s] Invoking command in '/home/felipe/ros2_ws/build/explorer_gazebo': CMAKE_PREFIX_PATH=${CMAKE_PREFIX_PATH}:/home/felipe/ros2_ws/install/vacuum_robot:/home/felipe/ros2_ws/install/my_py_pkg:/home/felipe/ros2_ws/install/explorer_wanderer:/home/felipe/ros2_ws/install/explorer_map_utils:/home/felipe/ros2_ws/install/explorer_bringup:/home/felipe/ros2_ws/install/auto_mapper_py:/opt/ros/humble:/home/felipe/ros2_ws/install /usr/bin/cmake --install /home/felipe/ros2_ws/build/explorer_gazebo
[7.160s] -- Install configuration: ""
[7.163s] -- Up-to-date: /home/felipe/ros2_ws/install/explorer_gazebo/share/explorer_gazebo//models
[7.167s] -- Up-to-date: /home/felipe/ros2_ws/install/explorer_gazebo/share/explorer_gazebo//models/map1
[7.167s] -- Up-to-date: /home/felipe/ros2_ws/install/explorer_gazebo/share/explorer_gazebo//models/map1/model.config
[7.169s] -- Up-to-date: /home/felipe/ros2_ws/install/explorer_gazebo/share/explorer_gazebo//models/map1/map1.sdf
[7.176s] -- Up-to-date: /home/felipe/ros2_ws/install/explorer_gazebo/share/explorer_gazebo//models/map6
[7.177s] -- Up-to-date: /home/felipe/ros2_ws/install/explorer_gazebo/share/explorer_gazebo//models/map6/model.config
[7.177s] -- Up-to-date: /home/felipe/ros2_ws/install/explorer_gazebo/share/explorer_gazebo//models/map6/map6.sdf
[7.184s] -- Up-to-date: /home/felipe/ros2_ws/install/explorer_gazebo/share/explorer_gazebo//models/map2
[7.184s] -- Up-to-date: /home/felipe/ros2_ws/install/explorer_gazebo/share/explorer_gazebo//models/map2/model.config
[7.185s] -- Up-to-date: /home/felipe/ros2_ws/install/explorer_gazebo/share/explorer_gazebo//models/map2/map2.sdf
[7.185s] -- Up-to-date: /home/felipe/ros2_ws/install/explorer_gazebo/share/explorer_gazebo//models/map11
[7.186s] -- Up-to-date: /home/felipe/ros2_ws/install/explorer_gazebo/share/explorer_gazebo//models/map11/model.config
[7.186s] -- Up-to-date: /home/felipe/ros2_ws/install/explorer_gazebo/share/explorer_gazebo//models/map11/map11.sdf
[7.186s] -- Up-to-date: /home/felipe/ros2_ws/install/explorer_gazebo/share/explorer_gazebo//models/map3
[7.186s] -- Up-to-date: /home/felipe/ros2_ws/install/explorer_gazebo/share/explorer_gazebo//models/map3/model.config
[7.188s] -- Up-to-date: /home/felipe/ros2_ws/install/explorer_gazebo/share/explorer_gazebo//models/map3/map3.sdf
[7.188s] -- Up-to-date: /home/felipe/ros2_ws/install/explorer_gazebo/share/explorer_gazebo//models/map8
[7.188s] -- Up-to-date: /home/felipe/ros2_ws/install/explorer_gazebo/share/explorer_gazebo//models/map8/model.config
[7.189s] -- Up-to-date: /home/felipe/ros2_ws/install/explorer_gazebo/share/explorer_gazebo//models/map8/map8.sdf
[7.189s] -- Up-to-date: /home/felipe/ros2_ws/install/explorer_gazebo/share/explorer_gazebo//models/map10
[7.189s] -- Up-to-date: /home/felipe/ros2_ws/install/explorer_gazebo/share/explorer_gazebo//models/map10/model.config
[7.189s] -- Up-to-date: /home/felipe/ros2_ws/install/explorer_gazebo/share/explorer_gazebo//models/map10/map10.sdf
[7.189s] -- Up-to-date: /home/felipe/ros2_ws/install/explorer_gazebo/share/explorer_gazebo//models/map4
[7.189s] -- Up-to-date: /home/felipe/ros2_ws/install/explorer_gazebo/share/explorer_gazebo//models/map4/model.config
[7.190s] -- Up-to-date: /home/felipe/ros2_ws/install/explorer_gazebo/share/explorer_gazebo//models/map4/map4.sdf
[7.190s] -- Up-to-date: /home/felipe/ros2_ws/install/explorer_gazebo/share/explorer_gazebo//models/map9
[7.190s] -- Up-to-date: /home/felipe/ros2_ws/install/explorer_gazebo/share/explorer_gazebo//models/map9/map9.sdf
[7.190s] -- Up-to-date: /home/felipe/ros2_ws/install/explorer_gazebo/share/explorer_gazebo//models/map9/model.config
[7.191s] -- Up-to-date: /home/felipe/ros2_ws/install/explorer_gazebo/share/explorer_gazebo//models/map5
[7.191s] -- Up-to-date: /home/felipe/ros2_ws/install/explorer_gazebo/share/explorer_gazebo//models/map5/model.config
[7.191s] -- Up-to-date: /home/felipe/ros2_ws/install/explorer_gazebo/share/explorer_gazebo//models/map5/map5.sdf
[7.191s] -- Up-to-date: /home/felipe/ros2_ws/install/explorer_gazebo/share/explorer_gazebo//models/map7
[7.191s] -- Up-to-date: /home/felipe/ros2_ws/install/explorer_gazebo/share/explorer_gazebo//models/map7/model.config
[7.197s] -- Up-to-date: /home/felipe/ros2_ws/install/explorer_gazebo/share/explorer_gazebo//models/map7/map7.sdf
[7.200s] -- Up-to-date: /home/felipe/ros2_ws/install/explorer_gazebo/share/explorer_gazebo//models/turtlebot3_burger
[7.201s] -- Up-to-date: /home/felipe/ros2_ws/install/explorer_gazebo/share/explorer_gazebo//models/turtlebot3_burger/model.config
[7.201s] -- Up-to-date: /home/felipe/ros2_ws/install/explorer_gazebo/share/explorer_gazebo//models/turtlebot3_burger/model.sdf
[7.202s] -- Up-to-date: /home/felipe/ros2_ws/install/explorer_gazebo/share/explorer_gazebo//models/turtlebot3_burger/model-1_4.sdf
[7.202s] -- Up-to-date: /home/felipe/ros2_ws/install/explorer_gazebo/share/explorer_gazebo//models/turtlebot3_burger/meshes
[7.208s] -- Up-to-date: /home/felipe/ros2_ws/install/explorer_gazebo/share/explorer_gazebo//models/turtlebot3_burger/meshes/burger_base.dae
[7.209s] -- Up-to-date: /home/felipe/ros2_ws/install/explorer_gazebo/share/explorer_gazebo//models/turtlebot3_burger/meshes/lds.dae
[7.210s] -- Up-to-date: /home/felipe/ros2_ws/install/explorer_gazebo/share/explorer_gazebo//models/turtlebot3_burger/meshes/tire.dae
[7.216s] -- Up-to-date: /home/felipe/ros2_ws/install/explorer_gazebo/share/explorer_gazebo//worlds
[7.218s] -- Up-to-date: /home/felipe/ros2_ws/install/explorer_gazebo/share/explorer_gazebo//worlds/map1.world.xml
[7.224s] -- Up-to-date: /home/felipe/ros2_ws/install/explorer_gazebo/share/explorer_gazebo//worlds/map3.world.xml
[7.224s] -- Up-to-date: /home/felipe/ros2_ws/install/explorer_gazebo/share/explorer_gazebo//worlds/map5.world.xml
[7.224s] -- Up-to-date: /home/felipe/ros2_ws/install/explorer_gazebo/share/explorer_gazebo//worlds/map7.world.xml
[7.225s] -- Up-to-date: /home/felipe/ros2_ws/install/explorer_gazebo/share/explorer_gazebo//worlds/map9.world.xml
[7.225s] -- Up-to-date: /home/felipe/ros2_ws/install/explorer_gazebo/share/explorer_gazebo//worlds/map11.world.xml
[7.225s] -- Up-to-date: /home/felipe/ros2_ws/install/explorer_gazebo/share/explorer_gazebo//worlds/map4.world.xml
[7.225s] -- Up-to-date: /home/felipe/ros2_ws/install/explorer_gazebo/share/explorer_gazebo//worlds/map10.world.xml
[7.225s] -- Up-to-date: /home/felipe/ros2_ws/install/explorer_gazebo/share/explorer_gazebo//worlds/map6.world.xml
[7.226s] -- Up-to-date: /home/felipe/ros2_ws/install/explorer_gazebo/share/explorer_gazebo//worlds/map2.world.xml
[7.226s] -- Up-to-date: /home/felipe/ros2_ws/install/explorer_gazebo/share/explorer_gazebo//worlds/map8.world.xml
[7.226s] -- Up-to-date: /home/felipe/ros2_ws/install/explorer_gazebo/share/explorer_gazebo//maps
[7.226s] -- Up-to-date: /home/felipe/ros2_ws/install/explorer_gazebo/share/explorer_gazebo//maps/map3.csv
[7.226s] -- Up-to-date: /home/felipe/ros2_ws/install/explorer_gazebo/share/explorer_gazebo//maps/map2.csv
[7.251s] -- Up-to-date: /home/felipe/ros2_ws/install/explorer_gazebo/share/explorer_gazebo//maps/map11.csv
[7.251s] -- Up-to-date: /home/felipe/ros2_ws/install/explorer_gazebo/share/explorer_gazebo//maps/map10.csv
[7.252s] -- Up-to-date: /home/felipe/ros2_ws/install/explorer_gazebo/share/explorer_gazebo//maps/map9.csv
[7.252s] -- Up-to-date: /home/felipe/ros2_ws/install/explorer_gazebo/share/explorer_gazebo//maps/map8.csv
[7.252s] -- Up-to-date: /home/felipe/ros2_ws/install/explorer_gazebo/share/explorer_gazebo//maps/map7.csv
[7.252s] -- Up-to-date: /home/felipe/ros2_ws/install/explorer_gazebo/share/explorer_gazebo//maps/map5.csv
[7.253s] -- Up-to-date: /home/felipe/ros2_ws/install/explorer_gazebo/share/explorer_gazebo//maps/map6.csv
[7.253s] -- Up-to-date: /home/felipe/ros2_ws/install/explorer_gazebo/share/explorer_gazebo//maps/map1.csv
[7.253s] -- Up-to-date: /home/felipe/ros2_ws/install/explorer_gazebo/share/explorer_gazebo//maps/map4.csv
[7.253s] -- Up-to-date: /home/felipe/ros2_ws/install/explorer_gazebo/share/ament_index/resource_index/package_run_dependencies/explorer_gazebo
[7.253s] -- Up-to-date: /home/felipe/ros2_ws/install/explorer_gazebo/share/ament_index/resource_index/parent_prefix_path/explorer_gazebo
[7.254s] -- Up-to-date: /home/felipe/ros2_ws/install/explorer_gazebo/share/explorer_gazebo/environment/ament_prefix_path.sh
[7.254s] -- Up-to-date: /home/felipe/ros2_ws/install/explorer_gazebo/share/explorer_gazebo/environment/ament_prefix_path.dsv
[7.254s] -- Up-to-date: /home/felipe/ros2_ws/install/explorer_gazebo/share/explorer_gazebo/environment/path.sh
[7.254s] -- Up-to-date: /home/felipe/ros2_ws/install/explorer_gazebo/share/explorer_gazebo/environment/path.dsv
[7.255s] -- Up-to-date: /home/felipe/ros2_ws/install/explorer_gazebo/share/explorer_gazebo/local_setup.bash
[7.256s] -- Up-to-date: /home/felipe/ros2_ws/install/explorer_gazebo/share/explorer_gazebo/local_setup.sh
[7.256s] -- Up-to-date: /home/felipe/ros2_ws/install/explorer_gazebo/share/explorer_gazebo/local_setup.zsh
[7.257s] -- Up-to-date: /home/felipe/ros2_ws/install/explorer_gazebo/share/explorer_gazebo/local_setup.dsv
[7.257s] -- Installing: /home/felipe/ros2_ws/install/explorer_gazebo/share/explorer_gazebo/package.dsv
[7.257s] -- Up-to-date: /home/felipe/ros2_ws/install/explorer_gazebo/share/ament_index/resource_index/packages/explorer_gazebo
[7.257s] -- Up-to-date: /home/felipe/ros2_ws/install/explorer_gazebo/share/explorer_gazebo/cmake/explorer_gazeboConfig.cmake
[7.258s] -- Up-to-date: /home/felipe/ros2_ws/install/explorer_gazebo/share/explorer_gazebo/cmake/explorer_gazeboConfig-version.cmake
[7.258s] -- Up-to-date: /home/felipe/ros2_ws/install/explorer_gazebo/share/explorer_gazebo/package.xml
[7.424s] Invoked command in '/home/felipe/ros2_ws/build/explorer_gazebo' returned '0': CMAKE_PREFIX_PATH=${CMAKE_PREFIX_PATH}:/home/felipe/ros2_ws/install/vacuum_robot:/home/felipe/ros2_ws/install/my_py_pkg:/home/felipe/ros2_ws/install/explorer_wanderer:/home/felipe/ros2_ws/install/explorer_map_utils:/home/felipe/ros2_ws/install/explorer_bringup:/home/felipe/ros2_ws/install/auto_mapper_py:/opt/ros/humble:/home/felipe/ros2_ws/install /usr/bin/cmake --install /home/felipe/ros2_ws/build/explorer_gazebo
