[0.014s] Invoking command in '/home/felipe/ros2_ws/build/nav2_util': AMENT_PREFIX_PATH=/home/felipe/ros2_ws/install/nav2_msgs:${AMENT_PREFIX_PATH} CMAKE_PREFIX_PATH=/home/felipe/ros2_ws/install/nav2_msgs:/home/felipe/ros2_ws/install/nav2_common:/home/felipe/ros2_ws/install/nav2_loopback_sim:/home/felipe/ros2_ws/install/vacuum_robot:/opt/ros/humble:/home/felipe/ros2_ws/install:/home/felipe/ros2_ws/install/my_robot_description LD_LIBRARY_PATH=/home/felipe/ros2_ws/install/nav2_msgs/lib:${LD_LIBRARY_PATH} PYTHONPATH=/home/felipe/ros2_ws/install/nav2_msgs/local/lib/python3.10/dist-packages:${PYTHONPATH} /usr/bin/cmake /home/felipe/ros2_ws/src/navigation2/nav2_util -DCMAKE_INSTALL_PREFIX=/home/felipe/ros2_ws/install/nav2_util
[0.086s] -- The C compiler identification is GNU 11.4.0
[0.158s] -- The CXX compiler identification is GNU 11.4.0
[0.165s] -- Detecting C compiler ABI info
[0.227s] -- Detecting C compiler ABI info - done
[0.240s] -- Check for working C compiler: /usr/bin/cc - skipped
[0.241s] -- Detecting C compile features
[0.241s] -- Detecting C compile features - done
[0.246s] -- Detecting CXX compiler ABI info
[0.333s] -- Detecting CXX compiler ABI info - done
[0.347s] -- Check for working CXX compiler: /usr/bin/c++ - skipped
[0.348s] -- Detecting CXX compile features
[0.348s] -- Detecting CXX compile features - done
[0.352s] -- Found ament_cmake: 1.3.11 (/opt/ros/humble/share/ament_cmake/cmake)
[0.811s] -- Found Python3: /usr/bin/python3 (found version "3.10.12") found components: Interpreter 
[0.902s] -- Found bond: 3.0.2 (/opt/ros/humble/share/bond/cmake)
[0.939s] -- Found rosidl_generator_c: 3.1.6 (/opt/ros/humble/share/rosidl_generator_c/cmake)
[0.944s] -- Found rosidl_adapter: 3.1.6 (/opt/ros/humble/share/rosidl_adapter/cmake)
[0.953s] -- Found rosidl_generator_cpp: 3.1.6 (/opt/ros/humble/share/rosidl_generator_cpp/cmake)
[0.967s] -- Using all available rosidl_typesupport_c: rosidl_typesupport_fastrtps_c;rosidl_typesupport_introspection_c
[0.984s] -- Using all available rosidl_typesupport_cpp: rosidl_typesupport_fastrtps_cpp;rosidl_typesupport_introspection_cpp
[1.031s] -- Found bondcpp: 3.0.2 (/opt/ros/humble/share/bondcpp/cmake)
[1.073s] -- Found rmw_implementation_cmake: 6.1.2 (/opt/ros/humble/share/rmw_implementation_cmake/cmake)
[1.076s] -- Found rmw_fastrtps_cpp: 6.2.7 (/opt/ros/humble/share/rmw_fastrtps_cpp/cmake)
[1.158s] -- Found OpenSSL: /usr/lib/x86_64-linux-gnu/libcrypto.so (found version "3.0.2")  
[1.187s] -- Found FastRTPS: /opt/ros/humble/include  
[1.237s] -- Using RMW implementation 'rmw_fastrtps_cpp' as default
[1.251s] -- Looking for pthread.h
[1.312s] -- Looking for pthread.h - found
[1.312s] -- Performing Test CMAKE_HAVE_LIBC_PTHREAD
[1.378s] -- Performing Test CMAKE_HAVE_LIBC_PTHREAD - Success
[1.379s] -- Found Threads: TRUE  
[1.446s] -- Found geometry_msgs: 4.2.4 (/opt/ros/humble/share/geometry_msgs/cmake)
[1.461s] -- Found nav2_common: 1.3.1 (/home/felipe/ros2_ws/install/nav2_common/share/nav2_common/cmake)
[1.462s] -- Found nav2_msgs: 1.3.1 (/home/felipe/ros2_ws/install/nav2_msgs/share/nav2_msgs/cmake)
[1.555s] -- Found rclcpp_action: 16.0.11 (/opt/ros/humble/share/rclcpp_action/cmake)
[1.567s] -- Found tf2: 0.25.9 (/opt/ros/humble/share/tf2/cmake)
[1.580s] -- Found tf2_geometry_msgs: 0.25.9 (/opt/ros/humble/share/tf2_geometry_msgs/cmake)
[1.599s] -- Found eigen3_cmake_module: 0.1.1 (/opt/ros/humble/share/eigen3_cmake_module/cmake)
[1.600s] -- Found Eigen3: TRUE (found version "3.4.0") 
[1.600s] -- Ensuring Eigen3 include directory is part of orocos-kdl CMake target
[1.660s] -- Setting build type to Release as none was specified.
[1.665s] -- Found ament_lint_auto: 0.12.11 (/opt/ros/humble/share/ament_lint_auto/cmake)
[1.667s] -- Found ament_cmake_pytest: 1.3.11 (/opt/ros/humble/share/ament_cmake_pytest/cmake)
[1.786s] -- Found gtest sources under '/opt/ros/humble/src/gtest_vendor': C++ tests using 'Google Test' will be built
[1.802s] [31mCMake Error at test/CMakeLists.txt:8 (find_package):
[1.802s]   By not providing "Findtest_msgs.cmake" in CMAKE_MODULE_PATH this project
[1.802s]   has asked CMake to find a package configuration file provided by
[1.802s]   "test_msgs", but CMake did not find one.
[1.802s] 
[1.802s]   Could not find a package configuration file provided by "test_msgs" with
[1.803s]   any of the following names:
[1.803s] 
[1.803s]     test_msgsConfig.cmake
[1.803s]     test_msgs-config.cmake
[1.803s] 
[1.803s]   Add the installation prefix of "test_msgs" to CMAKE_PREFIX_PATH or set
[1.803s]   "test_msgs_DIR" to a directory containing one of the above files.  If
[1.803s]   "test_msgs" provides a separate development package or SDK, be sure it has
[1.803s]   been installed.
[1.803s] 
[1.803s] [0m
[1.803s] -- Configuring incomplete, errors occurred!
[1.803s] See also "/home/felipe/ros2_ws/build/nav2_util/CMakeFiles/CMakeOutput.log".
[1.815s] Invoked command in '/home/felipe/ros2_ws/build/nav2_util' returned '1': AMENT_PREFIX_PATH=/home/felipe/ros2_ws/install/nav2_msgs:${AMENT_PREFIX_PATH} CMAKE_PREFIX_PATH=/home/felipe/ros2_ws/install/nav2_msgs:/home/felipe/ros2_ws/install/nav2_common:/home/felipe/ros2_ws/install/nav2_loopback_sim:/home/felipe/ros2_ws/install/vacuum_robot:/opt/ros/humble:/home/felipe/ros2_ws/install:/home/felipe/ros2_ws/install/my_robot_description LD_LIBRARY_PATH=/home/felipe/ros2_ws/install/nav2_msgs/lib:${LD_LIBRARY_PATH} PYTHONPATH=/home/felipe/ros2_ws/install/nav2_msgs/local/lib/python3.10/dist-packages:${PYTHONPATH} /usr/bin/cmake /home/felipe/ros2_ws/src/navigation2/nav2_util -DCMAKE_INSTALL_PREFIX=/home/felipe/ros2_ws/install/nav2_util
