[12.063s] Invoking command in '/home/felipe/ros2_ws/src/ros2_whisper': PYTHONPATH=/home/felipe/ros2_ws/build/ros2_whisper/prefix_override:/usr/lib/python3/dist-packages/colcon_core/task/python/colcon_distutils_commands:/home/felipe/ros2_ws/install/ros2_whisper/lib/python3.10/site-packages:${PYTHONPATH} /usr/bin/python3 -W ignore:setup.py install is deprecated -W ignore:easy_install command is deprecated setup.py egg_info --egg-base ../../build/ros2_whisper build --build-base /home/felipe/ros2_ws/build/ros2_whisper/build install --record /home/felipe/ros2_ws/build/ros2_whisper/install.log --single-version-externally-managed install_data
[13.507s] /home/felipe/.local/lib/python3.10/site-packages/setuptools/_distutils/dist.py:270: UserWarning: Unknown distribution option: 'tests_require'
[13.509s]   warnings.warn(msg)
[14.998s] running egg_info
[15.195s] writing ../../build/ros2_whisper/ros2_whisper.egg-info/PKG-INFO
[15.201s] writing dependency_links to ../../build/ros2_whisper/ros2_whisper.egg-info/dependency_links.txt
[15.203s] writing entry points to ../../build/ros2_whisper/ros2_whisper.egg-info/entry_points.txt
[15.208s] writing requirements to ../../build/ros2_whisper/ros2_whisper.egg-info/requires.txt
[15.209s] writing top-level names to ../../build/ros2_whisper/ros2_whisper.egg-info/top_level.txt
[15.652s] reading manifest file '../../build/ros2_whisper/ros2_whisper.egg-info/SOURCES.txt'
[15.665s] writing manifest file '../../build/ros2_whisper/ros2_whisper.egg-info/SOURCES.txt'
[15.665s] running build
[15.666s] running build_py
[15.666s] copying ros2_whisper/whisper_node.py -> /home/felipe/ros2_ws/build/ros2_whisper/build/lib/ros2_whisper
[15.669s] copying ros2_whisper/__init__.py -> /home/felipe/ros2_ws/build/ros2_whisper/build/lib/ros2_whisper
[15.672s] running install
[15.712s] running install_lib
[15.939s] running install_data
[15.945s] copying resource/ros2_whisper -> /home/felipe/ros2_ws/install/ros2_whisper/share/ament_index/resource_index/packages
[15.947s] copying package.xml -> /home/felipe/ros2_ws/install/ros2_whisper/share/ros2_whisper
[15.949s] running install_egg_info
[16.184s] removing '/home/felipe/ros2_ws/install/ros2_whisper/lib/python3.10/site-packages/ros2_whisper-0.0.1-py3.10.egg-info' (and everything under it)
[16.185s] Copying ../../build/ros2_whisper/ros2_whisper.egg-info to /home/felipe/ros2_ws/install/ros2_whisper/lib/python3.10/site-packages/ros2_whisper-0.0.1-py3.10.egg-info
[16.196s] running install_scripts
[17.930s] Installing whisper_node script to /home/felipe/ros2_ws/install/ros2_whisper/lib/ros2_whisper
[17.932s] writing list of installed files to '/home/felipe/ros2_ws/build/ros2_whisper/install.log'
[18.169s] Invoked command in '/home/felipe/ros2_ws/src/ros2_whisper' returned '0': PYTHONPATH=/home/felipe/ros2_ws/build/ros2_whisper/prefix_override:/usr/lib/python3/dist-packages/colcon_core/task/python/colcon_distutils_commands:/home/felipe/ros2_ws/install/ros2_whisper/lib/python3.10/site-packages:${PYTHONPATH} /usr/bin/python3 -W ignore:setup.py install is deprecated -W ignore:easy_install command is deprecated setup.py egg_info --egg-base ../../build/ros2_whisper build --build-base /home/felipe/ros2_ws/build/ros2_whisper/build install --record /home/felipe/ros2_ws/build/ros2_whisper/install.log --single-version-externally-managed install_data
