[1.210s] Invoking command in '/home/felipe/ros2_ws/src/auto_mapper_py': PYTHONPATH=/home/felipe/ros2_ws/build/auto_mapper_py/prefix_override:/usr/lib/python3/dist-packages/colcon_core/task/python/colcon_distutils_commands:/home/felipe/ros2_ws/install/auto_mapper_py/lib/python3.10/site-packages:${PYTHONPATH} /usr/bin/python3 -W ignore:setup.py install is deprecated -W ignore:easy_install command is deprecated setup.py egg_info --egg-base ../../build/auto_mapper_py build --build-base /home/felipe/ros2_ws/build/auto_mapper_py/build install --record /home/felipe/ros2_ws/build/auto_mapper_py/install.log --single-version-externally-managed install_data
[1.389s] /home/felipe/.local/lib/python3.10/site-packages/setuptools/_distutils/dist.py:261: UserWarning: Unknown distribution option: 'tests_require'
[1.389s]   warnings.warn(msg)
[1.542s] running egg_info
[1.567s] writing ../../build/auto_mapper_py/auto_mapper_py.egg-info/PKG-INFO
[1.567s] writing dependency_links to ../../build/auto_mapper_py/auto_mapper_py.egg-info/dependency_links.txt
[1.568s] writing entry points to ../../build/auto_mapper_py/auto_mapper_py.egg-info/entry_points.txt
[1.568s] writing requirements to ../../build/auto_mapper_py/auto_mapper_py.egg-info/requires.txt
[1.568s] writing top-level names to ../../build/auto_mapper_py/auto_mapper_py.egg-info/top_level.txt
[1.626s] reading manifest file '../../build/auto_mapper_py/auto_mapper_py.egg-info/SOURCES.txt'
[1.627s] writing manifest file '../../build/auto_mapper_py/auto_mapper_py.egg-info/SOURCES.txt'
[1.627s] running build
[1.627s] running build_py
[1.628s] copying auto_mapper_py/__init__.py -> /home/felipe/ros2_ws/build/auto_mapper_py/build/lib/auto_mapper_py
[1.628s] copying auto_mapper_py/auto_mapper.py -> /home/felipe/ros2_ws/build/auto_mapper_py/build/lib/auto_mapper_py
[1.628s] running install
[1.633s] running install_lib
[1.659s] running install_data
[1.659s] copying resource/auto_mapper_py -> /home/felipe/ros2_ws/install/auto_mapper_py/share/ament_index/resource_index/packages
[1.659s] copying package.xml -> /home/felipe/ros2_ws/install/auto_mapper_py/share/auto_mapper_py
[1.660s] running install_egg_info
[1.686s] removing '/home/felipe/ros2_ws/install/auto_mapper_py/lib/python3.10/site-packages/auto_mapper_py-0.0.0-py3.10.egg-info' (and everything under it)
[1.686s] Copying ../../build/auto_mapper_py/auto_mapper_py.egg-info to /home/felipe/ros2_ws/install/auto_mapper_py/lib/python3.10/site-packages/auto_mapper_py-0.0.0-py3.10.egg-info
[1.687s] running install_scripts
[1.881s] Installing auto_mapper_node script to /home/felipe/ros2_ws/install/auto_mapper_py/lib/auto_mapper_py
[1.881s] writing list of installed files to '/home/felipe/ros2_ws/build/auto_mapper_py/install.log'
[1.919s] Invoked command in '/home/felipe/ros2_ws/src/auto_mapper_py' returned '0': PYTHONPATH=/home/felipe/ros2_ws/build/auto_mapper_py/prefix_override:/usr/lib/python3/dist-packages/colcon_core/task/python/colcon_distutils_commands:/home/felipe/ros2_ws/install/auto_mapper_py/lib/python3.10/site-packages:${PYTHONPATH} /usr/bin/python3 -W ignore:setup.py install is deprecated -W ignore:easy_install command is deprecated setup.py egg_info --egg-base ../../build/auto_mapper_py build --build-base /home/felipe/ros2_ws/build/auto_mapper_py/build install --record /home/felipe/ros2_ws/build/auto_mapper_py/install.log --single-version-externally-managed install_data
