[0.024s] Invoking command in '/home/felipe/ros2_ws/build/nav2_common': CMAKE_PREFIX_PATH=/home/felipe/ros2_ws/install/nav2_common:/home/felipe/ros2_ws/install/nav2_loopback_sim:/home/felipe/ros2_ws/install/vacuum_robot:/opt/ros/humble:/home/felipe/ros2_ws/install:/home/felipe/ros2_ws/install/my_robot_description /usr/bin/cmake --build /home/felipe/ros2_ws/build/nav2_common -- -j8 -l8
[0.341s] Built target ament_cmake_python_copy_nav2_common
[0.379s] running egg_info
[0.402s] writing nav2_common.egg-info/PKG-INFO
[0.402s] writing dependency_links to nav2_common.egg-info/dependency_links.txt
[0.403s] writing top-level names to nav2_common.egg-info/top_level.txt
[0.473s] reading manifest file 'nav2_common.egg-info/SOURCES.txt'
[0.474s] writing manifest file 'nav2_common.egg-info/SOURCES.txt'
[0.505s] Built target ament_cmake_python_build_nav2_common_egg
[0.595s] Invoked command in '/home/felipe/ros2_ws/build/nav2_common' returned '0': CMAKE_PREFIX_PATH=/home/felipe/ros2_ws/install/nav2_common:/home/felipe/ros2_ws/install/nav2_loopback_sim:/home/felipe/ros2_ws/install/vacuum_robot:/opt/ros/humble:/home/felipe/ros2_ws/install:/home/felipe/ros2_ws/install/my_robot_description /usr/bin/cmake --build /home/felipe/ros2_ws/build/nav2_common -- -j8 -l8
[0.596s] Invoking command in '/home/felipe/ros2_ws/build/nav2_common': CMAKE_PREFIX_PATH=/home/felipe/ros2_ws/install/nav2_common:/home/felipe/ros2_ws/install/nav2_loopback_sim:/home/felipe/ros2_ws/install/vacuum_robot:/opt/ros/humble:/home/felipe/ros2_ws/install:/home/felipe/ros2_ws/install/my_robot_description /usr/bin/cmake --install /home/felipe/ros2_ws/build/nav2_common
[0.603s] -- Install configuration: ""
[0.604s] -- Up-to-date: /home/felipe/ros2_ws/install/nav2_common/share/nav2_common/environment/pythonpath.sh
[0.605s] -- Up-to-date: /home/felipe/ros2_ws/install/nav2_common/share/nav2_common/environment/pythonpath.dsv
[0.605s] -- Up-to-date: /home/felipe/ros2_ws/install/nav2_common/local/lib/python3.10/dist-packages/nav2_common-1.3.1-py3.10.egg-info
[0.605s] -- Installing: /home/felipe/ros2_ws/install/nav2_common/local/lib/python3.10/dist-packages/nav2_common-1.3.1-py3.10.egg-info/top_level.txt
[0.605s] -- Installing: /home/felipe/ros2_ws/install/nav2_common/local/lib/python3.10/dist-packages/nav2_common-1.3.1-py3.10.egg-info/dependency_links.txt
[0.605s] -- Installing: /home/felipe/ros2_ws/install/nav2_common/local/lib/python3.10/dist-packages/nav2_common-1.3.1-py3.10.egg-info/PKG-INFO
[0.605s] -- Installing: /home/felipe/ros2_ws/install/nav2_common/local/lib/python3.10/dist-packages/nav2_common-1.3.1-py3.10.egg-info/SOURCES.txt
[0.605s] -- Up-to-date: /home/felipe/ros2_ws/install/nav2_common/local/lib/python3.10/dist-packages/nav2_common
[0.605s] -- Up-to-date: /home/felipe/ros2_ws/install/nav2_common/local/lib/python3.10/dist-packages/nav2_common/launch
[0.606s] -- Up-to-date: /home/felipe/ros2_ws/install/nav2_common/local/lib/python3.10/dist-packages/nav2_common/launch/has_node_params.py
[0.606s] -- Up-to-date: /home/felipe/ros2_ws/install/nav2_common/local/lib/python3.10/dist-packages/nav2_common/launch/parse_multirobot_pose.py
[0.606s] -- Up-to-date: /home/felipe/ros2_ws/install/nav2_common/local/lib/python3.10/dist-packages/nav2_common/launch/rewritten_yaml.py
[0.606s] -- Up-to-date: /home/felipe/ros2_ws/install/nav2_common/local/lib/python3.10/dist-packages/nav2_common/launch/__init__.py
[0.606s] -- Up-to-date: /home/felipe/ros2_ws/install/nav2_common/local/lib/python3.10/dist-packages/nav2_common/launch/replace_string.py
[0.606s] -- Up-to-date: /home/felipe/ros2_ws/install/nav2_common/local/lib/python3.10/dist-packages/nav2_common/__init__.py
[0.636s] Listing '/home/felipe/ros2_ws/install/nav2_common/local/lib/python3.10/dist-packages/nav2_common'...
[0.636s] Listing '/home/felipe/ros2_ws/install/nav2_common/local/lib/python3.10/dist-packages/nav2_common/launch'...
[0.642s] -- Up-to-date: /home/felipe/ros2_ws/install/nav2_common/share/ament_index/resource_index/package_run_dependencies/nav2_common
[0.642s] -- Up-to-date: /home/felipe/ros2_ws/install/nav2_common/share/ament_index/resource_index/parent_prefix_path/nav2_common
[0.642s] -- Up-to-date: /home/felipe/ros2_ws/install/nav2_common/share/nav2_common/environment/ament_prefix_path.sh
[0.642s] -- Up-to-date: /home/felipe/ros2_ws/install/nav2_common/share/nav2_common/environment/ament_prefix_path.dsv
[0.642s] -- Up-to-date: /home/felipe/ros2_ws/install/nav2_common/share/nav2_common/environment/path.sh
[0.643s] -- Up-to-date: /home/felipe/ros2_ws/install/nav2_common/share/nav2_common/environment/path.dsv
[0.643s] -- Up-to-date: /home/felipe/ros2_ws/install/nav2_common/share/nav2_common/local_setup.bash
[0.643s] -- Up-to-date: /home/felipe/ros2_ws/install/nav2_common/share/nav2_common/local_setup.sh
[0.643s] -- Up-to-date: /home/felipe/ros2_ws/install/nav2_common/share/nav2_common/local_setup.zsh
[0.643s] -- Up-to-date: /home/felipe/ros2_ws/install/nav2_common/share/nav2_common/local_setup.dsv
[0.643s] -- Up-to-date: /home/felipe/ros2_ws/install/nav2_common/share/nav2_common/package.dsv
[0.643s] -- Up-to-date: /home/felipe/ros2_ws/install/nav2_common/share/ament_index/resource_index/packages/nav2_common
[0.643s] -- Up-to-date: /home/felipe/ros2_ws/install/nav2_common/share/nav2_common/cmake/nav2_common-extras.cmake
[0.643s] -- Up-to-date: /home/felipe/ros2_ws/install/nav2_common/share/nav2_common/cmake/nav2_commonConfig.cmake
[0.643s] -- Up-to-date: /home/felipe/ros2_ws/install/nav2_common/share/nav2_common/cmake/nav2_commonConfig-version.cmake
[0.644s] -- Up-to-date: /home/felipe/ros2_ws/install/nav2_common/share/nav2_common/package.xml
[0.644s] -- Up-to-date: /home/felipe/ros2_ws/install/nav2_common/share/nav2_common/cmake
[0.644s] -- Up-to-date: /home/felipe/ros2_ws/install/nav2_common/share/nav2_common/cmake/nav2_package.cmake
[0.645s] Invoked command in '/home/felipe/ros2_ws/build/nav2_common' returned '0': CMAKE_PREFIX_PATH=/home/felipe/ros2_ws/install/nav2_common:/home/felipe/ros2_ws/install/nav2_loopback_sim:/home/felipe/ros2_ws/install/vacuum_robot:/opt/ros/humble:/home/felipe/ros2_ws/install:/home/felipe/ros2_ws/install/my_robot_description /usr/bin/cmake --install /home/felipe/ros2_ws/build/nav2_common
