[0.012s] Invoking command in '/home/felipe/ros2_ws/build/tile_map': AMENT_PREFIX_PATH=/home/felipe/ros2_ws/install/mapviz:/home/felipe/ros2_ws/install/mapviz_interfaces:${AMENT_PREFIX_PATH} CMAKE_PREFIX_PATH=/home/felipe/ros2_ws/install/mapviz:/home/felipe/ros2_ws/install/mapviz_interfaces:/home/felipe/ros2_ws/install/turtlbot3_custom:/home/felipe/ros2_ws/install/explorer_interfaces:/home/felipe/ros2_ws/install/explorer_gazebo:/home/felipe/ros2_ws/install/explorer_cartographer:/home/felipe/ros2_ws/install/vacuum_robot:/home/felipe/ros2_ws/install/my_py_pkg:/home/felipe/ros2_ws/install/explorer_wanderer:/home/felipe/ros2_ws/install/explorer_map_utils:/home/felipe/ros2_ws/install/explorer_bringup:/home/felipe/ros2_ws/install/auto_mapper_py:/opt/ros/humble:/home/felipe/ros2_ws/install LD_LIBRARY_PATH=/home/felipe/ros2_ws/install/mapviz/lib:/home/felipe/ros2_ws/install/mapviz_interfaces/lib:${LD_LIBRARY_PATH} PYTHONPATH=/home/felipe/ros2_ws/install/mapviz_interfaces/local/lib/python3.10/dist-packages:${PYTHONPATH} /usr/bin/cmake /home/felipe/ros2_ws/src/mapviz/tile_map -DCMAKE_INSTALL_PREFIX=/home/felipe/ros2_ws/install/tile_map
[0.073s] -- The CXX compiler identification is GNU 11.4.0
[0.079s] -- Detecting CXX compiler ABI info
[0.151s] -- Detecting CXX compiler ABI info - done
[0.159s] -- Check for working CXX compiler: /usr/bin/c++ - skipped
[0.159s] -- Detecting CXX compile features
[0.160s] -- Detecting CXX compile features - done
[0.164s] -- Found ament_cmake: 1.3.11 (/opt/ros/humble/share/ament_cmake/cmake)
[0.668s] -- Found Python3: /usr/bin/python3 (found version "3.10.12") found components: Interpreter 
[0.816s] -- Found mapviz: 2.4.4 (/home/felipe/ros2_ws/install/mapviz/share/mapviz/cmake)
[0.894s] -- Found pluginlib: 5.1.0 (/opt/ros/humble/share/pluginlib/cmake)
[0.981s] -- Found rclcpp: 16.0.11 (/opt/ros/humble/share/rclcpp/cmake)
[1.027s] -- Found rosidl_generator_c: 3.1.6 (/opt/ros/humble/share/rosidl_generator_c/cmake)
[1.035s] -- Found rosidl_adapter: 3.1.6 (/opt/ros/humble/share/rosidl_adapter/cmake)
[1.047s] -- Found rosidl_generator_cpp: 3.1.6 (/opt/ros/humble/share/rosidl_generator_cpp/cmake)
[1.064s] -- Using all available rosidl_typesupport_c: rosidl_typesupport_fastrtps_c;rosidl_typesupport_introspection_c
[1.082s] -- Using all available rosidl_typesupport_cpp: rosidl_typesupport_fastrtps_cpp;rosidl_typesupport_introspection_cpp
[1.154s] -- Found rmw_implementation_cmake: 6.1.2 (/opt/ros/humble/share/rmw_implementation_cmake/cmake)
[1.160s] -- Found rmw_fastrtps_cpp: 6.2.7 (/opt/ros/humble/share/rmw_fastrtps_cpp/cmake)
[1.202s] -- Found TinyXML2 via Config file: TinyXML2_DIR-NOTFOUND
[1.260s] -- Found OpenSSL: /usr/lib/x86_64-linux-gnu/libcrypto.so (found version "3.0.2")  
[1.264s] -- Found TinyXML2 via Config file: TinyXML2_DIR-NOTFOUND
[1.290s] -- Found FastRTPS: /opt/ros/humble/include  
[1.297s] -- Found TinyXML2 via Config file: TinyXML2_DIR-NOTFOUND
[1.310s] -- Found TinyXML2 via Config file: TinyXML2_DIR-NOTFOUND
[1.323s] -- Using RMW implementation 'rmw_fastrtps_cpp' as default
[1.341s] -- Looking for C++ include pthread.h
[1.443s] -- Looking for C++ include pthread.h - found
[1.444s] -- Performing Test CMAKE_HAVE_LIBC_PTHREAD
[1.544s] -- Performing Test CMAKE_HAVE_LIBC_PTHREAD - Success
[1.545s] -- Found Threads: TRUE  
[1.637s] -- Found swri_math_util: 3.7.3 (/opt/ros/humble/share/swri_math_util/cmake)
[1.647s] -- Found swri_transform_util: 3.7.3 (/opt/ros/humble/share/swri_transform_util/cmake)
[1.778s] -- Found eigen3_cmake_module: 0.1.1 (/opt/ros/humble/share/eigen3_cmake_module/cmake)
[1.780s] -- Found Eigen3: TRUE (found version "3.4.0") 
[1.780s] -- Ensuring Eigen3 include directory is part of orocos-kdl CMake target
[1.926s] -- Found OpenGL: /usr/lib/x86_64-linux-gnu/libOpenGL.so   
[1.993s] -- Found GLEW: /usr/include (found version "2.2.0") 
[1.999s] -- Found PkgConfig: /usr/bin/pkg-config (found version "0.29.2") 
[2.000s] -- Checking for module 'yaml-cpp'
[2.016s] --   Found yaml-cpp, version 0.7.0
[2.051s] -- Checking for module 'jsoncpp'
[2.066s] --   Found jsoncpp, version 1.9.5
[2.204s] -- Configuring done
[2.246s] -- Generating done
[2.254s] -- Build files have been written to: /home/felipe/ros2_ws/build/tile_map
