-- Install configuration: ""
-- Up-to-date: /home/felipe/ros2_ws/install/turtlbot3_custom/share/turtlbot3_custom/launch
-- Up-to-date: /home/felipe/ros2_ws/install/turtlbot3_custom/share/turtlbot3_custom/launch/turtlebot3_world.launch.py
-- Up-to-date: /home/felipe/ros2_ws/install/turtlbot3_custom/share/turtlbot3_custom/worlds
-- Up-to-date: /home/felipe/ros2_ws/install/turtlbot3_custom/share/turtlbot3_custom/worlds/path1.world
-- Up-to-date: /home/felipe/ros2_ws/install/turtlbot3_custom/share/turtlbot3_custom/worlds/path2.world
-- Up-to-date: /home/felipe/ros2_ws/install/turtlbot3_custom/share/turtlbot3_custom/worlds/maze_3.world
-- Up-to-date: /home/felipe/ros2_ws/install/turtlbot3_custom/share/ament_index/resource_index/package_run_dependencies/turtlbot3_custom
-- Up-to-date: /home/felipe/ros2_ws/install/turtlbot3_custom/share/ament_index/resource_index/parent_prefix_path/turtlbot3_custom
-- Up-to-date: /home/felipe/ros2_ws/install/turtlbot3_custom/share/turtlbot3_custom/environment/ament_prefix_path.sh
-- Up-to-date: /home/felipe/ros2_ws/install/turtlbot3_custom/share/turtlbot3_custom/environment/ament_prefix_path.dsv
-- Up-to-date: /home/felipe/ros2_ws/install/turtlbot3_custom/share/turtlbot3_custom/environment/path.sh
-- Up-to-date: /home/felipe/ros2_ws/install/turtlbot3_custom/share/turtlbot3_custom/environment/path.dsv
-- Up-to-date: /home/felipe/ros2_ws/install/turtlbot3_custom/share/turtlbot3_custom/local_setup.bash
-- Up-to-date: /home/felipe/ros2_ws/install/turtlbot3_custom/share/turtlbot3_custom/local_setup.sh
-- Up-to-date: /home/felipe/ros2_ws/install/turtlbot3_custom/share/turtlbot3_custom/local_setup.zsh
-- Up-to-date: /home/felipe/ros2_ws/install/turtlbot3_custom/share/turtlbot3_custom/local_setup.dsv
-- Up-to-date: /home/felipe/ros2_ws/install/turtlbot3_custom/share/turtlbot3_custom/package.dsv
-- Up-to-date: /home/felipe/ros2_ws/install/turtlbot3_custom/share/ament_index/resource_index/packages/turtlbot3_custom
-- Up-to-date: /home/felipe/ros2_ws/install/turtlbot3_custom/share/turtlbot3_custom/cmake/turtlbot3_customConfig.cmake
-- Up-to-date: /home/felipe/ros2_ws/install/turtlbot3_custom/share/turtlbot3_custom/cmake/turtlbot3_customConfig-version.cmake
-- Up-to-date: /home/felipe/ros2_ws/install/turtlbot3_custom/share/turtlbot3_custom/package.xml
