[0.080s] Invoking command in '/home/felipe/ros2_ws/build/turtlbot3_custom': AMENT_PREFIX_PATH=/home/felipe/ros2_ws/install/my_py_pkg:/home/felipe/ros2_ws/install/vacuum_robot:/home/felipe/ros2_ws/install/turtlbot3_custom:/opt/ros/humble:/home/felipe/ros2_ws/install CMAKE_PREFIX_PATH=${CMAKE_PREFIX_PATH}:/home/felipe/ros2_ws/install/vacuum_robot:/home/felipe/ros2_ws/install/my_py_pkg:/opt/ros/humble:/home/felipe/ros2_ws/install PYTHONPATH=/home/felipe/ros2_ws/install/my_py_pkg/lib/python3.10/site-packages:/home/felipe/ros2_ws/install/vacuum_robot/lib/python3.10/site-packages:/opt/ros/humble/lib/python3.10/site-packages:/opt/ros/humble/local/lib/python3.10/dist-packages /usr/bin/cmake --build /home/felipe/ros2_ws/build/turtlbot3_custom -- -j8 -l8
[0.218s] Invoked command in '/home/felipe/ros2_ws/build/turtlbot3_custom' returned '0': AMENT_PREFIX_PATH=/home/felipe/ros2_ws/install/my_py_pkg:/home/felipe/ros2_ws/install/vacuum_robot:/home/felipe/ros2_ws/install/turtlbot3_custom:/opt/ros/humble:/home/felipe/ros2_ws/install CMAKE_PREFIX_PATH=${CMAKE_PREFIX_PATH}:/home/felipe/ros2_ws/install/vacuum_robot:/home/felipe/ros2_ws/install/my_py_pkg:/opt/ros/humble:/home/felipe/ros2_ws/install PYTHONPATH=/home/felipe/ros2_ws/install/my_py_pkg/lib/python3.10/site-packages:/home/felipe/ros2_ws/install/vacuum_robot/lib/python3.10/site-packages:/opt/ros/humble/lib/python3.10/site-packages:/opt/ros/humble/local/lib/python3.10/dist-packages /usr/bin/cmake --build /home/felipe/ros2_ws/build/turtlbot3_custom -- -j8 -l8
[0.256s] Invoking command in '/home/felipe/ros2_ws/build/turtlbot3_custom': AMENT_PREFIX_PATH=/home/felipe/ros2_ws/install/my_py_pkg:/home/felipe/ros2_ws/install/vacuum_robot:/home/felipe/ros2_ws/install/turtlbot3_custom:/opt/ros/humble:/home/felipe/ros2_ws/install CMAKE_PREFIX_PATH=${CMAKE_PREFIX_PATH}:/home/felipe/ros2_ws/install/vacuum_robot:/home/felipe/ros2_ws/install/my_py_pkg:/opt/ros/humble:/home/felipe/ros2_ws/install PYTHONPATH=/home/felipe/ros2_ws/install/my_py_pkg/lib/python3.10/site-packages:/home/felipe/ros2_ws/install/vacuum_robot/lib/python3.10/site-packages:/opt/ros/humble/lib/python3.10/site-packages:/opt/ros/humble/local/lib/python3.10/dist-packages /usr/bin/cmake --install /home/felipe/ros2_ws/build/turtlbot3_custom
[0.281s] -- Install configuration: ""
[0.283s] -- Up-to-date: /home/felipe/ros2_ws/install/turtlbot3_custom/share/turtlbot3_custom/launch
[0.286s] -- Up-to-date: /home/felipe/ros2_ws/install/turtlbot3_custom/share/turtlbot3_custom/launch/turtlebot3_world.launch.py
[0.287s] -- Up-to-date: /home/felipe/ros2_ws/install/turtlbot3_custom/share/turtlbot3_custom/worlds
[0.287s] -- Up-to-date: /home/felipe/ros2_ws/install/turtlbot3_custom/share/turtlbot3_custom/worlds/path1.world
[0.288s] -- Up-to-date: /home/felipe/ros2_ws/install/turtlbot3_custom/share/turtlbot3_custom/worlds/path2.world
[0.288s] -- Up-to-date: /home/felipe/ros2_ws/install/turtlbot3_custom/share/turtlbot3_custom/worlds/maze_3.world
[0.288s] -- Up-to-date: /home/felipe/ros2_ws/install/turtlbot3_custom/share/ament_index/resource_index/package_run_dependencies/turtlbot3_custom
[0.289s] -- Up-to-date: /home/felipe/ros2_ws/install/turtlbot3_custom/share/ament_index/resource_index/parent_prefix_path/turtlbot3_custom
[0.289s] -- Up-to-date: /home/felipe/ros2_ws/install/turtlbot3_custom/share/turtlbot3_custom/environment/ament_prefix_path.sh
[0.289s] -- Up-to-date: /home/felipe/ros2_ws/install/turtlbot3_custom/share/turtlbot3_custom/environment/ament_prefix_path.dsv
[0.289s] -- Up-to-date: /home/felipe/ros2_ws/install/turtlbot3_custom/share/turtlbot3_custom/environment/path.sh
[0.290s] -- Up-to-date: /home/felipe/ros2_ws/install/turtlbot3_custom/share/turtlbot3_custom/environment/path.dsv
[0.290s] -- Up-to-date: /home/felipe/ros2_ws/install/turtlbot3_custom/share/turtlbot3_custom/local_setup.bash
[0.291s] -- Up-to-date: /home/felipe/ros2_ws/install/turtlbot3_custom/share/turtlbot3_custom/local_setup.sh
[0.291s] -- Up-to-date: /home/felipe/ros2_ws/install/turtlbot3_custom/share/turtlbot3_custom/local_setup.zsh
[0.291s] -- Up-to-date: /home/felipe/ros2_ws/install/turtlbot3_custom/share/turtlbot3_custom/local_setup.dsv
[0.292s] -- Up-to-date: /home/felipe/ros2_ws/install/turtlbot3_custom/share/turtlbot3_custom/package.dsv
[0.292s] -- Up-to-date: /home/felipe/ros2_ws/install/turtlbot3_custom/share/ament_index/resource_index/packages/turtlbot3_custom
[0.293s] -- Up-to-date: /home/felipe/ros2_ws/install/turtlbot3_custom/share/turtlbot3_custom/cmake/turtlbot3_customConfig.cmake
[0.297s] -- Up-to-date: /home/felipe/ros2_ws/install/turtlbot3_custom/share/turtlbot3_custom/cmake/turtlbot3_customConfig-version.cmake
[0.298s] -- Up-to-date: /home/felipe/ros2_ws/install/turtlbot3_custom/share/turtlbot3_custom/package.xml
[0.300s] Invoked command in '/home/felipe/ros2_ws/build/turtlbot3_custom' returned '0': AMENT_PREFIX_PATH=/home/felipe/ros2_ws/install/my_py_pkg:/home/felipe/ros2_ws/install/vacuum_robot:/home/felipe/ros2_ws/install/turtlbot3_custom:/opt/ros/humble:/home/felipe/ros2_ws/install CMAKE_PREFIX_PATH=${CMAKE_PREFIX_PATH}:/home/felipe/ros2_ws/install/vacuum_robot:/home/felipe/ros2_ws/install/my_py_pkg:/opt/ros/humble:/home/felipe/ros2_ws/install PYTHONPATH=/home/felipe/ros2_ws/install/my_py_pkg/lib/python3.10/site-packages:/home/felipe/ros2_ws/install/vacuum_robot/lib/python3.10/site-packages:/opt/ros/humble/lib/python3.10/site-packages:/opt/ros/humble/local/lib/python3.10/dist-packages /usr/bin/cmake --install /home/felipe/ros2_ws/build/turtlbot3_custom
