[0.012s] Invoking command in '/home/felipe/ros2_ws/build/vacuum_robot': /usr/bin/cmake /home/felipe/ros2_ws/src/vacuum_robot -DCATKIN_INSTALL_INTO_PREFIX_ROOT=0 -DCMAKE_INSTALL_PREFIX=/home/felipe/ros2_ws/install/vacuum_robot
[0.073s] -- The C compiler identification is GNU 11.4.0
[0.122s] -- The CXX compiler identification is GNU 11.4.0
[0.128s] -- Detecting C compiler ABI info
[0.185s] -- Detecting C compiler ABI info - done
[0.193s] -- Check for working C compiler: /usr/bin/cc - skipped
[0.193s] -- Detecting C compile features
[0.193s] -- Detecting C compile features - done
[0.196s] -- Detecting CXX compiler ABI info
[0.268s] -- Detecting CXX compiler ABI info - done
[0.276s] -- Check for working CXX compiler: /usr/bin/c++ - skipped
[0.276s] -- Detecting CXX compile features
[0.276s] -- Detecting CXX compile features - done
[0.279s] -- Found ament_cmake: 1.3.11 (/opt/ros/humble/share/ament_cmake/cmake)
[0.652s] -- Found Python3: /usr/bin/python3 (found version "3.10.12") found components: Interpreter 
[0.739s] -- Found rclpy: 3.3.15 (/opt/ros/humble/share/rclpy/cmake)
[0.741s] -- Found geometry_msgs: 4.2.4 (/opt/ros/humble/share/geometry_msgs/cmake)
[0.779s] -- Found rosidl_generator_c: 3.1.6 (/opt/ros/humble/share/rosidl_generator_c/cmake)
[0.784s] -- Found rosidl_adapter: 3.1.6 (/opt/ros/humble/share/rosidl_adapter/cmake)
[0.792s] -- Found rosidl_generator_cpp: 3.1.6 (/opt/ros/humble/share/rosidl_generator_cpp/cmake)
[0.804s] -- Using all available rosidl_typesupport_c: rosidl_typesupport_fastrtps_c;rosidl_typesupport_introspection_c
[0.820s] -- Using all available rosidl_typesupport_cpp: rosidl_typesupport_fastrtps_cpp;rosidl_typesupport_introspection_cpp
[1.004s] -- Configuring done
[1.008s] -- Generating done
[1.009s] [33mCMake Warning:
[1.009s]   Manually-specified variables were not used by the project:
[1.009s] 
[1.009s]     CATKIN_INSTALL_INTO_PREFIX_ROOT
[1.009s] 
[1.009s] [0m
[1.011s] -- Build files have been written to: /home/felipe/ros2_ws/build/vacuum_robot
[1.023s] Invoked command in '/home/felipe/ros2_ws/build/vacuum_robot' returned '0': /usr/bin/cmake /home/felipe/ros2_ws/src/vacuum_robot -DCATKIN_INSTALL_INTO_PREFIX_ROOT=0 -DCMAKE_INSTALL_PREFIX=/home/felipe/ros2_ws/install/vacuum_robot
[1.024s] Invoking command in '/home/felipe/ros2_ws/build/vacuum_robot': /usr/bin/cmake --build /home/felipe/ros2_ws/build/vacuum_robot -- -j8 -l8
[1.070s] Built target ament_cmake_python_copy_vacuum_robot_setup
[1.070s] Built target ament_cmake_python_copy_vacuum_robot
[1.319s] running egg_info
[1.343s] creating vacuum_robot.egg-info
[1.344s] writing vacuum_robot.egg-info/PKG-INFO
[1.344s] writing dependency_links to vacuum_robot.egg-info/dependency_links.txt
[1.344s] writing top-level names to vacuum_robot.egg-info/top_level.txt
[1.344s] writing manifest file 'vacuum_robot.egg-info/SOURCES.txt'
[1.413s] reading manifest file 'vacuum_robot.egg-info/SOURCES.txt'
[1.414s] writing manifest file 'vacuum_robot.egg-info/SOURCES.txt'
[1.442s] Built target ament_cmake_python_build_vacuum_robot_egg
[1.452s] Invoked command in '/home/felipe/ros2_ws/build/vacuum_robot' returned '0': /usr/bin/cmake --build /home/felipe/ros2_ws/build/vacuum_robot -- -j8 -l8
[1.461s] Invoking command in '/home/felipe/ros2_ws/build/vacuum_robot': /usr/bin/cmake --install /home/felipe/ros2_ws/build/vacuum_robot
[1.467s] -- Install configuration: ""
[1.467s] -- Installing: /home/felipe/ros2_ws/install/vacuum_robot/share/vacuum_robot/environment/pythonpath.sh
[1.467s] -- Installing: /home/felipe/ros2_ws/install/vacuum_robot/share/vacuum_robot/environment/pythonpath.dsv
[1.467s] -- Installing: /home/felipe/ros2_ws/install/vacuum_robot/local/lib/python3.10/dist-packages/vacuum_robot-0.0.0-py3.10.egg-info
[1.467s] -- Installing: /home/felipe/ros2_ws/install/vacuum_robot/local/lib/python3.10/dist-packages/vacuum_robot-0.0.0-py3.10.egg-info/top_level.txt
[1.468s] -- Installing: /home/felipe/ros2_ws/install/vacuum_robot/local/lib/python3.10/dist-packages/vacuum_robot-0.0.0-py3.10.egg-info/dependency_links.txt
[1.468s] -- Installing: /home/felipe/ros2_ws/install/vacuum_robot/local/lib/python3.10/dist-packages/vacuum_robot-0.0.0-py3.10.egg-info/PKG-INFO
[1.468s] -- Installing: /home/felipe/ros2_ws/install/vacuum_robot/local/lib/python3.10/dist-packages/vacuum_robot-0.0.0-py3.10.egg-info/SOURCES.txt
[1.468s] -- Installing: /home/felipe/ros2_ws/install/vacuum_robot/local/lib/python3.10/dist-packages/vacuum_robot
[1.468s] -- Installing: /home/felipe/ros2_ws/install/vacuum_robot/local/lib/python3.10/dist-packages/vacuum_robot/vacuum_robot_controller.py
[1.468s] -- Installing: /home/felipe/ros2_ws/install/vacuum_robot/local/lib/python3.10/dist-packages/vacuum_robot/__init__.py
[1.499s] Listing '/home/felipe/ros2_ws/install/vacuum_robot/local/lib/python3.10/dist-packages/vacuum_robot'...
[1.499s] Compiling '/home/felipe/ros2_ws/install/vacuum_robot/local/lib/python3.10/dist-packages/vacuum_robot/__init__.py'...
[1.499s] Compiling '/home/felipe/ros2_ws/install/vacuum_robot/local/lib/python3.10/dist-packages/vacuum_robot/vacuum_robot_controller.py'...
[1.505s] [31mCMake Error at cmake_install.cmake:70 (file):
[1.505s]   file INSTALL cannot find
[1.505s]   "/home/felipe/ros2_ws/src/vacuum_robot/scripts/vacuum_robot_controller.py":
[1.505s]   No such file or directory.
[1.505s] 
[1.505s] [0m
[1.506s] Invoked command in '/home/felipe/ros2_ws/build/vacuum_robot' returned '1': /usr/bin/cmake --install /home/felipe/ros2_ws/build/vacuum_robot
