/home/felipe/ros2_ws/install/my_py_pkg/lib/python3.10/site-packages/my_py_pkg/robot_command.py
/home/felipe/ros2_ws/install/my_py_pkg/lib/python3.10/site-packages/my_py_pkg/__init__.py
/home/felipe/ros2_ws/install/my_py_pkg/lib/python3.10/site-packages/my_py_pkg/__pycache__/robot_command.cpython-310.pyc
/home/felipe/ros2_ws/install/my_py_pkg/lib/python3.10/site-packages/my_py_pkg/__pycache__/__init__.cpython-310.pyc
/home/felipe/ros2_ws/install/my_py_pkg/share/ament_index/resource_index/packages/my_py_pkg
/home/felipe/ros2_ws/install/my_py_pkg/share/my_py_pkg/package.xml
/home/felipe/ros2_ws/install/my_py_pkg/lib/python3.10/site-packages/my_py_pkg-0.0.0-py3.10.egg-info/top_level.txt
/home/felipe/ros2_ws/install/my_py_pkg/lib/python3.10/site-packages/my_py_pkg-0.0.0-py3.10.egg-info/dependency_links.txt
/home/felipe/ros2_ws/install/my_py_pkg/lib/python3.10/site-packages/my_py_pkg-0.0.0-py3.10.egg-info/PKG-INFO
/home/felipe/ros2_ws/install/my_py_pkg/lib/python3.10/site-packages/my_py_pkg-0.0.0-py3.10.egg-info/entry_points.txt
/home/felipe/ros2_ws/install/my_py_pkg/lib/python3.10/site-packages/my_py_pkg-0.0.0-py3.10.egg-info/SOURCES.txt
/home/felipe/ros2_ws/install/my_py_pkg/lib/python3.10/site-packages/my_py_pkg-0.0.0-py3.10.egg-info/zip-safe
/home/felipe/ros2_ws/install/my_py_pkg/lib/python3.10/site-packages/my_py_pkg-0.0.0-py3.10.egg-info/requires.txt
/home/felipe/ros2_ws/install/my_py_pkg/lib/my_py_pkg/add_two_ints_client
/home/felipe/ros2_ws/install/my_py_pkg/lib/my_py_pkg/add_two_ints_server
/home/felipe/ros2_ws/install/my_py_pkg/lib/my_py_pkg/battery
/home/felipe/ros2_ws/install/my_py_pkg/lib/my_py_pkg/camera_stream
/home/felipe/ros2_ws/install/my_py_pkg/lib/my_py_pkg/hw_status_publisher
/home/felipe/ros2_ws/install/my_py_pkg/lib/my_py_pkg/led_panel
/home/felipe/ros2_ws/install/my_py_pkg/lib/my_py_pkg/number_counter
/home/felipe/ros2_ws/install/my_py_pkg/lib/my_py_pkg/number_publisher
/home/felipe/ros2_ws/install/my_py_pkg/lib/my_py_pkg/py_node
/home/felipe/ros2_ws/install/my_py_pkg/lib/my_py_pkg/robot_commmand_publisher
/home/felipe/ros2_ws/install/my_py_pkg/lib/my_py_pkg/robot_news_station
/home/felipe/ros2_ws/install/my_py_pkg/lib/my_py_pkg/send_waypoints
/home/felipe/ros2_ws/install/my_py_pkg/lib/my_py_pkg/smartphone
