[0.017s] Invoking command in '/home/felipe/ros2_ws/build/mapviz': AMENT_PREFIX_PATH=/home/felipe/ros2_ws/install/mapviz_interfaces:${AMENT_PREFIX_PATH} CMAKE_PREFIX_PATH=/home/felipe/ros2_ws/install/mapviz_interfaces:/home/felipe/ros2_ws/install/turtlbot3_custom:/home/felipe/ros2_ws/install/explorer_interfaces:/home/felipe/ros2_ws/install/explorer_gazebo:/home/felipe/ros2_ws/install/explorer_cartographer:/home/felipe/ros2_ws/install/vacuum_robot:/home/felipe/ros2_ws/install/my_py_pkg:/home/felipe/ros2_ws/install/explorer_wanderer:/home/felipe/ros2_ws/install/explorer_map_utils:/home/felipe/ros2_ws/install/explorer_bringup:/home/felipe/ros2_ws/install/auto_mapper_py:/opt/ros/humble:/home/felipe/ros2_ws/install LD_LIBRARY_PATH=/home/felipe/ros2_ws/install/mapviz_interfaces/lib:${LD_LIBRARY_PATH} PYTHONPATH=/home/felipe/ros2_ws/install/mapviz_interfaces/local/lib/python3.10/dist-packages:${PYTHONPATH} /usr/bin/cmake /home/felipe/ros2_ws/src/mapviz/mapviz -DCMAKE_INSTALL_PREFIX=/home/felipe/ros2_ws/install/mapviz
[0.134s] -- The CXX compiler identification is GNU 11.4.0
[0.147s] -- Detecting CXX compiler ABI info
[0.269s] -- Detecting CXX compiler ABI info - done
[0.282s] -- Check for working CXX compiler: /usr/bin/c++ - skipped
[0.283s] -- Detecting CXX compile features
[0.283s] -- Detecting CXX compile features - done
[0.288s] -- Found ament_cmake: 1.3.11 (/opt/ros/humble/share/ament_cmake/cmake)
[0.789s] -- Found Python3: /usr/bin/python3 (found version "3.10.12") found components: Interpreter 
[0.897s] -- Found cv_bridge: 3.2.1 (/opt/ros/humble/share/cv_bridge/cmake)
[0.963s] -- Found rosidl_generator_c: 3.1.6 (/opt/ros/humble/share/rosidl_generator_c/cmake)
[0.969s] -- Found rosidl_adapter: 3.1.6 (/opt/ros/humble/share/rosidl_adapter/cmake)
[0.979s] -- Found rosidl_generator_cpp: 3.1.6 (/opt/ros/humble/share/rosidl_generator_cpp/cmake)
[0.992s] -- Using all available rosidl_typesupport_c: rosidl_typesupport_fastrtps_c;rosidl_typesupport_introspection_c
[1.011s] -- Using all available rosidl_typesupport_cpp: rosidl_typesupport_fastrtps_cpp;rosidl_typesupport_introspection_cpp
[1.090s] -- Found image_transport: 3.1.10 (/opt/ros/humble/share/image_transport/cmake)
[1.161s] -- Found rmw_implementation_cmake: 6.1.2 (/opt/ros/humble/share/rmw_implementation_cmake/cmake)
[1.166s] -- Found rmw_fastrtps_cpp: 6.2.7 (/opt/ros/humble/share/rmw_fastrtps_cpp/cmake)
[1.259s] -- Found OpenSSL: /usr/lib/x86_64-linux-gnu/libcrypto.so (found version "3.0.2")  
[1.289s] -- Found FastRTPS: /opt/ros/humble/include  
[1.332s] -- Using RMW implementation 'rmw_fastrtps_cpp' as default
[1.345s] -- Looking for C++ include pthread.h
[1.418s] -- Looking for C++ include pthread.h - found
[1.418s] -- Performing Test CMAKE_HAVE_LIBC_PTHREAD
[1.490s] -- Performing Test CMAKE_HAVE_LIBC_PTHREAD - Success
[1.491s] -- Found Threads: TRUE  
[1.578s] -- Found mapviz_interfaces: 2.4.4 (/home/felipe/ros2_ws/install/mapviz_interfaces/share/mapviz_interfaces/cmake)
[1.612s] -- Found rqt_gui_cpp: 1.1.7 (/opt/ros/humble/share/rqt_gui_cpp/cmake)
[1.657s] -- Found std_srvs: 4.2.4 (/opt/ros/humble/share/std_srvs/cmake)
[1.673s] -- Found swri_math_util: 3.7.3 (/opt/ros/humble/share/swri_math_util/cmake)
[1.679s] -- Found swri_transform_util: 3.7.3 (/opt/ros/humble/share/swri_transform_util/cmake)
[1.767s] -- Found eigen3_cmake_module: 0.1.1 (/opt/ros/humble/share/eigen3_cmake_module/cmake)
[1.768s] -- Found Eigen3: TRUE (found version "3.4.0") 
[1.768s] -- Ensuring Eigen3 include directory is part of orocos-kdl CMake target
[1.883s] -- Found PkgConfig: /usr/bin/pkg-config (found version "0.29.2") 
[1.884s] -- Checking for module 'yaml-cpp'
[1.895s] --   Found yaml-cpp, version 0.7.0
[1.945s] -- Found Boost: /usr/lib/x86_64-linux-gnu/cmake/Boost-1.74.0/BoostConfig.cmake (found version "1.74.0") found components: date_time system filesystem 
[1.949s] -- Found OpenCV: /usr (found version "4.5.4") found components: core imgproc imgcodecs videoio 
[1.964s] -- Found OpenGL: /usr/lib/x86_64-linux-gnu/libOpenGL.so   
[1.970s] -- Checking for module 'glut'
[1.972s] --   No package 'glut' found
[1.976s] -- Found GLUT: /usr/lib/x86_64-linux-gnu/libglut.so  
[2.023s] -- Found GLEW: /usr/include (found version "2.2.0") 
[2.113s] -- Configuring done
[2.182s] -- Generating done
[2.189s] -- Build files have been written to: /home/felipe/ros2_ws/build/mapviz
[2.202s] Invoked command in '/home/felipe/ros2_ws/build/mapviz' returned '0': AMENT_PREFIX_PATH=/home/felipe/ros2_ws/install/mapviz_interfaces:${AMENT_PREFIX_PATH} CMAKE_PREFIX_PATH=/home/felipe/ros2_ws/install/mapviz_interfaces:/home/felipe/ros2_ws/install/turtlbot3_custom:/home/felipe/ros2_ws/install/explorer_interfaces:/home/felipe/ros2_ws/install/explorer_gazebo:/home/felipe/ros2_ws/install/explorer_cartographer:/home/felipe/ros2_ws/install/vacuum_robot:/home/felipe/ros2_ws/install/my_py_pkg:/home/felipe/ros2_ws/install/explorer_wanderer:/home/felipe/ros2_ws/install/explorer_map_utils:/home/felipe/ros2_ws/install/explorer_bringup:/home/felipe/ros2_ws/install/auto_mapper_py:/opt/ros/humble:/home/felipe/ros2_ws/install LD_LIBRARY_PATH=/home/felipe/ros2_ws/install/mapviz_interfaces/lib:${LD_LIBRARY_PATH} PYTHONPATH=/home/felipe/ros2_ws/install/mapviz_interfaces/local/lib/python3.10/dist-packages:${PYTHONPATH} /usr/bin/cmake /home/felipe/ros2_ws/src/mapviz/mapviz -DCMAKE_INSTALL_PREFIX=/home/felipe/ros2_ws/install/mapviz
[2.203s] Invoking command in '/home/felipe/ros2_ws/build/mapviz': AMENT_PREFIX_PATH=/home/felipe/ros2_ws/install/mapviz_interfaces:${AMENT_PREFIX_PATH} CMAKE_PREFIX_PATH=/home/felipe/ros2_ws/install/mapviz_interfaces:/home/felipe/ros2_ws/install/turtlbot3_custom:/home/felipe/ros2_ws/install/explorer_interfaces:/home/felipe/ros2_ws/install/explorer_gazebo:/home/felipe/ros2_ws/install/explorer_cartographer:/home/felipe/ros2_ws/install/vacuum_robot:/home/felipe/ros2_ws/install/my_py_pkg:/home/felipe/ros2_ws/install/explorer_wanderer:/home/felipe/ros2_ws/install/explorer_map_utils:/home/felipe/ros2_ws/install/explorer_bringup:/home/felipe/ros2_ws/install/auto_mapper_py:/opt/ros/humble:/home/felipe/ros2_ws/install LD_LIBRARY_PATH=/home/felipe/ros2_ws/install/mapviz_interfaces/lib:${LD_LIBRARY_PATH} PYTHONPATH=/home/felipe/ros2_ws/install/mapviz_interfaces/local/lib/python3.10/dist-packages:${PYTHONPATH} /usr/bin/cmake --build /home/felipe/ros2_ws/build/mapviz -- -j8 -l8
[2.240s] [  2%] [34m[1mGenerating include/mapviz/moc_mapviz.cpp[0m
[2.240s] [  5%] [34m[1mGenerating include/mapviz/moc_config_item.cpp[0m
[2.240s] [ 10%] [34m[1mGenerating include/mapviz/moc_mapviz_plugin.cpp[0m
[2.241s] [ 13%] [34m[1mGenerating include/mapviz/moc_select_frame_dialog.cpp[0m
[2.241s] [ 16%] [34m[1mGenerating ui_pluginselect.h[0m
[2.241s] [ 18%] [34m[1mGenerating include/mapviz/moc_rqt_mapviz.cpp[0m
[2.242s] [ 18%] [34m[1mGenerating include/mapviz/moc_map_canvas.cpp[0m
[2.242s] [ 21%] [34m[1mGenerating include/mapviz/moc_color_button.cpp[0m
[2.294s] [ 24%] [34m[1mGenerating include/mapviz/moc_select_service_dialog.cpp[0m
[2.304s] [ 32%] [34m[1mGenerating include/mapviz/moc_widgets.cpp[0m
[2.304s] [ 32%] [34m[1mGenerating ui_mapviz.h[0m
[2.304s] [ 32%] [34m[1mGenerating ui_configitem.h[0m
[2.306s] [ 35%] [34m[1mGenerating include/mapviz/moc_video_writer.cpp[0m
[2.306s] [ 37%] [34m[1mGenerating qrc_icons.cpp[0m
[2.359s] [ 40%] [32mBuilding CXX object CMakeFiles/rqt_mapviz.dir/include/mapviz/moc_mapviz_plugin.cpp.o[0m
[2.359s] [ 43%] [32mBuilding CXX object CMakeFiles/rqt_mapviz.dir/include/mapviz/moc_color_button.cpp.o[0m
[2.359s] [ 45%] [32mBuilding CXX object CMakeFiles/rqt_mapviz.dir/include/mapviz/moc_config_item.cpp.o[0m
[2.359s] [ 48%] [32mBuilding CXX object CMakeFiles/rqt_mapviz.dir/include/mapviz/moc_map_canvas.cpp.o[0m
[2.359s] [ 51%] [32mBuilding CXX object CMakeFiles/rqt_mapviz.dir/include/mapviz/moc_mapviz.cpp.o[0m
[2.359s] [ 54%] [32mBuilding CXX object CMakeFiles/rqt_mapviz.dir/include/mapviz/moc_rqt_mapviz.cpp.o[0m
[2.359s] [ 56%] [32mBuilding CXX object CMakeFiles/rqt_mapviz.dir/include/mapviz/moc_select_frame_dialog.cpp.o[0m
[2.366s] [ 59%] [32mBuilding CXX object CMakeFiles/rqt_mapviz.dir/include/mapviz/moc_select_service_dialog.cpp.o[0m
[4.949s] [ 62%] [32mBuilding CXX object CMakeFiles/rqt_mapviz.dir/include/mapviz/moc_video_writer.cpp.o[0m
[5.812s] [ 64%] [32mBuilding CXX object CMakeFiles/rqt_mapviz.dir/include/mapviz/moc_widgets.cpp.o[0m
[8.525s] [ 67%] [32mBuilding CXX object CMakeFiles/rqt_mapviz.dir/src/mapviz.cpp.o[0m
[9.339s] [ 70%] [32mBuilding CXX object CMakeFiles/rqt_mapviz.dir/src/color_button.cpp.o[0m
[11.303s] [ 72%] [32mBuilding CXX object CMakeFiles/rqt_mapviz.dir/src/config_item.cpp.o[0m
[11.306s] [ 75%] [32mBuilding CXX object CMakeFiles/rqt_mapviz.dir/src/mapviz_application.cpp.o[0m
[12.098s] [ 78%] [32mBuilding CXX object CMakeFiles/rqt_mapviz.dir/src/map_canvas.cpp.o[0m
[14.573s] [ 81%] [32mBuilding CXX object CMakeFiles/rqt_mapviz.dir/src/rqt_mapviz.cpp.o[0m
[14.840s] [ 83%] [32mBuilding CXX object CMakeFiles/rqt_mapviz.dir/src/select_frame_dialog.cpp.o[0m
[15.061s] [ 86%] [32mBuilding CXX object CMakeFiles/rqt_mapviz.dir/src/select_service_dialog.cpp.o[0m
[19.920s] [ 89%] [32mBuilding CXX object CMakeFiles/rqt_mapviz.dir/src/video_writer.cpp.o[0m
[21.776s] [ 91%] [32mBuilding CXX object CMakeFiles/rqt_mapviz.dir/qrc_icons.cpp.o[0m
[37.480s] [ 94%] [32m[1mLinking CXX static library librqt_mapviz.a[0m
[37.671s] [ 94%] Built target rqt_mapviz
[37.691s] [ 97%] [32mBuilding CXX object CMakeFiles/mapviz.dir/src/mapviz_main.cpp.o[0m
[45.516s] [100%] [32m[1mLinking CXX executable mapviz[0m
[48.710s] [100%] Built target mapviz
[48.720s] Invoked command in '/home/felipe/ros2_ws/build/mapviz' returned '0': AMENT_PREFIX_PATH=/home/felipe/ros2_ws/install/mapviz_interfaces:${AMENT_PREFIX_PATH} CMAKE_PREFIX_PATH=/home/felipe/ros2_ws/install/mapviz_interfaces:/home/felipe/ros2_ws/install/turtlbot3_custom:/home/felipe/ros2_ws/install/explorer_interfaces:/home/felipe/ros2_ws/install/explorer_gazebo:/home/felipe/ros2_ws/install/explorer_cartographer:/home/felipe/ros2_ws/install/vacuum_robot:/home/felipe/ros2_ws/install/my_py_pkg:/home/felipe/ros2_ws/install/explorer_wanderer:/home/felipe/ros2_ws/install/explorer_map_utils:/home/felipe/ros2_ws/install/explorer_bringup:/home/felipe/ros2_ws/install/auto_mapper_py:/opt/ros/humble:/home/felipe/ros2_ws/install LD_LIBRARY_PATH=/home/felipe/ros2_ws/install/mapviz_interfaces/lib:${LD_LIBRARY_PATH} PYTHONPATH=/home/felipe/ros2_ws/install/mapviz_interfaces/local/lib/python3.10/dist-packages:${PYTHONPATH} /usr/bin/cmake --build /home/felipe/ros2_ws/build/mapviz -- -j8 -l8
[48.722s] Invoking command in '/home/felipe/ros2_ws/build/mapviz': AMENT_PREFIX_PATH=/home/felipe/ros2_ws/install/mapviz_interfaces:${AMENT_PREFIX_PATH} CMAKE_PREFIX_PATH=/home/felipe/ros2_ws/install/mapviz_interfaces:/home/felipe/ros2_ws/install/turtlbot3_custom:/home/felipe/ros2_ws/install/explorer_interfaces:/home/felipe/ros2_ws/install/explorer_gazebo:/home/felipe/ros2_ws/install/explorer_cartographer:/home/felipe/ros2_ws/install/vacuum_robot:/home/felipe/ros2_ws/install/my_py_pkg:/home/felipe/ros2_ws/install/explorer_wanderer:/home/felipe/ros2_ws/install/explorer_map_utils:/home/felipe/ros2_ws/install/explorer_bringup:/home/felipe/ros2_ws/install/auto_mapper_py:/opt/ros/humble:/home/felipe/ros2_ws/install LD_LIBRARY_PATH=/home/felipe/ros2_ws/install/mapviz_interfaces/lib:${LD_LIBRARY_PATH} PYTHONPATH=/home/felipe/ros2_ws/install/mapviz_interfaces/local/lib/python3.10/dist-packages:${PYTHONPATH} /usr/bin/cmake --install /home/felipe/ros2_ws/build/mapviz
[48.728s] -- Install configuration: ""
[48.729s] -- Installing: /home/felipe/ros2_ws/install/mapviz/include/mapviz
[48.729s] -- Installing: /home/felipe/ros2_ws/install/mapviz/include/mapviz/widgets.h
[48.729s] -- Installing: /home/felipe/ros2_ws/install/mapviz/include/mapviz/mapviz_application.h
[48.729s] -- Installing: /home/felipe/ros2_ws/install/mapviz/include/mapviz/stopwatch.h
[48.729s] -- Installing: /home/felipe/ros2_ws/install/mapviz/include/mapviz/select_service_dialog.h
[48.729s] -- Installing: /home/felipe/ros2_ws/install/mapviz/include/mapviz/config_item.h
[48.729s] -- Installing: /home/felipe/ros2_ws/install/mapviz/include/mapviz/map_canvas.h
[48.729s] -- Installing: /home/felipe/ros2_ws/install/mapviz/include/mapviz/select_frame_dialog.h
[48.729s] -- Installing: /home/felipe/ros2_ws/install/mapviz/include/mapviz/rqt_mapviz.h
[48.729s] -- Installing: /home/felipe/ros2_ws/install/mapviz/include/mapviz/video_writer.h
[48.729s] -- Installing: /home/felipe/ros2_ws/install/mapviz/include/mapviz/mapviz_plugin.h
[48.729s] -- Installing: /home/felipe/ros2_ws/install/mapviz/include/mapviz/color_button.h
[48.730s] -- Installing: /home/felipe/ros2_ws/install/mapviz/lib/mapviz/mapviz
[48.734s] -- Set runtime path of "/home/felipe/ros2_ws/install/mapviz/lib/mapviz/mapviz" to ""
[48.734s] -- Installing: /home/felipe/ros2_ws/install/mapviz/lib/librqt_mapviz.a
[48.744s] -- Installing: /home/felipe/ros2_ws/install/mapviz/share/mapviz/launch
[48.744s] -- Installing: /home/felipe/ros2_ws/install/mapviz/share/mapviz/launch/mapviz.launch.py
[48.744s] -- Installing: /home/felipe/ros2_ws/install/mapviz/share/mapviz/launch/mapviz.launch.xml
[48.745s] -- Installing: /home/felipe/ros2_ws/install/mapviz/share/mapviz/plugin.xml
[48.745s] -- Installing: /home/felipe/ros2_ws/install/mapviz/share/mapviz/environment/library_path.sh
[48.745s] -- Installing: /home/felipe/ros2_ws/install/mapviz/share/mapviz/environment/library_path.dsv
[48.746s] -- Installing: /home/felipe/ros2_ws/install/mapviz/share/ament_index/resource_index/package_run_dependencies/mapviz
[48.746s] -- Installing: /home/felipe/ros2_ws/install/mapviz/share/ament_index/resource_index/parent_prefix_path/mapviz
[48.746s] -- Installing: /home/felipe/ros2_ws/install/mapviz/share/mapviz/environment/ament_prefix_path.sh
[48.746s] -- Installing: /home/felipe/ros2_ws/install/mapviz/share/mapviz/environment/ament_prefix_path.dsv
[48.746s] -- Installing: /home/felipe/ros2_ws/install/mapviz/share/mapviz/environment/path.sh
[48.746s] -- Installing: /home/felipe/ros2_ws/install/mapviz/share/mapviz/environment/path.dsv
[48.746s] -- Installing: /home/felipe/ros2_ws/install/mapviz/share/mapviz/local_setup.bash
[48.746s] -- Installing: /home/felipe/ros2_ws/install/mapviz/share/mapviz/local_setup.sh
[48.747s] -- Installing: /home/felipe/ros2_ws/install/mapviz/share/mapviz/local_setup.zsh
[48.747s] -- Installing: /home/felipe/ros2_ws/install/mapviz/share/mapviz/local_setup.dsv
[48.747s] -- Installing: /home/felipe/ros2_ws/install/mapviz/share/mapviz/package.dsv
[48.747s] -- Installing: /home/felipe/ros2_ws/install/mapviz/share/ament_index/resource_index/packages/mapviz
[48.747s] -- Installing: /home/felipe/ros2_ws/install/mapviz/share/mapviz/cmake/ament_cmake_export_dependencies-extras.cmake
[48.747s] -- Installing: /home/felipe/ros2_ws/install/mapviz/share/mapviz/cmake/ament_cmake_export_include_directories-extras.cmake
[48.748s] -- Installing: /home/felipe/ros2_ws/install/mapviz/share/mapviz/cmake/ament_cmake_export_libraries-extras.cmake
[48.748s] -- Installing: /home/felipe/ros2_ws/install/mapviz/share/mapviz/cmake/mapvizConfig.cmake
[48.748s] -- Installing: /home/felipe/ros2_ws/install/mapviz/share/mapviz/cmake/mapvizConfig-version.cmake
[48.748s] -- Installing: /home/felipe/ros2_ws/install/mapviz/share/mapviz/package.xml
[48.751s] Invoked command in '/home/felipe/ros2_ws/build/mapviz' returned '0': AMENT_PREFIX_PATH=/home/felipe/ros2_ws/install/mapviz_interfaces:${AMENT_PREFIX_PATH} CMAKE_PREFIX_PATH=/home/felipe/ros2_ws/install/mapviz_interfaces:/home/felipe/ros2_ws/install/turtlbot3_custom:/home/felipe/ros2_ws/install/explorer_interfaces:/home/felipe/ros2_ws/install/explorer_gazebo:/home/felipe/ros2_ws/install/explorer_cartographer:/home/felipe/ros2_ws/install/vacuum_robot:/home/felipe/ros2_ws/install/my_py_pkg:/home/felipe/ros2_ws/install/explorer_wanderer:/home/felipe/ros2_ws/install/explorer_map_utils:/home/felipe/ros2_ws/install/explorer_bringup:/home/felipe/ros2_ws/install/auto_mapper_py:/opt/ros/humble:/home/felipe/ros2_ws/install LD_LIBRARY_PATH=/home/felipe/ros2_ws/install/mapviz_interfaces/lib:${LD_LIBRARY_PATH} PYTHONPATH=/home/felipe/ros2_ws/install/mapviz_interfaces/local/lib/python3.10/dist-packages:${PYTHONPATH} /usr/bin/cmake --install /home/felipe/ros2_ws/build/mapviz
