[8.429s] Invoking command in '/home/felipe/ros2_ws/src/voice_control': PYTHONPATH=/home/felipe/ros2_ws/build/voice_control/prefix_override:/usr/lib/python3/dist-packages/colcon_core/task/python/colcon_distutils_commands:/home/felipe/ros2_ws/install/voice_control/lib/python3.10/site-packages:${PYTHONPATH} /usr/bin/python3 -W ignore:setup.py install is deprecated -W ignore:easy_install command is deprecated setup.py egg_info --egg-base ../../build/voice_control build --build-base /home/felipe/ros2_ws/build/voice_control/build install --record /home/felipe/ros2_ws/build/voice_control/install.log --single-version-externally-managed install_data
[9.272s] /home/felipe/.local/lib/python3.10/site-packages/setuptools/_distutils/dist.py:270: UserWarning: Unknown distribution option: 'tests_require'
[9.273s]   warnings.warn(msg)
[9.975s] running egg_info
[10.087s] writing ../../build/voice_control/voice_control.egg-info/PKG-INFO
[10.089s] writing dependency_links to ../../build/voice_control/voice_control.egg-info/dependency_links.txt
[10.089s] writing entry points to ../../build/voice_control/voice_control.egg-info/entry_points.txt
[10.090s] writing requirements to ../../build/voice_control/voice_control.egg-info/requires.txt
[10.090s] writing top-level names to ../../build/voice_control/voice_control.egg-info/top_level.txt
[10.337s] reading manifest file '../../build/voice_control/voice_control.egg-info/SOURCES.txt'
[10.344s] writing manifest file '../../build/voice_control/voice_control.egg-info/SOURCES.txt'
[10.344s] running build
[10.345s] running build_py
[10.345s] copying voice_control/voice_command_node.py -> /home/felipe/ros2_ws/build/voice_control/build/lib/voice_control
[10.346s] copying voice_control/__init__.py -> /home/felipe/ros2_ws/build/voice_control/build/lib/voice_control
[10.347s] copying voice_control/motion_control_node.py -> /home/felipe/ros2_ws/build/voice_control/build/lib/voice_control
[10.348s] running install
[10.369s] running install_lib
[10.471s] copying /home/felipe/ros2_ws/build/voice_control/build/lib/voice_control/motion_control_node.py -> /home/felipe/ros2_ws/install/voice_control/lib/python3.10/site-packages/voice_control
[10.472s] byte-compiling /home/felipe/ros2_ws/install/voice_control/lib/python3.10/site-packages/voice_control/motion_control_node.py to motion_control_node.cpython-310.pyc
[10.475s] running install_data
[10.475s] copying resource/voice_control -> /home/felipe/ros2_ws/install/voice_control/share/ament_index/resource_index/packages
[10.475s] copying package.xml -> /home/felipe/ros2_ws/install/voice_control/share/voice_control
[10.476s] running install_egg_info
[10.584s] removing '/home/felipe/ros2_ws/install/voice_control/lib/python3.10/site-packages/voice_control-0.0.1-py3.10.egg-info' (and everything under it)
[10.584s] Copying ../../build/voice_control/voice_control.egg-info to /home/felipe/ros2_ws/install/voice_control/lib/python3.10/site-packages/voice_control-0.0.1-py3.10.egg-info
[10.586s] running install_scripts
[11.357s] Installing motion_control_node script to /home/felipe/ros2_ws/install/voice_control/lib/voice_control
[11.357s] Installing voice_command_node script to /home/felipe/ros2_ws/install/voice_control/lib/voice_control
[11.358s] writing list of installed files to '/home/felipe/ros2_ws/build/voice_control/install.log'
[11.469s] Invoked command in '/home/felipe/ros2_ws/src/voice_control' returned '0': PYTHONPATH=/home/felipe/ros2_ws/build/voice_control/prefix_override:/usr/lib/python3/dist-packages/colcon_core/task/python/colcon_distutils_commands:/home/felipe/ros2_ws/install/voice_control/lib/python3.10/site-packages:${PYTHONPATH} /usr/bin/python3 -W ignore:setup.py install is deprecated -W ignore:easy_install command is deprecated setup.py egg_info --egg-base ../../build/voice_control build --build-base /home/felipe/ros2_ws/build/voice_control/build install --record /home/felipe/ros2_ws/build/voice_control/install.log --single-version-externally-managed install_data
