[2.167s] Invoking command in '/home/felipe/ros2_ws/src/ros2_explorer/explorer_wanderer': PYTHONPATH=/home/felipe/ros2_ws/build/explorer_wanderer/prefix_override:/usr/lib/python3/dist-packages/colcon_core/task/python/colcon_distutils_commands:/home/felipe/ros2_ws/install/explorer_wanderer/lib/python3.10/site-packages:${PYTHONPATH} /usr/bin/python3 -W ignore:setup.py install is deprecated -W ignore:easy_install command is deprecated setup.py egg_info --egg-base ../../../build/explorer_wanderer build --build-base /home/felipe/ros2_ws/build/explorer_wanderer/build install --record /home/felipe/ros2_ws/build/explorer_wanderer/install.log --single-version-externally-managed install_data
[2.358s] /home/felipe/.local/lib/python3.10/site-packages/setuptools/_distutils/dist.py:261: UserWarning: Unknown distribution option: 'tests_require'
[2.358s]   warnings.warn(msg)
[2.607s] running egg_info
[2.648s] writing ../../../build/explorer_wanderer/explorer_wanderer.egg-info/PKG-INFO
[2.649s] writing dependency_links to ../../../build/explorer_wanderer/explorer_wanderer.egg-info/dependency_links.txt
[2.649s] writing entry points to ../../../build/explorer_wanderer/explorer_wanderer.egg-info/entry_points.txt
[2.650s] writing requirements to ../../../build/explorer_wanderer/explorer_wanderer.egg-info/requires.txt
[2.650s] writing top-level names to ../../../build/explorer_wanderer/explorer_wanderer.egg-info/top_level.txt
[2.735s] reading manifest file '../../../build/explorer_wanderer/explorer_wanderer.egg-info/SOURCES.txt'
[2.738s] writing manifest file '../../../build/explorer_wanderer/explorer_wanderer.egg-info/SOURCES.txt'
[2.738s] running build
[2.738s] running build_py
[2.738s] copying explorer_wanderer/wanderer.py -> /home/felipe/ros2_ws/build/explorer_wanderer/build/lib/explorer_wanderer
[2.739s] copying explorer_wanderer/discoverer_server.py -> /home/felipe/ros2_ws/build/explorer_wanderer/build/lib/explorer_wanderer
[2.739s] copying explorer_wanderer/__init__.py -> /home/felipe/ros2_ws/build/explorer_wanderer/build/lib/explorer_wanderer
[2.740s] copying explorer_wanderer/wanderer_server.py -> /home/felipe/ros2_ws/build/explorer_wanderer/build/lib/explorer_wanderer
[2.740s] running install
[2.749s] running install_lib
[2.792s] running install_data
[2.792s] copying resource/explorer_wanderer -> /home/felipe/ros2_ws/install/explorer_wanderer/share/ament_index/resource_index/packages
[2.793s] copying package.xml -> /home/felipe/ros2_ws/install/explorer_wanderer/share/explorer_wanderer
[2.793s] running install_egg_info
[2.837s] removing '/home/felipe/ros2_ws/install/explorer_wanderer/lib/python3.10/site-packages/explorer_wanderer-0.0.0-py3.10.egg-info' (and everything under it)
[2.837s] Copying ../../../build/explorer_wanderer/explorer_wanderer.egg-info to /home/felipe/ros2_ws/install/explorer_wanderer/lib/python3.10/site-packages/explorer_wanderer-0.0.0-py3.10.egg-info
[2.838s] running install_scripts
[3.042s] Installing discoverer_server script to /home/felipe/ros2_ws/install/explorer_wanderer/lib/explorer_wanderer
[3.043s] Installing wanderer script to /home/felipe/ros2_ws/install/explorer_wanderer/lib/explorer_wanderer
[3.043s] Installing wanderer_server script to /home/felipe/ros2_ws/install/explorer_wanderer/lib/explorer_wanderer
[3.043s] writing list of installed files to '/home/felipe/ros2_ws/build/explorer_wanderer/install.log'
[3.073s] Invoked command in '/home/felipe/ros2_ws/src/ros2_explorer/explorer_wanderer' returned '0': PYTHONPATH=/home/felipe/ros2_ws/build/explorer_wanderer/prefix_override:/usr/lib/python3/dist-packages/colcon_core/task/python/colcon_distutils_commands:/home/felipe/ros2_ws/install/explorer_wanderer/lib/python3.10/site-packages:${PYTHONPATH} /usr/bin/python3 -W ignore:setup.py install is deprecated -W ignore:easy_install command is deprecated setup.py egg_info --egg-base ../../../build/explorer_wanderer build --build-base /home/felipe/ros2_ws/build/explorer_wanderer/build install --record /home/felipe/ros2_ws/build/explorer_wanderer/install.log --single-version-externally-managed install_data
