[4.675s] Invoking command in '/home/felipe/ros2_ws/src/vacuum_robot': PYTHONPATH=/home/felipe/ros2_ws/build/vacuum_robot/prefix_override:/usr/lib/python3/dist-packages/colcon_core/task/python/colcon_distutils_commands:/home/felipe/ros2_ws/install/vacuum_robot/lib/python3.10/site-packages:${PYTHONPATH} /usr/bin/python3 -W ignore:setup.py install is deprecated -W ignore:easy_install command is deprecated setup.py egg_info --egg-base ../../build/vacuum_robot build --build-base /home/felipe/ros2_ws/build/vacuum_robot/build install --record /home/felipe/ros2_ws/build/vacuum_robot/install.log --single-version-externally-managed install_data
[6.303s] running egg_info
[6.417s] writing ../../build/vacuum_robot/vacuum_robot.egg-info/PKG-INFO
[6.419s] writing dependency_links to ../../build/vacuum_robot/vacuum_robot.egg-info/dependency_links.txt
[6.421s] writing entry points to ../../build/vacuum_robot/vacuum_robot.egg-info/entry_points.txt
[6.421s] writing requirements to ../../build/vacuum_robot/vacuum_robot.egg-info/requires.txt
[6.424s] writing top-level names to ../../build/vacuum_robot/vacuum_robot.egg-info/top_level.txt
[6.705s] reading manifest file '../../build/vacuum_robot/vacuum_robot.egg-info/SOURCES.txt'
[6.712s] writing manifest file '../../build/vacuum_robot/vacuum_robot.egg-info/SOURCES.txt'
[6.712s] running build
[6.712s] running build_py
[6.713s] copying vacuum_robot/vacuum_robot_controller.py -> /home/felipe/ros2_ws/build/vacuum_robot/build/lib/vacuum_robot
[6.714s] copying vacuum_robot/__init__.py -> /home/felipe/ros2_ws/build/vacuum_robot/build/lib/vacuum_robot
[6.714s] running install
[6.747s] running install_lib
[6.884s] copying /home/felipe/ros2_ws/build/vacuum_robot/build/lib/vacuum_robot/vacuum_robot_controller.py -> /home/felipe/ros2_ws/install/vacuum_robot/lib/python3.10/site-packages/vacuum_robot
[6.888s] byte-compiling /home/felipe/ros2_ws/install/vacuum_robot/lib/python3.10/site-packages/vacuum_robot/vacuum_robot_controller.py to vacuum_robot_controller.cpython-310.pyc
[6.892s] running install_data
[6.893s] copying resource/vacuum_robot -> /home/felipe/ros2_ws/install/vacuum_robot/share/ament_index/resource_index/packages
[6.894s] copying package.xml -> /home/felipe/ros2_ws/install/vacuum_robot/share/vacuum_robot
[6.894s] running install_egg_info
[7.036s] removing '/home/felipe/ros2_ws/install/vacuum_robot/lib/python3.10/site-packages/vacuum_robot-0.0.0-py3.10.egg-info' (and everything under it)
[7.037s] Copying ../../build/vacuum_robot/vacuum_robot.egg-info to /home/felipe/ros2_ws/install/vacuum_robot/lib/python3.10/site-packages/vacuum_robot-0.0.0-py3.10.egg-info
[7.040s] running install_scripts
[8.003s] Installing vacuum_robot_controller script to /home/felipe/ros2_ws/install/vacuum_robot/lib/vacuum_robot
[8.007s] writing list of installed files to '/home/felipe/ros2_ws/build/vacuum_robot/install.log'
[8.149s] Invoked command in '/home/felipe/ros2_ws/src/vacuum_robot' returned '0': PYTHONPATH=/home/felipe/ros2_ws/build/vacuum_robot/prefix_override:/usr/lib/python3/dist-packages/colcon_core/task/python/colcon_distutils_commands:/home/felipe/ros2_ws/install/vacuum_robot/lib/python3.10/site-packages:${PYTHONPATH} /usr/bin/python3 -W ignore:setup.py install is deprecated -W ignore:easy_install command is deprecated setup.py egg_info --egg-base ../../build/vacuum_robot build --build-base /home/felipe/ros2_ws/build/vacuum_robot/build install --record /home/felipe/ros2_ws/build/vacuum_robot/install.log --single-version-externally-managed install_data
