[4.383s] DEBUG:colcon:Command line arguments: ['/usr/bin/colcon', 'build']
[4.383s] DEBUG:colcon:Parsed command line arguments: Namespace(log_base=None, log_level=None, verb_name='build', build_base='build', install_base='install', merge_install=False, symlink_install=False, test_result_base=None, continue_on_error=False, executor='parallel', parallel_workers=2, event_handlers=None, ignore_user_meta=False, metas=['./colcon.meta'], base_paths=['.'], packages_ignore=None, packages_ignore_regex=None, paths=None, packages_up_to=None, packages_up_to_regex=None, packages_above=None, packages_above_and_dependencies=None, packages_above_depth=None, packages_select_by_dep=None, packages_skip_by_dep=None, packages_skip_up_to=None, packages_select_build_failed=False, packages_skip_build_finished=False, packages_select_test_failures=False, packages_skip_test_passed=False, packages_select=None, packages_skip=None, packages_select_regex=None, packages_skip_regex=None, packages_start=None, packages_end=None, allow_overriding=[], cmake_args=None, cmake_target=None, cmake_target_skip_unavailable=False, cmake_clean_cache=False, cmake_clean_first=False, cmake_force_configure=False, ament_cmake_args=None, catkin_cmake_args=None, catkin_skip_building_tests=False, mixin_files=None, mixin=None, verb_parser=<colcon_mixin.mixin.mixin_argument.MixinArgumentDecorator object at 0x7a39906a4ac0>, verb_extension=<colcon_core.verb.build.BuildVerb object at 0x7a3990616530>, main=<bound method BuildVerb.main of <colcon_core.verb.build.BuildVerb object at 0x7a3990616530>>, mixin_verb=('build',))
[4.993s] Level 1:colcon.colcon_core.package_discovery:discover_packages(colcon_meta) check parameters
[4.994s] Level 1:colcon.colcon_core.package_discovery:discover_packages(recursive) check parameters
[4.994s] Level 1:colcon.colcon_core.package_discovery:discover_packages(ignore) check parameters
[4.995s] Level 1:colcon.colcon_core.package_discovery:discover_packages(path) check parameters
[4.995s] Level 1:colcon.colcon_core.package_discovery:discover_packages(colcon_meta) discover
[4.995s] Level 1:colcon.colcon_core.package_discovery:discover_packages(recursive) discover
[4.996s] INFO:colcon.colcon_core.package_discovery:Crawling recursively for packages in '/home/felipe/ros2_ws'
[4.996s] Level 1:colcon.colcon_core.package_identification:_identify(.) by extensions ['ignore', 'ignore_ament_install']
[4.998s] Level 1:colcon.colcon_core.package_identification:_identify(.) by extension 'ignore'
[4.998s] Level 1:colcon.colcon_core.package_identification:_identify(.) by extension 'ignore_ament_install'
[4.999s] Level 1:colcon.colcon_core.package_identification:_identify(.) by extensions ['colcon_pkg']
[4.999s] Level 1:colcon.colcon_core.package_identification:_identify(.) by extension 'colcon_pkg'
[4.999s] Level 1:colcon.colcon_core.package_identification:_identify(.) by extensions ['colcon_meta']
[4.999s] Level 1:colcon.colcon_core.package_identification:_identify(.) by extension 'colcon_meta'
[5.000s] Level 1:colcon.colcon_core.package_identification:_identify(.) by extensions ['ros']
[5.000s] Level 1:colcon.colcon_core.package_identification:_identify(.) by extension 'ros'
[5.147s] Level 1:colcon.colcon_core.package_identification:_identify(.) by extensions ['cmake', 'python']
[5.147s] Level 1:colcon.colcon_core.package_identification:_identify(.) by extension 'cmake'
[5.148s] Level 1:colcon.colcon_core.package_identification:_identify(.) by extension 'python'
[5.148s] Level 1:colcon.colcon_core.package_identification:_identify(.) by extensions ['python_setup_py']
[5.148s] Level 1:colcon.colcon_core.package_identification:_identify(.) by extension 'python_setup_py'
[5.148s] Level 1:colcon.colcon_core.package_identification:_identify(build) by extensions ['ignore', 'ignore_ament_install']
[5.149s] Level 1:colcon.colcon_core.package_identification:_identify(build) by extension 'ignore'
[5.149s] Level 1:colcon.colcon_core.package_identification:_identify(build) ignored
[5.149s] Level 1:colcon.colcon_core.package_identification:_identify(install) by extensions ['ignore', 'ignore_ament_install']
[5.150s] Level 1:colcon.colcon_core.package_identification:_identify(install) by extension 'ignore'
[5.150s] Level 1:colcon.colcon_core.package_identification:_identify(install) ignored
[5.150s] Level 1:colcon.colcon_core.package_identification:_identify(launch) by extensions ['ignore', 'ignore_ament_install']
[5.151s] Level 1:colcon.colcon_core.package_identification:_identify(launch) by extension 'ignore'
[5.151s] Level 1:colcon.colcon_core.package_identification:_identify(launch) by extension 'ignore_ament_install'
[5.151s] Level 1:colcon.colcon_core.package_identification:_identify(launch) by extensions ['colcon_pkg']
[5.151s] Level 1:colcon.colcon_core.package_identification:_identify(launch) by extension 'colcon_pkg'
[5.151s] Level 1:colcon.colcon_core.package_identification:_identify(launch) by extensions ['colcon_meta']
[5.151s] Level 1:colcon.colcon_core.package_identification:_identify(launch) by extension 'colcon_meta'
[5.152s] Level 1:colcon.colcon_core.package_identification:_identify(launch) by extensions ['ros']
[5.152s] Level 1:colcon.colcon_core.package_identification:_identify(launch) by extension 'ros'
[5.152s] Level 1:colcon.colcon_core.package_identification:_identify(launch) by extensions ['cmake', 'python']
[5.152s] Level 1:colcon.colcon_core.package_identification:_identify(launch) by extension 'cmake'
[5.152s] Level 1:colcon.colcon_core.package_identification:_identify(launch) by extension 'python'
[5.153s] Level 1:colcon.colcon_core.package_identification:_identify(launch) by extensions ['python_setup_py']
[5.153s] Level 1:colcon.colcon_core.package_identification:_identify(launch) by extension 'python_setup_py'
[5.167s] Level 1:colcon.colcon_core.package_identification:_identify(launch/__pycache__) by extensions ['ignore', 'ignore_ament_install']
[5.168s] Level 1:colcon.colcon_core.package_identification:_identify(launch/__pycache__) by extension 'ignore'
[5.168s] Level 1:colcon.colcon_core.package_identification:_identify(launch/__pycache__) by extension 'ignore_ament_install'
[5.168s] Level 1:colcon.colcon_core.package_identification:_identify(launch/__pycache__) by extensions ['colcon_pkg']
[5.168s] Level 1:colcon.colcon_core.package_identification:_identify(launch/__pycache__) by extension 'colcon_pkg'
[5.168s] Level 1:colcon.colcon_core.package_identification:_identify(launch/__pycache__) by extensions ['colcon_meta']
[5.168s] Level 1:colcon.colcon_core.package_identification:_identify(launch/__pycache__) by extension 'colcon_meta'
[5.169s] Level 1:colcon.colcon_core.package_identification:_identify(launch/__pycache__) by extensions ['ros']
[5.169s] Level 1:colcon.colcon_core.package_identification:_identify(launch/__pycache__) by extension 'ros'
[5.169s] Level 1:colcon.colcon_core.package_identification:_identify(launch/__pycache__) by extensions ['cmake', 'python']
[5.169s] Level 1:colcon.colcon_core.package_identification:_identify(launch/__pycache__) by extension 'cmake'
[5.169s] Level 1:colcon.colcon_core.package_identification:_identify(launch/__pycache__) by extension 'python'
[5.170s] Level 1:colcon.colcon_core.package_identification:_identify(launch/__pycache__) by extensions ['python_setup_py']
[5.170s] Level 1:colcon.colcon_core.package_identification:_identify(launch/__pycache__) by extension 'python_setup_py'
[5.170s] Level 1:colcon.colcon_core.package_identification:_identify(log) by extensions ['ignore', 'ignore_ament_install']
[5.171s] Level 1:colcon.colcon_core.package_identification:_identify(log) by extension 'ignore'
[5.171s] Level 1:colcon.colcon_core.package_identification:_identify(log) ignored
[5.171s] Level 1:colcon.colcon_core.package_identification:_identify(maps) by extensions ['ignore', 'ignore_ament_install']
[5.171s] Level 1:colcon.colcon_core.package_identification:_identify(maps) by extension 'ignore'
[5.171s] Level 1:colcon.colcon_core.package_identification:_identify(maps) by extension 'ignore_ament_install'
[5.172s] Level 1:colcon.colcon_core.package_identification:_identify(maps) by extensions ['colcon_pkg']
[5.172s] Level 1:colcon.colcon_core.package_identification:_identify(maps) by extension 'colcon_pkg'
[5.172s] Level 1:colcon.colcon_core.package_identification:_identify(maps) by extensions ['colcon_meta']
[5.172s] Level 1:colcon.colcon_core.package_identification:_identify(maps) by extension 'colcon_meta'
[5.172s] Level 1:colcon.colcon_core.package_identification:_identify(maps) by extensions ['ros']
[5.172s] Level 1:colcon.colcon_core.package_identification:_identify(maps) by extension 'ros'
[5.173s] Level 1:colcon.colcon_core.package_identification:_identify(maps) by extensions ['cmake', 'python']
[5.173s] Level 1:colcon.colcon_core.package_identification:_identify(maps) by extension 'cmake'
[5.173s] Level 1:colcon.colcon_core.package_identification:_identify(maps) by extension 'python'
[5.173s] Level 1:colcon.colcon_core.package_identification:_identify(maps) by extensions ['python_setup_py']
[5.173s] Level 1:colcon.colcon_core.package_identification:_identify(maps) by extension 'python_setup_py'
[5.174s] Level 1:colcon.colcon_core.package_identification:_identify(src) by extensions ['ignore', 'ignore_ament_install']
[5.174s] Level 1:colcon.colcon_core.package_identification:_identify(src) by extension 'ignore'
[5.174s] Level 1:colcon.colcon_core.package_identification:_identify(src) by extension 'ignore_ament_install'
[5.174s] Level 1:colcon.colcon_core.package_identification:_identify(src) by extensions ['colcon_pkg']
[5.174s] Level 1:colcon.colcon_core.package_identification:_identify(src) by extension 'colcon_pkg'
[5.175s] Level 1:colcon.colcon_core.package_identification:_identify(src) by extensions ['colcon_meta']
[5.175s] Level 1:colcon.colcon_core.package_identification:_identify(src) by extension 'colcon_meta'
[5.175s] Level 1:colcon.colcon_core.package_identification:_identify(src) by extensions ['ros']
[5.175s] Level 1:colcon.colcon_core.package_identification:_identify(src) by extension 'ros'
[5.175s] Level 1:colcon.colcon_core.package_identification:_identify(src) by extensions ['cmake', 'python']
[5.175s] Level 1:colcon.colcon_core.package_identification:_identify(src) by extension 'cmake'
[5.176s] Level 1:colcon.colcon_core.package_identification:_identify(src) by extension 'python'
[5.176s] Level 1:colcon.colcon_core.package_identification:_identify(src) by extensions ['python_setup_py']
[5.176s] Level 1:colcon.colcon_core.package_identification:_identify(src) by extension 'python_setup_py'
[5.176s] Level 1:colcon.colcon_core.package_identification:_identify(src/meu_pacote_launch) by extensions ['ignore', 'ignore_ament_install']
[5.177s] Level 1:colcon.colcon_core.package_identification:_identify(src/meu_pacote_launch) by extension 'ignore'
[5.177s] Level 1:colcon.colcon_core.package_identification:_identify(src/meu_pacote_launch) by extension 'ignore_ament_install'
[5.177s] Level 1:colcon.colcon_core.package_identification:_identify(src/meu_pacote_launch) by extensions ['colcon_pkg']
[5.177s] Level 1:colcon.colcon_core.package_identification:_identify(src/meu_pacote_launch) by extension 'colcon_pkg'
[5.177s] Level 1:colcon.colcon_core.package_identification:_identify(src/meu_pacote_launch) by extensions ['colcon_meta']
[5.177s] Level 1:colcon.colcon_core.package_identification:_identify(src/meu_pacote_launch) by extension 'colcon_meta'
[5.178s] Level 1:colcon.colcon_core.package_identification:_identify(src/meu_pacote_launch) by extensions ['ros']
[5.178s] Level 1:colcon.colcon_core.package_identification:_identify(src/meu_pacote_launch) by extension 'ros'
[5.203s] DEBUG:colcon.colcon_core.package_identification:Package 'src/meu_pacote_launch' with type 'ros.ament_python' and name 'meu_pacote_launch'
[5.203s] Level 1:colcon.colcon_core.package_identification:_identify(src/ros2_explorer) by extensions ['ignore', 'ignore_ament_install']
[5.204s] Level 1:colcon.colcon_core.package_identification:_identify(src/ros2_explorer) by extension 'ignore'
[5.204s] Level 1:colcon.colcon_core.package_identification:_identify(src/ros2_explorer) by extension 'ignore_ament_install'
[5.205s] Level 1:colcon.colcon_core.package_identification:_identify(src/ros2_explorer) by extensions ['colcon_pkg']
[5.205s] Level 1:colcon.colcon_core.package_identification:_identify(src/ros2_explorer) by extension 'colcon_pkg'
[5.205s] Level 1:colcon.colcon_core.package_identification:_identify(src/ros2_explorer) by extensions ['colcon_meta']
[5.205s] Level 1:colcon.colcon_core.package_identification:_identify(src/ros2_explorer) by extension 'colcon_meta'
[5.206s] Level 1:colcon.colcon_core.package_identification:_identify(src/ros2_explorer) by extensions ['ros']
[5.206s] Level 1:colcon.colcon_core.package_identification:_identify(src/ros2_explorer) by extension 'ros'
[5.206s] Level 1:colcon.colcon_core.package_identification:_identify(src/ros2_explorer) by extensions ['cmake', 'python']
[5.207s] Level 1:colcon.colcon_core.package_identification:_identify(src/ros2_explorer) by extension 'cmake'
[5.207s] Level 1:colcon.colcon_core.package_identification:_identify(src/ros2_explorer) by extension 'python'
[5.207s] Level 1:colcon.colcon_core.package_identification:_identify(src/ros2_explorer) by extensions ['python_setup_py']
[5.207s] Level 1:colcon.colcon_core.package_identification:_identify(src/ros2_explorer) by extension 'python_setup_py'
[5.222s] Level 1:colcon.colcon_core.package_identification:_identify(src/ros2_explorer/images) by extensions ['ignore', 'ignore_ament_install']
[5.223s] Level 1:colcon.colcon_core.package_identification:_identify(src/ros2_explorer/images) by extension 'ignore'
[5.223s] Level 1:colcon.colcon_core.package_identification:_identify(src/ros2_explorer/images) by extension 'ignore_ament_install'
[5.223s] Level 1:colcon.colcon_core.package_identification:_identify(src/ros2_explorer/images) by extensions ['colcon_pkg']
[5.224s] Level 1:colcon.colcon_core.package_identification:_identify(src/ros2_explorer/images) by extension 'colcon_pkg'
[5.224s] Level 1:colcon.colcon_core.package_identification:_identify(src/ros2_explorer/images) by extensions ['colcon_meta']
[5.224s] Level 1:colcon.colcon_core.package_identification:_identify(src/ros2_explorer/images) by extension 'colcon_meta'
[5.224s] Level 1:colcon.colcon_core.package_identification:_identify(src/ros2_explorer/images) by extensions ['ros']
[5.225s] Level 1:colcon.colcon_core.package_identification:_identify(src/ros2_explorer/images) by extension 'ros'
[5.225s] Level 1:colcon.colcon_core.package_identification:_identify(src/ros2_explorer/images) by extensions ['cmake', 'python']
[5.225s] Level 1:colcon.colcon_core.package_identification:_identify(src/ros2_explorer/images) by extension 'cmake'
[5.226s] Level 1:colcon.colcon_core.package_identification:_identify(src/ros2_explorer/images) by extension 'python'
[5.226s] Level 1:colcon.colcon_core.package_identification:_identify(src/ros2_explorer/images) by extensions ['python_setup_py']
[5.226s] Level 1:colcon.colcon_core.package_identification:_identify(src/ros2_explorer/images) by extension 'python_setup_py'
[5.227s] Level 1:colcon.colcon_core.package_identification:_identify(src/ros2_explorer/script) by extensions ['ignore', 'ignore_ament_install']
[5.228s] Level 1:colcon.colcon_core.package_identification:_identify(src/ros2_explorer/script) by extension 'ignore'
[5.228s] Level 1:colcon.colcon_core.package_identification:_identify(src/ros2_explorer/script) by extension 'ignore_ament_install'
[5.228s] Level 1:colcon.colcon_core.package_identification:_identify(src/ros2_explorer/script) by extensions ['colcon_pkg']
[5.228s] Level 1:colcon.colcon_core.package_identification:_identify(src/ros2_explorer/script) by extension 'colcon_pkg'
[5.229s] Level 1:colcon.colcon_core.package_identification:_identify(src/ros2_explorer/script) by extensions ['colcon_meta']
[5.229s] Level 1:colcon.colcon_core.package_identification:_identify(src/ros2_explorer/script) by extension 'colcon_meta'
[5.229s] Level 1:colcon.colcon_core.package_identification:_identify(src/ros2_explorer/script) by extensions ['ros']
[5.229s] Level 1:colcon.colcon_core.package_identification:_identify(src/ros2_explorer/script) by extension 'ros'
[5.230s] Level 1:colcon.colcon_core.package_identification:_identify(src/ros2_explorer/script) by extensions ['cmake', 'python']
[5.230s] Level 1:colcon.colcon_core.package_identification:_identify(src/ros2_explorer/script) by extension 'cmake'
[5.230s] Level 1:colcon.colcon_core.package_identification:_identify(src/ros2_explorer/script) by extension 'python'
[5.231s] Level 1:colcon.colcon_core.package_identification:_identify(src/ros2_explorer/script) by extensions ['python_setup_py']
[5.231s] Level 1:colcon.colcon_core.package_identification:_identify(src/ros2_explorer/script) by extension 'python_setup_py'
[5.231s] Level 1:colcon.colcon_core.package_identification:_identify(src/ros2_whisper) by extensions ['ignore', 'ignore_ament_install']
[5.232s] Level 1:colcon.colcon_core.package_identification:_identify(src/ros2_whisper) by extension 'ignore'
[5.232s] Level 1:colcon.colcon_core.package_identification:_identify(src/ros2_whisper) by extension 'ignore_ament_install'
[5.233s] Level 1:colcon.colcon_core.package_identification:_identify(src/ros2_whisper) by extensions ['colcon_pkg']
[5.233s] Level 1:colcon.colcon_core.package_identification:_identify(src/ros2_whisper) by extension 'colcon_pkg'
[5.233s] Level 1:colcon.colcon_core.package_identification:_identify(src/ros2_whisper) by extensions ['colcon_meta']
[5.233s] Level 1:colcon.colcon_core.package_identification:_identify(src/ros2_whisper) by extension 'colcon_meta'
[5.233s] Level 1:colcon.colcon_core.package_identification:_identify(src/ros2_whisper) by extensions ['ros']
[5.234s] Level 1:colcon.colcon_core.package_identification:_identify(src/ros2_whisper) by extension 'ros'
[5.237s] DEBUG:colcon.colcon_core.package_identification:Package 'src/ros2_whisper' with type 'ros.ament_python' and name 'ros2_whisper'
[5.238s] Level 1:colcon.colcon_core.package_identification:_identify(src/voice_control) by extensions ['ignore', 'ignore_ament_install']
[5.238s] Level 1:colcon.colcon_core.package_identification:_identify(src/voice_control) by extension 'ignore'
[5.238s] Level 1:colcon.colcon_core.package_identification:_identify(src/voice_control) by extension 'ignore_ament_install'
[5.239s] Level 1:colcon.colcon_core.package_identification:_identify(src/voice_control) by extensions ['colcon_pkg']
[5.239s] Level 1:colcon.colcon_core.package_identification:_identify(src/voice_control) by extension 'colcon_pkg'
[5.239s] Level 1:colcon.colcon_core.package_identification:_identify(src/voice_control) by extensions ['colcon_meta']
[5.239s] Level 1:colcon.colcon_core.package_identification:_identify(src/voice_control) by extension 'colcon_meta'
[5.240s] Level 1:colcon.colcon_core.package_identification:_identify(src/voice_control) by extensions ['ros']
[5.240s] Level 1:colcon.colcon_core.package_identification:_identify(src/voice_control) by extension 'ros'
[5.243s] DEBUG:colcon.colcon_core.package_identification:Package 'src/voice_control' with type 'ros.ament_python' and name 'voice_control'
[5.243s] Level 1:colcon.colcon_core.package_discovery:discover_packages(recursive) using defaults
[5.243s] Level 1:colcon.colcon_core.package_discovery:discover_packages(ignore) discover
[5.243s] Level 1:colcon.colcon_core.package_discovery:discover_packages(ignore) using defaults
[5.244s] Level 1:colcon.colcon_core.package_discovery:discover_packages(path) discover
[5.244s] Level 1:colcon.colcon_core.package_discovery:discover_packages(path) using defaults
[5.468s] Level 1:colcon.colcon_core.package_discovery:discover_packages(prefix_path) check parameters
[5.469s] Level 1:colcon.colcon_core.package_discovery:discover_packages(prefix_path) discover
[5.479s] DEBUG:colcon.colcon_installed_package_information.package_discovery:Found 416 installed packages in /opt/ros/humble
[5.485s] Level 1:colcon.colcon_core.package_discovery:discover_packages(prefix_path) using defaults
[5.625s] Level 5:colcon.colcon_core.verb:set package 'meu_pacote_launch' build argument 'cmake_args' from command line to 'None'
[5.625s] Level 5:colcon.colcon_core.verb:set package 'meu_pacote_launch' build argument 'cmake_target' from command line to 'None'
[5.625s] Level 5:colcon.colcon_core.verb:set package 'meu_pacote_launch' build argument 'cmake_target_skip_unavailable' from command line to 'False'
[5.625s] Level 5:colcon.colcon_core.verb:set package 'meu_pacote_launch' build argument 'cmake_clean_cache' from command line to 'False'
[5.625s] Level 5:colcon.colcon_core.verb:set package 'meu_pacote_launch' build argument 'cmake_clean_first' from command line to 'False'
[5.625s] Level 5:colcon.colcon_core.verb:set package 'meu_pacote_launch' build argument 'cmake_force_configure' from command line to 'False'
[5.625s] Level 5:colcon.colcon_core.verb:set package 'meu_pacote_launch' build argument 'ament_cmake_args' from command line to 'None'
[5.626s] Level 5:colcon.colcon_core.verb:set package 'meu_pacote_launch' build argument 'catkin_cmake_args' from command line to 'None'
[5.626s] Level 5:colcon.colcon_core.verb:set package 'meu_pacote_launch' build argument 'catkin_skip_building_tests' from command line to 'False'
[5.626s] DEBUG:colcon.colcon_core.verb:Building package 'meu_pacote_launch' with the following arguments: {'ament_cmake_args': None, 'build_base': '/home/felipe/ros2_ws/build/meu_pacote_launch', 'catkin_cmake_args': None, 'catkin_skip_building_tests': False, 'cmake_args': None, 'cmake_clean_cache': False, 'cmake_clean_first': False, 'cmake_force_configure': False, 'cmake_target': None, 'cmake_target_skip_unavailable': False, 'install_base': '/home/felipe/ros2_ws/install/meu_pacote_launch', 'merge_install': False, 'path': '/home/felipe/ros2_ws/src/meu_pacote_launch', 'symlink_install': False, 'test_result_base': None}
[5.627s] Level 5:colcon.colcon_core.verb:set package 'ros2_whisper' build argument 'cmake_args' from command line to 'None'
[5.627s] Level 5:colcon.colcon_core.verb:set package 'ros2_whisper' build argument 'cmake_target' from command line to 'None'
[5.627s] Level 5:colcon.colcon_core.verb:set package 'ros2_whisper' build argument 'cmake_target_skip_unavailable' from command line to 'False'
[5.627s] Level 5:colcon.colcon_core.verb:set package 'ros2_whisper' build argument 'cmake_clean_cache' from command line to 'False'
[5.627s] Level 5:colcon.colcon_core.verb:set package 'ros2_whisper' build argument 'cmake_clean_first' from command line to 'False'
[5.627s] Level 5:colcon.colcon_core.verb:set package 'ros2_whisper' build argument 'cmake_force_configure' from command line to 'False'
[5.627s] Level 5:colcon.colcon_core.verb:set package 'ros2_whisper' build argument 'ament_cmake_args' from command line to 'None'
[5.627s] Level 5:colcon.colcon_core.verb:set package 'ros2_whisper' build argument 'catkin_cmake_args' from command line to 'None'
[5.627s] Level 5:colcon.colcon_core.verb:set package 'ros2_whisper' build argument 'catkin_skip_building_tests' from command line to 'False'
[5.627s] DEBUG:colcon.colcon_core.verb:Building package 'ros2_whisper' with the following arguments: {'ament_cmake_args': None, 'build_base': '/home/felipe/ros2_ws/build/ros2_whisper', 'catkin_cmake_args': None, 'catkin_skip_building_tests': False, 'cmake_args': None, 'cmake_clean_cache': False, 'cmake_clean_first': False, 'cmake_force_configure': False, 'cmake_target': None, 'cmake_target_skip_unavailable': False, 'install_base': '/home/felipe/ros2_ws/install/ros2_whisper', 'merge_install': False, 'path': '/home/felipe/ros2_ws/src/ros2_whisper', 'symlink_install': False, 'test_result_base': None}
[5.628s] Level 5:colcon.colcon_core.verb:set package 'voice_control' build argument 'cmake_args' from command line to 'None'
[5.628s] Level 5:colcon.colcon_core.verb:set package 'voice_control' build argument 'cmake_target' from command line to 'None'
[5.628s] Level 5:colcon.colcon_core.verb:set package 'voice_control' build argument 'cmake_target_skip_unavailable' from command line to 'False'
[5.628s] Level 5:colcon.colcon_core.verb:set package 'voice_control' build argument 'cmake_clean_cache' from command line to 'False'
[5.628s] Level 5:colcon.colcon_core.verb:set package 'voice_control' build argument 'cmake_clean_first' from command line to 'False'
[5.628s] Level 5:colcon.colcon_core.verb:set package 'voice_control' build argument 'cmake_force_configure' from command line to 'False'
[5.628s] Level 5:colcon.colcon_core.verb:set package 'voice_control' build argument 'ament_cmake_args' from command line to 'None'
[5.628s] Level 5:colcon.colcon_core.verb:set package 'voice_control' build argument 'catkin_cmake_args' from command line to 'None'
[5.629s] Level 5:colcon.colcon_core.verb:set package 'voice_control' build argument 'catkin_skip_building_tests' from command line to 'False'
[5.629s] DEBUG:colcon.colcon_core.verb:Building package 'voice_control' with the following arguments: {'ament_cmake_args': None, 'build_base': '/home/felipe/ros2_ws/build/voice_control', 'catkin_cmake_args': None, 'catkin_skip_building_tests': False, 'cmake_args': None, 'cmake_clean_cache': False, 'cmake_clean_first': False, 'cmake_force_configure': False, 'cmake_target': None, 'cmake_target_skip_unavailable': False, 'install_base': '/home/felipe/ros2_ws/install/voice_control', 'merge_install': False, 'path': '/home/felipe/ros2_ws/src/voice_control', 'symlink_install': False, 'test_result_base': None}
[5.629s] INFO:colcon.colcon_core.executor:Executing jobs using 'parallel' executor
[5.631s] DEBUG:colcon.colcon_parallel_executor.executor.parallel:run_until_complete
[5.631s] INFO:colcon.colcon_ros.task.ament_python.build:Building ROS package in '/home/felipe/ros2_ws/src/meu_pacote_launch' with build type 'ament_python'
[5.632s] Level 1:colcon.colcon_core.shell:create_environment_hook('meu_pacote_launch', 'ament_prefix_path')
[5.685s] INFO:colcon.colcon_core.plugin_system:Skipping extension 'colcon_core.shell.bat': Not used on non-Windows systems
[5.686s] INFO:colcon.colcon_core.shell:Creating environment hook '/home/felipe/ros2_ws/install/meu_pacote_launch/share/meu_pacote_launch/hook/ament_prefix_path.ps1'
[5.688s] INFO:colcon.colcon_core.shell:Creating environment descriptor '/home/felipe/ros2_ws/install/meu_pacote_launch/share/meu_pacote_launch/hook/ament_prefix_path.dsv'
[5.698s] INFO:colcon.colcon_core.shell:Creating environment hook '/home/felipe/ros2_ws/install/meu_pacote_launch/share/meu_pacote_launch/hook/ament_prefix_path.sh'
[5.700s] INFO:colcon.colcon_core.shell:Skip shell extension 'powershell' for command environment: Not usable outside of PowerShell
[5.700s] DEBUG:colcon.colcon_core.shell:Skip shell extension 'dsv' for command environment
[5.714s] INFO:colcon.colcon_ros.task.ament_python.build:Building ROS package in '/home/felipe/ros2_ws/src/ros2_whisper' with build type 'ament_python'
[5.714s] Level 1:colcon.colcon_core.shell:create_environment_hook('ros2_whisper', 'ament_prefix_path')
[5.715s] INFO:colcon.colcon_core.shell:Creating environment hook '/home/felipe/ros2_ws/install/ros2_whisper/share/ros2_whisper/hook/ament_prefix_path.ps1'
[5.716s] INFO:colcon.colcon_core.shell:Creating environment descriptor '/home/felipe/ros2_ws/install/ros2_whisper/share/ros2_whisper/hook/ament_prefix_path.dsv'
[5.717s] INFO:colcon.colcon_core.shell:Creating environment hook '/home/felipe/ros2_ws/install/ros2_whisper/share/ros2_whisper/hook/ament_prefix_path.sh'
[5.718s] INFO:colcon.colcon_core.shell:Skip shell extension 'powershell' for command environment: Not usable outside of PowerShell
[5.718s] DEBUG:colcon.colcon_core.shell:Skip shell extension 'dsv' for command environment
[6.336s] INFO:colcon.colcon_core.task.python.build:Building Python package in '/home/felipe/ros2_ws/src/meu_pacote_launch'
[6.337s] INFO:colcon.colcon_core.shell:Skip shell extension 'powershell' for command environment: Not usable outside of PowerShell
[6.337s] DEBUG:colcon.colcon_core.shell:Skip shell extension 'dsv' for command environment
[6.917s] INFO:colcon.colcon_core.task.python.build:Building Python package in '/home/felipe/ros2_ws/src/ros2_whisper'
[6.917s] INFO:colcon.colcon_core.shell:Skip shell extension 'powershell' for command environment: Not usable outside of PowerShell
[6.917s] DEBUG:colcon.colcon_core.shell:Skip shell extension 'dsv' for command environment
[15.785s] DEBUG:colcon.colcon_core.event_handler.log_command:Invoking command in '/home/felipe/ros2_ws/src/ros2_whisper': PYTHONPATH=/home/felipe/ros2_ws/build/ros2_whisper/prefix_override:/usr/lib/python3/dist-packages/colcon_core/task/python/colcon_distutils_commands:/home/felipe/ros2_ws/install/ros2_whisper/lib/python3.10/site-packages:${PYTHONPATH} /usr/bin/python3 -W ignore:setup.py install is deprecated setup.py egg_info --egg-base ../../build/ros2_whisper build --build-base /home/felipe/ros2_ws/build/ros2_whisper/build install --record /home/felipe/ros2_ws/build/ros2_whisper/install.log --single-version-externally-managed install_data
[15.831s] DEBUG:colcon.colcon_core.event_handler.log_command:Invoking command in '/home/felipe/ros2_ws/src/meu_pacote_launch': PYTHONPATH=/home/felipe/ros2_ws/build/meu_pacote_launch/prefix_override:/usr/lib/python3/dist-packages/colcon_core/task/python/colcon_distutils_commands:/home/felipe/ros2_ws/install/meu_pacote_launch/lib/python3.10/site-packages:${PYTHONPATH} /usr/bin/python3 -W ignore:setup.py install is deprecated setup.py egg_info --egg-base ../../build/meu_pacote_launch build --build-base /home/felipe/ros2_ws/build/meu_pacote_launch/build install --record /home/felipe/ros2_ws/build/meu_pacote_launch/install.log --single-version-externally-managed install_data
[17.560s] DEBUG:colcon.colcon_core.event_handler.log_command:Invoked command in '/home/felipe/ros2_ws/src/meu_pacote_launch' returned '0': PYTHONPATH=/home/felipe/ros2_ws/build/meu_pacote_launch/prefix_override:/usr/lib/python3/dist-packages/colcon_core/task/python/colcon_distutils_commands:/home/felipe/ros2_ws/install/meu_pacote_launch/lib/python3.10/site-packages:${PYTHONPATH} /usr/bin/python3 -W ignore:setup.py install is deprecated setup.py egg_info --egg-base ../../build/meu_pacote_launch build --build-base /home/felipe/ros2_ws/build/meu_pacote_launch/build install --record /home/felipe/ros2_ws/build/meu_pacote_launch/install.log --single-version-externally-managed install_data
[17.620s] Level 1:colcon.colcon_core.environment:checking '/home/felipe/ros2_ws/install/meu_pacote_launch' for CMake module files
[17.646s] Level 1:colcon.colcon_core.environment:checking '/home/felipe/ros2_ws/install/meu_pacote_launch' for CMake config files
[17.651s] Level 1:colcon.colcon_core.environment:checking '/home/felipe/ros2_ws/install/meu_pacote_launch/lib'
[17.652s] Level 1:colcon.colcon_core.environment:checking '/home/felipe/ros2_ws/install/meu_pacote_launch/bin'
[17.652s] Level 1:colcon.colcon_core.environment:checking '/home/felipe/ros2_ws/install/meu_pacote_launch/lib/pkgconfig/meu_pacote_launch.pc'
[17.652s] Level 1:colcon.colcon_core.environment:checking '/home/felipe/ros2_ws/install/meu_pacote_launch/lib/python3.10/site-packages'
[17.652s] Level 1:colcon.colcon_core.shell:create_environment_hook('meu_pacote_launch', 'pythonpath')
[17.653s] INFO:colcon.colcon_core.shell:Creating environment hook '/home/felipe/ros2_ws/install/meu_pacote_launch/share/meu_pacote_launch/hook/pythonpath.ps1'
[17.654s] INFO:colcon.colcon_core.shell:Creating environment descriptor '/home/felipe/ros2_ws/install/meu_pacote_launch/share/meu_pacote_launch/hook/pythonpath.dsv'
[17.654s] INFO:colcon.colcon_core.shell:Creating environment hook '/home/felipe/ros2_ws/install/meu_pacote_launch/share/meu_pacote_launch/hook/pythonpath.sh'
[17.655s] Level 1:colcon.colcon_core.environment:checking '/home/felipe/ros2_ws/install/meu_pacote_launch/bin'
[17.656s] Level 1:colcon.colcon_core.environment:create_environment_scripts_only(meu_pacote_launch)
[17.656s] INFO:colcon.colcon_core.shell:Creating package script '/home/felipe/ros2_ws/install/meu_pacote_launch/share/meu_pacote_launch/package.ps1'
[17.673s] INFO:colcon.colcon_core.shell:Creating package descriptor '/home/felipe/ros2_ws/install/meu_pacote_launch/share/meu_pacote_launch/package.dsv'
[17.688s] INFO:colcon.colcon_core.shell:Creating package script '/home/felipe/ros2_ws/install/meu_pacote_launch/share/meu_pacote_launch/package.sh'
[17.689s] INFO:colcon.colcon_core.shell:Creating package script '/home/felipe/ros2_ws/install/meu_pacote_launch/share/meu_pacote_launch/package.bash'
[17.705s] INFO:colcon.colcon_core.shell:Creating package script '/home/felipe/ros2_ws/install/meu_pacote_launch/share/meu_pacote_launch/package.zsh'
[17.720s] Level 1:colcon.colcon_core.environment:create_file_with_runtime_dependencies(/home/felipe/ros2_ws/install/meu_pacote_launch/share/colcon-core/packages/meu_pacote_launch)
[17.721s] INFO:colcon.colcon_ros.task.ament_python.build:Building ROS package in '/home/felipe/ros2_ws/src/voice_control' with build type 'ament_python'
[17.721s] Level 1:colcon.colcon_core.shell:create_environment_hook('voice_control', 'ament_prefix_path')
[17.722s] INFO:colcon.colcon_core.shell:Creating environment hook '/home/felipe/ros2_ws/install/voice_control/share/voice_control/hook/ament_prefix_path.ps1'
[17.724s] INFO:colcon.colcon_core.shell:Creating environment descriptor '/home/felipe/ros2_ws/install/voice_control/share/voice_control/hook/ament_prefix_path.dsv'
[17.725s] INFO:colcon.colcon_core.shell:Creating environment hook '/home/felipe/ros2_ws/install/voice_control/share/voice_control/hook/ament_prefix_path.sh'
[17.726s] INFO:colcon.colcon_core.shell:Skip shell extension 'powershell' for command environment: Not usable outside of PowerShell
[17.726s] DEBUG:colcon.colcon_core.shell:Skip shell extension 'dsv' for command environment
[17.762s] Level 1:colcon.colcon_core.environment:checking '/home/felipe/ros2_ws/install/ros2_whisper' for CMake module files
[17.763s] DEBUG:colcon.colcon_core.event_handler.log_command:Invoked command in '/home/felipe/ros2_ws/src/ros2_whisper' returned '0': PYTHONPATH=/home/felipe/ros2_ws/build/ros2_whisper/prefix_override:/usr/lib/python3/dist-packages/colcon_core/task/python/colcon_distutils_commands:/home/felipe/ros2_ws/install/ros2_whisper/lib/python3.10/site-packages:${PYTHONPATH} /usr/bin/python3 -W ignore:setup.py install is deprecated setup.py egg_info --egg-base ../../build/ros2_whisper build --build-base /home/felipe/ros2_ws/build/ros2_whisper/build install --record /home/felipe/ros2_ws/build/ros2_whisper/install.log --single-version-externally-managed install_data
[17.777s] Level 1:colcon.colcon_core.environment:checking '/home/felipe/ros2_ws/install/ros2_whisper' for CMake config files
[17.788s] Level 1:colcon.colcon_core.environment:checking '/home/felipe/ros2_ws/install/ros2_whisper/lib'
[17.789s] Level 1:colcon.colcon_core.environment:checking '/home/felipe/ros2_ws/install/ros2_whisper/bin'
[17.789s] Level 1:colcon.colcon_core.environment:checking '/home/felipe/ros2_ws/install/ros2_whisper/lib/pkgconfig/ros2_whisper.pc'
[17.789s] Level 1:colcon.colcon_core.environment:checking '/home/felipe/ros2_ws/install/ros2_whisper/lib/python3.10/site-packages'
[17.790s] Level 1:colcon.colcon_core.shell:create_environment_hook('ros2_whisper', 'pythonpath')
[17.790s] INFO:colcon.colcon_core.shell:Creating environment hook '/home/felipe/ros2_ws/install/ros2_whisper/share/ros2_whisper/hook/pythonpath.ps1'
[17.791s] INFO:colcon.colcon_core.shell:Creating environment descriptor '/home/felipe/ros2_ws/install/ros2_whisper/share/ros2_whisper/hook/pythonpath.dsv'
[17.792s] INFO:colcon.colcon_core.shell:Creating environment hook '/home/felipe/ros2_ws/install/ros2_whisper/share/ros2_whisper/hook/pythonpath.sh'
[17.793s] Level 1:colcon.colcon_core.environment:checking '/home/felipe/ros2_ws/install/ros2_whisper/bin'
[17.793s] Level 1:colcon.colcon_core.environment:create_environment_scripts_only(ros2_whisper)
[17.794s] INFO:colcon.colcon_core.shell:Creating package script '/home/felipe/ros2_ws/install/ros2_whisper/share/ros2_whisper/package.ps1'
[17.795s] INFO:colcon.colcon_core.shell:Creating package descriptor '/home/felipe/ros2_ws/install/ros2_whisper/share/ros2_whisper/package.dsv'
[17.796s] INFO:colcon.colcon_core.shell:Creating package script '/home/felipe/ros2_ws/install/ros2_whisper/share/ros2_whisper/package.sh'
[17.797s] INFO:colcon.colcon_core.shell:Creating package script '/home/felipe/ros2_ws/install/ros2_whisper/share/ros2_whisper/package.bash'
[17.798s] INFO:colcon.colcon_core.shell:Creating package script '/home/felipe/ros2_ws/install/ros2_whisper/share/ros2_whisper/package.zsh'
[17.799s] Level 1:colcon.colcon_core.environment:create_file_with_runtime_dependencies(/home/felipe/ros2_ws/install/ros2_whisper/share/colcon-core/packages/ros2_whisper)
[18.384s] INFO:colcon.colcon_core.task.python.build:Building Python package in '/home/felipe/ros2_ws/src/voice_control'
[18.385s] INFO:colcon.colcon_core.shell:Skip shell extension 'powershell' for command environment: Not usable outside of PowerShell
[18.385s] DEBUG:colcon.colcon_core.shell:Skip shell extension 'dsv' for command environment
[19.943s] DEBUG:colcon.colcon_core.event_handler.log_command:Invoking command in '/home/felipe/ros2_ws/src/voice_control': PYTHONPATH=/home/felipe/ros2_ws/build/voice_control/prefix_override:/usr/lib/python3/dist-packages/colcon_core/task/python/colcon_distutils_commands:/home/felipe/ros2_ws/install/voice_control/lib/python3.10/site-packages:${PYTHONPATH} /usr/bin/python3 -W ignore:setup.py install is deprecated setup.py egg_info --egg-base ../../build/voice_control build --build-base /home/felipe/ros2_ws/build/voice_control/build install --record /home/felipe/ros2_ws/build/voice_control/install.log --single-version-externally-managed install_data
[21.541s] Level 1:colcon.colcon_core.environment:checking '/home/felipe/ros2_ws/install/voice_control' for CMake module files
[21.542s] DEBUG:colcon.colcon_core.event_handler.log_command:Invoked command in '/home/felipe/ros2_ws/src/voice_control' returned '0': PYTHONPATH=/home/felipe/ros2_ws/build/voice_control/prefix_override:/usr/lib/python3/dist-packages/colcon_core/task/python/colcon_distutils_commands:/home/felipe/ros2_ws/install/voice_control/lib/python3.10/site-packages:${PYTHONPATH} /usr/bin/python3 -W ignore:setup.py install is deprecated setup.py egg_info --egg-base ../../build/voice_control build --build-base /home/felipe/ros2_ws/build/voice_control/build install --record /home/felipe/ros2_ws/build/voice_control/install.log --single-version-externally-managed install_data
[21.543s] Level 1:colcon.colcon_core.environment:checking '/home/felipe/ros2_ws/install/voice_control' for CMake config files
[21.546s] Level 1:colcon.colcon_core.environment:checking '/home/felipe/ros2_ws/install/voice_control/lib'
[21.546s] Level 1:colcon.colcon_core.environment:checking '/home/felipe/ros2_ws/install/voice_control/bin'
[21.546s] Level 1:colcon.colcon_core.environment:checking '/home/felipe/ros2_ws/install/voice_control/lib/pkgconfig/voice_control.pc'
[21.547s] Level 1:colcon.colcon_core.environment:checking '/home/felipe/ros2_ws/install/voice_control/lib/python3.10/site-packages'
[21.547s] Level 1:colcon.colcon_core.shell:create_environment_hook('voice_control', 'pythonpath')
[21.548s] INFO:colcon.colcon_core.shell:Creating environment hook '/home/felipe/ros2_ws/install/voice_control/share/voice_control/hook/pythonpath.ps1'
[21.549s] INFO:colcon.colcon_core.shell:Creating environment descriptor '/home/felipe/ros2_ws/install/voice_control/share/voice_control/hook/pythonpath.dsv'
[21.549s] INFO:colcon.colcon_core.shell:Creating environment hook '/home/felipe/ros2_ws/install/voice_control/share/voice_control/hook/pythonpath.sh'
[21.550s] Level 1:colcon.colcon_core.environment:checking '/home/felipe/ros2_ws/install/voice_control/bin'
[21.550s] Level 1:colcon.colcon_core.environment:create_environment_scripts_only(voice_control)
[21.551s] INFO:colcon.colcon_core.shell:Creating package script '/home/felipe/ros2_ws/install/voice_control/share/voice_control/package.ps1'
[21.552s] INFO:colcon.colcon_core.shell:Creating package descriptor '/home/felipe/ros2_ws/install/voice_control/share/voice_control/package.dsv'
[21.553s] INFO:colcon.colcon_core.shell:Creating package script '/home/felipe/ros2_ws/install/voice_control/share/voice_control/package.sh'
[21.554s] INFO:colcon.colcon_core.shell:Creating package script '/home/felipe/ros2_ws/install/voice_control/share/voice_control/package.bash'
[21.554s] INFO:colcon.colcon_core.shell:Creating package script '/home/felipe/ros2_ws/install/voice_control/share/voice_control/package.zsh'
[21.555s] Level 1:colcon.colcon_core.environment:create_file_with_runtime_dependencies(/home/felipe/ros2_ws/install/voice_control/share/colcon-core/packages/voice_control)
[21.556s] DEBUG:colcon.colcon_parallel_executor.executor.parallel:closing loop
[21.556s] DEBUG:colcon.colcon_parallel_executor.executor.parallel:loop closed
[21.556s] DEBUG:colcon.colcon_parallel_executor.executor.parallel:run_until_complete finished with '0'
[21.557s] DEBUG:colcon.colcon_core.event_reactor:joining thread
[21.677s] INFO:colcon.colcon_core.plugin_system:Skipping extension 'colcon_notification.desktop_notification.terminal_notifier': Not used on non-Darwin systems
[21.677s] INFO:colcon.colcon_core.plugin_system:Skipping extension 'colcon_notification.desktop_notification.win32': Not used on non-Windows systems
[21.678s] INFO:colcon.colcon_notification.desktop_notification:Sending desktop notification using 'notify2'
[21.746s] DEBUG:colcon.colcon_core.event_reactor:joined thread
[21.748s] INFO:colcon.colcon_core.shell:Creating prefix script '/home/felipe/ros2_ws/install/local_setup.ps1'
[21.752s] INFO:colcon.colcon_core.shell:Creating prefix util module '/home/felipe/ros2_ws/install/_local_setup_util_ps1.py'
[21.757s] INFO:colcon.colcon_core.shell:Creating prefix chain script '/home/felipe/ros2_ws/install/setup.ps1'
[21.761s] INFO:colcon.colcon_core.shell:Creating prefix script '/home/felipe/ros2_ws/install/local_setup.sh'
[21.764s] INFO:colcon.colcon_core.shell:Creating prefix util module '/home/felipe/ros2_ws/install/_local_setup_util_sh.py'
[21.766s] INFO:colcon.colcon_core.shell:Creating prefix chain script '/home/felipe/ros2_ws/install/setup.sh'
[21.769s] INFO:colcon.colcon_core.shell:Creating prefix script '/home/felipe/ros2_ws/install/local_setup.bash'
[21.771s] INFO:colcon.colcon_core.shell:Creating prefix chain script '/home/felipe/ros2_ws/install/setup.bash'
[21.775s] INFO:colcon.colcon_core.shell:Creating prefix script '/home/felipe/ros2_ws/install/local_setup.zsh'
[21.776s] INFO:colcon.colcon_core.shell:Creating prefix chain script '/home/felipe/ros2_ws/install/setup.zsh'
