[0.838s] DEBUG:colcon:Command line arguments: ['/usr/bin/colcon', 'build']
[0.838s] DEBUG:colcon:Parsed command line arguments: Namespace(log_base=None, log_level=None, verb_name='build', build_base='build', install_base='install', merge_install=False, symlink_install=False, test_result_base=None, continue_on_error=False, executor='parallel', parallel_workers=8, event_handlers=None, ignore_user_meta=False, metas=['./colcon.meta'], base_paths=['.'], packages_ignore=None, packages_ignore_regex=None, paths=None, packages_up_to=None, packages_up_to_regex=None, packages_above=None, packages_above_and_dependencies=None, packages_above_depth=None, packages_select_by_dep=None, packages_skip_by_dep=None, packages_skip_up_to=None, packages_select_build_failed=False, packages_skip_build_finished=False, packages_select_test_failures=False, packages_skip_test_passed=False, packages_select=None, packages_skip=None, packages_select_regex=None, packages_skip_regex=None, packages_start=None, packages_end=None, allow_overriding=[], cmake_args=None, cmake_target=None, cmake_target_skip_unavailable=False, cmake_clean_cache=False, cmake_clean_first=False, cmake_force_configure=False, ament_cmake_args=None, catkin_cmake_args=None, catkin_skip_building_tests=False, verb_parser=<colcon_defaults.argument_parser.defaults.DefaultArgumentsDecorator object at 0x7cadccdfb8b0>, verb_extension=<colcon_core.verb.build.BuildVerb object at 0x7cadccdfb370>, main=<bound method BuildVerb.main of <colcon_core.verb.build.BuildVerb object at 0x7cadccdfb370>>)
[1.082s] Level 1:colcon.colcon_core.package_discovery:discover_packages(colcon_meta) check parameters
[1.083s] Level 1:colcon.colcon_core.package_discovery:discover_packages(recursive) check parameters
[1.083s] Level 1:colcon.colcon_core.package_discovery:discover_packages(ignore) check parameters
[1.083s] Level 1:colcon.colcon_core.package_discovery:discover_packages(path) check parameters
[1.084s] Level 1:colcon.colcon_core.package_discovery:discover_packages(colcon_meta) discover
[1.084s] Level 1:colcon.colcon_core.package_discovery:discover_packages(recursive) discover
[1.084s] INFO:colcon.colcon_core.package_discovery:Crawling recursively for packages in '/home/felipe/ros2_ws'
[1.085s] Level 1:colcon.colcon_core.package_identification:_identify(.) by extensions ['ignore', 'ignore_ament_install']
[1.085s] Level 1:colcon.colcon_core.package_identification:_identify(.) by extension 'ignore'
[1.085s] Level 1:colcon.colcon_core.package_identification:_identify(.) by extension 'ignore_ament_install'
[1.085s] Level 1:colcon.colcon_core.package_identification:_identify(.) by extensions ['colcon_pkg']
[1.086s] Level 1:colcon.colcon_core.package_identification:_identify(.) by extension 'colcon_pkg'
[1.086s] Level 1:colcon.colcon_core.package_identification:_identify(.) by extensions ['colcon_meta']
[1.086s] Level 1:colcon.colcon_core.package_identification:_identify(.) by extension 'colcon_meta'
[1.086s] Level 1:colcon.colcon_core.package_identification:_identify(.) by extensions ['ros']
[1.086s] Level 1:colcon.colcon_core.package_identification:_identify(.) by extension 'ros'
[1.213s] Level 1:colcon.colcon_core.package_identification:_identify(.) by extensions ['cmake', 'python']
[1.213s] Level 1:colcon.colcon_core.package_identification:_identify(.) by extension 'cmake'
[1.213s] Level 1:colcon.colcon_core.package_identification:_identify(.) by extension 'python'
[1.214s] Level 1:colcon.colcon_core.package_identification:_identify(.) by extensions ['python_setup_py']
[1.214s] Level 1:colcon.colcon_core.package_identification:_identify(.) by extension 'python_setup_py'
[1.216s] Level 1:colcon.colcon_core.package_identification:_identify(build) by extensions ['ignore', 'ignore_ament_install']
[1.217s] Level 1:colcon.colcon_core.package_identification:_identify(build) by extension 'ignore'
[1.218s] Level 1:colcon.colcon_core.package_identification:_identify(build) ignored
[1.220s] Level 1:colcon.colcon_core.package_identification:_identify(install) by extensions ['ignore', 'ignore_ament_install']
[1.220s] Level 1:colcon.colcon_core.package_identification:_identify(install) by extension 'ignore'
[1.221s] Level 1:colcon.colcon_core.package_identification:_identify(install) ignored
[1.221s] Level 1:colcon.colcon_core.package_identification:_identify(log) by extensions ['ignore', 'ignore_ament_install']
[1.222s] Level 1:colcon.colcon_core.package_identification:_identify(log) by extension 'ignore'
[1.222s] Level 1:colcon.colcon_core.package_identification:_identify(log) ignored
[1.223s] Level 1:colcon.colcon_core.package_identification:_identify(src) by extensions ['ignore', 'ignore_ament_install']
[1.223s] Level 1:colcon.colcon_core.package_identification:_identify(src) by extension 'ignore'
[1.223s] Level 1:colcon.colcon_core.package_identification:_identify(src) by extension 'ignore_ament_install'
[1.224s] Level 1:colcon.colcon_core.package_identification:_identify(src) by extensions ['colcon_pkg']
[1.224s] Level 1:colcon.colcon_core.package_identification:_identify(src) by extension 'colcon_pkg'
[1.224s] Level 1:colcon.colcon_core.package_identification:_identify(src) by extensions ['colcon_meta']
[1.224s] Level 1:colcon.colcon_core.package_identification:_identify(src) by extension 'colcon_meta'
[1.224s] Level 1:colcon.colcon_core.package_identification:_identify(src) by extensions ['ros']
[1.224s] Level 1:colcon.colcon_core.package_identification:_identify(src) by extension 'ros'
[1.225s] Level 1:colcon.colcon_core.package_identification:_identify(src) by extensions ['cmake', 'python']
[1.225s] Level 1:colcon.colcon_core.package_identification:_identify(src) by extension 'cmake'
[1.225s] Level 1:colcon.colcon_core.package_identification:_identify(src) by extension 'python'
[1.225s] Level 1:colcon.colcon_core.package_identification:_identify(src) by extensions ['python_setup_py']
[1.225s] Level 1:colcon.colcon_core.package_identification:_identify(src) by extension 'python_setup_py'
[1.226s] Level 1:colcon.colcon_core.package_identification:_identify(src/vacuum_robot) by extensions ['ignore', 'ignore_ament_install']
[1.226s] Level 1:colcon.colcon_core.package_identification:_identify(src/vacuum_robot) by extension 'ignore'
[1.226s] Level 1:colcon.colcon_core.package_identification:_identify(src/vacuum_robot) by extension 'ignore_ament_install'
[1.228s] Level 1:colcon.colcon_core.package_identification:_identify(src/vacuum_robot) by extensions ['colcon_pkg']
[1.229s] Level 1:colcon.colcon_core.package_identification:_identify(src/vacuum_robot) by extension 'colcon_pkg'
[1.229s] Level 1:colcon.colcon_core.package_identification:_identify(src/vacuum_robot) by extensions ['colcon_meta']
[1.230s] Level 1:colcon.colcon_core.package_identification:_identify(src/vacuum_robot) by extension 'colcon_meta'
[1.232s] Level 1:colcon.colcon_core.package_identification:_identify(src/vacuum_robot) by extensions ['ros']
[1.232s] Level 1:colcon.colcon_core.package_identification:_identify(src/vacuum_robot) by extension 'ros'
[1.247s] DEBUG:colcon.colcon_core.package_identification:Package 'src/vacuum_robot' with type 'ros.ament_python' and name 'vacuum_robot'
[1.247s] Level 1:colcon.colcon_core.package_discovery:discover_packages(recursive) using defaults
[1.248s] Level 1:colcon.colcon_core.package_discovery:discover_packages(ignore) discover
[1.248s] Level 1:colcon.colcon_core.package_discovery:discover_packages(ignore) using defaults
[1.248s] Level 1:colcon.colcon_core.package_discovery:discover_packages(path) discover
[1.248s] Level 1:colcon.colcon_core.package_discovery:discover_packages(path) using defaults
[1.363s] Level 1:colcon.colcon_core.package_discovery:discover_packages(prefix_path) check parameters
[1.363s] Level 1:colcon.colcon_core.package_discovery:discover_packages(prefix_path) discover
[1.376s] DEBUG:colcon.colcon_installed_package_information.package_discovery:Found 2 installed packages in /home/felipe/ros2_ws/install
[1.386s] DEBUG:colcon.colcon_installed_package_information.package_discovery:Found 403 installed packages in /opt/ros/humble
[1.399s] Level 1:colcon.colcon_core.package_discovery:discover_packages(prefix_path) using defaults
[1.682s] Level 5:colcon.colcon_core.verb:set package 'vacuum_robot' build argument 'cmake_args' from command line to 'None'
[1.682s] Level 5:colcon.colcon_core.verb:set package 'vacuum_robot' build argument 'cmake_target' from command line to 'None'
[1.683s] Level 5:colcon.colcon_core.verb:set package 'vacuum_robot' build argument 'cmake_target_skip_unavailable' from command line to 'False'
[1.684s] Level 5:colcon.colcon_core.verb:set package 'vacuum_robot' build argument 'cmake_clean_cache' from command line to 'False'
[1.684s] Level 5:colcon.colcon_core.verb:set package 'vacuum_robot' build argument 'cmake_clean_first' from command line to 'False'
[1.684s] Level 5:colcon.colcon_core.verb:set package 'vacuum_robot' build argument 'cmake_force_configure' from command line to 'False'
[1.684s] Level 5:colcon.colcon_core.verb:set package 'vacuum_robot' build argument 'ament_cmake_args' from command line to 'None'
[1.684s] Level 5:colcon.colcon_core.verb:set package 'vacuum_robot' build argument 'catkin_cmake_args' from command line to 'None'
[1.685s] Level 5:colcon.colcon_core.verb:set package 'vacuum_robot' build argument 'catkin_skip_building_tests' from command line to 'False'
[1.685s] DEBUG:colcon.colcon_core.verb:Building package 'vacuum_robot' with the following arguments: {'ament_cmake_args': None, 'build_base': '/home/felipe/ros2_ws/build/vacuum_robot', 'catkin_cmake_args': None, 'catkin_skip_building_tests': False, 'cmake_args': None, 'cmake_clean_cache': False, 'cmake_clean_first': False, 'cmake_force_configure': False, 'cmake_target': None, 'cmake_target_skip_unavailable': False, 'install_base': '/home/felipe/ros2_ws/install/vacuum_robot', 'merge_install': False, 'path': '/home/felipe/ros2_ws/src/vacuum_robot', 'symlink_install': False, 'test_result_base': None}
[1.685s] INFO:colcon.colcon_core.executor:Executing jobs using 'parallel' executor
[1.694s] DEBUG:colcon.colcon_parallel_executor.executor.parallel:run_until_complete
[1.695s] INFO:colcon.colcon_ros.task.ament_python.build:Building ROS package in '/home/felipe/ros2_ws/src/vacuum_robot' with build type 'ament_python'
[1.696s] Level 1:colcon.colcon_core.shell:create_environment_hook('vacuum_robot', 'ament_prefix_path')
[1.706s] INFO:colcon.colcon_core.plugin_system:Skipping extension 'colcon_core.shell.bat': Not used on non-Windows systems
[1.708s] INFO:colcon.colcon_core.shell:Creating environment hook '/home/felipe/ros2_ws/install/vacuum_robot/share/vacuum_robot/hook/ament_prefix_path.ps1'
[1.711s] INFO:colcon.colcon_core.shell:Creating environment descriptor '/home/felipe/ros2_ws/install/vacuum_robot/share/vacuum_robot/hook/ament_prefix_path.dsv'
[1.713s] INFO:colcon.colcon_core.shell:Creating environment hook '/home/felipe/ros2_ws/install/vacuum_robot/share/vacuum_robot/hook/ament_prefix_path.sh'
[1.719s] INFO:colcon.colcon_core.shell:Skip shell extension 'powershell' for command environment: Not usable outside of PowerShell
[1.719s] DEBUG:colcon.colcon_core.shell:Skip shell extension 'dsv' for command environment
[3.168s] INFO:colcon.colcon_core.task.python.build:Building Python package in '/home/felipe/ros2_ws/src/vacuum_robot'
[3.170s] INFO:colcon.colcon_core.shell:Skip shell extension 'powershell' for command environment: Not usable outside of PowerShell
[3.171s] DEBUG:colcon.colcon_core.shell:Skip shell extension 'dsv' for command environment
[7.365s] DEBUG:colcon.colcon_core.event_handler.log_command:Invoking command in '/home/felipe/ros2_ws/src/vacuum_robot': PYTHONPATH=/home/felipe/ros2_ws/build/vacuum_robot/prefix_override:/usr/lib/python3/dist-packages/colcon_core/task/python/colcon_distutils_commands:/home/felipe/ros2_ws/install/vacuum_robot/lib/python3.10/site-packages:${PYTHONPATH} /usr/bin/python3 -W ignore:setup.py install is deprecated -W ignore:easy_install command is deprecated setup.py egg_info --egg-base ../../build/vacuum_robot build --build-base /home/felipe/ros2_ws/build/vacuum_robot/build install --record /home/felipe/ros2_ws/build/vacuum_robot/install.log --single-version-externally-managed install_data
[11.788s] DEBUG:colcon.colcon_core.event_handler.log_command:Invoked command in '/home/felipe/ros2_ws/src/vacuum_robot' returned '0': PYTHONPATH=/home/felipe/ros2_ws/build/vacuum_robot/prefix_override:/usr/lib/python3/dist-packages/colcon_core/task/python/colcon_distutils_commands:/home/felipe/ros2_ws/install/vacuum_robot/lib/python3.10/site-packages:${PYTHONPATH} /usr/bin/python3 -W ignore:setup.py install is deprecated -W ignore:easy_install command is deprecated setup.py egg_info --egg-base ../../build/vacuum_robot build --build-base /home/felipe/ros2_ws/build/vacuum_robot/build install --record /home/felipe/ros2_ws/build/vacuum_robot/install.log --single-version-externally-managed install_data
[11.802s] Level 1:colcon.colcon_core.environment:checking '/home/felipe/ros2_ws/install/vacuum_robot' for CMake module files
[11.804s] Level 1:colcon.colcon_core.environment:checking '/home/felipe/ros2_ws/install/vacuum_robot' for CMake config files
[11.807s] Level 1:colcon.colcon_core.environment:checking '/home/felipe/ros2_ws/install/vacuum_robot/lib'
[11.807s] Level 1:colcon.colcon_core.environment:checking '/home/felipe/ros2_ws/install/vacuum_robot/bin'
[11.807s] Level 1:colcon.colcon_core.environment:checking '/home/felipe/ros2_ws/install/vacuum_robot/lib/pkgconfig/vacuum_robot.pc'
[11.808s] Level 1:colcon.colcon_core.environment:checking '/home/felipe/ros2_ws/install/vacuum_robot/lib/python3.10/site-packages'
[11.808s] Level 1:colcon.colcon_core.shell:create_environment_hook('vacuum_robot', 'pythonpath')
[11.810s] INFO:colcon.colcon_core.shell:Creating environment hook '/home/felipe/ros2_ws/install/vacuum_robot/share/vacuum_robot/hook/pythonpath.ps1'
[11.815s] INFO:colcon.colcon_core.shell:Creating environment descriptor '/home/felipe/ros2_ws/install/vacuum_robot/share/vacuum_robot/hook/pythonpath.dsv'
[11.818s] INFO:colcon.colcon_core.shell:Creating environment hook '/home/felipe/ros2_ws/install/vacuum_robot/share/vacuum_robot/hook/pythonpath.sh'
[11.820s] Level 1:colcon.colcon_core.environment:checking '/home/felipe/ros2_ws/install/vacuum_robot/bin'
[11.821s] Level 1:colcon.colcon_core.environment:create_environment_scripts_only(vacuum_robot)
[11.822s] INFO:colcon.colcon_core.shell:Creating package script '/home/felipe/ros2_ws/install/vacuum_robot/share/vacuum_robot/package.ps1'
[11.830s] INFO:colcon.colcon_core.shell:Creating package descriptor '/home/felipe/ros2_ws/install/vacuum_robot/share/vacuum_robot/package.dsv'
[11.833s] INFO:colcon.colcon_core.shell:Creating package script '/home/felipe/ros2_ws/install/vacuum_robot/share/vacuum_robot/package.sh'
[11.835s] INFO:colcon.colcon_core.shell:Creating package script '/home/felipe/ros2_ws/install/vacuum_robot/share/vacuum_robot/package.bash'
[11.840s] INFO:colcon.colcon_core.shell:Creating package script '/home/felipe/ros2_ws/install/vacuum_robot/share/vacuum_robot/package.zsh'
[11.844s] Level 1:colcon.colcon_core.environment:create_file_with_runtime_dependencies(/home/felipe/ros2_ws/install/vacuum_robot/share/colcon-core/packages/vacuum_robot)
[11.846s] DEBUG:colcon.colcon_parallel_executor.executor.parallel:closing loop
[11.847s] DEBUG:colcon.colcon_parallel_executor.executor.parallel:loop closed
[11.848s] DEBUG:colcon.colcon_parallel_executor.executor.parallel:run_until_complete finished with '0'
[11.848s] DEBUG:colcon.colcon_core.event_reactor:joining thread
[11.881s] INFO:colcon.colcon_core.plugin_system:Skipping extension 'colcon_notification.desktop_notification.terminal_notifier': Not used on non-Darwin systems
[11.881s] INFO:colcon.colcon_core.plugin_system:Skipping extension 'colcon_notification.desktop_notification.win32': Not used on non-Windows systems
[11.882s] INFO:colcon.colcon_notification.desktop_notification:Sending desktop notification using 'notify2'
[11.958s] DEBUG:colcon.colcon_core.event_reactor:joined thread
[11.959s] INFO:colcon.colcon_core.shell:Creating prefix script '/home/felipe/ros2_ws/install/local_setup.ps1'
[11.972s] INFO:colcon.colcon_core.shell:Creating prefix util module '/home/felipe/ros2_ws/install/_local_setup_util_ps1.py'
[11.981s] INFO:colcon.colcon_core.shell:Creating prefix chain script '/home/felipe/ros2_ws/install/setup.ps1'
[11.984s] INFO:colcon.colcon_core.shell:Creating prefix script '/home/felipe/ros2_ws/install/local_setup.sh'
[11.989s] INFO:colcon.colcon_core.shell:Creating prefix util module '/home/felipe/ros2_ws/install/_local_setup_util_sh.py'
[11.994s] INFO:colcon.colcon_core.shell:Creating prefix chain script '/home/felipe/ros2_ws/install/setup.sh'
[12.008s] INFO:colcon.colcon_core.shell:Creating prefix script '/home/felipe/ros2_ws/install/local_setup.bash'
[12.012s] INFO:colcon.colcon_core.shell:Creating prefix chain script '/home/felipe/ros2_ws/install/setup.bash'
[12.021s] INFO:colcon.colcon_core.shell:Creating prefix script '/home/felipe/ros2_ws/install/local_setup.zsh'
[12.023s] INFO:colcon.colcon_core.shell:Creating prefix chain script '/home/felipe/ros2_ws/install/setup.zsh'
