[0.024s] Invoking command in '/home/felipe/ros2_ws/build/nav2_common': CMAKE_PREFIX_PATH=/home/felipe/ros2_ws/install/vacuum_robot:/opt/ros/humble:/home/felipe/ros2_ws/install:${CMAKE_PREFIX_PATH} /usr/bin/cmake /home/felipe/ros2_ws/src/navigation2/nav2_common -DCMAKE_INSTALL_PREFIX=/home/felipe/ros2_ws/install/nav2_common
[0.287s] -- Found ament_cmake_core: 1.3.11 (/opt/ros/humble/share/ament_cmake_core/cmake)
[0.448s] -- Found Python3: /usr/bin/python3 (found version "3.10.12") found components: Interpreter 
[0.524s] -- Found ament_cmake_python: 1.3.11 (/opt/ros/humble/share/ament_cmake_python/cmake)
[0.696s] -- Configuring done
[0.698s] -- Generating done
[0.700s] -- Build files have been written to: /home/felipe/ros2_ws/build/nav2_common
[0.702s] Invoked command in '/home/felipe/ros2_ws/build/nav2_common' returned '0': CMAKE_PREFIX_PATH=/home/felipe/ros2_ws/install/vacuum_robot:/opt/ros/humble:/home/felipe/ros2_ws/install:${CMAKE_PREFIX_PATH} /usr/bin/cmake /home/felipe/ros2_ws/src/navigation2/nav2_common -DCMAKE_INSTALL_PREFIX=/home/felipe/ros2_ws/install/nav2_common
[0.703s] Invoking command in '/home/felipe/ros2_ws/build/nav2_common': CMAKE_PREFIX_PATH=/home/felipe/ros2_ws/install/vacuum_robot:/opt/ros/humble:/home/felipe/ros2_ws/install:${CMAKE_PREFIX_PATH} /usr/bin/cmake --build /home/felipe/ros2_ws/build/nav2_common -- -j8 -l8
[0.756s] Built target ament_cmake_python_copy_nav2_common
[1.051s] running egg_info
[1.075s] creating nav2_common.egg-info
[1.075s] writing nav2_common.egg-info/PKG-INFO
[1.075s] writing dependency_links to nav2_common.egg-info/dependency_links.txt
[1.076s] writing top-level names to nav2_common.egg-info/top_level.txt
[1.076s] writing manifest file 'nav2_common.egg-info/SOURCES.txt'
[1.146s] reading manifest file 'nav2_common.egg-info/SOURCES.txt'
[1.147s] writing manifest file 'nav2_common.egg-info/SOURCES.txt'
[1.180s] Built target ament_cmake_python_build_nav2_common_egg
[1.190s] Invoked command in '/home/felipe/ros2_ws/build/nav2_common' returned '0': CMAKE_PREFIX_PATH=/home/felipe/ros2_ws/install/vacuum_robot:/opt/ros/humble:/home/felipe/ros2_ws/install:${CMAKE_PREFIX_PATH} /usr/bin/cmake --build /home/felipe/ros2_ws/build/nav2_common -- -j8 -l8
[1.199s] Invoking command in '/home/felipe/ros2_ws/build/nav2_common': CMAKE_PREFIX_PATH=/home/felipe/ros2_ws/install/vacuum_robot:/opt/ros/humble:/home/felipe/ros2_ws/install:${CMAKE_PREFIX_PATH} /usr/bin/cmake --install /home/felipe/ros2_ws/build/nav2_common
[1.205s] -- Install configuration: ""
[1.205s] -- Installing: /home/felipe/ros2_ws/install/nav2_common/share/nav2_common/environment/pythonpath.sh
[1.205s] -- Installing: /home/felipe/ros2_ws/install/nav2_common/share/nav2_common/environment/pythonpath.dsv
[1.205s] -- Installing: /home/felipe/ros2_ws/install/nav2_common/local/lib/python3.10/dist-packages/nav2_common-1.3.1-py3.10.egg-info
[1.205s] -- Installing: /home/felipe/ros2_ws/install/nav2_common/local/lib/python3.10/dist-packages/nav2_common-1.3.1-py3.10.egg-info/top_level.txt
[1.205s] -- Installing: /home/felipe/ros2_ws/install/nav2_common/local/lib/python3.10/dist-packages/nav2_common-1.3.1-py3.10.egg-info/dependency_links.txt
[1.206s] -- Installing: /home/felipe/ros2_ws/install/nav2_common/local/lib/python3.10/dist-packages/nav2_common-1.3.1-py3.10.egg-info/PKG-INFO
[1.206s] -- Installing: /home/felipe/ros2_ws/install/nav2_common/local/lib/python3.10/dist-packages/nav2_common-1.3.1-py3.10.egg-info/SOURCES.txt
[1.206s] -- Installing: /home/felipe/ros2_ws/install/nav2_common/local/lib/python3.10/dist-packages/nav2_common
[1.206s] -- Installing: /home/felipe/ros2_ws/install/nav2_common/local/lib/python3.10/dist-packages/nav2_common/launch
[1.206s] -- Installing: /home/felipe/ros2_ws/install/nav2_common/local/lib/python3.10/dist-packages/nav2_common/launch/has_node_params.py
[1.206s] -- Installing: /home/felipe/ros2_ws/install/nav2_common/local/lib/python3.10/dist-packages/nav2_common/launch/parse_multirobot_pose.py
[1.206s] -- Installing: /home/felipe/ros2_ws/install/nav2_common/local/lib/python3.10/dist-packages/nav2_common/launch/rewritten_yaml.py
[1.207s] -- Installing: /home/felipe/ros2_ws/install/nav2_common/local/lib/python3.10/dist-packages/nav2_common/launch/__init__.py
[1.207s] -- Installing: /home/felipe/ros2_ws/install/nav2_common/local/lib/python3.10/dist-packages/nav2_common/launch/replace_string.py
[1.207s] -- Installing: /home/felipe/ros2_ws/install/nav2_common/local/lib/python3.10/dist-packages/nav2_common/__init__.py
[1.247s] Listing '/home/felipe/ros2_ws/install/nav2_common/local/lib/python3.10/dist-packages/nav2_common'...
[1.247s] Compiling '/home/felipe/ros2_ws/install/nav2_common/local/lib/python3.10/dist-packages/nav2_common/__init__.py'...
[1.247s] Listing '/home/felipe/ros2_ws/install/nav2_common/local/lib/python3.10/dist-packages/nav2_common/launch'...
[1.247s] Compiling '/home/felipe/ros2_ws/install/nav2_common/local/lib/python3.10/dist-packages/nav2_common/launch/__init__.py'...
[1.247s] Compiling '/home/felipe/ros2_ws/install/nav2_common/local/lib/python3.10/dist-packages/nav2_common/launch/has_node_params.py'...
[1.247s] Compiling '/home/felipe/ros2_ws/install/nav2_common/local/lib/python3.10/dist-packages/nav2_common/launch/parse_multirobot_pose.py'...
[1.247s] Compiling '/home/felipe/ros2_ws/install/nav2_common/local/lib/python3.10/dist-packages/nav2_common/launch/replace_string.py'...
[1.247s] Compiling '/home/felipe/ros2_ws/install/nav2_common/local/lib/python3.10/dist-packages/nav2_common/launch/rewritten_yaml.py'...
[1.252s] -- Installing: /home/felipe/ros2_ws/install/nav2_common/share/ament_index/resource_index/package_run_dependencies/nav2_common
[1.252s] -- Installing: /home/felipe/ros2_ws/install/nav2_common/share/ament_index/resource_index/parent_prefix_path/nav2_common
[1.252s] -- Installing: /home/felipe/ros2_ws/install/nav2_common/share/nav2_common/environment/ament_prefix_path.sh
[1.252s] -- Installing: /home/felipe/ros2_ws/install/nav2_common/share/nav2_common/environment/ament_prefix_path.dsv
[1.253s] -- Installing: /home/felipe/ros2_ws/install/nav2_common/share/nav2_common/environment/path.sh
[1.253s] -- Installing: /home/felipe/ros2_ws/install/nav2_common/share/nav2_common/environment/path.dsv
[1.253s] -- Installing: /home/felipe/ros2_ws/install/nav2_common/share/nav2_common/local_setup.bash
[1.253s] -- Installing: /home/felipe/ros2_ws/install/nav2_common/share/nav2_common/local_setup.sh
[1.253s] -- Installing: /home/felipe/ros2_ws/install/nav2_common/share/nav2_common/local_setup.zsh
[1.254s] -- Installing: /home/felipe/ros2_ws/install/nav2_common/share/nav2_common/local_setup.dsv
[1.254s] -- Installing: /home/felipe/ros2_ws/install/nav2_common/share/nav2_common/package.dsv
[1.254s] -- Installing: /home/felipe/ros2_ws/install/nav2_common/share/ament_index/resource_index/packages/nav2_common
[1.254s] -- Installing: /home/felipe/ros2_ws/install/nav2_common/share/nav2_common/cmake/nav2_common-extras.cmake
[1.254s] -- Installing: /home/felipe/ros2_ws/install/nav2_common/share/nav2_common/cmake/nav2_commonConfig.cmake
[1.254s] -- Installing: /home/felipe/ros2_ws/install/nav2_common/share/nav2_common/cmake/nav2_commonConfig-version.cmake
[1.254s] -- Installing: /home/felipe/ros2_ws/install/nav2_common/share/nav2_common/package.xml
[1.254s] -- Up-to-date: /home/felipe/ros2_ws/install/nav2_common/share/nav2_common/cmake
[1.255s] -- Installing: /home/felipe/ros2_ws/install/nav2_common/share/nav2_common/cmake/nav2_package.cmake
[1.256s] Invoked command in '/home/felipe/ros2_ws/build/nav2_common' returned '0': CMAKE_PREFIX_PATH=/home/felipe/ros2_ws/install/vacuum_robot:/opt/ros/humble:/home/felipe/ros2_ws/install:${CMAKE_PREFIX_PATH} /usr/bin/cmake --install /home/felipe/ros2_ws/build/nav2_common
