[0.579s] DEBUG:colcon:Command line arguments: ['/usr/bin/colcon', 'build']
[0.579s] DEBUG:colcon:Parsed command line arguments: Namespace(log_base=None, log_level=None, verb_name='build', build_base='build', install_base='install', merge_install=False, symlink_install=False, test_result_base=None, continue_on_error=False, executor='parallel', parallel_workers=8, event_handlers=None, ignore_user_meta=False, metas=['./colcon.meta'], base_paths=['.'], packages_ignore=None, packages_ignore_regex=None, paths=None, packages_up_to=None, packages_up_to_regex=None, packages_above=None, packages_above_and_dependencies=None, packages_above_depth=None, packages_select_by_dep=None, packages_skip_by_dep=None, packages_skip_up_to=None, packages_select_build_failed=False, packages_skip_build_finished=False, packages_select_test_failures=False, packages_skip_test_passed=False, packages_select=None, packages_skip=None, packages_select_regex=None, packages_skip_regex=None, packages_start=None, packages_end=None, allow_overriding=[], cmake_args=None, cmake_target=None, cmake_target_skip_unavailable=False, cmake_clean_cache=False, cmake_clean_first=False, cmake_force_configure=False, ament_cmake_args=None, catkin_cmake_args=None, catkin_skip_building_tests=False, verb_parser=<colcon_defaults.argument_parser.defaults.DefaultArgumentsDecorator object at 0x7ab3f3064d90>, verb_extension=<colcon_core.verb.build.BuildVerb object at 0x7ab3f3064850>, main=<bound method BuildVerb.main of <colcon_core.verb.build.BuildVerb object at 0x7ab3f3064850>>)
[0.773s] Level 1:colcon.colcon_core.package_discovery:discover_packages(colcon_meta) check parameters
[0.773s] Level 1:colcon.colcon_core.package_discovery:discover_packages(recursive) check parameters
[0.773s] Level 1:colcon.colcon_core.package_discovery:discover_packages(ignore) check parameters
[0.773s] Level 1:colcon.colcon_core.package_discovery:discover_packages(path) check parameters
[0.774s] Level 1:colcon.colcon_core.package_discovery:discover_packages(colcon_meta) discover
[0.774s] Level 1:colcon.colcon_core.package_discovery:discover_packages(recursive) discover
[0.774s] INFO:colcon.colcon_core.package_discovery:Crawling recursively for packages in '/home/felipe/ros2_ws'
[0.774s] Level 1:colcon.colcon_core.package_identification:_identify(.) by extensions ['ignore', 'ignore_ament_install']
[0.775s] Level 1:colcon.colcon_core.package_identification:_identify(.) by extension 'ignore'
[0.775s] Level 1:colcon.colcon_core.package_identification:_identify(.) by extension 'ignore_ament_install'
[0.775s] Level 1:colcon.colcon_core.package_identification:_identify(.) by extensions ['colcon_pkg']
[0.775s] Level 1:colcon.colcon_core.package_identification:_identify(.) by extension 'colcon_pkg'
[0.775s] Level 1:colcon.colcon_core.package_identification:_identify(.) by extensions ['colcon_meta']
[0.775s] Level 1:colcon.colcon_core.package_identification:_identify(.) by extension 'colcon_meta'
[0.775s] Level 1:colcon.colcon_core.package_identification:_identify(.) by extensions ['ros']
[0.775s] Level 1:colcon.colcon_core.package_identification:_identify(.) by extension 'ros'
[0.846s] Level 1:colcon.colcon_core.package_identification:_identify(.) by extensions ['cmake', 'python']
[0.846s] Level 1:colcon.colcon_core.package_identification:_identify(.) by extension 'cmake'
[0.847s] Level 1:colcon.colcon_core.package_identification:_identify(.) by extension 'python'
[0.847s] Level 1:colcon.colcon_core.package_identification:_identify(.) by extensions ['python_setup_py']
[0.847s] Level 1:colcon.colcon_core.package_identification:_identify(.) by extension 'python_setup_py'
[0.848s] Level 1:colcon.colcon_core.package_identification:_identify(build) by extensions ['ignore', 'ignore_ament_install']
[0.849s] Level 1:colcon.colcon_core.package_identification:_identify(build) by extension 'ignore'
[0.850s] Level 1:colcon.colcon_core.package_identification:_identify(build) ignored
[0.852s] Level 1:colcon.colcon_core.package_identification:_identify(install) by extensions ['ignore', 'ignore_ament_install']
[0.852s] Level 1:colcon.colcon_core.package_identification:_identify(install) by extension 'ignore'
[0.853s] Level 1:colcon.colcon_core.package_identification:_identify(install) ignored
[0.854s] Level 1:colcon.colcon_core.package_identification:_identify(log) by extensions ['ignore', 'ignore_ament_install']
[0.854s] Level 1:colcon.colcon_core.package_identification:_identify(log) by extension 'ignore'
[0.854s] Level 1:colcon.colcon_core.package_identification:_identify(log) ignored
[0.854s] Level 1:colcon.colcon_core.package_identification:_identify(src) by extensions ['ignore', 'ignore_ament_install']
[0.855s] Level 1:colcon.colcon_core.package_identification:_identify(src) by extension 'ignore'
[0.855s] Level 1:colcon.colcon_core.package_identification:_identify(src) by extension 'ignore_ament_install'
[0.855s] Level 1:colcon.colcon_core.package_identification:_identify(src) by extensions ['colcon_pkg']
[0.855s] Level 1:colcon.colcon_core.package_identification:_identify(src) by extension 'colcon_pkg'
[0.856s] Level 1:colcon.colcon_core.package_identification:_identify(src) by extensions ['colcon_meta']
[0.857s] Level 1:colcon.colcon_core.package_identification:_identify(src) by extension 'colcon_meta'
[0.858s] Level 1:colcon.colcon_core.package_identification:_identify(src) by extensions ['ros']
[0.858s] Level 1:colcon.colcon_core.package_identification:_identify(src) by extension 'ros'
[0.859s] Level 1:colcon.colcon_core.package_identification:_identify(src) by extensions ['cmake', 'python']
[0.860s] Level 1:colcon.colcon_core.package_identification:_identify(src) by extension 'cmake'
[0.860s] Level 1:colcon.colcon_core.package_identification:_identify(src) by extension 'python'
[0.860s] Level 1:colcon.colcon_core.package_identification:_identify(src) by extensions ['python_setup_py']
[0.861s] Level 1:colcon.colcon_core.package_identification:_identify(src) by extension 'python_setup_py'
[0.861s] Level 1:colcon.colcon_core.package_identification:_identify(src/auto_mapper_py) by extensions ['ignore', 'ignore_ament_install']
[0.861s] Level 1:colcon.colcon_core.package_identification:_identify(src/auto_mapper_py) by extension 'ignore'
[0.861s] Level 1:colcon.colcon_core.package_identification:_identify(src/auto_mapper_py) by extension 'ignore_ament_install'
[0.861s] Level 1:colcon.colcon_core.package_identification:_identify(src/auto_mapper_py) by extensions ['colcon_pkg']
[0.862s] Level 1:colcon.colcon_core.package_identification:_identify(src/auto_mapper_py) by extension 'colcon_pkg'
[0.862s] Level 1:colcon.colcon_core.package_identification:_identify(src/auto_mapper_py) by extensions ['colcon_meta']
[0.862s] Level 1:colcon.colcon_core.package_identification:_identify(src/auto_mapper_py) by extension 'colcon_meta'
[0.862s] Level 1:colcon.colcon_core.package_identification:_identify(src/auto_mapper_py) by extensions ['ros']
[0.862s] Level 1:colcon.colcon_core.package_identification:_identify(src/auto_mapper_py) by extension 'ros'
[0.872s] DEBUG:colcon.colcon_core.package_identification:Package 'src/auto_mapper_py' with type 'ros.ament_python' and name 'auto_mapper_py'
[0.872s] Level 1:colcon.colcon_core.package_identification:_identify(src/ros2_explorer) by extensions ['ignore', 'ignore_ament_install']
[0.872s] Level 1:colcon.colcon_core.package_identification:_identify(src/ros2_explorer) by extension 'ignore'
[0.872s] Level 1:colcon.colcon_core.package_identification:_identify(src/ros2_explorer) by extension 'ignore_ament_install'
[0.873s] Level 1:colcon.colcon_core.package_identification:_identify(src/ros2_explorer) by extensions ['colcon_pkg']
[0.873s] Level 1:colcon.colcon_core.package_identification:_identify(src/ros2_explorer) by extension 'colcon_pkg'
[0.873s] Level 1:colcon.colcon_core.package_identification:_identify(src/ros2_explorer) by extensions ['colcon_meta']
[0.873s] Level 1:colcon.colcon_core.package_identification:_identify(src/ros2_explorer) by extension 'colcon_meta'
[0.873s] Level 1:colcon.colcon_core.package_identification:_identify(src/ros2_explorer) by extensions ['ros']
[0.873s] Level 1:colcon.colcon_core.package_identification:_identify(src/ros2_explorer) by extension 'ros'
[0.873s] Level 1:colcon.colcon_core.package_identification:_identify(src/ros2_explorer) by extensions ['cmake', 'python']
[0.873s] Level 1:colcon.colcon_core.package_identification:_identify(src/ros2_explorer) by extension 'cmake'
[0.873s] Level 1:colcon.colcon_core.package_identification:_identify(src/ros2_explorer) by extension 'python'
[0.873s] Level 1:colcon.colcon_core.package_identification:_identify(src/ros2_explorer) by extensions ['python_setup_py']
[0.874s] Level 1:colcon.colcon_core.package_identification:_identify(src/ros2_explorer) by extension 'python_setup_py'
[0.874s] Level 1:colcon.colcon_core.package_identification:_identify(src/ros2_explorer/explorer_bringup) by extensions ['ignore', 'ignore_ament_install']
[0.877s] Level 1:colcon.colcon_core.package_identification:_identify(src/ros2_explorer/explorer_bringup) by extension 'ignore'
[0.878s] Level 1:colcon.colcon_core.package_identification:_identify(src/ros2_explorer/explorer_bringup) by extension 'ignore_ament_install'
[0.878s] Level 1:colcon.colcon_core.package_identification:_identify(src/ros2_explorer/explorer_bringup) by extensions ['colcon_pkg']
[0.878s] Level 1:colcon.colcon_core.package_identification:_identify(src/ros2_explorer/explorer_bringup) by extension 'colcon_pkg'
[0.879s] Level 1:colcon.colcon_core.package_identification:_identify(src/ros2_explorer/explorer_bringup) by extensions ['colcon_meta']
[0.879s] Level 1:colcon.colcon_core.package_identification:_identify(src/ros2_explorer/explorer_bringup) by extension 'colcon_meta'
[0.879s] Level 1:colcon.colcon_core.package_identification:_identify(src/ros2_explorer/explorer_bringup) by extensions ['ros']
[0.879s] Level 1:colcon.colcon_core.package_identification:_identify(src/ros2_explorer/explorer_bringup) by extension 'ros'
[0.882s] DEBUG:colcon.colcon_core.package_identification:Package 'src/ros2_explorer/explorer_bringup' with type 'ros.ament_python' and name 'explorer_bringup'
[0.882s] Level 1:colcon.colcon_core.package_identification:_identify(src/ros2_explorer/explorer_cartographer) by extensions ['ignore', 'ignore_ament_install']
[0.883s] Level 1:colcon.colcon_core.package_identification:_identify(src/ros2_explorer/explorer_cartographer) by extension 'ignore'
[0.883s] Level 1:colcon.colcon_core.package_identification:_identify(src/ros2_explorer/explorer_cartographer) by extension 'ignore_ament_install'
[0.884s] Level 1:colcon.colcon_core.package_identification:_identify(src/ros2_explorer/explorer_cartographer) by extensions ['colcon_pkg']
[0.884s] Level 1:colcon.colcon_core.package_identification:_identify(src/ros2_explorer/explorer_cartographer) by extension 'colcon_pkg'
[0.885s] Level 1:colcon.colcon_core.package_identification:_identify(src/ros2_explorer/explorer_cartographer) by extensions ['colcon_meta']
[0.885s] Level 1:colcon.colcon_core.package_identification:_identify(src/ros2_explorer/explorer_cartographer) by extension 'colcon_meta'
[0.886s] Level 1:colcon.colcon_core.package_identification:_identify(src/ros2_explorer/explorer_cartographer) by extensions ['ros']
[0.886s] Level 1:colcon.colcon_core.package_identification:_identify(src/ros2_explorer/explorer_cartographer) by extension 'ros'
[0.890s] DEBUG:colcon.colcon_core.package_identification:Package 'src/ros2_explorer/explorer_cartographer' with type 'ros.ament_cmake' and name 'explorer_cartographer'
[0.891s] Level 1:colcon.colcon_core.package_identification:_identify(src/ros2_explorer/explorer_gazebo) by extensions ['ignore', 'ignore_ament_install']
[0.891s] Level 1:colcon.colcon_core.package_identification:_identify(src/ros2_explorer/explorer_gazebo) by extension 'ignore'
[0.892s] Level 1:colcon.colcon_core.package_identification:_identify(src/ros2_explorer/explorer_gazebo) by extension 'ignore_ament_install'
[0.893s] Level 1:colcon.colcon_core.package_identification:_identify(src/ros2_explorer/explorer_gazebo) by extensions ['colcon_pkg']
[0.893s] Level 1:colcon.colcon_core.package_identification:_identify(src/ros2_explorer/explorer_gazebo) by extension 'colcon_pkg'
[0.893s] Level 1:colcon.colcon_core.package_identification:_identify(src/ros2_explorer/explorer_gazebo) by extensions ['colcon_meta']
[0.893s] Level 1:colcon.colcon_core.package_identification:_identify(src/ros2_explorer/explorer_gazebo) by extension 'colcon_meta'
[0.894s] Level 1:colcon.colcon_core.package_identification:_identify(src/ros2_explorer/explorer_gazebo) by extensions ['ros']
[0.894s] Level 1:colcon.colcon_core.package_identification:_identify(src/ros2_explorer/explorer_gazebo) by extension 'ros'
[0.896s] DEBUG:colcon.colcon_core.package_identification:Package 'src/ros2_explorer/explorer_gazebo' with type 'ros.ament_cmake' and name 'explorer_gazebo'
[0.896s] Level 1:colcon.colcon_core.package_identification:_identify(src/ros2_explorer/explorer_interfaces) by extensions ['ignore', 'ignore_ament_install']
[0.896s] Level 1:colcon.colcon_core.package_identification:_identify(src/ros2_explorer/explorer_interfaces) by extension 'ignore'
[0.896s] Level 1:colcon.colcon_core.package_identification:_identify(src/ros2_explorer/explorer_interfaces) by extension 'ignore_ament_install'
[0.897s] Level 1:colcon.colcon_core.package_identification:_identify(src/ros2_explorer/explorer_interfaces) by extensions ['colcon_pkg']
[0.897s] Level 1:colcon.colcon_core.package_identification:_identify(src/ros2_explorer/explorer_interfaces) by extension 'colcon_pkg'
[0.897s] Level 1:colcon.colcon_core.package_identification:_identify(src/ros2_explorer/explorer_interfaces) by extensions ['colcon_meta']
[0.897s] Level 1:colcon.colcon_core.package_identification:_identify(src/ros2_explorer/explorer_interfaces) by extension 'colcon_meta'
[0.897s] Level 1:colcon.colcon_core.package_identification:_identify(src/ros2_explorer/explorer_interfaces) by extensions ['ros']
[0.897s] Level 1:colcon.colcon_core.package_identification:_identify(src/ros2_explorer/explorer_interfaces) by extension 'ros'
[0.900s] DEBUG:colcon.colcon_core.package_identification:Package 'src/ros2_explorer/explorer_interfaces' with type 'ros.ament_cmake' and name 'explorer_interfaces'
[0.901s] Level 1:colcon.colcon_core.package_identification:_identify(src/ros2_explorer/explorer_map_utils) by extensions ['ignore', 'ignore_ament_install']
[0.902s] Level 1:colcon.colcon_core.package_identification:_identify(src/ros2_explorer/explorer_map_utils) by extension 'ignore'
[0.903s] Level 1:colcon.colcon_core.package_identification:_identify(src/ros2_explorer/explorer_map_utils) by extension 'ignore_ament_install'
[0.903s] Level 1:colcon.colcon_core.package_identification:_identify(src/ros2_explorer/explorer_map_utils) by extensions ['colcon_pkg']
[0.904s] Level 1:colcon.colcon_core.package_identification:_identify(src/ros2_explorer/explorer_map_utils) by extension 'colcon_pkg'
[0.904s] Level 1:colcon.colcon_core.package_identification:_identify(src/ros2_explorer/explorer_map_utils) by extensions ['colcon_meta']
[0.904s] Level 1:colcon.colcon_core.package_identification:_identify(src/ros2_explorer/explorer_map_utils) by extension 'colcon_meta'
[0.905s] Level 1:colcon.colcon_core.package_identification:_identify(src/ros2_explorer/explorer_map_utils) by extensions ['ros']
[0.905s] Level 1:colcon.colcon_core.package_identification:_identify(src/ros2_explorer/explorer_map_utils) by extension 'ros'
[0.906s] DEBUG:colcon.colcon_core.package_identification:Package 'src/ros2_explorer/explorer_map_utils' with type 'ros.ament_python' and name 'explorer_map_utils'
[0.907s] Level 1:colcon.colcon_core.package_identification:_identify(src/ros2_explorer/explorer_wanderer) by extensions ['ignore', 'ignore_ament_install']
[0.907s] Level 1:colcon.colcon_core.package_identification:_identify(src/ros2_explorer/explorer_wanderer) by extension 'ignore'
[0.907s] Level 1:colcon.colcon_core.package_identification:_identify(src/ros2_explorer/explorer_wanderer) by extension 'ignore_ament_install'
[0.908s] Level 1:colcon.colcon_core.package_identification:_identify(src/ros2_explorer/explorer_wanderer) by extensions ['colcon_pkg']
[0.908s] Level 1:colcon.colcon_core.package_identification:_identify(src/ros2_explorer/explorer_wanderer) by extension 'colcon_pkg'
[0.909s] Level 1:colcon.colcon_core.package_identification:_identify(src/ros2_explorer/explorer_wanderer) by extensions ['colcon_meta']
[0.909s] Level 1:colcon.colcon_core.package_identification:_identify(src/ros2_explorer/explorer_wanderer) by extension 'colcon_meta'
[0.910s] Level 1:colcon.colcon_core.package_identification:_identify(src/ros2_explorer/explorer_wanderer) by extensions ['ros']
[0.911s] Level 1:colcon.colcon_core.package_identification:_identify(src/ros2_explorer/explorer_wanderer) by extension 'ros'
[0.914s] DEBUG:colcon.colcon_core.package_identification:Package 'src/ros2_explorer/explorer_wanderer' with type 'ros.ament_python' and name 'explorer_wanderer'
[0.914s] Level 1:colcon.colcon_core.package_identification:_identify(src/vacuum_robot) by extensions ['ignore', 'ignore_ament_install']
[0.914s] Level 1:colcon.colcon_core.package_identification:_identify(src/vacuum_robot) by extension 'ignore'
[0.915s] Level 1:colcon.colcon_core.package_identification:_identify(src/vacuum_robot) by extension 'ignore_ament_install'
[0.915s] Level 1:colcon.colcon_core.package_identification:_identify(src/vacuum_robot) by extensions ['colcon_pkg']
[0.915s] Level 1:colcon.colcon_core.package_identification:_identify(src/vacuum_robot) by extension 'colcon_pkg'
[0.915s] Level 1:colcon.colcon_core.package_identification:_identify(src/vacuum_robot) by extensions ['colcon_meta']
[0.915s] Level 1:colcon.colcon_core.package_identification:_identify(src/vacuum_robot) by extension 'colcon_meta'
[0.915s] Level 1:colcon.colcon_core.package_identification:_identify(src/vacuum_robot) by extensions ['ros']
[0.915s] Level 1:colcon.colcon_core.package_identification:_identify(src/vacuum_robot) by extension 'ros'
[0.916s] DEBUG:colcon.colcon_core.package_identification:Package 'src/vacuum_robot' with type 'ros.ament_python' and name 'vacuum_robot'
[0.916s] Level 1:colcon.colcon_core.package_discovery:discover_packages(recursive) using defaults
[0.916s] Level 1:colcon.colcon_core.package_discovery:discover_packages(ignore) discover
[0.917s] Level 1:colcon.colcon_core.package_discovery:discover_packages(ignore) using defaults
[0.917s] Level 1:colcon.colcon_core.package_discovery:discover_packages(path) discover
[0.917s] Level 1:colcon.colcon_core.package_discovery:discover_packages(path) using defaults
[1.022s] Level 1:colcon.colcon_core.package_discovery:discover_packages(prefix_path) check parameters
[1.022s] Level 1:colcon.colcon_core.package_discovery:discover_packages(prefix_path) discover
[1.033s] DEBUG:colcon.colcon_installed_package_information.package_discovery:Found 10 installed packages in /home/felipe/ros2_ws/install
[1.042s] DEBUG:colcon.colcon_installed_package_information.package_discovery:Found 404 installed packages in /opt/ros/humble
[1.049s] Level 1:colcon.colcon_core.package_discovery:discover_packages(prefix_path) using defaults
[1.297s] Level 5:colcon.colcon_core.verb:set package 'auto_mapper_py' build argument 'cmake_args' from command line to 'None'
[1.297s] Level 5:colcon.colcon_core.verb:set package 'auto_mapper_py' build argument 'cmake_target' from command line to 'None'
[1.298s] Level 5:colcon.colcon_core.verb:set package 'auto_mapper_py' build argument 'cmake_target_skip_unavailable' from command line to 'False'
[1.298s] Level 5:colcon.colcon_core.verb:set package 'auto_mapper_py' build argument 'cmake_clean_cache' from command line to 'False'
[1.298s] Level 5:colcon.colcon_core.verb:set package 'auto_mapper_py' build argument 'cmake_clean_first' from command line to 'False'
[1.298s] Level 5:colcon.colcon_core.verb:set package 'auto_mapper_py' build argument 'cmake_force_configure' from command line to 'False'
[1.298s] Level 5:colcon.colcon_core.verb:set package 'auto_mapper_py' build argument 'ament_cmake_args' from command line to 'None'
[1.298s] Level 5:colcon.colcon_core.verb:set package 'auto_mapper_py' build argument 'catkin_cmake_args' from command line to 'None'
[1.298s] Level 5:colcon.colcon_core.verb:set package 'auto_mapper_py' build argument 'catkin_skip_building_tests' from command line to 'False'
[1.298s] DEBUG:colcon.colcon_core.verb:Building package 'auto_mapper_py' with the following arguments: {'ament_cmake_args': None, 'build_base': '/home/felipe/ros2_ws/build/auto_mapper_py', 'catkin_cmake_args': None, 'catkin_skip_building_tests': False, 'cmake_args': None, 'cmake_clean_cache': False, 'cmake_clean_first': False, 'cmake_force_configure': False, 'cmake_target': None, 'cmake_target_skip_unavailable': False, 'install_base': '/home/felipe/ros2_ws/install/auto_mapper_py', 'merge_install': False, 'path': '/home/felipe/ros2_ws/src/auto_mapper_py', 'symlink_install': False, 'test_result_base': None}
[1.302s] Level 5:colcon.colcon_core.verb:set package 'explorer_bringup' build argument 'cmake_args' from command line to 'None'
[1.303s] Level 5:colcon.colcon_core.verb:set package 'explorer_bringup' build argument 'cmake_target' from command line to 'None'
[1.304s] Level 5:colcon.colcon_core.verb:set package 'explorer_bringup' build argument 'cmake_target_skip_unavailable' from command line to 'False'
[1.304s] Level 5:colcon.colcon_core.verb:set package 'explorer_bringup' build argument 'cmake_clean_cache' from command line to 'False'
[1.304s] Level 5:colcon.colcon_core.verb:set package 'explorer_bringup' build argument 'cmake_clean_first' from command line to 'False'
[1.304s] Level 5:colcon.colcon_core.verb:set package 'explorer_bringup' build argument 'cmake_force_configure' from command line to 'False'
[1.304s] Level 5:colcon.colcon_core.verb:set package 'explorer_bringup' build argument 'ament_cmake_args' from command line to 'None'
[1.304s] Level 5:colcon.colcon_core.verb:set package 'explorer_bringup' build argument 'catkin_cmake_args' from command line to 'None'
[1.304s] Level 5:colcon.colcon_core.verb:set package 'explorer_bringup' build argument 'catkin_skip_building_tests' from command line to 'False'
[1.304s] DEBUG:colcon.colcon_core.verb:Building package 'explorer_bringup' with the following arguments: {'ament_cmake_args': None, 'build_base': '/home/felipe/ros2_ws/build/explorer_bringup', 'catkin_cmake_args': None, 'catkin_skip_building_tests': False, 'cmake_args': None, 'cmake_clean_cache': False, 'cmake_clean_first': False, 'cmake_force_configure': False, 'cmake_target': None, 'cmake_target_skip_unavailable': False, 'install_base': '/home/felipe/ros2_ws/install/explorer_bringup', 'merge_install': False, 'path': '/home/felipe/ros2_ws/src/ros2_explorer/explorer_bringup', 'symlink_install': False, 'test_result_base': None}
[1.306s] Level 5:colcon.colcon_core.verb:set package 'explorer_cartographer' build argument 'cmake_args' from command line to 'None'
[1.306s] Level 5:colcon.colcon_core.verb:set package 'explorer_cartographer' build argument 'cmake_target' from command line to 'None'
[1.306s] Level 5:colcon.colcon_core.verb:set package 'explorer_cartographer' build argument 'cmake_target_skip_unavailable' from command line to 'False'
[1.306s] Level 5:colcon.colcon_core.verb:set package 'explorer_cartographer' build argument 'cmake_clean_cache' from command line to 'False'
[1.306s] Level 5:colcon.colcon_core.verb:set package 'explorer_cartographer' build argument 'cmake_clean_first' from command line to 'False'
[1.306s] Level 5:colcon.colcon_core.verb:set package 'explorer_cartographer' build argument 'cmake_force_configure' from command line to 'False'
[1.306s] Level 5:colcon.colcon_core.verb:set package 'explorer_cartographer' build argument 'ament_cmake_args' from command line to 'None'
[1.307s] Level 5:colcon.colcon_core.verb:set package 'explorer_cartographer' build argument 'catkin_cmake_args' from command line to 'None'
[1.307s] Level 5:colcon.colcon_core.verb:set package 'explorer_cartographer' build argument 'catkin_skip_building_tests' from command line to 'False'
[1.307s] DEBUG:colcon.colcon_core.verb:Building package 'explorer_cartographer' with the following arguments: {'ament_cmake_args': None, 'build_base': '/home/felipe/ros2_ws/build/explorer_cartographer', 'catkin_cmake_args': None, 'catkin_skip_building_tests': False, 'cmake_args': None, 'cmake_clean_cache': False, 'cmake_clean_first': False, 'cmake_force_configure': False, 'cmake_target': None, 'cmake_target_skip_unavailable': False, 'install_base': '/home/felipe/ros2_ws/install/explorer_cartographer', 'merge_install': False, 'path': '/home/felipe/ros2_ws/src/ros2_explorer/explorer_cartographer', 'symlink_install': False, 'test_result_base': None}
[1.311s] Level 5:colcon.colcon_core.verb:set package 'explorer_gazebo' build argument 'cmake_args' from command line to 'None'
[1.312s] Level 5:colcon.colcon_core.verb:set package 'explorer_gazebo' build argument 'cmake_target' from command line to 'None'
[1.312s] Level 5:colcon.colcon_core.verb:set package 'explorer_gazebo' build argument 'cmake_target_skip_unavailable' from command line to 'False'
[1.313s] Level 5:colcon.colcon_core.verb:set package 'explorer_gazebo' build argument 'cmake_clean_cache' from command line to 'False'
[1.313s] Level 5:colcon.colcon_core.verb:set package 'explorer_gazebo' build argument 'cmake_clean_first' from command line to 'False'
[1.313s] Level 5:colcon.colcon_core.verb:set package 'explorer_gazebo' build argument 'cmake_force_configure' from command line to 'False'
[1.313s] Level 5:colcon.colcon_core.verb:set package 'explorer_gazebo' build argument 'ament_cmake_args' from command line to 'None'
[1.313s] Level 5:colcon.colcon_core.verb:set package 'explorer_gazebo' build argument 'catkin_cmake_args' from command line to 'None'
[1.313s] Level 5:colcon.colcon_core.verb:set package 'explorer_gazebo' build argument 'catkin_skip_building_tests' from command line to 'False'
[1.313s] DEBUG:colcon.colcon_core.verb:Building package 'explorer_gazebo' with the following arguments: {'ament_cmake_args': None, 'build_base': '/home/felipe/ros2_ws/build/explorer_gazebo', 'catkin_cmake_args': None, 'catkin_skip_building_tests': False, 'cmake_args': None, 'cmake_clean_cache': False, 'cmake_clean_first': False, 'cmake_force_configure': False, 'cmake_target': None, 'cmake_target_skip_unavailable': False, 'install_base': '/home/felipe/ros2_ws/install/explorer_gazebo', 'merge_install': False, 'path': '/home/felipe/ros2_ws/src/ros2_explorer/explorer_gazebo', 'symlink_install': False, 'test_result_base': None}
[1.315s] Level 5:colcon.colcon_core.verb:set package 'explorer_interfaces' build argument 'cmake_args' from command line to 'None'
[1.315s] Level 5:colcon.colcon_core.verb:set package 'explorer_interfaces' build argument 'cmake_target' from command line to 'None'
[1.315s] Level 5:colcon.colcon_core.verb:set package 'explorer_interfaces' build argument 'cmake_target_skip_unavailable' from command line to 'False'
[1.315s] Level 5:colcon.colcon_core.verb:set package 'explorer_interfaces' build argument 'cmake_clean_cache' from command line to 'False'
[1.315s] Level 5:colcon.colcon_core.verb:set package 'explorer_interfaces' build argument 'cmake_clean_first' from command line to 'False'
[1.315s] Level 5:colcon.colcon_core.verb:set package 'explorer_interfaces' build argument 'cmake_force_configure' from command line to 'False'
[1.315s] Level 5:colcon.colcon_core.verb:set package 'explorer_interfaces' build argument 'ament_cmake_args' from command line to 'None'
[1.315s] Level 5:colcon.colcon_core.verb:set package 'explorer_interfaces' build argument 'catkin_cmake_args' from command line to 'None'
[1.315s] Level 5:colcon.colcon_core.verb:set package 'explorer_interfaces' build argument 'catkin_skip_building_tests' from command line to 'False'
[1.315s] DEBUG:colcon.colcon_core.verb:Building package 'explorer_interfaces' with the following arguments: {'ament_cmake_args': None, 'build_base': '/home/felipe/ros2_ws/build/explorer_interfaces', 'catkin_cmake_args': None, 'catkin_skip_building_tests': False, 'cmake_args': None, 'cmake_clean_cache': False, 'cmake_clean_first': False, 'cmake_force_configure': False, 'cmake_target': None, 'cmake_target_skip_unavailable': False, 'install_base': '/home/felipe/ros2_ws/install/explorer_interfaces', 'merge_install': False, 'path': '/home/felipe/ros2_ws/src/ros2_explorer/explorer_interfaces', 'symlink_install': False, 'test_result_base': None}
[1.316s] Level 5:colcon.colcon_core.verb:set package 'explorer_map_utils' build argument 'cmake_args' from command line to 'None'
[1.316s] Level 5:colcon.colcon_core.verb:set package 'explorer_map_utils' build argument 'cmake_target' from command line to 'None'
[1.316s] Level 5:colcon.colcon_core.verb:set package 'explorer_map_utils' build argument 'cmake_target_skip_unavailable' from command line to 'False'
[1.316s] Level 5:colcon.colcon_core.verb:set package 'explorer_map_utils' build argument 'cmake_clean_cache' from command line to 'False'
[1.316s] Level 5:colcon.colcon_core.verb:set package 'explorer_map_utils' build argument 'cmake_clean_first' from command line to 'False'
[1.317s] Level 5:colcon.colcon_core.verb:set package 'explorer_map_utils' build argument 'cmake_force_configure' from command line to 'False'
[1.317s] Level 5:colcon.colcon_core.verb:set package 'explorer_map_utils' build argument 'ament_cmake_args' from command line to 'None'
[1.317s] Level 5:colcon.colcon_core.verb:set package 'explorer_map_utils' build argument 'catkin_cmake_args' from command line to 'None'
[1.317s] Level 5:colcon.colcon_core.verb:set package 'explorer_map_utils' build argument 'catkin_skip_building_tests' from command line to 'False'
[1.317s] DEBUG:colcon.colcon_core.verb:Building package 'explorer_map_utils' with the following arguments: {'ament_cmake_args': None, 'build_base': '/home/felipe/ros2_ws/build/explorer_map_utils', 'catkin_cmake_args': None, 'catkin_skip_building_tests': False, 'cmake_args': None, 'cmake_clean_cache': False, 'cmake_clean_first': False, 'cmake_force_configure': False, 'cmake_target': None, 'cmake_target_skip_unavailable': False, 'install_base': '/home/felipe/ros2_ws/install/explorer_map_utils', 'merge_install': False, 'path': '/home/felipe/ros2_ws/src/ros2_explorer/explorer_map_utils', 'symlink_install': False, 'test_result_base': None}
[1.318s] Level 5:colcon.colcon_core.verb:set package 'explorer_wanderer' build argument 'cmake_args' from command line to 'None'
[1.318s] Level 5:colcon.colcon_core.verb:set package 'explorer_wanderer' build argument 'cmake_target' from command line to 'None'
[1.318s] Level 5:colcon.colcon_core.verb:set package 'explorer_wanderer' build argument 'cmake_target_skip_unavailable' from command line to 'False'
[1.318s] Level 5:colcon.colcon_core.verb:set package 'explorer_wanderer' build argument 'cmake_clean_cache' from command line to 'False'
[1.318s] Level 5:colcon.colcon_core.verb:set package 'explorer_wanderer' build argument 'cmake_clean_first' from command line to 'False'
[1.318s] Level 5:colcon.colcon_core.verb:set package 'explorer_wanderer' build argument 'cmake_force_configure' from command line to 'False'
[1.318s] Level 5:colcon.colcon_core.verb:set package 'explorer_wanderer' build argument 'ament_cmake_args' from command line to 'None'
[1.318s] Level 5:colcon.colcon_core.verb:set package 'explorer_wanderer' build argument 'catkin_cmake_args' from command line to 'None'
[1.318s] Level 5:colcon.colcon_core.verb:set package 'explorer_wanderer' build argument 'catkin_skip_building_tests' from command line to 'False'
[1.318s] DEBUG:colcon.colcon_core.verb:Building package 'explorer_wanderer' with the following arguments: {'ament_cmake_args': None, 'build_base': '/home/felipe/ros2_ws/build/explorer_wanderer', 'catkin_cmake_args': None, 'catkin_skip_building_tests': False, 'cmake_args': None, 'cmake_clean_cache': False, 'cmake_clean_first': False, 'cmake_force_configure': False, 'cmake_target': None, 'cmake_target_skip_unavailable': False, 'install_base': '/home/felipe/ros2_ws/install/explorer_wanderer', 'merge_install': False, 'path': '/home/felipe/ros2_ws/src/ros2_explorer/explorer_wanderer', 'symlink_install': False, 'test_result_base': None}
[1.322s] Level 5:colcon.colcon_core.verb:set package 'vacuum_robot' build argument 'cmake_args' from command line to 'None'
[1.322s] Level 5:colcon.colcon_core.verb:set package 'vacuum_robot' build argument 'cmake_target' from command line to 'None'
[1.323s] Level 5:colcon.colcon_core.verb:set package 'vacuum_robot' build argument 'cmake_target_skip_unavailable' from command line to 'False'
[1.323s] Level 5:colcon.colcon_core.verb:set package 'vacuum_robot' build argument 'cmake_clean_cache' from command line to 'False'
[1.324s] Level 5:colcon.colcon_core.verb:set package 'vacuum_robot' build argument 'cmake_clean_first' from command line to 'False'
[1.324s] Level 5:colcon.colcon_core.verb:set package 'vacuum_robot' build argument 'cmake_force_configure' from command line to 'False'
[1.325s] Level 5:colcon.colcon_core.verb:set package 'vacuum_robot' build argument 'ament_cmake_args' from command line to 'None'
[1.325s] Level 5:colcon.colcon_core.verb:set package 'vacuum_robot' build argument 'catkin_cmake_args' from command line to 'None'
[1.325s] Level 5:colcon.colcon_core.verb:set package 'vacuum_robot' build argument 'catkin_skip_building_tests' from command line to 'False'
[1.325s] DEBUG:colcon.colcon_core.verb:Building package 'vacuum_robot' with the following arguments: {'ament_cmake_args': None, 'build_base': '/home/felipe/ros2_ws/build/vacuum_robot', 'catkin_cmake_args': None, 'catkin_skip_building_tests': False, 'cmake_args': None, 'cmake_clean_cache': False, 'cmake_clean_first': False, 'cmake_force_configure': False, 'cmake_target': None, 'cmake_target_skip_unavailable': False, 'install_base': '/home/felipe/ros2_ws/install/vacuum_robot', 'merge_install': False, 'path': '/home/felipe/ros2_ws/src/vacuum_robot', 'symlink_install': False, 'test_result_base': None}
[1.325s] INFO:colcon.colcon_core.executor:Executing jobs using 'parallel' executor
[1.329s] DEBUG:colcon.colcon_parallel_executor.executor.parallel:run_until_complete
[1.332s] INFO:colcon.colcon_ros.task.ament_python.build:Building ROS package in '/home/felipe/ros2_ws/src/auto_mapper_py' with build type 'ament_python'
[1.333s] Level 1:colcon.colcon_core.shell:create_environment_hook('auto_mapper_py', 'ament_prefix_path')
[1.343s] INFO:colcon.colcon_core.plugin_system:Skipping extension 'colcon_core.shell.bat': Not used on non-Windows systems
[1.345s] INFO:colcon.colcon_core.shell:Creating environment hook '/home/felipe/ros2_ws/install/auto_mapper_py/share/auto_mapper_py/hook/ament_prefix_path.ps1'
[1.351s] INFO:colcon.colcon_core.shell:Creating environment descriptor '/home/felipe/ros2_ws/install/auto_mapper_py/share/auto_mapper_py/hook/ament_prefix_path.dsv'
[1.353s] INFO:colcon.colcon_core.shell:Creating environment hook '/home/felipe/ros2_ws/install/auto_mapper_py/share/auto_mapper_py/hook/ament_prefix_path.sh'
[1.362s] INFO:colcon.colcon_core.shell:Skip shell extension 'powershell' for command environment: Not usable outside of PowerShell
[1.362s] DEBUG:colcon.colcon_core.shell:Skip shell extension 'dsv' for command environment
[1.380s] INFO:colcon.colcon_ros.task.ament_python.build:Building ROS package in '/home/felipe/ros2_ws/src/ros2_explorer/explorer_bringup' with build type 'ament_python'
[1.381s] Level 1:colcon.colcon_core.shell:create_environment_hook('explorer_bringup', 'ament_prefix_path')
[1.384s] INFO:colcon.colcon_core.shell:Creating environment hook '/home/felipe/ros2_ws/install/explorer_bringup/share/explorer_bringup/hook/ament_prefix_path.ps1'
[1.388s] INFO:colcon.colcon_core.shell:Creating environment descriptor '/home/felipe/ros2_ws/install/explorer_bringup/share/explorer_bringup/hook/ament_prefix_path.dsv'
[1.390s] INFO:colcon.colcon_core.shell:Creating environment hook '/home/felipe/ros2_ws/install/explorer_bringup/share/explorer_bringup/hook/ament_prefix_path.sh'
[1.392s] INFO:colcon.colcon_core.shell:Skip shell extension 'powershell' for command environment: Not usable outside of PowerShell
[1.392s] DEBUG:colcon.colcon_core.shell:Skip shell extension 'dsv' for command environment
[1.416s] INFO:colcon.colcon_ros.task.ament_cmake.build:Building ROS package in '/home/felipe/ros2_ws/src/ros2_explorer/explorer_cartographer' with build type 'ament_cmake'
[1.416s] INFO:colcon.colcon_cmake.task.cmake.build:Building CMake package in '/home/felipe/ros2_ws/src/ros2_explorer/explorer_cartographer'
[1.417s] INFO:colcon.colcon_core.shell:Skip shell extension 'powershell' for command environment: Not usable outside of PowerShell
[1.418s] DEBUG:colcon.colcon_core.shell:Skip shell extension 'dsv' for command environment
[1.442s] INFO:colcon.colcon_ros.task.ament_cmake.build:Building ROS package in '/home/felipe/ros2_ws/src/ros2_explorer/explorer_gazebo' with build type 'ament_cmake'
[1.443s] INFO:colcon.colcon_cmake.task.cmake.build:Building CMake package in '/home/felipe/ros2_ws/src/ros2_explorer/explorer_gazebo'
[1.444s] INFO:colcon.colcon_core.shell:Skip shell extension 'powershell' for command environment: Not usable outside of PowerShell
[1.444s] DEBUG:colcon.colcon_core.shell:Skip shell extension 'dsv' for command environment
[1.461s] INFO:colcon.colcon_ros.task.ament_cmake.build:Building ROS package in '/home/felipe/ros2_ws/src/ros2_explorer/explorer_interfaces' with build type 'ament_cmake'
[1.464s] INFO:colcon.colcon_cmake.task.cmake.build:Building CMake package in '/home/felipe/ros2_ws/src/ros2_explorer/explorer_interfaces'
[1.468s] INFO:colcon.colcon_core.shell:Skip shell extension 'powershell' for command environment: Not usable outside of PowerShell
[1.469s] DEBUG:colcon.colcon_core.shell:Skip shell extension 'dsv' for command environment
[1.484s] INFO:colcon.colcon_ros.task.ament_python.build:Building ROS package in '/home/felipe/ros2_ws/src/ros2_explorer/explorer_map_utils' with build type 'ament_python'
[1.484s] Level 1:colcon.colcon_core.shell:create_environment_hook('explorer_map_utils', 'ament_prefix_path')
[1.486s] INFO:colcon.colcon_core.shell:Creating environment hook '/home/felipe/ros2_ws/install/explorer_map_utils/share/explorer_map_utils/hook/ament_prefix_path.ps1'
[1.488s] INFO:colcon.colcon_core.shell:Creating environment descriptor '/home/felipe/ros2_ws/install/explorer_map_utils/share/explorer_map_utils/hook/ament_prefix_path.dsv'
[1.490s] INFO:colcon.colcon_core.shell:Creating environment hook '/home/felipe/ros2_ws/install/explorer_map_utils/share/explorer_map_utils/hook/ament_prefix_path.sh'
[1.496s] INFO:colcon.colcon_core.shell:Skip shell extension 'powershell' for command environment: Not usable outside of PowerShell
[1.497s] DEBUG:colcon.colcon_core.shell:Skip shell extension 'dsv' for command environment
[1.520s] INFO:colcon.colcon_ros.task.ament_python.build:Building ROS package in '/home/felipe/ros2_ws/src/ros2_explorer/explorer_wanderer' with build type 'ament_python'
[1.520s] Level 1:colcon.colcon_core.shell:create_environment_hook('explorer_wanderer', 'ament_prefix_path')
[1.524s] INFO:colcon.colcon_core.shell:Creating environment hook '/home/felipe/ros2_ws/install/explorer_wanderer/share/explorer_wanderer/hook/ament_prefix_path.ps1'
[1.528s] INFO:colcon.colcon_core.shell:Creating environment descriptor '/home/felipe/ros2_ws/install/explorer_wanderer/share/explorer_wanderer/hook/ament_prefix_path.dsv'
[1.530s] INFO:colcon.colcon_core.shell:Creating environment hook '/home/felipe/ros2_ws/install/explorer_wanderer/share/explorer_wanderer/hook/ament_prefix_path.sh'
[1.534s] INFO:colcon.colcon_core.shell:Skip shell extension 'powershell' for command environment: Not usable outside of PowerShell
[1.534s] DEBUG:colcon.colcon_core.shell:Skip shell extension 'dsv' for command environment
[1.560s] INFO:colcon.colcon_ros.task.ament_python.build:Building ROS package in '/home/felipe/ros2_ws/src/vacuum_robot' with build type 'ament_python'
[1.562s] Level 1:colcon.colcon_core.shell:create_environment_hook('vacuum_robot', 'ament_prefix_path')
[1.565s] INFO:colcon.colcon_core.shell:Creating environment hook '/home/felipe/ros2_ws/install/vacuum_robot/share/vacuum_robot/hook/ament_prefix_path.ps1'
[1.567s] INFO:colcon.colcon_core.shell:Creating environment descriptor '/home/felipe/ros2_ws/install/vacuum_robot/share/vacuum_robot/hook/ament_prefix_path.dsv'
[1.568s] INFO:colcon.colcon_core.shell:Creating environment hook '/home/felipe/ros2_ws/install/vacuum_robot/share/vacuum_robot/hook/ament_prefix_path.sh'
[1.569s] INFO:colcon.colcon_core.shell:Skip shell extension 'powershell' for command environment: Not usable outside of PowerShell
[1.569s] DEBUG:colcon.colcon_core.shell:Skip shell extension 'dsv' for command environment
[2.934s] INFO:colcon.colcon_core.task.python.build:Building Python package in '/home/felipe/ros2_ws/src/auto_mapper_py'
[2.935s] INFO:colcon.colcon_core.shell:Skip shell extension 'powershell' for command environment: Not usable outside of PowerShell
[2.935s] DEBUG:colcon.colcon_core.shell:Skip shell extension 'dsv' for command environment
[4.221s] INFO:colcon.colcon_core.task.python.build:Building Python package in '/home/felipe/ros2_ws/src/ros2_explorer/explorer_bringup'
[4.221s] INFO:colcon.colcon_core.shell:Skip shell extension 'powershell' for command environment: Not usable outside of PowerShell
[4.221s] DEBUG:colcon.colcon_core.shell:Skip shell extension 'dsv' for command environment
[4.250s] DEBUG:colcon.colcon_core.event_handler.log_command:Invoking command in '/home/felipe/ros2_ws/build/explorer_cartographer': CMAKE_PREFIX_PATH=${CMAKE_PREFIX_PATH}:/home/felipe/ros2_ws/install/vacuum_robot:/home/felipe/ros2_ws/install/my_py_pkg:/home/felipe/ros2_ws/install/explorer_wanderer:/home/felipe/ros2_ws/install/explorer_map_utils:/home/felipe/ros2_ws/install/explorer_bringup:/home/felipe/ros2_ws/install/auto_mapper_py:/opt/ros/humble:/home/felipe/ros2_ws/install /usr/bin/cmake --build /home/felipe/ros2_ws/build/explorer_cartographer -- -j8 -l8
[4.274s] DEBUG:colcon.colcon_core.event_handler.log_command:Invoking command in '/home/felipe/ros2_ws/build/explorer_gazebo': CMAKE_PREFIX_PATH=${CMAKE_PREFIX_PATH}:/home/felipe/ros2_ws/install/vacuum_robot:/home/felipe/ros2_ws/install/my_py_pkg:/home/felipe/ros2_ws/install/explorer_wanderer:/home/felipe/ros2_ws/install/explorer_map_utils:/home/felipe/ros2_ws/install/explorer_bringup:/home/felipe/ros2_ws/install/auto_mapper_py:/opt/ros/humble:/home/felipe/ros2_ws/install /usr/bin/cmake --build /home/felipe/ros2_ws/build/explorer_gazebo -- -j8 -l8
[4.289s] DEBUG:colcon.colcon_core.event_handler.log_command:Invoking command in '/home/felipe/ros2_ws/build/explorer_interfaces': CMAKE_PREFIX_PATH=${CMAKE_PREFIX_PATH}:/home/felipe/ros2_ws/install/vacuum_robot:/home/felipe/ros2_ws/install/my_py_pkg:/home/felipe/ros2_ws/install/explorer_wanderer:/home/felipe/ros2_ws/install/explorer_map_utils:/home/felipe/ros2_ws/install/explorer_bringup:/home/felipe/ros2_ws/install/auto_mapper_py:/opt/ros/humble:/home/felipe/ros2_ws/install /usr/bin/cmake --build /home/felipe/ros2_ws/build/explorer_interfaces -- -j8 -l8
[5.776s] INFO:colcon.colcon_core.task.python.build:Building Python package in '/home/felipe/ros2_ws/src/ros2_explorer/explorer_map_utils'
[5.776s] INFO:colcon.colcon_core.shell:Skip shell extension 'powershell' for command environment: Not usable outside of PowerShell
[5.776s] DEBUG:colcon.colcon_core.shell:Skip shell extension 'dsv' for command environment
[7.090s] INFO:colcon.colcon_core.task.python.build:Building Python package in '/home/felipe/ros2_ws/src/ros2_explorer/explorer_wanderer'
[7.090s] INFO:colcon.colcon_core.shell:Skip shell extension 'powershell' for command environment: Not usable outside of PowerShell
[7.090s] DEBUG:colcon.colcon_core.shell:Skip shell extension 'dsv' for command environment
[8.406s] INFO:colcon.colcon_core.task.python.build:Building Python package in '/home/felipe/ros2_ws/src/vacuum_robot'
[8.409s] INFO:colcon.colcon_core.shell:Skip shell extension 'powershell' for command environment: Not usable outside of PowerShell
[8.410s] DEBUG:colcon.colcon_core.shell:Skip shell extension 'dsv' for command environment
[8.505s] DEBUG:colcon.colcon_core.event_handler.log_command:Invoked command in '/home/felipe/ros2_ws/build/explorer_cartographer' returned '0': CMAKE_PREFIX_PATH=${CMAKE_PREFIX_PATH}:/home/felipe/ros2_ws/install/vacuum_robot:/home/felipe/ros2_ws/install/my_py_pkg:/home/felipe/ros2_ws/install/explorer_wanderer:/home/felipe/ros2_ws/install/explorer_map_utils:/home/felipe/ros2_ws/install/explorer_bringup:/home/felipe/ros2_ws/install/auto_mapper_py:/opt/ros/humble:/home/felipe/ros2_ws/install /usr/bin/cmake --build /home/felipe/ros2_ws/build/explorer_cartographer -- -j8 -l8
[8.539s] DEBUG:colcon.colcon_core.event_handler.log_command:Invoking command in '/home/felipe/ros2_ws/build/explorer_cartographer': CMAKE_PREFIX_PATH=${CMAKE_PREFIX_PATH}:/home/felipe/ros2_ws/install/vacuum_robot:/home/felipe/ros2_ws/install/my_py_pkg:/home/felipe/ros2_ws/install/explorer_wanderer:/home/felipe/ros2_ws/install/explorer_map_utils:/home/felipe/ros2_ws/install/explorer_bringup:/home/felipe/ros2_ws/install/auto_mapper_py:/opt/ros/humble:/home/felipe/ros2_ws/install /usr/bin/cmake --install /home/felipe/ros2_ws/build/explorer_cartographer
[8.543s] DEBUG:colcon.colcon_core.event_handler.log_command:Invoked command in '/home/felipe/ros2_ws/build/explorer_gazebo' returned '0': CMAKE_PREFIX_PATH=${CMAKE_PREFIX_PATH}:/home/felipe/ros2_ws/install/vacuum_robot:/home/felipe/ros2_ws/install/my_py_pkg:/home/felipe/ros2_ws/install/explorer_wanderer:/home/felipe/ros2_ws/install/explorer_map_utils:/home/felipe/ros2_ws/install/explorer_bringup:/home/felipe/ros2_ws/install/auto_mapper_py:/opt/ros/humble:/home/felipe/ros2_ws/install /usr/bin/cmake --build /home/felipe/ros2_ws/build/explorer_gazebo -- -j8 -l8
[8.551s] DEBUG:colcon.colcon_core.event_handler.log_command:Invoking command in '/home/felipe/ros2_ws/build/explorer_gazebo': CMAKE_PREFIX_PATH=${CMAKE_PREFIX_PATH}:/home/felipe/ros2_ws/install/vacuum_robot:/home/felipe/ros2_ws/install/my_py_pkg:/home/felipe/ros2_ws/install/explorer_wanderer:/home/felipe/ros2_ws/install/explorer_map_utils:/home/felipe/ros2_ws/install/explorer_bringup:/home/felipe/ros2_ws/install/auto_mapper_py:/opt/ros/humble:/home/felipe/ros2_ws/install /usr/bin/cmake --install /home/felipe/ros2_ws/build/explorer_gazebo
[8.553s] DEBUG:colcon.colcon_core.event_handler.log_command:Invoked command in '/home/felipe/ros2_ws/build/explorer_interfaces' returned '0': CMAKE_PREFIX_PATH=${CMAKE_PREFIX_PATH}:/home/felipe/ros2_ws/install/vacuum_robot:/home/felipe/ros2_ws/install/my_py_pkg:/home/felipe/ros2_ws/install/explorer_wanderer:/home/felipe/ros2_ws/install/explorer_map_utils:/home/felipe/ros2_ws/install/explorer_bringup:/home/felipe/ros2_ws/install/auto_mapper_py:/opt/ros/humble:/home/felipe/ros2_ws/install /usr/bin/cmake --build /home/felipe/ros2_ws/build/explorer_interfaces -- -j8 -l8
[8.572s] DEBUG:colcon.colcon_core.event_handler.log_command:Invoking command in '/home/felipe/ros2_ws/build/explorer_interfaces': CMAKE_PREFIX_PATH=${CMAKE_PREFIX_PATH}:/home/felipe/ros2_ws/install/vacuum_robot:/home/felipe/ros2_ws/install/my_py_pkg:/home/felipe/ros2_ws/install/explorer_wanderer:/home/felipe/ros2_ws/install/explorer_map_utils:/home/felipe/ros2_ws/install/explorer_bringup:/home/felipe/ros2_ws/install/auto_mapper_py:/opt/ros/humble:/home/felipe/ros2_ws/install /usr/bin/cmake --install /home/felipe/ros2_ws/build/explorer_interfaces
[8.712s] Level 1:colcon.colcon_core.environment:create_environment_scripts_only(explorer_cartographer)
[8.750s] Level 1:colcon.colcon_core.environment:checking '/home/felipe/ros2_ws/install/explorer_cartographer' for CMake module files
[8.755s] Level 1:colcon.colcon_core.environment:checking '/home/felipe/ros2_ws/install/explorer_cartographer' for CMake config files
[8.755s] Level 1:colcon.colcon_core.shell:create_environment_hook('explorer_cartographer', 'cmake_prefix_path')
[8.756s] INFO:colcon.colcon_core.shell:Creating environment hook '/home/felipe/ros2_ws/install/explorer_cartographer/share/explorer_cartographer/hook/cmake_prefix_path.ps1'
[8.760s] INFO:colcon.colcon_core.shell:Creating environment descriptor '/home/felipe/ros2_ws/install/explorer_cartographer/share/explorer_cartographer/hook/cmake_prefix_path.dsv'
[8.768s] INFO:colcon.colcon_core.shell:Creating environment hook '/home/felipe/ros2_ws/install/explorer_cartographer/share/explorer_cartographer/hook/cmake_prefix_path.sh'
[8.776s] Level 1:colcon.colcon_core.environment:checking '/home/felipe/ros2_ws/install/explorer_cartographer/bin'
[8.777s] Level 1:colcon.colcon_core.environment:checking '/home/felipe/ros2_ws/install/explorer_cartographer/lib/pkgconfig/explorer_cartographer.pc'
[8.779s] Level 1:colcon.colcon_core.environment:checking '/home/felipe/ros2_ws/install/explorer_cartographer/lib/python3.10/site-packages'
[8.782s] Level 1:colcon.colcon_core.environment:checking '/home/felipe/ros2_ws/install/explorer_cartographer/bin'
[8.783s] INFO:colcon.colcon_core.shell:Creating package script '/home/felipe/ros2_ws/install/explorer_cartographer/share/explorer_cartographer/package.ps1'
[8.789s] INFO:colcon.colcon_core.shell:Creating package descriptor '/home/felipe/ros2_ws/install/explorer_cartographer/share/explorer_cartographer/package.dsv'
[8.798s] INFO:colcon.colcon_core.shell:Creating package script '/home/felipe/ros2_ws/install/explorer_cartographer/share/explorer_cartographer/package.sh'
[8.809s] INFO:colcon.colcon_core.shell:Creating package script '/home/felipe/ros2_ws/install/explorer_cartographer/share/explorer_cartographer/package.bash'
[8.812s] INFO:colcon.colcon_core.shell:Creating package script '/home/felipe/ros2_ws/install/explorer_cartographer/share/explorer_cartographer/package.zsh'
[8.814s] DEBUG:colcon.colcon_core.event_handler.log_command:Invoked command in '/home/felipe/ros2_ws/build/explorer_cartographer' returned '0': CMAKE_PREFIX_PATH=${CMAKE_PREFIX_PATH}:/home/felipe/ros2_ws/install/vacuum_robot:/home/felipe/ros2_ws/install/my_py_pkg:/home/felipe/ros2_ws/install/explorer_wanderer:/home/felipe/ros2_ws/install/explorer_map_utils:/home/felipe/ros2_ws/install/explorer_bringup:/home/felipe/ros2_ws/install/auto_mapper_py:/opt/ros/humble:/home/felipe/ros2_ws/install /usr/bin/cmake --install /home/felipe/ros2_ws/build/explorer_cartographer
[8.817s] Level 1:colcon.colcon_core.environment:create_file_with_runtime_dependencies(/home/felipe/ros2_ws/install/explorer_cartographer/share/colcon-core/packages/explorer_cartographer)
[8.827s] Level 1:colcon.colcon_core.environment:create_environment_scripts_only(explorer_cartographer)
[8.829s] Level 1:colcon.colcon_core.environment:checking '/home/felipe/ros2_ws/install/explorer_cartographer' for CMake module files
[8.831s] Level 1:colcon.colcon_core.environment:checking '/home/felipe/ros2_ws/install/explorer_cartographer' for CMake config files
[8.832s] Level 1:colcon.colcon_core.shell:create_environment_hook('explorer_cartographer', 'cmake_prefix_path')
[8.833s] INFO:colcon.colcon_core.shell:Creating environment hook '/home/felipe/ros2_ws/install/explorer_cartographer/share/explorer_cartographer/hook/cmake_prefix_path.ps1'
[8.834s] INFO:colcon.colcon_core.shell:Creating environment descriptor '/home/felipe/ros2_ws/install/explorer_cartographer/share/explorer_cartographer/hook/cmake_prefix_path.dsv'
[8.836s] INFO:colcon.colcon_core.shell:Creating environment hook '/home/felipe/ros2_ws/install/explorer_cartographer/share/explorer_cartographer/hook/cmake_prefix_path.sh'
[8.842s] Level 1:colcon.colcon_core.environment:checking '/home/felipe/ros2_ws/install/explorer_cartographer/bin'
[8.843s] Level 1:colcon.colcon_core.environment:checking '/home/felipe/ros2_ws/install/explorer_cartographer/lib/pkgconfig/explorer_cartographer.pc'
[8.845s] Level 1:colcon.colcon_core.environment:checking '/home/felipe/ros2_ws/install/explorer_cartographer/lib/python3.10/site-packages'
[8.846s] Level 1:colcon.colcon_core.environment:checking '/home/felipe/ros2_ws/install/explorer_cartographer/bin'
[8.847s] INFO:colcon.colcon_core.shell:Creating package script '/home/felipe/ros2_ws/install/explorer_cartographer/share/explorer_cartographer/package.ps1'
[8.848s] INFO:colcon.colcon_core.shell:Creating package descriptor '/home/felipe/ros2_ws/install/explorer_cartographer/share/explorer_cartographer/package.dsv'
[8.850s] INFO:colcon.colcon_core.shell:Creating package script '/home/felipe/ros2_ws/install/explorer_cartographer/share/explorer_cartographer/package.sh'
[8.851s] INFO:colcon.colcon_core.shell:Creating package script '/home/felipe/ros2_ws/install/explorer_cartographer/share/explorer_cartographer/package.bash'
[8.855s] INFO:colcon.colcon_core.shell:Creating package script '/home/felipe/ros2_ws/install/explorer_cartographer/share/explorer_cartographer/package.zsh'
[8.859s] Level 1:colcon.colcon_core.environment:create_file_with_runtime_dependencies(/home/felipe/ros2_ws/install/explorer_cartographer/share/colcon-core/packages/explorer_cartographer)
[8.864s] Level 1:colcon.colcon_core.environment:create_environment_scripts_only(explorer_gazebo)
[8.870s] Level 1:colcon.colcon_core.environment:checking '/home/felipe/ros2_ws/install/explorer_gazebo' for CMake module files
[8.868s] DEBUG:colcon.colcon_core.event_handler.log_command:Invoked command in '/home/felipe/ros2_ws/build/explorer_gazebo' returned '0': CMAKE_PREFIX_PATH=${CMAKE_PREFIX_PATH}:/home/felipe/ros2_ws/install/vacuum_robot:/home/felipe/ros2_ws/install/my_py_pkg:/home/felipe/ros2_ws/install/explorer_wanderer:/home/felipe/ros2_ws/install/explorer_map_utils:/home/felipe/ros2_ws/install/explorer_bringup:/home/felipe/ros2_ws/install/auto_mapper_py:/opt/ros/humble:/home/felipe/ros2_ws/install /usr/bin/cmake --install /home/felipe/ros2_ws/build/explorer_gazebo
[8.872s] Level 1:colcon.colcon_core.environment:checking '/home/felipe/ros2_ws/install/explorer_gazebo' for CMake config files
[8.873s] Level 1:colcon.colcon_core.shell:create_environment_hook('explorer_gazebo', 'cmake_prefix_path')
[8.873s] INFO:colcon.colcon_core.shell:Creating environment hook '/home/felipe/ros2_ws/install/explorer_gazebo/share/explorer_gazebo/hook/cmake_prefix_path.ps1'
[8.875s] INFO:colcon.colcon_core.shell:Creating environment descriptor '/home/felipe/ros2_ws/install/explorer_gazebo/share/explorer_gazebo/hook/cmake_prefix_path.dsv'
[8.876s] INFO:colcon.colcon_core.shell:Creating environment hook '/home/felipe/ros2_ws/install/explorer_gazebo/share/explorer_gazebo/hook/cmake_prefix_path.sh'
[8.877s] Level 1:colcon.colcon_core.environment:checking '/home/felipe/ros2_ws/install/explorer_gazebo/bin'
[8.878s] Level 1:colcon.colcon_core.environment:checking '/home/felipe/ros2_ws/install/explorer_gazebo/lib/pkgconfig/explorer_gazebo.pc'
[8.878s] Level 1:colcon.colcon_core.environment:checking '/home/felipe/ros2_ws/install/explorer_gazebo/lib/python3.10/site-packages'
[8.879s] Level 1:colcon.colcon_core.environment:checking '/home/felipe/ros2_ws/install/explorer_gazebo/bin'
[8.880s] INFO:colcon.colcon_core.shell:Creating package script '/home/felipe/ros2_ws/install/explorer_gazebo/share/explorer_gazebo/package.ps1'
[8.893s] INFO:colcon.colcon_core.shell:Creating package descriptor '/home/felipe/ros2_ws/install/explorer_gazebo/share/explorer_gazebo/package.dsv'
[8.901s] INFO:colcon.colcon_core.shell:Creating package script '/home/felipe/ros2_ws/install/explorer_gazebo/share/explorer_gazebo/package.sh'
[8.907s] INFO:colcon.colcon_core.shell:Creating package script '/home/felipe/ros2_ws/install/explorer_gazebo/share/explorer_gazebo/package.bash'
[8.908s] INFO:colcon.colcon_core.shell:Creating package script '/home/felipe/ros2_ws/install/explorer_gazebo/share/explorer_gazebo/package.zsh'
[8.917s] Level 1:colcon.colcon_core.environment:create_file_with_runtime_dependencies(/home/felipe/ros2_ws/install/explorer_gazebo/share/colcon-core/packages/explorer_gazebo)
[8.928s] Level 1:colcon.colcon_core.environment:create_environment_scripts_only(explorer_gazebo)
[8.935s] Level 1:colcon.colcon_core.environment:checking '/home/felipe/ros2_ws/install/explorer_gazebo' for CMake module files
[8.946s] Level 1:colcon.colcon_core.environment:checking '/home/felipe/ros2_ws/install/explorer_gazebo' for CMake config files
[8.949s] Level 1:colcon.colcon_core.shell:create_environment_hook('explorer_gazebo', 'cmake_prefix_path')
[8.950s] INFO:colcon.colcon_core.shell:Creating environment hook '/home/felipe/ros2_ws/install/explorer_gazebo/share/explorer_gazebo/hook/cmake_prefix_path.ps1'
[8.961s] INFO:colcon.colcon_core.shell:Creating environment descriptor '/home/felipe/ros2_ws/install/explorer_gazebo/share/explorer_gazebo/hook/cmake_prefix_path.dsv'
[8.963s] INFO:colcon.colcon_core.shell:Creating environment hook '/home/felipe/ros2_ws/install/explorer_gazebo/share/explorer_gazebo/hook/cmake_prefix_path.sh'
[8.968s] Level 1:colcon.colcon_core.environment:checking '/home/felipe/ros2_ws/install/explorer_gazebo/bin'
[8.969s] Level 1:colcon.colcon_core.environment:checking '/home/felipe/ros2_ws/install/explorer_gazebo/lib/pkgconfig/explorer_gazebo.pc'
[8.969s] Level 1:colcon.colcon_core.environment:checking '/home/felipe/ros2_ws/install/explorer_gazebo/lib/python3.10/site-packages'
[8.970s] Level 1:colcon.colcon_core.environment:checking '/home/felipe/ros2_ws/install/explorer_gazebo/bin'
[8.971s] INFO:colcon.colcon_core.shell:Creating package script '/home/felipe/ros2_ws/install/explorer_gazebo/share/explorer_gazebo/package.ps1'
[8.974s] INFO:colcon.colcon_core.shell:Creating package descriptor '/home/felipe/ros2_ws/install/explorer_gazebo/share/explorer_gazebo/package.dsv'
[8.976s] INFO:colcon.colcon_core.shell:Creating package script '/home/felipe/ros2_ws/install/explorer_gazebo/share/explorer_gazebo/package.sh'
[8.979s] INFO:colcon.colcon_core.shell:Creating package script '/home/felipe/ros2_ws/install/explorer_gazebo/share/explorer_gazebo/package.bash'
[8.983s] INFO:colcon.colcon_core.shell:Creating package script '/home/felipe/ros2_ws/install/explorer_gazebo/share/explorer_gazebo/package.zsh'
[8.986s] Level 1:colcon.colcon_core.environment:create_file_with_runtime_dependencies(/home/felipe/ros2_ws/install/explorer_gazebo/share/colcon-core/packages/explorer_gazebo)
[8.996s] Level 1:colcon.colcon_core.environment:create_environment_scripts_only(explorer_interfaces)
[8.998s] DEBUG:colcon.colcon_core.event_handler.log_command:Invoked command in '/home/felipe/ros2_ws/build/explorer_interfaces' returned '0': CMAKE_PREFIX_PATH=${CMAKE_PREFIX_PATH}:/home/felipe/ros2_ws/install/vacuum_robot:/home/felipe/ros2_ws/install/my_py_pkg:/home/felipe/ros2_ws/install/explorer_wanderer:/home/felipe/ros2_ws/install/explorer_map_utils:/home/felipe/ros2_ws/install/explorer_bringup:/home/felipe/ros2_ws/install/auto_mapper_py:/opt/ros/humble:/home/felipe/ros2_ws/install /usr/bin/cmake --install /home/felipe/ros2_ws/build/explorer_interfaces
[8.999s] Level 1:colcon.colcon_core.environment:checking '/home/felipe/ros2_ws/install/explorer_interfaces' for CMake module files
[9.001s] Level 1:colcon.colcon_core.environment:checking '/home/felipe/ros2_ws/install/explorer_interfaces' for CMake config files
[9.003s] Level 1:colcon.colcon_core.shell:create_environment_hook('explorer_interfaces', 'cmake_prefix_path')
[9.005s] INFO:colcon.colcon_core.shell:Creating environment hook '/home/felipe/ros2_ws/install/explorer_interfaces/share/explorer_interfaces/hook/cmake_prefix_path.ps1'
[9.009s] INFO:colcon.colcon_core.shell:Creating environment descriptor '/home/felipe/ros2_ws/install/explorer_interfaces/share/explorer_interfaces/hook/cmake_prefix_path.dsv'
[9.011s] INFO:colcon.colcon_core.shell:Creating environment hook '/home/felipe/ros2_ws/install/explorer_interfaces/share/explorer_interfaces/hook/cmake_prefix_path.sh'
[9.013s] Level 1:colcon.colcon_core.environment:checking '/home/felipe/ros2_ws/install/explorer_interfaces/lib'
[9.013s] Level 1:colcon.colcon_core.shell:create_environment_hook('explorer_interfaces', 'ld_library_path_lib')
[9.014s] INFO:colcon.colcon_core.shell:Creating environment hook '/home/felipe/ros2_ws/install/explorer_interfaces/share/explorer_interfaces/hook/ld_library_path_lib.ps1'
[9.015s] INFO:colcon.colcon_core.shell:Creating environment descriptor '/home/felipe/ros2_ws/install/explorer_interfaces/share/explorer_interfaces/hook/ld_library_path_lib.dsv'
[9.020s] INFO:colcon.colcon_core.shell:Creating environment hook '/home/felipe/ros2_ws/install/explorer_interfaces/share/explorer_interfaces/hook/ld_library_path_lib.sh'
[9.023s] Level 1:colcon.colcon_core.environment:checking '/home/felipe/ros2_ws/install/explorer_interfaces/bin'
[9.024s] Level 1:colcon.colcon_core.environment:checking '/home/felipe/ros2_ws/install/explorer_interfaces/lib/pkgconfig/explorer_interfaces.pc'
[9.025s] Level 1:colcon.colcon_core.environment:checking '/home/felipe/ros2_ws/install/explorer_interfaces/lib/python3.10/site-packages'
[9.036s] Level 1:colcon.colcon_core.environment:checking '/home/felipe/ros2_ws/install/explorer_interfaces/bin'
[9.037s] INFO:colcon.colcon_core.shell:Creating package script '/home/felipe/ros2_ws/install/explorer_interfaces/share/explorer_interfaces/package.ps1'
[9.042s] INFO:colcon.colcon_core.shell:Creating package descriptor '/home/felipe/ros2_ws/install/explorer_interfaces/share/explorer_interfaces/package.dsv'
[9.044s] INFO:colcon.colcon_core.shell:Creating package script '/home/felipe/ros2_ws/install/explorer_interfaces/share/explorer_interfaces/package.sh'
[9.052s] INFO:colcon.colcon_core.shell:Creating package script '/home/felipe/ros2_ws/install/explorer_interfaces/share/explorer_interfaces/package.bash'
[9.054s] INFO:colcon.colcon_core.shell:Creating package script '/home/felipe/ros2_ws/install/explorer_interfaces/share/explorer_interfaces/package.zsh'
[9.061s] Level 1:colcon.colcon_core.environment:create_file_with_runtime_dependencies(/home/felipe/ros2_ws/install/explorer_interfaces/share/colcon-core/packages/explorer_interfaces)
[9.065s] Level 1:colcon.colcon_core.environment:create_environment_scripts_only(explorer_interfaces)
[9.066s] Level 1:colcon.colcon_core.environment:checking '/home/felipe/ros2_ws/install/explorer_interfaces' for CMake module files
[9.068s] Level 1:colcon.colcon_core.environment:checking '/home/felipe/ros2_ws/install/explorer_interfaces' for CMake config files
[9.070s] Level 1:colcon.colcon_core.shell:create_environment_hook('explorer_interfaces', 'cmake_prefix_path')
[9.071s] INFO:colcon.colcon_core.shell:Creating environment hook '/home/felipe/ros2_ws/install/explorer_interfaces/share/explorer_interfaces/hook/cmake_prefix_path.ps1'
[9.072s] INFO:colcon.colcon_core.shell:Creating environment descriptor '/home/felipe/ros2_ws/install/explorer_interfaces/share/explorer_interfaces/hook/cmake_prefix_path.dsv'
[9.073s] INFO:colcon.colcon_core.shell:Creating environment hook '/home/felipe/ros2_ws/install/explorer_interfaces/share/explorer_interfaces/hook/cmake_prefix_path.sh'
[9.074s] Level 1:colcon.colcon_core.environment:checking '/home/felipe/ros2_ws/install/explorer_interfaces/lib'
[9.074s] Level 1:colcon.colcon_core.shell:create_environment_hook('explorer_interfaces', 'ld_library_path_lib')
[9.075s] INFO:colcon.colcon_core.shell:Creating environment hook '/home/felipe/ros2_ws/install/explorer_interfaces/share/explorer_interfaces/hook/ld_library_path_lib.ps1'
[9.076s] INFO:colcon.colcon_core.shell:Creating environment descriptor '/home/felipe/ros2_ws/install/explorer_interfaces/share/explorer_interfaces/hook/ld_library_path_lib.dsv'
[9.077s] INFO:colcon.colcon_core.shell:Creating environment hook '/home/felipe/ros2_ws/install/explorer_interfaces/share/explorer_interfaces/hook/ld_library_path_lib.sh'
[9.078s] Level 1:colcon.colcon_core.environment:checking '/home/felipe/ros2_ws/install/explorer_interfaces/bin'
[9.079s] Level 1:colcon.colcon_core.environment:checking '/home/felipe/ros2_ws/install/explorer_interfaces/lib/pkgconfig/explorer_interfaces.pc'
[9.079s] Level 1:colcon.colcon_core.environment:checking '/home/felipe/ros2_ws/install/explorer_interfaces/lib/python3.10/site-packages'
[9.080s] Level 1:colcon.colcon_core.environment:checking '/home/felipe/ros2_ws/install/explorer_interfaces/bin'
[9.081s] INFO:colcon.colcon_core.shell:Creating package script '/home/felipe/ros2_ws/install/explorer_interfaces/share/explorer_interfaces/package.ps1'
[9.082s] INFO:colcon.colcon_core.shell:Creating package descriptor '/home/felipe/ros2_ws/install/explorer_interfaces/share/explorer_interfaces/package.dsv'
[9.084s] INFO:colcon.colcon_core.shell:Creating package script '/home/felipe/ros2_ws/install/explorer_interfaces/share/explorer_interfaces/package.sh'
[9.086s] INFO:colcon.colcon_core.shell:Creating package script '/home/felipe/ros2_ws/install/explorer_interfaces/share/explorer_interfaces/package.bash'
[9.087s] INFO:colcon.colcon_core.shell:Creating package script '/home/felipe/ros2_ws/install/explorer_interfaces/share/explorer_interfaces/package.zsh'
[9.089s] Level 1:colcon.colcon_core.environment:create_file_with_runtime_dependencies(/home/felipe/ros2_ws/install/explorer_interfaces/share/colcon-core/packages/explorer_interfaces)
[12.828s] DEBUG:colcon.colcon_core.event_handler.log_command:Invoking command in '/home/felipe/ros2_ws/src/auto_mapper_py': PYTHONPATH=/home/felipe/ros2_ws/build/auto_mapper_py/prefix_override:/usr/lib/python3/dist-packages/colcon_core/task/python/colcon_distutils_commands:/home/felipe/ros2_ws/install/auto_mapper_py/lib/python3.10/site-packages:${PYTHONPATH} /usr/bin/python3 -W ignore:setup.py install is deprecated -W ignore:easy_install command is deprecated setup.py egg_info --egg-base ../../build/auto_mapper_py build --build-base /home/felipe/ros2_ws/build/auto_mapper_py/build install --record /home/felipe/ros2_ws/build/auto_mapper_py/install.log --single-version-externally-managed install_data
[12.986s] DEBUG:colcon.colcon_core.event_handler.log_command:Invoking command in '/home/felipe/ros2_ws/src/ros2_explorer/explorer_wanderer': PYTHONPATH=/home/felipe/ros2_ws/build/explorer_wanderer/prefix_override:/usr/lib/python3/dist-packages/colcon_core/task/python/colcon_distutils_commands:/home/felipe/ros2_ws/install/explorer_wanderer/lib/python3.10/site-packages:${PYTHONPATH} /usr/bin/python3 -W ignore:setup.py install is deprecated -W ignore:easy_install command is deprecated setup.py egg_info --egg-base ../../../build/explorer_wanderer build --build-base /home/felipe/ros2_ws/build/explorer_wanderer/build install --record /home/felipe/ros2_ws/build/explorer_wanderer/install.log --single-version-externally-managed install_data
[13.002s] DEBUG:colcon.colcon_core.event_handler.log_command:Invoking command in '/home/felipe/ros2_ws/src/ros2_explorer/explorer_map_utils': PYTHONPATH=/home/felipe/ros2_ws/build/explorer_map_utils/prefix_override:/usr/lib/python3/dist-packages/colcon_core/task/python/colcon_distutils_commands:/home/felipe/ros2_ws/install/explorer_map_utils/lib/python3.10/site-packages:${PYTHONPATH} /usr/bin/python3 -W ignore:setup.py install is deprecated -W ignore:easy_install command is deprecated setup.py egg_info --egg-base ../../../build/explorer_map_utils build --build-base /home/felipe/ros2_ws/build/explorer_map_utils/build install --record /home/felipe/ros2_ws/build/explorer_map_utils/install.log --single-version-externally-managed install_data
[13.054s] DEBUG:colcon.colcon_core.event_handler.log_command:Invoking command in '/home/felipe/ros2_ws/src/ros2_explorer/explorer_bringup': PYTHONPATH=/home/felipe/ros2_ws/build/explorer_bringup/prefix_override:/usr/lib/python3/dist-packages/colcon_core/task/python/colcon_distutils_commands:/home/felipe/ros2_ws/install/explorer_bringup/lib/python3.10/site-packages:${PYTHONPATH} /usr/bin/python3 -W ignore:setup.py install is deprecated -W ignore:easy_install command is deprecated setup.py egg_info --egg-base ../../../build/explorer_bringup build --build-base /home/felipe/ros2_ws/build/explorer_bringup/build install --record /home/felipe/ros2_ws/build/explorer_bringup/install.log --single-version-externally-managed install_data
[13.120s] DEBUG:colcon.colcon_core.event_handler.log_command:Invoking command in '/home/felipe/ros2_ws/src/vacuum_robot': PYTHONPATH=/home/felipe/ros2_ws/build/vacuum_robot/prefix_override:/usr/lib/python3/dist-packages/colcon_core/task/python/colcon_distutils_commands:/home/felipe/ros2_ws/install/vacuum_robot/lib/python3.10/site-packages:${PYTHONPATH} /usr/bin/python3 -W ignore:setup.py install is deprecated -W ignore:easy_install command is deprecated setup.py egg_info --egg-base ../../build/vacuum_robot build --build-base /home/felipe/ros2_ws/build/vacuum_robot/build install --record /home/felipe/ros2_ws/build/vacuum_robot/install.log --single-version-externally-managed install_data
[17.296s] Level 1:colcon.colcon_core.environment:checking '/home/felipe/ros2_ws/install/auto_mapper_py' for CMake module files
[17.300s] Level 1:colcon.colcon_core.environment:checking '/home/felipe/ros2_ws/install/auto_mapper_py' for CMake config files
[17.303s] DEBUG:colcon.colcon_core.event_handler.log_command:Invoked command in '/home/felipe/ros2_ws/src/auto_mapper_py' returned '0': PYTHONPATH=/home/felipe/ros2_ws/build/auto_mapper_py/prefix_override:/usr/lib/python3/dist-packages/colcon_core/task/python/colcon_distutils_commands:/home/felipe/ros2_ws/install/auto_mapper_py/lib/python3.10/site-packages:${PYTHONPATH} /usr/bin/python3 -W ignore:setup.py install is deprecated -W ignore:easy_install command is deprecated setup.py egg_info --egg-base ../../build/auto_mapper_py build --build-base /home/felipe/ros2_ws/build/auto_mapper_py/build install --record /home/felipe/ros2_ws/build/auto_mapper_py/install.log --single-version-externally-managed install_data
[17.306s] Level 1:colcon.colcon_core.environment:checking '/home/felipe/ros2_ws/install/auto_mapper_py/lib'
[17.307s] Level 1:colcon.colcon_core.environment:checking '/home/felipe/ros2_ws/install/auto_mapper_py/bin'
[17.307s] Level 1:colcon.colcon_core.environment:checking '/home/felipe/ros2_ws/install/auto_mapper_py/lib/pkgconfig/auto_mapper_py.pc'
[17.308s] Level 1:colcon.colcon_core.environment:checking '/home/felipe/ros2_ws/install/auto_mapper_py/lib/python3.10/site-packages'
[17.308s] Level 1:colcon.colcon_core.shell:create_environment_hook('auto_mapper_py', 'pythonpath')
[17.310s] INFO:colcon.colcon_core.shell:Creating environment hook '/home/felipe/ros2_ws/install/auto_mapper_py/share/auto_mapper_py/hook/pythonpath.ps1'
[17.316s] INFO:colcon.colcon_core.shell:Creating environment descriptor '/home/felipe/ros2_ws/install/auto_mapper_py/share/auto_mapper_py/hook/pythonpath.dsv'
[17.324s] INFO:colcon.colcon_core.shell:Creating environment hook '/home/felipe/ros2_ws/install/auto_mapper_py/share/auto_mapper_py/hook/pythonpath.sh'
[17.327s] Level 1:colcon.colcon_core.environment:checking '/home/felipe/ros2_ws/install/auto_mapper_py/bin'
[17.328s] Level 1:colcon.colcon_core.environment:create_environment_scripts_only(auto_mapper_py)
[17.329s] INFO:colcon.colcon_core.shell:Creating package script '/home/felipe/ros2_ws/install/auto_mapper_py/share/auto_mapper_py/package.ps1'
[17.331s] INFO:colcon.colcon_core.shell:Creating package descriptor '/home/felipe/ros2_ws/install/auto_mapper_py/share/auto_mapper_py/package.dsv'
[17.332s] INFO:colcon.colcon_core.shell:Creating package script '/home/felipe/ros2_ws/install/auto_mapper_py/share/auto_mapper_py/package.sh'
[17.334s] INFO:colcon.colcon_core.shell:Creating package script '/home/felipe/ros2_ws/install/auto_mapper_py/share/auto_mapper_py/package.bash'
[17.341s] INFO:colcon.colcon_core.shell:Creating package script '/home/felipe/ros2_ws/install/auto_mapper_py/share/auto_mapper_py/package.zsh'
[17.347s] Level 1:colcon.colcon_core.environment:create_file_with_runtime_dependencies(/home/felipe/ros2_ws/install/auto_mapper_py/share/colcon-core/packages/auto_mapper_py)
[17.421s] Level 1:colcon.colcon_core.environment:checking '/home/felipe/ros2_ws/install/explorer_map_utils' for CMake module files
[17.425s] DEBUG:colcon.colcon_core.event_handler.log_command:Invoked command in '/home/felipe/ros2_ws/src/ros2_explorer/explorer_map_utils' returned '0': PYTHONPATH=/home/felipe/ros2_ws/build/explorer_map_utils/prefix_override:/usr/lib/python3/dist-packages/colcon_core/task/python/colcon_distutils_commands:/home/felipe/ros2_ws/install/explorer_map_utils/lib/python3.10/site-packages:${PYTHONPATH} /usr/bin/python3 -W ignore:setup.py install is deprecated -W ignore:easy_install command is deprecated setup.py egg_info --egg-base ../../../build/explorer_map_utils build --build-base /home/felipe/ros2_ws/build/explorer_map_utils/build install --record /home/felipe/ros2_ws/build/explorer_map_utils/install.log --single-version-externally-managed install_data
[17.429s] Level 1:colcon.colcon_core.environment:checking '/home/felipe/ros2_ws/install/explorer_map_utils' for CMake config files
[17.434s] Level 1:colcon.colcon_core.environment:checking '/home/felipe/ros2_ws/install/explorer_map_utils/lib'
[17.435s] Level 1:colcon.colcon_core.environment:checking '/home/felipe/ros2_ws/install/explorer_map_utils/bin'
[17.436s] Level 1:colcon.colcon_core.environment:checking '/home/felipe/ros2_ws/install/explorer_map_utils/lib/pkgconfig/explorer_map_utils.pc'
[17.438s] Level 1:colcon.colcon_core.environment:checking '/home/felipe/ros2_ws/install/explorer_map_utils/lib/python3.10/site-packages'
[17.438s] Level 1:colcon.colcon_core.shell:create_environment_hook('explorer_map_utils', 'pythonpath')
[17.439s] INFO:colcon.colcon_core.shell:Creating environment hook '/home/felipe/ros2_ws/install/explorer_map_utils/share/explorer_map_utils/hook/pythonpath.ps1'
[17.442s] INFO:colcon.colcon_core.shell:Creating environment descriptor '/home/felipe/ros2_ws/install/explorer_map_utils/share/explorer_map_utils/hook/pythonpath.dsv'
[17.446s] INFO:colcon.colcon_core.shell:Creating environment hook '/home/felipe/ros2_ws/install/explorer_map_utils/share/explorer_map_utils/hook/pythonpath.sh'
[17.452s] Level 1:colcon.colcon_core.environment:checking '/home/felipe/ros2_ws/install/explorer_map_utils/bin'
[17.453s] Level 1:colcon.colcon_core.environment:create_environment_scripts_only(explorer_map_utils)
[17.454s] INFO:colcon.colcon_core.shell:Creating package script '/home/felipe/ros2_ws/install/explorer_map_utils/share/explorer_map_utils/package.ps1'
[17.456s] INFO:colcon.colcon_core.shell:Creating package descriptor '/home/felipe/ros2_ws/install/explorer_map_utils/share/explorer_map_utils/package.dsv'
[17.457s] INFO:colcon.colcon_core.shell:Creating package script '/home/felipe/ros2_ws/install/explorer_map_utils/share/explorer_map_utils/package.sh'
[17.459s] INFO:colcon.colcon_core.shell:Creating package script '/home/felipe/ros2_ws/install/explorer_map_utils/share/explorer_map_utils/package.bash'
[17.460s] INFO:colcon.colcon_core.shell:Creating package script '/home/felipe/ros2_ws/install/explorer_map_utils/share/explorer_map_utils/package.zsh'
[17.462s] Level 1:colcon.colcon_core.environment:create_file_with_runtime_dependencies(/home/felipe/ros2_ws/install/explorer_map_utils/share/colcon-core/packages/explorer_map_utils)
[17.493s] Level 1:colcon.colcon_core.environment:checking '/home/felipe/ros2_ws/install/explorer_bringup' for CMake module files
[17.500s] Level 1:colcon.colcon_core.environment:checking '/home/felipe/ros2_ws/install/explorer_bringup' for CMake config files
[17.501s] DEBUG:colcon.colcon_core.event_handler.log_command:Invoked command in '/home/felipe/ros2_ws/src/ros2_explorer/explorer_bringup' returned '0': PYTHONPATH=/home/felipe/ros2_ws/build/explorer_bringup/prefix_override:/usr/lib/python3/dist-packages/colcon_core/task/python/colcon_distutils_commands:/home/felipe/ros2_ws/install/explorer_bringup/lib/python3.10/site-packages:${PYTHONPATH} /usr/bin/python3 -W ignore:setup.py install is deprecated -W ignore:easy_install command is deprecated setup.py egg_info --egg-base ../../../build/explorer_bringup build --build-base /home/felipe/ros2_ws/build/explorer_bringup/build install --record /home/felipe/ros2_ws/build/explorer_bringup/install.log --single-version-externally-managed install_data
[17.506s] Level 1:colcon.colcon_core.environment:checking '/home/felipe/ros2_ws/install/explorer_bringup/lib'
[17.506s] Level 1:colcon.colcon_core.environment:checking '/home/felipe/ros2_ws/install/explorer_bringup/bin'
[17.507s] Level 1:colcon.colcon_core.environment:checking '/home/felipe/ros2_ws/install/explorer_bringup/lib/pkgconfig/explorer_bringup.pc'
[17.508s] Level 1:colcon.colcon_core.environment:checking '/home/felipe/ros2_ws/install/explorer_bringup/lib/python3.10/site-packages'
[17.508s] Level 1:colcon.colcon_core.shell:create_environment_hook('explorer_bringup', 'pythonpath')
[17.510s] INFO:colcon.colcon_core.shell:Creating environment hook '/home/felipe/ros2_ws/install/explorer_bringup/share/explorer_bringup/hook/pythonpath.ps1'
[17.514s] INFO:colcon.colcon_core.shell:Creating environment descriptor '/home/felipe/ros2_ws/install/explorer_bringup/share/explorer_bringup/hook/pythonpath.dsv'
[17.517s] INFO:colcon.colcon_core.shell:Creating environment hook '/home/felipe/ros2_ws/install/explorer_bringup/share/explorer_bringup/hook/pythonpath.sh'
[17.519s] Level 1:colcon.colcon_core.environment:checking '/home/felipe/ros2_ws/install/explorer_bringup/bin'
[17.519s] Level 1:colcon.colcon_core.environment:create_environment_scripts_only(explorer_bringup)
[17.520s] INFO:colcon.colcon_core.shell:Creating package script '/home/felipe/ros2_ws/install/explorer_bringup/share/explorer_bringup/package.ps1'
[17.521s] INFO:colcon.colcon_core.shell:Creating package descriptor '/home/felipe/ros2_ws/install/explorer_bringup/share/explorer_bringup/package.dsv'
[17.522s] INFO:colcon.colcon_core.shell:Creating package script '/home/felipe/ros2_ws/install/explorer_bringup/share/explorer_bringup/package.sh'
[17.528s] INFO:colcon.colcon_core.shell:Creating package script '/home/felipe/ros2_ws/install/explorer_bringup/share/explorer_bringup/package.bash'
[17.530s] INFO:colcon.colcon_core.shell:Creating package script '/home/felipe/ros2_ws/install/explorer_bringup/share/explorer_bringup/package.zsh'
[17.533s] Level 1:colcon.colcon_core.environment:create_file_with_runtime_dependencies(/home/felipe/ros2_ws/install/explorer_bringup/share/colcon-core/packages/explorer_bringup)
[17.582s] Level 1:colcon.colcon_core.environment:checking '/home/felipe/ros2_ws/install/explorer_wanderer' for CMake module files
[17.584s] DEBUG:colcon.colcon_core.event_handler.log_command:Invoked command in '/home/felipe/ros2_ws/src/ros2_explorer/explorer_wanderer' returned '0': PYTHONPATH=/home/felipe/ros2_ws/build/explorer_wanderer/prefix_override:/usr/lib/python3/dist-packages/colcon_core/task/python/colcon_distutils_commands:/home/felipe/ros2_ws/install/explorer_wanderer/lib/python3.10/site-packages:${PYTHONPATH} /usr/bin/python3 -W ignore:setup.py install is deprecated -W ignore:easy_install command is deprecated setup.py egg_info --egg-base ../../../build/explorer_wanderer build --build-base /home/felipe/ros2_ws/build/explorer_wanderer/build install --record /home/felipe/ros2_ws/build/explorer_wanderer/install.log --single-version-externally-managed install_data
[17.584s] Level 1:colcon.colcon_core.environment:checking '/home/felipe/ros2_ws/install/explorer_wanderer' for CMake config files
[17.586s] Level 1:colcon.colcon_core.environment:checking '/home/felipe/ros2_ws/install/explorer_wanderer/lib'
[17.587s] Level 1:colcon.colcon_core.environment:checking '/home/felipe/ros2_ws/install/explorer_wanderer/bin'
[17.589s] Level 1:colcon.colcon_core.environment:checking '/home/felipe/ros2_ws/install/explorer_wanderer/lib/pkgconfig/explorer_wanderer.pc'
[17.592s] Level 1:colcon.colcon_core.environment:checking '/home/felipe/ros2_ws/install/explorer_wanderer/lib/python3.10/site-packages'
[17.592s] Level 1:colcon.colcon_core.shell:create_environment_hook('explorer_wanderer', 'pythonpath')
[17.593s] INFO:colcon.colcon_core.shell:Creating environment hook '/home/felipe/ros2_ws/install/explorer_wanderer/share/explorer_wanderer/hook/pythonpath.ps1'
[17.596s] INFO:colcon.colcon_core.shell:Creating environment descriptor '/home/felipe/ros2_ws/install/explorer_wanderer/share/explorer_wanderer/hook/pythonpath.dsv'
[17.598s] INFO:colcon.colcon_core.shell:Creating environment hook '/home/felipe/ros2_ws/install/explorer_wanderer/share/explorer_wanderer/hook/pythonpath.sh'
[17.601s] Level 1:colcon.colcon_core.environment:checking '/home/felipe/ros2_ws/install/explorer_wanderer/bin'
[17.602s] Level 1:colcon.colcon_core.environment:create_environment_scripts_only(explorer_wanderer)
[17.604s] INFO:colcon.colcon_core.shell:Creating package script '/home/felipe/ros2_ws/install/explorer_wanderer/share/explorer_wanderer/package.ps1'
[17.607s] INFO:colcon.colcon_core.shell:Creating package descriptor '/home/felipe/ros2_ws/install/explorer_wanderer/share/explorer_wanderer/package.dsv'
[17.608s] INFO:colcon.colcon_core.shell:Creating package script '/home/felipe/ros2_ws/install/explorer_wanderer/share/explorer_wanderer/package.sh'
[17.610s] INFO:colcon.colcon_core.shell:Creating package script '/home/felipe/ros2_ws/install/explorer_wanderer/share/explorer_wanderer/package.bash'
[17.612s] INFO:colcon.colcon_core.shell:Creating package script '/home/felipe/ros2_ws/install/explorer_wanderer/share/explorer_wanderer/package.zsh'
[17.613s] Level 1:colcon.colcon_core.environment:create_file_with_runtime_dependencies(/home/felipe/ros2_ws/install/explorer_wanderer/share/colcon-core/packages/explorer_wanderer)
[17.732s] Level 1:colcon.colcon_core.environment:checking '/home/felipe/ros2_ws/install/vacuum_robot' for CMake module files
[17.733s] DEBUG:colcon.colcon_core.event_handler.log_command:Invoked command in '/home/felipe/ros2_ws/src/vacuum_robot' returned '0': PYTHONPATH=/home/felipe/ros2_ws/build/vacuum_robot/prefix_override:/usr/lib/python3/dist-packages/colcon_core/task/python/colcon_distutils_commands:/home/felipe/ros2_ws/install/vacuum_robot/lib/python3.10/site-packages:${PYTHONPATH} /usr/bin/python3 -W ignore:setup.py install is deprecated -W ignore:easy_install command is deprecated setup.py egg_info --egg-base ../../build/vacuum_robot build --build-base /home/felipe/ros2_ws/build/vacuum_robot/build install --record /home/felipe/ros2_ws/build/vacuum_robot/install.log --single-version-externally-managed install_data
[17.734s] Level 1:colcon.colcon_core.environment:checking '/home/felipe/ros2_ws/install/vacuum_robot' for CMake config files
[17.735s] Level 1:colcon.colcon_core.environment:checking '/home/felipe/ros2_ws/install/vacuum_robot/lib'
[17.735s] Level 1:colcon.colcon_core.environment:checking '/home/felipe/ros2_ws/install/vacuum_robot/bin'
[17.735s] Level 1:colcon.colcon_core.environment:checking '/home/felipe/ros2_ws/install/vacuum_robot/lib/pkgconfig/vacuum_robot.pc'
[17.735s] Level 1:colcon.colcon_core.environment:checking '/home/felipe/ros2_ws/install/vacuum_robot/lib/python3.10/site-packages'
[17.736s] Level 1:colcon.colcon_core.shell:create_environment_hook('vacuum_robot', 'pythonpath')
[17.736s] INFO:colcon.colcon_core.shell:Creating environment hook '/home/felipe/ros2_ws/install/vacuum_robot/share/vacuum_robot/hook/pythonpath.ps1'
[17.738s] INFO:colcon.colcon_core.shell:Creating environment descriptor '/home/felipe/ros2_ws/install/vacuum_robot/share/vacuum_robot/hook/pythonpath.dsv'
[17.738s] INFO:colcon.colcon_core.shell:Creating environment hook '/home/felipe/ros2_ws/install/vacuum_robot/share/vacuum_robot/hook/pythonpath.sh'
[17.744s] Level 1:colcon.colcon_core.environment:checking '/home/felipe/ros2_ws/install/vacuum_robot/bin'
[17.745s] Level 1:colcon.colcon_core.environment:create_environment_scripts_only(vacuum_robot)
[17.747s] INFO:colcon.colcon_core.shell:Creating package script '/home/felipe/ros2_ws/install/vacuum_robot/share/vacuum_robot/package.ps1'
[17.751s] INFO:colcon.colcon_core.shell:Creating package descriptor '/home/felipe/ros2_ws/install/vacuum_robot/share/vacuum_robot/package.dsv'
[17.753s] INFO:colcon.colcon_core.shell:Creating package script '/home/felipe/ros2_ws/install/vacuum_robot/share/vacuum_robot/package.sh'
[17.755s] INFO:colcon.colcon_core.shell:Creating package script '/home/felipe/ros2_ws/install/vacuum_robot/share/vacuum_robot/package.bash'
[17.758s] INFO:colcon.colcon_core.shell:Creating package script '/home/felipe/ros2_ws/install/vacuum_robot/share/vacuum_robot/package.zsh'
[17.759s] Level 1:colcon.colcon_core.environment:create_file_with_runtime_dependencies(/home/felipe/ros2_ws/install/vacuum_robot/share/colcon-core/packages/vacuum_robot)
[17.760s] DEBUG:colcon.colcon_parallel_executor.executor.parallel:closing loop
[17.761s] DEBUG:colcon.colcon_parallel_executor.executor.parallel:loop closed
[17.761s] DEBUG:colcon.colcon_parallel_executor.executor.parallel:run_until_complete finished with '0'
[17.761s] DEBUG:colcon.colcon_core.event_reactor:joining thread
[17.796s] INFO:colcon.colcon_core.plugin_system:Skipping extension 'colcon_notification.desktop_notification.terminal_notifier': Not used on non-Darwin systems
[17.798s] INFO:colcon.colcon_core.plugin_system:Skipping extension 'colcon_notification.desktop_notification.win32': Not used on non-Windows systems
[17.799s] INFO:colcon.colcon_notification.desktop_notification:Sending desktop notification using 'notify2'
[17.844s] DEBUG:colcon.colcon_core.event_reactor:joined thread
[17.848s] INFO:colcon.colcon_core.shell:Creating prefix script '/home/felipe/ros2_ws/install/local_setup.ps1'
[17.854s] INFO:colcon.colcon_core.shell:Creating prefix util module '/home/felipe/ros2_ws/install/_local_setup_util_ps1.py'
[17.863s] INFO:colcon.colcon_core.shell:Creating prefix chain script '/home/felipe/ros2_ws/install/setup.ps1'
[17.872s] INFO:colcon.colcon_core.shell:Creating prefix script '/home/felipe/ros2_ws/install/local_setup.sh'
[17.874s] INFO:colcon.colcon_core.shell:Creating prefix util module '/home/felipe/ros2_ws/install/_local_setup_util_sh.py'
[17.881s] INFO:colcon.colcon_core.shell:Creating prefix chain script '/home/felipe/ros2_ws/install/setup.sh'
[17.888s] INFO:colcon.colcon_core.shell:Creating prefix script '/home/felipe/ros2_ws/install/local_setup.bash'
[17.893s] INFO:colcon.colcon_core.shell:Creating prefix chain script '/home/felipe/ros2_ws/install/setup.bash'
[17.898s] INFO:colcon.colcon_core.shell:Creating prefix script '/home/felipe/ros2_ws/install/local_setup.zsh'
[17.901s] INFO:colcon.colcon_core.shell:Creating prefix chain script '/home/felipe/ros2_ws/install/setup.zsh'
