[6.135s] Invoking command in '/home/felipe/ros2_ws/src/vacuum_robot': PYTHONPATH=/home/felipe/ros2_ws/build/vacuum_robot/prefix_override:/usr/lib/python3/dist-packages/colcon_core/task/python/colcon_distutils_commands:/home/felipe/ros2_ws/install/vacuum_robot/lib/python3.10/site-packages:${PYTHONPATH} /usr/bin/python3 -W ignore:setup.py install is deprecated -W ignore:easy_install command is deprecated setup.py egg_info --egg-base ../../build/vacuum_robot build --build-base /home/felipe/ros2_ws/build/vacuum_robot/build install --record /home/felipe/ros2_ws/build/vacuum_robot/install.log --single-version-externally-managed install_data
[8.282s] running egg_info
[8.446s] writing ../../build/vacuum_robot/vacuum_robot.egg-info/PKG-INFO
[8.450s] writing dependency_links to ../../build/vacuum_robot/vacuum_robot.egg-info/dependency_links.txt
[8.451s] writing entry points to ../../build/vacuum_robot/vacuum_robot.egg-info/entry_points.txt
[8.452s] writing requirements to ../../build/vacuum_robot/vacuum_robot.egg-info/requires.txt
[8.453s] writing top-level names to ../../build/vacuum_robot/vacuum_robot.egg-info/top_level.txt
[8.807s] reading manifest file '../../build/vacuum_robot/vacuum_robot.egg-info/SOURCES.txt'
[8.812s] writing manifest file '../../build/vacuum_robot/vacuum_robot.egg-info/SOURCES.txt'
[8.813s] running build
[8.814s] running build_py
[8.815s] copying vacuum_robot/vacuum_robot_controller.py -> /home/felipe/ros2_ws/build/vacuum_robot/build/lib/vacuum_robot
[8.816s] copying vacuum_robot/__init__.py -> /home/felipe/ros2_ws/build/vacuum_robot/build/lib/vacuum_robot
[8.817s] running install
[8.853s] running install_lib
[9.013s] copying /home/felipe/ros2_ws/build/vacuum_robot/build/lib/vacuum_robot/vacuum_robot_controller.py -> /home/felipe/ros2_ws/install/vacuum_robot/lib/python3.10/site-packages/vacuum_robot
[9.017s] byte-compiling /home/felipe/ros2_ws/install/vacuum_robot/lib/python3.10/site-packages/vacuum_robot/vacuum_robot_controller.py to vacuum_robot_controller.cpython-310.pyc
[9.020s] running install_data
[9.021s] copying resource/vacuum_robot -> /home/felipe/ros2_ws/install/vacuum_robot/share/ament_index/resource_index/packages
[9.022s] copying package.xml -> /home/felipe/ros2_ws/install/vacuum_robot/share/vacuum_robot
[9.023s] running install_egg_info
[9.206s] removing '/home/felipe/ros2_ws/install/vacuum_robot/lib/python3.10/site-packages/vacuum_robot-0.0.0-py3.10.egg-info' (and everything under it)
[9.207s] Copying ../../build/vacuum_robot/vacuum_robot.egg-info to /home/felipe/ros2_ws/install/vacuum_robot/lib/python3.10/site-packages/vacuum_robot-0.0.0-py3.10.egg-info
[9.219s] running install_scripts
[10.527s] Installing vacuum_robot_controller script to /home/felipe/ros2_ws/install/vacuum_robot/lib/vacuum_robot
[10.529s] writing list of installed files to '/home/felipe/ros2_ws/build/vacuum_robot/install.log'
[10.734s] Invoked command in '/home/felipe/ros2_ws/src/vacuum_robot' returned '0': PYTHONPATH=/home/felipe/ros2_ws/build/vacuum_robot/prefix_override:/usr/lib/python3/dist-packages/colcon_core/task/python/colcon_distutils_commands:/home/felipe/ros2_ws/install/vacuum_robot/lib/python3.10/site-packages:${PYTHONPATH} /usr/bin/python3 -W ignore:setup.py install is deprecated -W ignore:easy_install command is deprecated setup.py egg_info --egg-base ../../build/vacuum_robot build --build-base /home/felipe/ros2_ws/build/vacuum_robot/build install --record /home/felipe/ros2_ws/build/vacuum_robot/install.log --single-version-externally-managed install_data
