running egg_info
writing ../../build/vacuum_robot/vacuum_robot.egg-info/PKG-INFO
writing dependency_links to ../../build/vacuum_robot/vacuum_robot.egg-info/dependency_links.txt
writing entry points to ../../build/vacuum_robot/vacuum_robot.egg-info/entry_points.txt
writing requirements to ../../build/vacuum_robot/vacuum_robot.egg-info/requires.txt
writing top-level names to ../../build/vacuum_robot/vacuum_robot.egg-info/top_level.txt
reading manifest file '../../build/vacuum_robot/vacuum_robot.egg-info/SOURCES.txt'
writing manifest file '../../build/vacuum_robot/vacuum_robot.egg-info/SOURCES.txt'
running build
running build_py
copying vacuum_robot/vacuum_robot_controller.py -> /home/felipe/ros2_ws/build/vacuum_robot/build/lib/vacuum_robot
copying vacuum_robot/__init__.py -> /home/felipe/ros2_ws/build/vacuum_robot/build/lib/vacuum_robot
running install
running install_lib
copying /home/felipe/ros2_ws/build/vacuum_robot/build/lib/vacuum_robot/vacuum_robot_controller.py -> /home/felipe/ros2_ws/install/vacuum_robot/lib/python3.10/site-packages/vacuum_robot
byte-compiling /home/felipe/ros2_ws/install/vacuum_robot/lib/python3.10/site-packages/vacuum_robot/vacuum_robot_controller.py to vacuum_robot_controller.cpython-310.pyc
running install_data
Sorry: TabError: inconsistent use of tabs and spaces in indentation (vacuum_robot_controller.py, line 59)
copying resource/vacuum_robot -> /home/felipe/ros2_ws/install/vacuum_robot/share/ament_index/resource_index/packages
copying package.xml -> /home/felipe/ros2_ws/install/vacuum_robot/share/vacuum_robot
running install_egg_info
removing '/home/felipe/ros2_ws/install/vacuum_robot/lib/python3.10/site-packages/vacuum_robot-0.0.0-py3.10.egg-info' (and everything under it)
Copying ../../build/vacuum_robot/vacuum_robot.egg-info to /home/felipe/ros2_ws/install/vacuum_robot/lib/python3.10/site-packages/vacuum_robot-0.0.0-py3.10.egg-info
running install_scripts
Installing vacuum_robot_controller script to /home/felipe/ros2_ws/install/vacuum_robot/lib/vacuum_robot
writing list of installed files to '/home/felipe/ros2_ws/build/vacuum_robot/install.log'
