/home/felipe/.local/lib/python3.10/site-packages/setuptools/_distutils/dist.py:261: UserWarning: Unknown distribution option: 'tests_require'
  warnings.warn(msg)
running egg_info
writing ../../../build/explorer_map_utils/explorer_map_utils.egg-info/PKG-INFO
writing dependency_links to ../../../build/explorer_map_utils/explorer_map_utils.egg-info/dependency_links.txt
writing entry points to ../../../build/explorer_map_utils/explorer_map_utils.egg-info/entry_points.txt
writing requirements to ../../../build/explorer_map_utils/explorer_map_utils.egg-info/requires.txt
writing top-level names to ../../../build/explorer_map_utils/explorer_map_utils.egg-info/top_level.txt
reading manifest file '../../../build/explorer_map_utils/explorer_map_utils.egg-info/SOURCES.txt'
writing manifest file '../../../build/explorer_map_utils/explorer_map_utils.egg-info/SOURCES.txt'
running build
running build_py
copying explorer_map_utils/watchtower.py -> /home/felipe/ros2_ws/build/explorer_map_utils/build/lib/explorer_map_utils
copying explorer_map_utils/__init__.py -> /home/felipe/ros2_ws/build/explorer_map_utils/build/lib/explorer_map_utils
running install
running install_lib
running install_data
copying resource/explorer_map_utils -> /home/felipe/ros2_ws/install/explorer_map_utils/share/ament_index/resource_index/packages
copying package.xml -> /home/felipe/ros2_ws/install/explorer_map_utils/share/explorer_map_utils
running install_egg_info
removing '/home/felipe/ros2_ws/install/explorer_map_utils/lib/python3.10/site-packages/explorer_map_utils-0.0.0-py3.10.egg-info' (and everything under it)
Copying ../../../build/explorer_map_utils/explorer_map_utils.egg-info to /home/felipe/ros2_ws/install/explorer_map_utils/lib/python3.10/site-packages/explorer_map_utils-0.0.0-py3.10.egg-info
running install_scripts
Installing watchtower script to /home/felipe/ros2_ws/install/explorer_map_utils/lib/explorer_map_utils
writing list of installed files to '/home/felipe/ros2_ws/build/explorer_map_utils/install.log'
