[11.514s] Invoking command in '/home/felipe/ros2_ws/src/ros2_explorer/explorer_map_utils': PYTHONPATH=/home/felipe/ros2_ws/build/explorer_map_utils/prefix_override:/usr/lib/python3/dist-packages/colcon_core/task/python/colcon_distutils_commands:/home/felipe/ros2_ws/install/explorer_map_utils/lib/python3.10/site-packages:${PYTHONPATH} /usr/bin/python3 -W ignore:setup.py install is deprecated -W ignore:easy_install command is deprecated setup.py egg_info --egg-base ../../../build/explorer_map_utils build --build-base /home/felipe/ros2_ws/build/explorer_map_utils/build install --record /home/felipe/ros2_ws/build/explorer_map_utils/install.log --single-version-externally-managed install_data
[12.543s] /home/felipe/.local/lib/python3.10/site-packages/setuptools/_distutils/dist.py:261: UserWarning: Unknown distribution option: 'tests_require'
[12.543s]   warnings.warn(msg)
[13.533s] running egg_info
[13.695s] writing ../../../build/explorer_map_utils/explorer_map_utils.egg-info/PKG-INFO
[13.697s] writing dependency_links to ../../../build/explorer_map_utils/explorer_map_utils.egg-info/dependency_links.txt
[13.697s] writing entry points to ../../../build/explorer_map_utils/explorer_map_utils.egg-info/entry_points.txt
[13.699s] writing requirements to ../../../build/explorer_map_utils/explorer_map_utils.egg-info/requires.txt
[13.699s] writing top-level names to ../../../build/explorer_map_utils/explorer_map_utils.egg-info/top_level.txt
[14.039s] reading manifest file '../../../build/explorer_map_utils/explorer_map_utils.egg-info/SOURCES.txt'
[14.046s] writing manifest file '../../../build/explorer_map_utils/explorer_map_utils.egg-info/SOURCES.txt'
[14.046s] running build
[14.047s] running build_py
[14.048s] copying explorer_map_utils/watchtower.py -> /home/felipe/ros2_ws/build/explorer_map_utils/build/lib/explorer_map_utils
[14.048s] copying explorer_map_utils/__init__.py -> /home/felipe/ros2_ws/build/explorer_map_utils/build/lib/explorer_map_utils
[14.049s] running install
[14.081s] running install_lib
[14.265s] running install_data
[14.266s] copying resource/explorer_map_utils -> /home/felipe/ros2_ws/install/explorer_map_utils/share/ament_index/resource_index/packages
[14.268s] copying package.xml -> /home/felipe/ros2_ws/install/explorer_map_utils/share/explorer_map_utils
[14.274s] running install_egg_info
[14.456s] removing '/home/felipe/ros2_ws/install/explorer_map_utils/lib/python3.10/site-packages/explorer_map_utils-0.0.0-py3.10.egg-info' (and everything under it)
[14.462s] Copying ../../../build/explorer_map_utils/explorer_map_utils.egg-info to /home/felipe/ros2_ws/install/explorer_map_utils/lib/python3.10/site-packages/explorer_map_utils-0.0.0-py3.10.egg-info
[14.473s] running install_scripts
[15.759s] Installing watchtower script to /home/felipe/ros2_ws/install/explorer_map_utils/lib/explorer_map_utils
[15.764s] writing list of installed files to '/home/felipe/ros2_ws/build/explorer_map_utils/install.log'
[15.938s] Invoked command in '/home/felipe/ros2_ws/src/ros2_explorer/explorer_map_utils' returned '0': PYTHONPATH=/home/felipe/ros2_ws/build/explorer_map_utils/prefix_override:/usr/lib/python3/dist-packages/colcon_core/task/python/colcon_distutils_commands:/home/felipe/ros2_ws/install/explorer_map_utils/lib/python3.10/site-packages:${PYTHONPATH} /usr/bin/python3 -W ignore:setup.py install is deprecated -W ignore:easy_install command is deprecated setup.py egg_info --egg-base ../../../build/explorer_map_utils build --build-base /home/felipe/ros2_ws/build/explorer_map_utils/build install --record /home/felipe/ros2_ws/build/explorer_map_utils/install.log --single-version-externally-managed install_data
