[2.947s] Invoking command in '/home/felipe/ros2_ws/src/meu_pacote_launch': PYTHONPATH=/home/felipe/ros2_ws/build/meu_pacote_launch/prefix_override:/usr/lib/python3/dist-packages/colcon_core/task/python/colcon_distutils_commands:/home/felipe/ros2_ws/install/meu_pacote_launch/lib/python3.10/site-packages:${PYTHONPATH} /usr/bin/python3 -W ignore:setup.py install is deprecated setup.py egg_info --egg-base ../../build/meu_pacote_launch build --build-base /home/felipe/ros2_ws/build/meu_pacote_launch/build install --record /home/felipe/ros2_ws/build/meu_pacote_launch/install.log --single-version-externally-managed install_data
[3.356s] /home/felipe/.local/lib/python3.10/site-packages/setuptools/_distutils/dist.py:270: UserWarning: Unknown distribution option: 'tests_require'
[3.356s]   warnings.warn(msg)
[3.726s] running egg_info
[3.785s] writing ../../build/meu_pacote_launch/meu_pacote_launch.egg-info/PKG-INFO
[3.786s] writing dependency_links to ../../build/meu_pacote_launch/meu_pacote_launch.egg-info/dependency_links.txt
[3.786s] writing requirements to ../../build/meu_pacote_launch/meu_pacote_launch.egg-info/requires.txt
[3.787s] writing top-level names to ../../build/meu_pacote_launch/meu_pacote_launch.egg-info/top_level.txt
[3.913s] reading manifest file '../../build/meu_pacote_launch/meu_pacote_launch.egg-info/SOURCES.txt'
[3.917s] writing manifest file '../../build/meu_pacote_launch/meu_pacote_launch.egg-info/SOURCES.txt'
[3.917s] running build
[3.917s] running build_py
[3.920s] running install
[3.929s] running install_lib
[3.992s] running install_data
[3.992s] running install_egg_info
[4.056s] removing '/home/felipe/ros2_ws/install/meu_pacote_launch/lib/python3.10/site-packages/meu_pacote_launch-0.0.0-py3.10.egg-info' (and everything under it)
[4.061s] Copying ../../build/meu_pacote_launch/meu_pacote_launch.egg-info to /home/felipe/ros2_ws/install/meu_pacote_launch/lib/python3.10/site-packages/meu_pacote_launch-0.0.0-py3.10.egg-info
[4.061s] running install_scripts
[4.532s] writing list of installed files to '/home/felipe/ros2_ws/build/meu_pacote_launch/install.log'
[4.609s] Invoked command in '/home/felipe/ros2_ws/src/meu_pacote_launch' returned '0': PYTHONPATH=/home/felipe/ros2_ws/build/meu_pacote_launch/prefix_override:/usr/lib/python3/dist-packages/colcon_core/task/python/colcon_distutils_commands:/home/felipe/ros2_ws/install/meu_pacote_launch/lib/python3.10/site-packages:${PYTHONPATH} /usr/bin/python3 -W ignore:setup.py install is deprecated setup.py egg_info --egg-base ../../build/meu_pacote_launch build --build-base /home/felipe/ros2_ws/build/meu_pacote_launch/build install --record /home/felipe/ros2_ws/build/meu_pacote_launch/install.log --single-version-externally-managed install_data
